INFO  @ Sat, 02 Jan 2021 11:20:48: 
# Command line: callpeak -t SRR4437351_srt_dupr_flb.bam SRR4437352_srt_dupr_flb.bam -c SRR4437359_srt_dupr_flb.bam SRR4437360_srt_dupr_flb.bam -g mm -B --SPMR --nomodel --extsize 147 --call-summits -n 2017_NAT_IMMUNOL_Yu___H3K27ac_P14-CD8-Memory --outdir /gpfs/group/pipkin/hdiao/T_Cell_ChIP/2_MACS2
# ARGUMENTS LIST:
# name = 2017_NAT_IMMUNOL_Yu___H3K27ac_P14-CD8-Memory
# format = AUTO
# ChIP-seq file = ['SRR4437351_srt_dupr_flb.bam', 'SRR4437352_srt_dupr_flb.bam']
# control file = ['SRR4437359_srt_dupr_flb.bam', 'SRR4437360_srt_dupr_flb.bam']
# effective genome size = 1.87e+09
# band width = 300
# model fold = [5, 50]
# qvalue cutoff = 5.00e-02
# Larger dataset will be scaled towards smaller dataset.
# Range for calculating regional lambda is: 1000 bps and 10000 bps
# Broad region calling is off
# Searching for subpeak summits is on
# MACS will save fragment pileup signal per million reads
 
INFO  @ Sat, 02 Jan 2021 11:20:48: #1 read tag files... 
INFO  @ Sat, 02 Jan 2021 11:20:48: #1 read treatment tags... 
INFO  @ Sat, 02 Jan 2021 11:20:48: Detected format is: BAM 
INFO  @ Sat, 02 Jan 2021 11:20:48: * Input file is gzipped. 
INFO  @ Sat, 02 Jan 2021 11:20:57:  1000000 
INFO  @ Sat, 02 Jan 2021 11:21:07:  2000000 
INFO  @ Sat, 02 Jan 2021 11:21:16:  3000000 
INFO  @ Sat, 02 Jan 2021 11:21:25:  4000000 
INFO  @ Sat, 02 Jan 2021 11:21:34:  5000000 
INFO  @ Sat, 02 Jan 2021 11:21:43:  6000000 
INFO  @ Sat, 02 Jan 2021 11:21:52:  7000000 
INFO  @ Sat, 02 Jan 2021 11:22:01:  8000000 
INFO  @ Sat, 02 Jan 2021 11:22:10:  9000000 
INFO  @ Sat, 02 Jan 2021 11:22:19:  10000000 
INFO  @ Sat, 02 Jan 2021 11:22:28:  11000000 
INFO  @ Sat, 02 Jan 2021 11:22:37:  12000000 
INFO  @ Sat, 02 Jan 2021 11:22:46:  13000000 
INFO  @ Sat, 02 Jan 2021 11:22:54:  14000000 
INFO  @ Sat, 02 Jan 2021 11:23:02:  15000000 
INFO  @ Sat, 02 Jan 2021 11:23:12:  16000000 
INFO  @ Sat, 02 Jan 2021 11:23:20:  17000000 
INFO  @ Sat, 02 Jan 2021 11:23:29:  18000000 
INFO  @ Sat, 02 Jan 2021 11:23:38:  19000000 
INFO  @ Sat, 02 Jan 2021 11:23:47:  20000000 
INFO  @ Sat, 02 Jan 2021 11:23:55:  21000000 
INFO  @ Sat, 02 Jan 2021 11:24:04:  22000000 
INFO  @ Sat, 02 Jan 2021 11:24:14:  23000000 
INFO  @ Sat, 02 Jan 2021 11:24:22:  24000000 
INFO  @ Sat, 02 Jan 2021 11:24:31:  25000000 
INFO  @ Sat, 02 Jan 2021 11:24:40:  26000000 
INFO  @ Sat, 02 Jan 2021 11:24:48:  27000000 
INFO  @ Sat, 02 Jan 2021 11:24:49: Detected format is: BAM 
INFO  @ Sat, 02 Jan 2021 11:24:49: * Input file is gzipped. 
INFO  @ Sat, 02 Jan 2021 11:24:56:  1000000 
INFO  @ Sat, 02 Jan 2021 11:25:04:  2000000 
INFO  @ Sat, 02 Jan 2021 11:25:12:  3000000 
INFO  @ Sat, 02 Jan 2021 11:25:19:  4000000 
INFO  @ Sat, 02 Jan 2021 11:25:27:  5000000 
INFO  @ Sat, 02 Jan 2021 11:25:35:  6000000 
INFO  @ Sat, 02 Jan 2021 11:25:42:  7000000 
INFO  @ Sat, 02 Jan 2021 11:25:50:  8000000 
INFO  @ Sat, 02 Jan 2021 11:25:57:  9000000 
INFO  @ Sat, 02 Jan 2021 11:26:05:  10000000 
INFO  @ Sat, 02 Jan 2021 11:26:13:  11000000 
INFO  @ Sat, 02 Jan 2021 11:26:21:  12000000 
INFO  @ Sat, 02 Jan 2021 11:26:28:  13000000 
INFO  @ Sat, 02 Jan 2021 11:26:36:  14000000 
INFO  @ Sat, 02 Jan 2021 11:26:43:  15000000 
INFO  @ Sat, 02 Jan 2021 11:26:51:  16000000 
INFO  @ Sat, 02 Jan 2021 11:26:59:  17000000 
INFO  @ Sat, 02 Jan 2021 11:27:06:  18000000 
INFO  @ Sat, 02 Jan 2021 11:27:10: #1.2 read input tags... 
INFO  @ Sat, 02 Jan 2021 11:27:10: Detected format is: BAM 
INFO  @ Sat, 02 Jan 2021 11:27:10: * Input file is gzipped. 
INFO  @ Sat, 02 Jan 2021 11:27:18:  1000000 
INFO  @ Sat, 02 Jan 2021 11:27:26:  2000000 
INFO  @ Sat, 02 Jan 2021 11:27:34:  3000000 
INFO  @ Sat, 02 Jan 2021 11:27:42:  4000000 
INFO  @ Sat, 02 Jan 2021 11:27:51:  5000000 
INFO  @ Sat, 02 Jan 2021 11:27:58:  6000000 
INFO  @ Sat, 02 Jan 2021 11:28:06:  7000000 
INFO  @ Sat, 02 Jan 2021 11:28:14:  8000000 
INFO  @ Sat, 02 Jan 2021 11:28:22:  9000000 
INFO  @ Sat, 02 Jan 2021 11:28:30:  10000000 
INFO  @ Sat, 02 Jan 2021 11:28:38:  11000000 
INFO  @ Sat, 02 Jan 2021 11:28:46:  12000000 
INFO  @ Sat, 02 Jan 2021 11:28:54:  13000000 
INFO  @ Sat, 02 Jan 2021 11:29:01: Detected format is: BAM 
INFO  @ Sat, 02 Jan 2021 11:29:01: * Input file is gzipped. 
INFO  @ Sat, 02 Jan 2021 11:29:08:  1000000 
INFO  @ Sat, 02 Jan 2021 11:29:16:  2000000 
INFO  @ Sat, 02 Jan 2021 11:29:23:  3000000 
INFO  @ Sat, 02 Jan 2021 11:29:30:  4000000 
INFO  @ Sat, 02 Jan 2021 11:29:37:  5000000 
INFO  @ Sat, 02 Jan 2021 11:29:45:  6000000 
INFO  @ Sat, 02 Jan 2021 11:29:52:  7000000 
INFO  @ Sat, 02 Jan 2021 11:29:59:  8000000 
INFO  @ Sat, 02 Jan 2021 11:30:07:  9000000 
INFO  @ Sat, 02 Jan 2021 11:30:14:  10000000 
INFO  @ Sat, 02 Jan 2021 11:30:21:  11000000 
INFO  @ Sat, 02 Jan 2021 11:30:29:  12000000 
INFO  @ Sat, 02 Jan 2021 11:30:36:  13000000 
INFO  @ Sat, 02 Jan 2021 11:30:43: #1 tag size is determined as 50 bps 
INFO  @ Sat, 02 Jan 2021 11:30:43: #1 tag size = 50 
INFO  @ Sat, 02 Jan 2021 11:30:43: #1  total tags in treatment: 45019528 
INFO  @ Sat, 02 Jan 2021 11:30:43: #1 user defined the maximum tags... 
INFO  @ Sat, 02 Jan 2021 11:30:43: #1 filter out redundant tags at the same location and the same strand by allowing at most 1 tag(s) 
INFO  @ Sat, 02 Jan 2021 11:30:44: #1  tags after filtering in treatment: 44750135 
INFO  @ Sat, 02 Jan 2021 11:30:44: #1  Redundant rate of treatment: 0.01 
INFO  @ Sat, 02 Jan 2021 11:30:44: #1  total tags in control: 27358654 
INFO  @ Sat, 02 Jan 2021 11:30:44: #1 user defined the maximum tags... 
INFO  @ Sat, 02 Jan 2021 11:30:44: #1 filter out redundant tags at the same location and the same strand by allowing at most 1 tag(s) 
INFO  @ Sat, 02 Jan 2021 11:30:45: #1  tags after filtering in control: 27228338 
INFO  @ Sat, 02 Jan 2021 11:30:45: #1  Redundant rate of control: 0.00 
INFO  @ Sat, 02 Jan 2021 11:30:45: #1 finished! 
INFO  @ Sat, 02 Jan 2021 11:30:45: #2 Build Peak Model... 
INFO  @ Sat, 02 Jan 2021 11:30:45: #2 Skipped... 
INFO  @ Sat, 02 Jan 2021 11:30:45: #2 Use 147 as fragment length 
INFO  @ Sat, 02 Jan 2021 11:30:45: #3 Call peaks... 
INFO  @ Sat, 02 Jan 2021 11:30:45: #3 Going to call summits inside each peak ... 
INFO  @ Sat, 02 Jan 2021 11:30:45: #3 Pre-compute pvalue-qvalue table... 
INFO  @ Sat, 02 Jan 2021 11:34:14: #3 In the peak calling step, the following will be performed simultaneously: 
INFO  @ Sat, 02 Jan 2021 11:34:14: #3   Write bedGraph files for treatment pileup (after scaling if necessary)... 2017_NAT_IMMUNOL_Yu___H3K27ac_P14-CD8-Memory_treat_pileup.bdg 
INFO  @ Sat, 02 Jan 2021 11:34:14: #3   Write bedGraph files for control lambda (after scaling if necessary)... 2017_NAT_IMMUNOL_Yu___H3K27ac_P14-CD8-Memory_control_lambda.bdg 
INFO  @ Sat, 02 Jan 2021 11:34:14: #3   --SPMR is requested, so pileup will be normalized by sequencing depth in million reads. 
INFO  @ Sat, 02 Jan 2021 11:34:14: #3 Call peaks for each chromosome... 
INFO  @ Sat, 02 Jan 2021 11:44:29: #4 Write output xls file... /gpfs/group/pipkin/hdiao/T_Cell_ChIP/2_MACS2/2017_NAT_IMMUNOL_Yu___H3K27ac_P14-CD8-Memory_peaks.xls 
INFO  @ Sat, 02 Jan 2021 11:44:29: #4 Write peak in narrowPeak format file... /gpfs/group/pipkin/hdiao/T_Cell_ChIP/2_MACS2/2017_NAT_IMMUNOL_Yu___H3K27ac_P14-CD8-Memory_peaks.narrowPeak 
INFO  @ Sat, 02 Jan 2021 11:44:29: #4 Write summits bed file... /gpfs/group/pipkin/hdiao/T_Cell_ChIP/2_MACS2/2017_NAT_IMMUNOL_Yu___H3K27ac_P14-CD8-Memory_summits.bed 
INFO  @ Sat, 02 Jan 2021 11:44:29: Done! 
INFO  @ Sat, 02 Jan 2021 11:44:30: 
# Command line: callpeak -t SRR4437351_srt_dupr_flb.bam SRR4437352_srt_dupr_flb.bam -c SRR4437359_srt_dupr_flb.bam SRR4437360_srt_dupr_flb.bam -g mm --nomodel --extsize 147 --broad -n 2017_NAT_IMMUNOL_Yu___H3K27ac_P14-CD8-Memory --outdir /gpfs/group/pipkin/hdiao/T_Cell_ChIP/2_MACS2_broad
# ARGUMENTS LIST:
# name = 2017_NAT_IMMUNOL_Yu___H3K27ac_P14-CD8-Memory
# format = AUTO
# ChIP-seq file = ['SRR4437351_srt_dupr_flb.bam', 'SRR4437352_srt_dupr_flb.bam']
# control file = ['SRR4437359_srt_dupr_flb.bam', 'SRR4437360_srt_dupr_flb.bam']
# effective genome size = 1.87e+09
# band width = 300
# model fold = [5, 50]
# qvalue cutoff for narrow/strong regions = 5.00e-02
# qvalue cutoff for broad/weak regions = 1.00e-01
# Larger dataset will be scaled towards smaller dataset.
# Range for calculating regional lambda is: 1000 bps and 10000 bps
# Broad region calling is on
 
INFO  @ Sat, 02 Jan 2021 11:44:30: #1 read tag files... 
INFO  @ Sat, 02 Jan 2021 11:44:30: #1 read treatment tags... 
INFO  @ Sat, 02 Jan 2021 11:44:30: Detected format is: BAM 
INFO  @ Sat, 02 Jan 2021 11:44:30: * Input file is gzipped. 
INFO  @ Sat, 02 Jan 2021 11:44:38:  1000000 
INFO  @ Sat, 02 Jan 2021 11:44:45:  2000000 
INFO  @ Sat, 02 Jan 2021 11:44:52:  3000000 
INFO  @ Sat, 02 Jan 2021 11:45:00:  4000000 
INFO  @ Sat, 02 Jan 2021 11:45:07:  5000000 
INFO  @ Sat, 02 Jan 2021 11:45:15:  6000000 
INFO  @ Sat, 02 Jan 2021 11:45:22:  7000000 
INFO  @ Sat, 02 Jan 2021 11:45:29:  8000000 
INFO  @ Sat, 02 Jan 2021 11:45:37:  9000000 
INFO  @ Sat, 02 Jan 2021 11:45:44:  10000000 
INFO  @ Sat, 02 Jan 2021 11:45:51:  11000000 
INFO  @ Sat, 02 Jan 2021 11:45:59:  12000000 
INFO  @ Sat, 02 Jan 2021 11:46:06:  13000000 
INFO  @ Sat, 02 Jan 2021 11:46:13:  14000000 
INFO  @ Sat, 02 Jan 2021 11:46:21:  15000000 
INFO  @ Sat, 02 Jan 2021 11:46:28:  16000000 
INFO  @ Sat, 02 Jan 2021 11:46:35:  17000000 
INFO  @ Sat, 02 Jan 2021 11:46:42:  18000000 
INFO  @ Sat, 02 Jan 2021 11:46:50:  19000000 
INFO  @ Sat, 02 Jan 2021 11:46:57:  20000000 
INFO  @ Sat, 02 Jan 2021 11:47:04:  21000000 
INFO  @ Sat, 02 Jan 2021 11:47:12:  22000000 
INFO  @ Sat, 02 Jan 2021 11:47:19:  23000000 
INFO  @ Sat, 02 Jan 2021 11:47:26:  24000000 
INFO  @ Sat, 02 Jan 2021 11:47:34:  25000000 
INFO  @ Sat, 02 Jan 2021 11:47:41:  26000000 
INFO  @ Sat, 02 Jan 2021 11:47:48:  27000000 
INFO  @ Sat, 02 Jan 2021 11:47:48: Detected format is: BAM 
INFO  @ Sat, 02 Jan 2021 11:47:48: * Input file is gzipped. 
INFO  @ Sat, 02 Jan 2021 11:47:55:  1000000 
INFO  @ Sat, 02 Jan 2021 11:48:02:  2000000 
INFO  @ Sat, 02 Jan 2021 11:48:09:  3000000 
INFO  @ Sat, 02 Jan 2021 11:48:16:  4000000 
INFO  @ Sat, 02 Jan 2021 11:48:23:  5000000 
INFO  @ Sat, 02 Jan 2021 11:48:30:  6000000 
INFO  @ Sat, 02 Jan 2021 11:48:36:  7000000 
INFO  @ Sat, 02 Jan 2021 11:48:43:  8000000 
INFO  @ Sat, 02 Jan 2021 11:48:50:  9000000 
INFO  @ Sat, 02 Jan 2021 11:48:57:  10000000 
INFO  @ Sat, 02 Jan 2021 11:49:04:  11000000 
INFO  @ Sat, 02 Jan 2021 11:49:11:  12000000 
INFO  @ Sat, 02 Jan 2021 11:49:18:  13000000 
INFO  @ Sat, 02 Jan 2021 11:49:25:  14000000 
INFO  @ Sat, 02 Jan 2021 11:49:32:  15000000 
INFO  @ Sat, 02 Jan 2021 11:49:39:  16000000 
INFO  @ Sat, 02 Jan 2021 11:49:46:  17000000 
INFO  @ Sat, 02 Jan 2021 11:49:53:  18000000 
INFO  @ Sat, 02 Jan 2021 11:49:56: #1.2 read input tags... 
INFO  @ Sat, 02 Jan 2021 11:49:56: Detected format is: BAM 
INFO  @ Sat, 02 Jan 2021 11:49:56: * Input file is gzipped. 
INFO  @ Sat, 02 Jan 2021 11:50:04:  1000000 
INFO  @ Sat, 02 Jan 2021 11:50:11:  2000000 
INFO  @ Sat, 02 Jan 2021 11:50:18:  3000000 
INFO  @ Sat, 02 Jan 2021 11:50:25:  4000000 
INFO  @ Sat, 02 Jan 2021 11:50:33:  5000000 
INFO  @ Sat, 02 Jan 2021 11:50:40:  6000000 
INFO  @ Sat, 02 Jan 2021 11:50:48:  7000000 
INFO  @ Sat, 02 Jan 2021 11:50:55:  8000000 
INFO  @ Sat, 02 Jan 2021 11:51:03:  9000000 
INFO  @ Sat, 02 Jan 2021 11:51:10:  10000000 
INFO  @ Sat, 02 Jan 2021 11:51:18:  11000000 
INFO  @ Sat, 02 Jan 2021 11:51:25:  12000000 
INFO  @ Sat, 02 Jan 2021 11:51:33:  13000000 
INFO  @ Sat, 02 Jan 2021 11:51:39: Detected format is: BAM 
INFO  @ Sat, 02 Jan 2021 11:51:39: * Input file is gzipped. 
INFO  @ Sat, 02 Jan 2021 11:51:46:  1000000 
INFO  @ Sat, 02 Jan 2021 11:51:53:  2000000 
INFO  @ Sat, 02 Jan 2021 11:52:00:  3000000 
INFO  @ Sat, 02 Jan 2021 11:52:07:  4000000 
INFO  @ Sat, 02 Jan 2021 11:52:13:  5000000 
INFO  @ Sat, 02 Jan 2021 11:52:20:  6000000 
INFO  @ Sat, 02 Jan 2021 11:52:27:  7000000 
INFO  @ Sat, 02 Jan 2021 11:52:34:  8000000 
INFO  @ Sat, 02 Jan 2021 11:52:41:  9000000 
INFO  @ Sat, 02 Jan 2021 11:52:48:  10000000 
INFO  @ Sat, 02 Jan 2021 11:52:55:  11000000 
INFO  @ Sat, 02 Jan 2021 11:53:01:  12000000 
INFO  @ Sat, 02 Jan 2021 11:53:08:  13000000 
INFO  @ Sat, 02 Jan 2021 11:53:14: #1 tag size is determined as 50 bps 
INFO  @ Sat, 02 Jan 2021 11:53:14: #1 tag size = 50 
INFO  @ Sat, 02 Jan 2021 11:53:14: #1  total tags in treatment: 45019528 
INFO  @ Sat, 02 Jan 2021 11:53:14: #1 user defined the maximum tags... 
INFO  @ Sat, 02 Jan 2021 11:53:14: #1 filter out redundant tags at the same location and the same strand by allowing at most 1 tag(s) 
INFO  @ Sat, 02 Jan 2021 11:53:15: #1  tags after filtering in treatment: 44750135 
INFO  @ Sat, 02 Jan 2021 11:53:15: #1  Redundant rate of treatment: 0.01 
INFO  @ Sat, 02 Jan 2021 11:53:15: #1  total tags in control: 27358654 
INFO  @ Sat, 02 Jan 2021 11:53:15: #1 user defined the maximum tags... 
INFO  @ Sat, 02 Jan 2021 11:53:15: #1 filter out redundant tags at the same location and the same strand by allowing at most 1 tag(s) 
INFO  @ Sat, 02 Jan 2021 11:53:16: #1  tags after filtering in control: 27228338 
INFO  @ Sat, 02 Jan 2021 11:53:16: #1  Redundant rate of control: 0.00 
INFO  @ Sat, 02 Jan 2021 11:53:16: #1 finished! 
INFO  @ Sat, 02 Jan 2021 11:53:16: #2 Build Peak Model... 
INFO  @ Sat, 02 Jan 2021 11:53:16: #2 Skipped... 
INFO  @ Sat, 02 Jan 2021 11:53:16: #2 Use 147 as fragment length 
INFO  @ Sat, 02 Jan 2021 11:53:16: #3 Call peaks... 
INFO  @ Sat, 02 Jan 2021 11:53:16: #3 Call broad peaks with given level1 -log10qvalue cutoff and level2: 1.301030, 1.000000... 
INFO  @ Sat, 02 Jan 2021 11:53:16: #3 Pre-compute pvalue-qvalue table... 
INFO  @ Sat, 02 Jan 2021 11:56:32: #3 Call peaks for each chromosome... 
INFO  @ Sat, 02 Jan 2021 11:58:11: #4 Write output xls file... /gpfs/group/pipkin/hdiao/T_Cell_ChIP/2_MACS2_broad/2017_NAT_IMMUNOL_Yu___H3K27ac_P14-CD8-Memory_peaks.xls 
INFO  @ Sat, 02 Jan 2021 11:58:11: #4 Write broad peak in broadPeak format file... /gpfs/group/pipkin/hdiao/T_Cell_ChIP/2_MACS2_broad/2017_NAT_IMMUNOL_Yu___H3K27ac_P14-CD8-Memory_peaks.broadPeak 
INFO  @ Sat, 02 Jan 2021 11:58:11: #4 Write broad peak in bed12/gappedPeak format file... /gpfs/group/pipkin/hdiao/T_Cell_ChIP/2_MACS2_broad/2017_NAT_IMMUNOL_Yu___H3K27ac_P14-CD8-Memory_peaks.gappedPeak 
INFO  @ Sat, 02 Jan 2021 11:58:11: Done! 
