INFO  @ Sat, 02 Jan 2021 11:20:46: 
# Command line: callpeak -t SRR2075567_srt_dupr_flb.bam SRR2075568_srt_dupr_flb.bam -c SRR2075585_srt_dupr_flb.bam -g mm -B --SPMR --nomodel --extsize 147 --call-summits -n 2015_JEM_Dominguez___Tbet_LCMVarm-D8-CD8-WT --outdir /gpfs/group/pipkin/hdiao/T_Cell_ChIP/2_MACS2
# ARGUMENTS LIST:
# name = 2015_JEM_Dominguez___Tbet_LCMVarm-D8-CD8-WT
# format = AUTO
# ChIP-seq file = ['SRR2075567_srt_dupr_flb.bam', 'SRR2075568_srt_dupr_flb.bam']
# control file = ['SRR2075585_srt_dupr_flb.bam']
# effective genome size = 1.87e+09
# band width = 300
# model fold = [5, 50]
# qvalue cutoff = 5.00e-02
# Larger dataset will be scaled towards smaller dataset.
# Range for calculating regional lambda is: 1000 bps and 10000 bps
# Broad region calling is off
# Searching for subpeak summits is on
# MACS will save fragment pileup signal per million reads
 
INFO  @ Sat, 02 Jan 2021 11:20:46: #1 read tag files... 
INFO  @ Sat, 02 Jan 2021 11:20:46: #1 read treatment tags... 
INFO  @ Sat, 02 Jan 2021 11:20:46: Detected format is: BAM 
INFO  @ Sat, 02 Jan 2021 11:20:46: * Input file is gzipped. 
INFO  @ Sat, 02 Jan 2021 11:20:56:  1000000 
INFO  @ Sat, 02 Jan 2021 11:21:07:  2000000 
INFO  @ Sat, 02 Jan 2021 11:21:17:  3000000 
INFO  @ Sat, 02 Jan 2021 11:21:26:  4000000 
INFO  @ Sat, 02 Jan 2021 11:21:36:  5000000 
INFO  @ Sat, 02 Jan 2021 11:21:45:  6000000 
INFO  @ Sat, 02 Jan 2021 11:21:55:  7000000 
INFO  @ Sat, 02 Jan 2021 11:22:04:  8000000 
INFO  @ Sat, 02 Jan 2021 11:22:13:  9000000 
INFO  @ Sat, 02 Jan 2021 11:22:23:  10000000 
INFO  @ Sat, 02 Jan 2021 11:22:34:  11000000 
INFO  @ Sat, 02 Jan 2021 11:22:43:  12000000 
INFO  @ Sat, 02 Jan 2021 11:22:52:  13000000 
INFO  @ Sat, 02 Jan 2021 11:23:02:  14000000 
INFO  @ Sat, 02 Jan 2021 11:23:12:  15000000 
INFO  @ Sat, 02 Jan 2021 11:23:20:  16000000 
INFO  @ Sat, 02 Jan 2021 11:23:30:  17000000 
INFO  @ Sat, 02 Jan 2021 11:23:40:  18000000 
INFO  @ Sat, 02 Jan 2021 11:23:49:  19000000 
INFO  @ Sat, 02 Jan 2021 11:23:59:  20000000 
INFO  @ Sat, 02 Jan 2021 11:24:08:  21000000 
INFO  @ Sat, 02 Jan 2021 11:24:17:  22000000 
INFO  @ Sat, 02 Jan 2021 11:24:26:  23000000 
INFO  @ Sat, 02 Jan 2021 11:24:35:  24000000 
INFO  @ Sat, 02 Jan 2021 11:24:45:  25000000 
INFO  @ Sat, 02 Jan 2021 11:24:54:  26000000 
INFO  @ Sat, 02 Jan 2021 11:25:00:  27000000 
INFO  @ Sat, 02 Jan 2021 11:25:06:  28000000 
INFO  @ Sat, 02 Jan 2021 11:25:12:  29000000 
INFO  @ Sat, 02 Jan 2021 11:25:19:  30000000 
INFO  @ Sat, 02 Jan 2021 11:25:24:  31000000 
INFO  @ Sat, 02 Jan 2021 11:25:30:  32000000 
INFO  @ Sat, 02 Jan 2021 11:25:36:  33000000 
INFO  @ Sat, 02 Jan 2021 11:25:41:  34000000 
INFO  @ Sat, 02 Jan 2021 11:25:47:  35000000 
INFO  @ Sat, 02 Jan 2021 11:25:53:  36000000 
INFO  @ Sat, 02 Jan 2021 11:25:59:  37000000 
INFO  @ Sat, 02 Jan 2021 11:26:04:  38000000 
INFO  @ Sat, 02 Jan 2021 11:26:11:  39000000 
INFO  @ Sat, 02 Jan 2021 11:26:16:  40000000 
INFO  @ Sat, 02 Jan 2021 11:26:22:  41000000 
INFO  @ Sat, 02 Jan 2021 11:26:28:  42000000 
INFO  @ Sat, 02 Jan 2021 11:26:34:  43000000 
INFO  @ Sat, 02 Jan 2021 11:26:40:  44000000 
INFO  @ Sat, 02 Jan 2021 11:26:46:  45000000 
INFO  @ Sat, 02 Jan 2021 11:26:52:  46000000 
INFO  @ Sat, 02 Jan 2021 11:26:58:  47000000 
INFO  @ Sat, 02 Jan 2021 11:27:04:  48000000 
INFO  @ Sat, 02 Jan 2021 11:27:10:  49000000 
INFO  @ Sat, 02 Jan 2021 11:27:16:  50000000 
INFO  @ Sat, 02 Jan 2021 11:27:21:  51000000 
INFO  @ Sat, 02 Jan 2021 11:27:27:  52000000 
INFO  @ Sat, 02 Jan 2021 11:27:33:  53000000 
INFO  @ Sat, 02 Jan 2021 11:27:39:  54000000 
INFO  @ Sat, 02 Jan 2021 11:27:45:  55000000 
INFO  @ Sat, 02 Jan 2021 11:27:50:  56000000 
INFO  @ Sat, 02 Jan 2021 11:27:56:  57000000 
INFO  @ Sat, 02 Jan 2021 11:28:01:  58000000 
INFO  @ Sat, 02 Jan 2021 11:28:07:  59000000 
INFO  @ Sat, 02 Jan 2021 11:28:12:  60000000 
INFO  @ Sat, 02 Jan 2021 11:28:18:  61000000 
INFO  @ Sat, 02 Jan 2021 11:28:23:  62000000 
INFO  @ Sat, 02 Jan 2021 11:28:29:  63000000 
INFO  @ Sat, 02 Jan 2021 11:28:35:  64000000 
INFO  @ Sat, 02 Jan 2021 11:28:40:  65000000 
INFO  @ Sat, 02 Jan 2021 11:28:46:  66000000 
INFO  @ Sat, 02 Jan 2021 11:28:51:  67000000 
INFO  @ Sat, 02 Jan 2021 11:28:57:  68000000 
INFO  @ Sat, 02 Jan 2021 11:29:02:  69000000 
INFO  @ Sat, 02 Jan 2021 11:29:08:  70000000 
INFO  @ Sat, 02 Jan 2021 11:29:13:  71000000 
INFO  @ Sat, 02 Jan 2021 11:29:18:  72000000 
INFO  @ Sat, 02 Jan 2021 11:29:23:  73000000 
INFO  @ Sat, 02 Jan 2021 11:29:29:  74000000 
INFO  @ Sat, 02 Jan 2021 11:29:34:  75000000 
INFO  @ Sat, 02 Jan 2021 11:29:40:  76000000 
INFO  @ Sat, 02 Jan 2021 11:29:45:  77000000 
INFO  @ Sat, 02 Jan 2021 11:29:48: Detected format is: BAM 
INFO  @ Sat, 02 Jan 2021 11:29:48: * Input file is gzipped. 
INFO  @ Sat, 02 Jan 2021 11:29:56:  1000000 
INFO  @ Sat, 02 Jan 2021 11:30:04:  2000000 
INFO  @ Sat, 02 Jan 2021 11:30:13:  3000000 
INFO  @ Sat, 02 Jan 2021 11:30:21:  4000000 
INFO  @ Sat, 02 Jan 2021 11:30:30:  5000000 
INFO  @ Sat, 02 Jan 2021 11:30:39:  6000000 
INFO  @ Sat, 02 Jan 2021 11:30:47:  7000000 
INFO  @ Sat, 02 Jan 2021 11:30:56:  8000000 
INFO  @ Sat, 02 Jan 2021 11:31:04:  9000000 
INFO  @ Sat, 02 Jan 2021 11:31:13:  10000000 
INFO  @ Sat, 02 Jan 2021 11:31:21:  11000000 
INFO  @ Sat, 02 Jan 2021 11:31:29:  12000000 
INFO  @ Sat, 02 Jan 2021 11:31:38:  13000000 
INFO  @ Sat, 02 Jan 2021 11:31:47:  14000000 
INFO  @ Sat, 02 Jan 2021 11:31:55:  15000000 
INFO  @ Sat, 02 Jan 2021 11:32:03:  16000000 
INFO  @ Sat, 02 Jan 2021 11:32:11:  17000000 
INFO  @ Sat, 02 Jan 2021 11:32:20:  18000000 
INFO  @ Sat, 02 Jan 2021 11:32:28:  19000000 
INFO  @ Sat, 02 Jan 2021 11:32:36:  20000000 
INFO  @ Sat, 02 Jan 2021 11:32:45:  21000000 
INFO  @ Sat, 02 Jan 2021 11:32:52:  22000000 
INFO  @ Sat, 02 Jan 2021 11:32:57:  23000000 
INFO  @ Sat, 02 Jan 2021 11:33:02:  24000000 
INFO  @ Sat, 02 Jan 2021 11:33:08:  25000000 
INFO  @ Sat, 02 Jan 2021 11:33:13:  26000000 
INFO  @ Sat, 02 Jan 2021 11:33:18:  27000000 
INFO  @ Sat, 02 Jan 2021 11:33:23:  28000000 
INFO  @ Sat, 02 Jan 2021 11:33:28:  29000000 
INFO  @ Sat, 02 Jan 2021 11:33:33:  30000000 
INFO  @ Sat, 02 Jan 2021 11:33:38:  31000000 
INFO  @ Sat, 02 Jan 2021 11:33:43:  32000000 
INFO  @ Sat, 02 Jan 2021 11:33:49:  33000000 
INFO  @ Sat, 02 Jan 2021 11:33:54:  34000000 
INFO  @ Sat, 02 Jan 2021 11:33:59:  35000000 
INFO  @ Sat, 02 Jan 2021 11:34:04:  36000000 
INFO  @ Sat, 02 Jan 2021 11:34:09:  37000000 
INFO  @ Sat, 02 Jan 2021 11:34:15:  38000000 
INFO  @ Sat, 02 Jan 2021 11:34:20:  39000000 
INFO  @ Sat, 02 Jan 2021 11:34:25:  40000000 
INFO  @ Sat, 02 Jan 2021 11:34:30:  41000000 
INFO  @ Sat, 02 Jan 2021 11:34:35:  42000000 
INFO  @ Sat, 02 Jan 2021 11:34:41:  43000000 
INFO  @ Sat, 02 Jan 2021 11:34:46:  44000000 
INFO  @ Sat, 02 Jan 2021 11:34:51:  45000000 
INFO  @ Sat, 02 Jan 2021 11:34:56:  46000000 
INFO  @ Sat, 02 Jan 2021 11:35:01:  47000000 
INFO  @ Sat, 02 Jan 2021 11:35:07:  48000000 
INFO  @ Sat, 02 Jan 2021 11:35:12:  49000000 
INFO  @ Sat, 02 Jan 2021 11:35:17:  50000000 
INFO  @ Sat, 02 Jan 2021 11:35:22:  51000000 
INFO  @ Sat, 02 Jan 2021 11:35:27:  52000000 
INFO  @ Sat, 02 Jan 2021 11:35:32:  53000000 
INFO  @ Sat, 02 Jan 2021 11:35:37:  54000000 
INFO  @ Sat, 02 Jan 2021 11:35:42:  55000000 
INFO  @ Sat, 02 Jan 2021 11:35:47:  56000000 
INFO  @ Sat, 02 Jan 2021 11:35:52:  57000000 
INFO  @ Sat, 02 Jan 2021 11:35:57:  58000000 
INFO  @ Sat, 02 Jan 2021 11:36:03:  59000000 
INFO  @ Sat, 02 Jan 2021 11:36:08:  60000000 
INFO  @ Sat, 02 Jan 2021 11:36:13:  61000000 
INFO  @ Sat, 02 Jan 2021 11:36:18:  62000000 
INFO  @ Sat, 02 Jan 2021 11:36:23:  63000000 
INFO  @ Sat, 02 Jan 2021 11:36:28:  64000000 
INFO  @ Sat, 02 Jan 2021 11:36:34:  65000000 
INFO  @ Sat, 02 Jan 2021 11:36:41: #1.2 read input tags... 
INFO  @ Sat, 02 Jan 2021 11:36:41: Detected format is: BAM 
INFO  @ Sat, 02 Jan 2021 11:36:41: * Input file is gzipped. 
INFO  @ Sat, 02 Jan 2021 11:36:49:  1000000 
INFO  @ Sat, 02 Jan 2021 11:36:57:  2000000 
INFO  @ Sat, 02 Jan 2021 11:37:04:  3000000 
INFO  @ Sat, 02 Jan 2021 11:37:12:  4000000 
INFO  @ Sat, 02 Jan 2021 11:37:16: #1 tag size is determined as 75 bps 
INFO  @ Sat, 02 Jan 2021 11:37:16: #1 tag size = 75 
INFO  @ Sat, 02 Jan 2021 11:37:16: #1  total tags in treatment: 47613441 
INFO  @ Sat, 02 Jan 2021 11:37:16: #1 user defined the maximum tags... 
INFO  @ Sat, 02 Jan 2021 11:37:16: #1 filter out redundant tags at the same location and the same strand by allowing at most 1 tag(s) 
INFO  @ Sat, 02 Jan 2021 11:37:17: #1  tags after filtering in treatment: 47327638 
INFO  @ Sat, 02 Jan 2021 11:37:17: #1  Redundant rate of treatment: 0.01 
INFO  @ Sat, 02 Jan 2021 11:37:17: #1  total tags in control: 4404928 
INFO  @ Sat, 02 Jan 2021 11:37:17: #1 user defined the maximum tags... 
INFO  @ Sat, 02 Jan 2021 11:37:17: #1 filter out redundant tags at the same location and the same strand by allowing at most 1 tag(s) 
INFO  @ Sat, 02 Jan 2021 11:37:17: #1  tags after filtering in control: 4404908 
INFO  @ Sat, 02 Jan 2021 11:37:17: #1  Redundant rate of control: 0.00 
INFO  @ Sat, 02 Jan 2021 11:37:17: #1 finished! 
INFO  @ Sat, 02 Jan 2021 11:37:17: #2 Build Peak Model... 
INFO  @ Sat, 02 Jan 2021 11:37:17: #2 Skipped... 
INFO  @ Sat, 02 Jan 2021 11:37:17: #2 Use 147 as fragment length 
INFO  @ Sat, 02 Jan 2021 11:37:17: #3 Call peaks... 
INFO  @ Sat, 02 Jan 2021 11:37:17: #3 Going to call summits inside each peak ... 
INFO  @ Sat, 02 Jan 2021 11:37:17: #3 Pre-compute pvalue-qvalue table... 
INFO  @ Sat, 02 Jan 2021 11:38:53: #3 In the peak calling step, the following will be performed simultaneously: 
INFO  @ Sat, 02 Jan 2021 11:38:53: #3   Write bedGraph files for treatment pileup (after scaling if necessary)... 2015_JEM_Dominguez___Tbet_LCMVarm-D8-CD8-WT_treat_pileup.bdg 
INFO  @ Sat, 02 Jan 2021 11:38:53: #3   Write bedGraph files for control lambda (after scaling if necessary)... 2015_JEM_Dominguez___Tbet_LCMVarm-D8-CD8-WT_control_lambda.bdg 
INFO  @ Sat, 02 Jan 2021 11:38:53: #3   --SPMR is requested, so pileup will be normalized by sequencing depth in million reads. 
INFO  @ Sat, 02 Jan 2021 11:38:53: #3 Call peaks for each chromosome... 
INFO  @ Sat, 02 Jan 2021 11:46:35: #4 Write output xls file... /gpfs/group/pipkin/hdiao/T_Cell_ChIP/2_MACS2/2015_JEM_Dominguez___Tbet_LCMVarm-D8-CD8-WT_peaks.xls 
INFO  @ Sat, 02 Jan 2021 11:46:35: #4 Write peak in narrowPeak format file... /gpfs/group/pipkin/hdiao/T_Cell_ChIP/2_MACS2/2015_JEM_Dominguez___Tbet_LCMVarm-D8-CD8-WT_peaks.narrowPeak 
INFO  @ Sat, 02 Jan 2021 11:46:35: #4 Write summits bed file... /gpfs/group/pipkin/hdiao/T_Cell_ChIP/2_MACS2/2015_JEM_Dominguez___Tbet_LCMVarm-D8-CD8-WT_summits.bed 
INFO  @ Sat, 02 Jan 2021 11:46:35: Done! 
