INFO  @ Sat, 02 Jan 2021 11:20:47: 
# Command line: callpeak -t SRR5905854_srt_dupr_flb.bam -c SRR5905836_srt_dupr_flb.bam -g mm -B --SPMR --nomodel --extsize 147 --call-summits -n 2017_PNAS_Li___H3K27Ac_IL2-IN2-deletion-CD4 --outdir /gpfs/group/pipkin/hdiao/T_Cell_ChIP/2_MACS2
# ARGUMENTS LIST:
# name = 2017_PNAS_Li___H3K27Ac_IL2-IN2-deletion-CD4
# format = AUTO
# ChIP-seq file = ['SRR5905854_srt_dupr_flb.bam']
# control file = ['SRR5905836_srt_dupr_flb.bam']
# effective genome size = 1.87e+09
# band width = 300
# model fold = [5, 50]
# qvalue cutoff = 5.00e-02
# Larger dataset will be scaled towards smaller dataset.
# Range for calculating regional lambda is: 1000 bps and 10000 bps
# Broad region calling is off
# Searching for subpeak summits is on
# MACS will save fragment pileup signal per million reads
 
INFO  @ Sat, 02 Jan 2021 11:20:47: #1 read tag files... 
INFO  @ Sat, 02 Jan 2021 11:20:47: #1 read treatment tags... 
INFO  @ Sat, 02 Jan 2021 11:20:47: Detected format is: BAM 
INFO  @ Sat, 02 Jan 2021 11:20:47: * Input file is gzipped. 
INFO  @ Sat, 02 Jan 2021 11:20:56:  1000000 
INFO  @ Sat, 02 Jan 2021 11:21:03:  2000000 
INFO  @ Sat, 02 Jan 2021 11:21:11:  3000000 
INFO  @ Sat, 02 Jan 2021 11:21:19:  4000000 
INFO  @ Sat, 02 Jan 2021 11:21:27:  5000000 
INFO  @ Sat, 02 Jan 2021 11:21:34:  6000000 
INFO  @ Sat, 02 Jan 2021 11:21:42:  7000000 
INFO  @ Sat, 02 Jan 2021 11:21:50:  8000000 
INFO  @ Sat, 02 Jan 2021 11:21:58:  9000000 
INFO  @ Sat, 02 Jan 2021 11:22:07:  10000000 
INFO  @ Sat, 02 Jan 2021 11:22:15:  11000000 
INFO  @ Sat, 02 Jan 2021 11:22:23:  12000000 
INFO  @ Sat, 02 Jan 2021 11:22:30:  13000000 
INFO  @ Sat, 02 Jan 2021 11:22:37:  14000000 
INFO  @ Sat, 02 Jan 2021 11:22:44:  15000000 
INFO  @ Sat, 02 Jan 2021 11:22:51:  16000000 
INFO  @ Sat, 02 Jan 2021 11:22:58:  17000000 
INFO  @ Sat, 02 Jan 2021 11:23:05:  18000000 
INFO  @ Sat, 02 Jan 2021 11:23:12:  19000000 
INFO  @ Sat, 02 Jan 2021 11:23:19:  20000000 
INFO  @ Sat, 02 Jan 2021 11:23:26:  21000000 
INFO  @ Sat, 02 Jan 2021 11:23:33:  22000000 
INFO  @ Sat, 02 Jan 2021 11:23:40:  23000000 
INFO  @ Sat, 02 Jan 2021 11:23:47:  24000000 
INFO  @ Sat, 02 Jan 2021 11:23:54:  25000000 
INFO  @ Sat, 02 Jan 2021 11:24:01:  26000000 
INFO  @ Sat, 02 Jan 2021 11:24:08:  27000000 
INFO  @ Sat, 02 Jan 2021 11:24:15:  28000000 
INFO  @ Sat, 02 Jan 2021 11:24:22:  29000000 
INFO  @ Sat, 02 Jan 2021 11:24:29:  30000000 
INFO  @ Sat, 02 Jan 2021 11:24:35:  31000000 
INFO  @ Sat, 02 Jan 2021 11:24:41:  32000000 
INFO  @ Sat, 02 Jan 2021 11:24:48:  33000000 
INFO  @ Sat, 02 Jan 2021 11:24:54:  34000000 
INFO  @ Sat, 02 Jan 2021 11:24:58: #1.2 read input tags... 
INFO  @ Sat, 02 Jan 2021 11:24:58: Detected format is: BAM 
INFO  @ Sat, 02 Jan 2021 11:24:58: * Input file is gzipped. 
INFO  @ Sat, 02 Jan 2021 11:25:04:  1000000 
INFO  @ Sat, 02 Jan 2021 11:25:09:  2000000 
INFO  @ Sat, 02 Jan 2021 11:25:15:  3000000 
INFO  @ Sat, 02 Jan 2021 11:25:21:  4000000 
INFO  @ Sat, 02 Jan 2021 11:25:27:  5000000 
INFO  @ Sat, 02 Jan 2021 11:25:28: #1 tag size is determined as 49 bps 
INFO  @ Sat, 02 Jan 2021 11:25:28: #1 tag size = 49 
INFO  @ Sat, 02 Jan 2021 11:25:28: #1  total tags in treatment: 34087956 
INFO  @ Sat, 02 Jan 2021 11:25:28: #1 user defined the maximum tags... 
INFO  @ Sat, 02 Jan 2021 11:25:28: #1 filter out redundant tags at the same location and the same strand by allowing at most 1 tag(s) 
INFO  @ Sat, 02 Jan 2021 11:25:29: #1  tags after filtering in treatment: 34087956 
INFO  @ Sat, 02 Jan 2021 11:25:29: #1  Redundant rate of treatment: 0.00 
INFO  @ Sat, 02 Jan 2021 11:25:29: #1  total tags in control: 5165098 
INFO  @ Sat, 02 Jan 2021 11:25:29: #1 user defined the maximum tags... 
INFO  @ Sat, 02 Jan 2021 11:25:29: #1 filter out redundant tags at the same location and the same strand by allowing at most 1 tag(s) 
INFO  @ Sat, 02 Jan 2021 11:25:29: #1  tags after filtering in control: 5165097 
INFO  @ Sat, 02 Jan 2021 11:25:29: #1  Redundant rate of control: 0.00 
INFO  @ Sat, 02 Jan 2021 11:25:29: #1 finished! 
INFO  @ Sat, 02 Jan 2021 11:25:29: #2 Build Peak Model... 
INFO  @ Sat, 02 Jan 2021 11:25:29: #2 Skipped... 
INFO  @ Sat, 02 Jan 2021 11:25:29: #2 Use 147 as fragment length 
INFO  @ Sat, 02 Jan 2021 11:25:29: #3 Call peaks... 
INFO  @ Sat, 02 Jan 2021 11:25:29: #3 Going to call summits inside each peak ... 
INFO  @ Sat, 02 Jan 2021 11:25:29: #3 Pre-compute pvalue-qvalue table... 
INFO  @ Sat, 02 Jan 2021 11:26:33: #3 In the peak calling step, the following will be performed simultaneously: 
INFO  @ Sat, 02 Jan 2021 11:26:33: #3   Write bedGraph files for treatment pileup (after scaling if necessary)... 2017_PNAS_Li___H3K27Ac_IL2-IN2-deletion-CD4_treat_pileup.bdg 
INFO  @ Sat, 02 Jan 2021 11:26:33: #3   Write bedGraph files for control lambda (after scaling if necessary)... 2017_PNAS_Li___H3K27Ac_IL2-IN2-deletion-CD4_control_lambda.bdg 
INFO  @ Sat, 02 Jan 2021 11:26:33: #3   --SPMR is requested, so pileup will be normalized by sequencing depth in million reads. 
INFO  @ Sat, 02 Jan 2021 11:26:33: #3 Call peaks for each chromosome... 
INFO  @ Sat, 02 Jan 2021 11:31:27: #4 Write output xls file... /gpfs/group/pipkin/hdiao/T_Cell_ChIP/2_MACS2/2017_PNAS_Li___H3K27Ac_IL2-IN2-deletion-CD4_peaks.xls 
INFO  @ Sat, 02 Jan 2021 11:31:28: #4 Write peak in narrowPeak format file... /gpfs/group/pipkin/hdiao/T_Cell_ChIP/2_MACS2/2017_PNAS_Li___H3K27Ac_IL2-IN2-deletion-CD4_peaks.narrowPeak 
INFO  @ Sat, 02 Jan 2021 11:31:29: #4 Write summits bed file... /gpfs/group/pipkin/hdiao/T_Cell_ChIP/2_MACS2/2017_PNAS_Li___H3K27Ac_IL2-IN2-deletion-CD4_summits.bed 
INFO  @ Sat, 02 Jan 2021 11:31:29: Done! 
INFO  @ Sat, 02 Jan 2021 11:31:30: 
# Command line: callpeak -t SRR5905854_srt_dupr_flb.bam -c SRR5905836_srt_dupr_flb.bam -g mm --nomodel --extsize 147 --broad -n 2017_PNAS_Li___H3K27Ac_IL2-IN2-deletion-CD4 --outdir /gpfs/group/pipkin/hdiao/T_Cell_ChIP/2_MACS2_broad
# ARGUMENTS LIST:
# name = 2017_PNAS_Li___H3K27Ac_IL2-IN2-deletion-CD4
# format = AUTO
# ChIP-seq file = ['SRR5905854_srt_dupr_flb.bam']
# control file = ['SRR5905836_srt_dupr_flb.bam']
# effective genome size = 1.87e+09
# band width = 300
# model fold = [5, 50]
# qvalue cutoff for narrow/strong regions = 5.00e-02
# qvalue cutoff for broad/weak regions = 1.00e-01
# Larger dataset will be scaled towards smaller dataset.
# Range for calculating regional lambda is: 1000 bps and 10000 bps
# Broad region calling is on
 
INFO  @ Sat, 02 Jan 2021 11:31:30: #1 read tag files... 
INFO  @ Sat, 02 Jan 2021 11:31:30: #1 read treatment tags... 
INFO  @ Sat, 02 Jan 2021 11:31:30: Detected format is: BAM 
INFO  @ Sat, 02 Jan 2021 11:31:30: * Input file is gzipped. 
INFO  @ Sat, 02 Jan 2021 11:31:36:  1000000 
INFO  @ Sat, 02 Jan 2021 11:31:41:  2000000 
INFO  @ Sat, 02 Jan 2021 11:31:47:  3000000 
INFO  @ Sat, 02 Jan 2021 11:31:53:  4000000 
INFO  @ Sat, 02 Jan 2021 11:31:59:  5000000 
INFO  @ Sat, 02 Jan 2021 11:32:04:  6000000 
INFO  @ Sat, 02 Jan 2021 11:32:10:  7000000 
INFO  @ Sat, 02 Jan 2021 11:32:16:  8000000 
INFO  @ Sat, 02 Jan 2021 11:32:21:  9000000 
INFO  @ Sat, 02 Jan 2021 11:32:27:  10000000 
INFO  @ Sat, 02 Jan 2021 11:32:33:  11000000 
INFO  @ Sat, 02 Jan 2021 11:32:38:  12000000 
INFO  @ Sat, 02 Jan 2021 11:32:44:  13000000 
INFO  @ Sat, 02 Jan 2021 11:32:50:  14000000 
INFO  @ Sat, 02 Jan 2021 11:32:56:  15000000 
INFO  @ Sat, 02 Jan 2021 11:33:02:  16000000 
INFO  @ Sat, 02 Jan 2021 11:33:07:  17000000 
INFO  @ Sat, 02 Jan 2021 11:33:13:  18000000 
INFO  @ Sat, 02 Jan 2021 11:33:19:  19000000 
INFO  @ Sat, 02 Jan 2021 11:33:24:  20000000 
INFO  @ Sat, 02 Jan 2021 11:33:30:  21000000 
INFO  @ Sat, 02 Jan 2021 11:33:36:  22000000 
INFO  @ Sat, 02 Jan 2021 11:33:42:  23000000 
INFO  @ Sat, 02 Jan 2021 11:33:47:  24000000 
INFO  @ Sat, 02 Jan 2021 11:33:53:  25000000 
INFO  @ Sat, 02 Jan 2021 11:33:59:  26000000 
INFO  @ Sat, 02 Jan 2021 11:34:04:  27000000 
INFO  @ Sat, 02 Jan 2021 11:34:10:  28000000 
INFO  @ Sat, 02 Jan 2021 11:34:16:  29000000 
INFO  @ Sat, 02 Jan 2021 11:34:22:  30000000 
INFO  @ Sat, 02 Jan 2021 11:34:27:  31000000 
INFO  @ Sat, 02 Jan 2021 11:34:33:  32000000 
INFO  @ Sat, 02 Jan 2021 11:34:39:  33000000 
INFO  @ Sat, 02 Jan 2021 11:34:45:  34000000 
INFO  @ Sat, 02 Jan 2021 11:34:48: #1.2 read input tags... 
INFO  @ Sat, 02 Jan 2021 11:34:48: Detected format is: BAM 
INFO  @ Sat, 02 Jan 2021 11:34:48: * Input file is gzipped. 
INFO  @ Sat, 02 Jan 2021 11:34:53:  1000000 
INFO  @ Sat, 02 Jan 2021 11:34:58:  2000000 
INFO  @ Sat, 02 Jan 2021 11:35:03:  3000000 
INFO  @ Sat, 02 Jan 2021 11:35:09:  4000000 
INFO  @ Sat, 02 Jan 2021 11:35:14:  5000000 
INFO  @ Sat, 02 Jan 2021 11:35:15: #1 tag size is determined as 49 bps 
INFO  @ Sat, 02 Jan 2021 11:35:15: #1 tag size = 49 
INFO  @ Sat, 02 Jan 2021 11:35:15: #1  total tags in treatment: 34087956 
INFO  @ Sat, 02 Jan 2021 11:35:15: #1 user defined the maximum tags... 
INFO  @ Sat, 02 Jan 2021 11:35:15: #1 filter out redundant tags at the same location and the same strand by allowing at most 1 tag(s) 
INFO  @ Sat, 02 Jan 2021 11:35:16: #1  tags after filtering in treatment: 34087956 
INFO  @ Sat, 02 Jan 2021 11:35:16: #1  Redundant rate of treatment: 0.00 
INFO  @ Sat, 02 Jan 2021 11:35:16: #1  total tags in control: 5165098 
INFO  @ Sat, 02 Jan 2021 11:35:16: #1 user defined the maximum tags... 
INFO  @ Sat, 02 Jan 2021 11:35:16: #1 filter out redundant tags at the same location and the same strand by allowing at most 1 tag(s) 
INFO  @ Sat, 02 Jan 2021 11:35:16: #1  tags after filtering in control: 5165097 
INFO  @ Sat, 02 Jan 2021 11:35:16: #1  Redundant rate of control: 0.00 
INFO  @ Sat, 02 Jan 2021 11:35:16: #1 finished! 
INFO  @ Sat, 02 Jan 2021 11:35:16: #2 Build Peak Model... 
INFO  @ Sat, 02 Jan 2021 11:35:16: #2 Skipped... 
INFO  @ Sat, 02 Jan 2021 11:35:16: #2 Use 147 as fragment length 
INFO  @ Sat, 02 Jan 2021 11:35:16: #3 Call peaks... 
INFO  @ Sat, 02 Jan 2021 11:35:16: #3 Call broad peaks with given level1 -log10qvalue cutoff and level2: 1.301030, 1.000000... 
INFO  @ Sat, 02 Jan 2021 11:35:16: #3 Pre-compute pvalue-qvalue table... 
INFO  @ Sat, 02 Jan 2021 11:36:17: #3 Call peaks for each chromosome... 
INFO  @ Sat, 02 Jan 2021 11:37:37: #4 Write output xls file... /gpfs/group/pipkin/hdiao/T_Cell_ChIP/2_MACS2_broad/2017_PNAS_Li___H3K27Ac_IL2-IN2-deletion-CD4_peaks.xls 
INFO  @ Sat, 02 Jan 2021 11:37:37: #4 Write broad peak in broadPeak format file... /gpfs/group/pipkin/hdiao/T_Cell_ChIP/2_MACS2_broad/2017_PNAS_Li___H3K27Ac_IL2-IN2-deletion-CD4_peaks.broadPeak 
INFO  @ Sat, 02 Jan 2021 11:37:37: #4 Write broad peak in bed12/gappedPeak format file... /gpfs/group/pipkin/hdiao/T_Cell_ChIP/2_MACS2_broad/2017_PNAS_Li___H3K27Ac_IL2-IN2-deletion-CD4_peaks.gappedPeak 
INFO  @ Sat, 02 Jan 2021 11:37:38: Done! 
