INFO  @ Sat, 02 Jan 2021 11:20:47: 
# Command line: callpeak -t SRR8591891_srt_dupr_flb.bam SRR8591892_srt_dupr_flb.bam SRR8591893_srt_dupr_flb.bam -c SRR8591894_srt_dupr_flb.bam -g mm -B --SPMR --nomodel --extsize 147 --call-summits -n 2019_IMMUNITY_Veeken___Eomes_LCMV-d07-CD8 --outdir /gpfs/group/pipkin/hdiao/T_Cell_ChIP/2_MACS2
# ARGUMENTS LIST:
# name = 2019_IMMUNITY_Veeken___Eomes_LCMV-d07-CD8
# format = AUTO
# ChIP-seq file = ['SRR8591891_srt_dupr_flb.bam', 'SRR8591892_srt_dupr_flb.bam', 'SRR8591893_srt_dupr_flb.bam']
# control file = ['SRR8591894_srt_dupr_flb.bam']
# effective genome size = 1.87e+09
# band width = 300
# model fold = [5, 50]
# qvalue cutoff = 5.00e-02
# Larger dataset will be scaled towards smaller dataset.
# Range for calculating regional lambda is: 1000 bps and 10000 bps
# Broad region calling is off
# Searching for subpeak summits is on
# MACS will save fragment pileup signal per million reads
 
INFO  @ Sat, 02 Jan 2021 11:20:47: #1 read tag files... 
INFO  @ Sat, 02 Jan 2021 11:20:47: #1 read treatment tags... 
INFO  @ Sat, 02 Jan 2021 11:20:47: Detected format is: BAM 
INFO  @ Sat, 02 Jan 2021 11:20:47: * Input file is gzipped. 
INFO  @ Sat, 02 Jan 2021 11:20:55:  1000000 
INFO  @ Sat, 02 Jan 2021 11:21:03:  2000000 
INFO  @ Sat, 02 Jan 2021 11:21:11:  3000000 
INFO  @ Sat, 02 Jan 2021 11:21:18:  4000000 
INFO  @ Sat, 02 Jan 2021 11:21:25:  5000000 
INFO  @ Sat, 02 Jan 2021 11:21:33:  6000000 
INFO  @ Sat, 02 Jan 2021 11:21:41:  7000000 
INFO  @ Sat, 02 Jan 2021 11:21:48:  8000000 
INFO  @ Sat, 02 Jan 2021 11:21:55:  9000000 
INFO  @ Sat, 02 Jan 2021 11:22:03:  10000000 
INFO  @ Sat, 02 Jan 2021 11:22:11:  11000000 
INFO  @ Sat, 02 Jan 2021 11:22:18:  12000000 
INFO  @ Sat, 02 Jan 2021 11:22:25:  13000000 
INFO  @ Sat, 02 Jan 2021 11:22:33:  14000000 
INFO  @ Sat, 02 Jan 2021 11:22:40:  15000000 
INFO  @ Sat, 02 Jan 2021 11:22:46:  16000000 
INFO  @ Sat, 02 Jan 2021 11:22:51:  17000000 
INFO  @ Sat, 02 Jan 2021 11:22:56:  18000000 
INFO  @ Sat, 02 Jan 2021 11:23:00:  19000000 
INFO  @ Sat, 02 Jan 2021 11:23:04:  20000000 
INFO  @ Sat, 02 Jan 2021 11:23:09:  21000000 
INFO  @ Sat, 02 Jan 2021 11:23:13:  22000000 
INFO  @ Sat, 02 Jan 2021 11:23:18:  23000000 
INFO  @ Sat, 02 Jan 2021 11:23:21: Detected format is: BAM 
INFO  @ Sat, 02 Jan 2021 11:23:21: * Input file is gzipped. 
INFO  @ Sat, 02 Jan 2021 11:23:30:  1000000 
INFO  @ Sat, 02 Jan 2021 11:23:39:  2000000 
INFO  @ Sat, 02 Jan 2021 11:23:47:  3000000 
INFO  @ Sat, 02 Jan 2021 11:23:55:  4000000 
INFO  @ Sat, 02 Jan 2021 11:24:02:  5000000 
INFO  @ Sat, 02 Jan 2021 11:24:09:  6000000 
INFO  @ Sat, 02 Jan 2021 11:24:17:  7000000 
INFO  @ Sat, 02 Jan 2021 11:24:25:  8000000 
INFO  @ Sat, 02 Jan 2021 11:24:32:  9000000 
INFO  @ Sat, 02 Jan 2021 11:24:39:  10000000 
INFO  @ Sat, 02 Jan 2021 11:24:46:  11000000 
INFO  @ Sat, 02 Jan 2021 11:24:52:  12000000 
INFO  @ Sat, 02 Jan 2021 11:24:59:  13000000 
INFO  @ Sat, 02 Jan 2021 11:25:06:  14000000 
INFO  @ Sat, 02 Jan 2021 11:25:13:  15000000 
INFO  @ Sat, 02 Jan 2021 11:25:20:  16000000 
INFO  @ Sat, 02 Jan 2021 11:25:25:  17000000 
INFO  @ Sat, 02 Jan 2021 11:25:31:  18000000 
INFO  @ Sat, 02 Jan 2021 11:25:35:  19000000 
INFO  @ Sat, 02 Jan 2021 11:25:39:  20000000 
INFO  @ Sat, 02 Jan 2021 11:25:43:  21000000 
INFO  @ Sat, 02 Jan 2021 11:25:46: Detected format is: BAM 
INFO  @ Sat, 02 Jan 2021 11:25:46: * Input file is gzipped. 
INFO  @ Sat, 02 Jan 2021 11:25:53:  1000000 
INFO  @ Sat, 02 Jan 2021 11:25:59:  2000000 
INFO  @ Sat, 02 Jan 2021 11:26:06:  3000000 
INFO  @ Sat, 02 Jan 2021 11:26:13:  4000000 
INFO  @ Sat, 02 Jan 2021 11:26:20:  5000000 
INFO  @ Sat, 02 Jan 2021 11:26:26:  6000000 
INFO  @ Sat, 02 Jan 2021 11:26:32:  7000000 
INFO  @ Sat, 02 Jan 2021 11:26:38:  8000000 
INFO  @ Sat, 02 Jan 2021 11:26:45:  9000000 
INFO  @ Sat, 02 Jan 2021 11:26:51:  10000000 
INFO  @ Sat, 02 Jan 2021 11:26:57:  11000000 
INFO  @ Sat, 02 Jan 2021 11:27:03:  12000000 
INFO  @ Sat, 02 Jan 2021 11:27:10:  13000000 
INFO  @ Sat, 02 Jan 2021 11:27:16:  14000000 
INFO  @ Sat, 02 Jan 2021 11:27:22:  15000000 
INFO  @ Sat, 02 Jan 2021 11:27:29:  16000000 
INFO  @ Sat, 02 Jan 2021 11:27:35:  17000000 
INFO  @ Sat, 02 Jan 2021 11:27:41:  18000000 
INFO  @ Sat, 02 Jan 2021 11:27:47:  19000000 
INFO  @ Sat, 02 Jan 2021 11:27:53:  20000000 
INFO  @ Sat, 02 Jan 2021 11:27:59:  21000000 
INFO  @ Sat, 02 Jan 2021 11:28:05:  22000000 
INFO  @ Sat, 02 Jan 2021 11:28:12:  23000000 
INFO  @ Sat, 02 Jan 2021 11:28:17:  24000000 
INFO  @ Sat, 02 Jan 2021 11:28:22:  25000000 
INFO  @ Sat, 02 Jan 2021 11:28:24: #1.2 read input tags... 
INFO  @ Sat, 02 Jan 2021 11:28:25: Detected format is: BAM 
INFO  @ Sat, 02 Jan 2021 11:28:25: * Input file is gzipped. 
INFO  @ Sat, 02 Jan 2021 11:28:31:  1000000 
INFO  @ Sat, 02 Jan 2021 11:28:36:  2000000 
INFO  @ Sat, 02 Jan 2021 11:28:42:  3000000 
INFO  @ Sat, 02 Jan 2021 11:28:48:  4000000 
INFO  @ Sat, 02 Jan 2021 11:28:53:  5000000 
INFO  @ Sat, 02 Jan 2021 11:28:59:  6000000 
INFO  @ Sat, 02 Jan 2021 11:29:05:  7000000 
INFO  @ Sat, 02 Jan 2021 11:29:11:  8000000 
INFO  @ Sat, 02 Jan 2021 11:29:16:  9000000 
INFO  @ Sat, 02 Jan 2021 11:29:22:  10000000 
INFO  @ Sat, 02 Jan 2021 11:29:27:  11000000 
INFO  @ Sat, 02 Jan 2021 11:29:33:  12000000 
INFO  @ Sat, 02 Jan 2021 11:29:38:  13000000 
INFO  @ Sat, 02 Jan 2021 11:29:44:  14000000 
INFO  @ Sat, 02 Jan 2021 11:29:50:  15000000 
INFO  @ Sat, 02 Jan 2021 11:29:55:  16000000 
INFO  @ Sat, 02 Jan 2021 11:30:01:  17000000 
INFO  @ Sat, 02 Jan 2021 11:30:06:  18000000 
INFO  @ Sat, 02 Jan 2021 11:30:12:  19000000 
INFO  @ Sat, 02 Jan 2021 11:30:18:  20000000 
INFO  @ Sat, 02 Jan 2021 11:30:23:  21000000 
INFO  @ Sat, 02 Jan 2021 11:30:29:  22000000 
INFO  @ Sat, 02 Jan 2021 11:30:34:  23000000 
INFO  @ Sat, 02 Jan 2021 11:30:40:  24000000 
INFO  @ Sat, 02 Jan 2021 11:30:45:  25000000 
INFO  @ Sat, 02 Jan 2021 11:30:51:  26000000 
INFO  @ Sat, 02 Jan 2021 11:30:56:  27000000 
INFO  @ Sat, 02 Jan 2021 11:31:02:  28000000 
INFO  @ Sat, 02 Jan 2021 11:31:04: #1 tag size is determined as 51 bps 
INFO  @ Sat, 02 Jan 2021 11:31:04: #1 tag size = 51 
INFO  @ Sat, 02 Jan 2021 11:31:04: #1  total tags in treatment: 27372546 
INFO  @ Sat, 02 Jan 2021 11:31:04: #1 user defined the maximum tags... 
INFO  @ Sat, 02 Jan 2021 11:31:04: #1 filter out redundant tags at the same location and the same strand by allowing at most 1 tag(s) 
INFO  @ Sat, 02 Jan 2021 11:31:05: #1  tags after filtering in treatment: 27226719 
INFO  @ Sat, 02 Jan 2021 11:31:05: #1  Redundant rate of treatment: 0.01 
INFO  @ Sat, 02 Jan 2021 11:31:05: #1  total tags in control: 13196807 
INFO  @ Sat, 02 Jan 2021 11:31:05: #1 user defined the maximum tags... 
INFO  @ Sat, 02 Jan 2021 11:31:05: #1 filter out redundant tags at the same location and the same strand by allowing at most 1 tag(s) 
INFO  @ Sat, 02 Jan 2021 11:31:05: #1  tags after filtering in control: 13196807 
INFO  @ Sat, 02 Jan 2021 11:31:05: #1  Redundant rate of control: 0.00 
INFO  @ Sat, 02 Jan 2021 11:31:05: #1 finished! 
INFO  @ Sat, 02 Jan 2021 11:31:05: #2 Build Peak Model... 
INFO  @ Sat, 02 Jan 2021 11:31:05: #2 Skipped... 
INFO  @ Sat, 02 Jan 2021 11:31:05: #2 Use 147 as fragment length 
INFO  @ Sat, 02 Jan 2021 11:31:05: #3 Call peaks... 
INFO  @ Sat, 02 Jan 2021 11:31:05: #3 Going to call summits inside each peak ... 
INFO  @ Sat, 02 Jan 2021 11:31:05: #3 Pre-compute pvalue-qvalue table... 
INFO  @ Sat, 02 Jan 2021 11:32:43: #3 In the peak calling step, the following will be performed simultaneously: 
INFO  @ Sat, 02 Jan 2021 11:32:43: #3   Write bedGraph files for treatment pileup (after scaling if necessary)... 2019_IMMUNITY_Veeken___Eomes_LCMV-d07-CD8_treat_pileup.bdg 
INFO  @ Sat, 02 Jan 2021 11:32:43: #3   Write bedGraph files for control lambda (after scaling if necessary)... 2019_IMMUNITY_Veeken___Eomes_LCMV-d07-CD8_control_lambda.bdg 
INFO  @ Sat, 02 Jan 2021 11:32:43: #3   --SPMR is requested, so pileup will be normalized by sequencing depth in million reads. 
INFO  @ Sat, 02 Jan 2021 11:32:43: #3 Call peaks for each chromosome... 
INFO  @ Sat, 02 Jan 2021 11:37:33: #4 Write output xls file... /gpfs/group/pipkin/hdiao/T_Cell_ChIP/2_MACS2/2019_IMMUNITY_Veeken___Eomes_LCMV-d07-CD8_peaks.xls 
INFO  @ Sat, 02 Jan 2021 11:37:33: #4 Write peak in narrowPeak format file... /gpfs/group/pipkin/hdiao/T_Cell_ChIP/2_MACS2/2019_IMMUNITY_Veeken___Eomes_LCMV-d07-CD8_peaks.narrowPeak 
INFO  @ Sat, 02 Jan 2021 11:37:33: #4 Write summits bed file... /gpfs/group/pipkin/hdiao/T_Cell_ChIP/2_MACS2/2019_IMMUNITY_Veeken___Eomes_LCMV-d07-CD8_summits.bed 
INFO  @ Sat, 02 Jan 2021 11:37:34: Done! 
