INFO  @ Sat, 02 Jan 2021 11:20:47: 
# Command line: callpeak -t SRR6228885_srt_dupr_flb.bam -c SRR6228886_srt_dupr_flb.bam -g mm -B --SPMR --nomodel --extsize 147 --call-summits -n 2018_SCIENCE_Pace_native___H3K9me3_invitro-d3-CD8-WT --outdir /gpfs/group/pipkin/hdiao/T_Cell_ChIP/2_MACS2
# ARGUMENTS LIST:
# name = 2018_SCIENCE_Pace_native___H3K9me3_invitro-d3-CD8-WT
# format = AUTO
# ChIP-seq file = ['SRR6228885_srt_dupr_flb.bam']
# control file = ['SRR6228886_srt_dupr_flb.bam']
# effective genome size = 1.87e+09
# band width = 300
# model fold = [5, 50]
# qvalue cutoff = 5.00e-02
# Larger dataset will be scaled towards smaller dataset.
# Range for calculating regional lambda is: 1000 bps and 10000 bps
# Broad region calling is off
# Searching for subpeak summits is on
# MACS will save fragment pileup signal per million reads
 
INFO  @ Sat, 02 Jan 2021 11:20:47: #1 read tag files... 
INFO  @ Sat, 02 Jan 2021 11:20:47: #1 read treatment tags... 
INFO  @ Sat, 02 Jan 2021 11:20:47: Detected format is: BAM 
INFO  @ Sat, 02 Jan 2021 11:20:47: * Input file is gzipped. 
INFO  @ Sat, 02 Jan 2021 11:20:58:  1000000 
INFO  @ Sat, 02 Jan 2021 11:21:09:  2000000 
INFO  @ Sat, 02 Jan 2021 11:21:19:  3000000 
INFO  @ Sat, 02 Jan 2021 11:21:29:  4000000 
INFO  @ Sat, 02 Jan 2021 11:21:39:  5000000 
INFO  @ Sat, 02 Jan 2021 11:21:49:  6000000 
INFO  @ Sat, 02 Jan 2021 11:21:59:  7000000 
INFO  @ Sat, 02 Jan 2021 11:22:09:  8000000 
INFO  @ Sat, 02 Jan 2021 11:22:19:  9000000 
INFO  @ Sat, 02 Jan 2021 11:22:29:  10000000 
INFO  @ Sat, 02 Jan 2021 11:22:38:  11000000 
INFO  @ Sat, 02 Jan 2021 11:22:41: #1.2 read input tags... 
INFO  @ Sat, 02 Jan 2021 11:22:41: Detected format is: BAM 
INFO  @ Sat, 02 Jan 2021 11:22:41: * Input file is gzipped. 
INFO  @ Sat, 02 Jan 2021 11:22:51:  1000000 
INFO  @ Sat, 02 Jan 2021 11:23:02:  2000000 
INFO  @ Sat, 02 Jan 2021 11:23:12:  3000000 
INFO  @ Sat, 02 Jan 2021 11:23:23:  4000000 
INFO  @ Sat, 02 Jan 2021 11:23:33:  5000000 
INFO  @ Sat, 02 Jan 2021 11:23:43:  6000000 
INFO  @ Sat, 02 Jan 2021 11:23:53:  7000000 
INFO  @ Sat, 02 Jan 2021 11:24:04:  8000000 
INFO  @ Sat, 02 Jan 2021 11:24:14:  9000000 
INFO  @ Sat, 02 Jan 2021 11:24:25:  10000000 
INFO  @ Sat, 02 Jan 2021 11:24:32: #1 tag size is determined as 101 bps 
INFO  @ Sat, 02 Jan 2021 11:24:32: #1 tag size = 101 
INFO  @ Sat, 02 Jan 2021 11:24:32: #1  total tags in treatment: 11164184 
INFO  @ Sat, 02 Jan 2021 11:24:32: #1 user defined the maximum tags... 
INFO  @ Sat, 02 Jan 2021 11:24:32: #1 filter out redundant tags at the same location and the same strand by allowing at most 1 tag(s) 
INFO  @ Sat, 02 Jan 2021 11:24:32: #1  tags after filtering in treatment: 11164184 
INFO  @ Sat, 02 Jan 2021 11:24:32: #1  Redundant rate of treatment: 0.00 
INFO  @ Sat, 02 Jan 2021 11:24:32: #1  total tags in control: 10674682 
INFO  @ Sat, 02 Jan 2021 11:24:32: #1 user defined the maximum tags... 
INFO  @ Sat, 02 Jan 2021 11:24:32: #1 filter out redundant tags at the same location and the same strand by allowing at most 1 tag(s) 
INFO  @ Sat, 02 Jan 2021 11:24:33: #1  tags after filtering in control: 10674682 
INFO  @ Sat, 02 Jan 2021 11:24:33: #1  Redundant rate of control: 0.00 
INFO  @ Sat, 02 Jan 2021 11:24:33: #1 finished! 
INFO  @ Sat, 02 Jan 2021 11:24:33: #2 Build Peak Model... 
INFO  @ Sat, 02 Jan 2021 11:24:33: #2 Skipped... 
INFO  @ Sat, 02 Jan 2021 11:24:33: #2 Use 147 as fragment length 
INFO  @ Sat, 02 Jan 2021 11:24:33: #3 Call peaks... 
INFO  @ Sat, 02 Jan 2021 11:24:33: #3 Going to call summits inside each peak ... 
INFO  @ Sat, 02 Jan 2021 11:24:33: #3 Pre-compute pvalue-qvalue table... 
INFO  @ Sat, 02 Jan 2021 11:25:39: #3 In the peak calling step, the following will be performed simultaneously: 
INFO  @ Sat, 02 Jan 2021 11:25:39: #3   Write bedGraph files for treatment pileup (after scaling if necessary)... 2018_SCIENCE_Pace_native___H3K9me3_invitro-d3-CD8-WT_treat_pileup.bdg 
INFO  @ Sat, 02 Jan 2021 11:25:39: #3   Write bedGraph files for control lambda (after scaling if necessary)... 2018_SCIENCE_Pace_native___H3K9me3_invitro-d3-CD8-WT_control_lambda.bdg 
INFO  @ Sat, 02 Jan 2021 11:25:39: #3   --SPMR is requested, so pileup will be normalized by sequencing depth in million reads. 
INFO  @ Sat, 02 Jan 2021 11:25:39: #3 Call peaks for each chromosome... 
INFO  @ Sat, 02 Jan 2021 11:28:49: #4 Write output xls file... /gpfs/group/pipkin/hdiao/T_Cell_ChIP/2_MACS2/2018_SCIENCE_Pace_native___H3K9me3_invitro-d3-CD8-WT_peaks.xls 
INFO  @ Sat, 02 Jan 2021 11:28:49: #4 Write peak in narrowPeak format file... /gpfs/group/pipkin/hdiao/T_Cell_ChIP/2_MACS2/2018_SCIENCE_Pace_native___H3K9me3_invitro-d3-CD8-WT_peaks.narrowPeak 
INFO  @ Sat, 02 Jan 2021 11:28:49: #4 Write summits bed file... /gpfs/group/pipkin/hdiao/T_Cell_ChIP/2_MACS2/2018_SCIENCE_Pace_native___H3K9me3_invitro-d3-CD8-WT_summits.bed 
INFO  @ Sat, 02 Jan 2021 11:28:49: Done! 
INFO  @ Sat, 02 Jan 2021 11:28:50: 
# Command line: callpeak -t SRR6228885_srt_dupr_flb.bam -c SRR6228886_srt_dupr_flb.bam -g mm --nomodel --extsize 147 --broad -n 2018_SCIENCE_Pace_native___H3K9me3_invitro-d3-CD8-WT --outdir /gpfs/group/pipkin/hdiao/T_Cell_ChIP/2_MACS2_broad
# ARGUMENTS LIST:
# name = 2018_SCIENCE_Pace_native___H3K9me3_invitro-d3-CD8-WT
# format = AUTO
# ChIP-seq file = ['SRR6228885_srt_dupr_flb.bam']
# control file = ['SRR6228886_srt_dupr_flb.bam']
# effective genome size = 1.87e+09
# band width = 300
# model fold = [5, 50]
# qvalue cutoff for narrow/strong regions = 5.00e-02
# qvalue cutoff for broad/weak regions = 1.00e-01
# Larger dataset will be scaled towards smaller dataset.
# Range for calculating regional lambda is: 1000 bps and 10000 bps
# Broad region calling is on
 
INFO  @ Sat, 02 Jan 2021 11:28:50: #1 read tag files... 
INFO  @ Sat, 02 Jan 2021 11:28:50: #1 read treatment tags... 
INFO  @ Sat, 02 Jan 2021 11:28:50: Detected format is: BAM 
INFO  @ Sat, 02 Jan 2021 11:28:50: * Input file is gzipped. 
INFO  @ Sat, 02 Jan 2021 11:28:59:  1000000 
INFO  @ Sat, 02 Jan 2021 11:29:07:  2000000 
INFO  @ Sat, 02 Jan 2021 11:29:16:  3000000 
INFO  @ Sat, 02 Jan 2021 11:29:24:  4000000 
INFO  @ Sat, 02 Jan 2021 11:29:32:  5000000 
INFO  @ Sat, 02 Jan 2021 11:29:41:  6000000 
INFO  @ Sat, 02 Jan 2021 11:29:49:  7000000 
INFO  @ Sat, 02 Jan 2021 11:29:57:  8000000 
INFO  @ Sat, 02 Jan 2021 11:30:06:  9000000 
INFO  @ Sat, 02 Jan 2021 11:30:14:  10000000 
INFO  @ Sat, 02 Jan 2021 11:30:22:  11000000 
INFO  @ Sat, 02 Jan 2021 11:30:24: #1.2 read input tags... 
INFO  @ Sat, 02 Jan 2021 11:30:24: Detected format is: BAM 
INFO  @ Sat, 02 Jan 2021 11:30:24: * Input file is gzipped. 
INFO  @ Sat, 02 Jan 2021 11:30:33:  1000000 
INFO  @ Sat, 02 Jan 2021 11:30:41:  2000000 
INFO  @ Sat, 02 Jan 2021 11:30:50:  3000000 
INFO  @ Sat, 02 Jan 2021 11:30:58:  4000000 
INFO  @ Sat, 02 Jan 2021 11:31:06:  5000000 
INFO  @ Sat, 02 Jan 2021 11:31:14:  6000000 
INFO  @ Sat, 02 Jan 2021 11:31:23:  7000000 
INFO  @ Sat, 02 Jan 2021 11:31:31:  8000000 
INFO  @ Sat, 02 Jan 2021 11:31:39:  9000000 
INFO  @ Sat, 02 Jan 2021 11:31:47:  10000000 
INFO  @ Sat, 02 Jan 2021 11:31:53: #1 tag size is determined as 101 bps 
INFO  @ Sat, 02 Jan 2021 11:31:53: #1 tag size = 101 
INFO  @ Sat, 02 Jan 2021 11:31:53: #1  total tags in treatment: 11164184 
INFO  @ Sat, 02 Jan 2021 11:31:53: #1 user defined the maximum tags... 
INFO  @ Sat, 02 Jan 2021 11:31:53: #1 filter out redundant tags at the same location and the same strand by allowing at most 1 tag(s) 
INFO  @ Sat, 02 Jan 2021 11:31:54: #1  tags after filtering in treatment: 11164184 
INFO  @ Sat, 02 Jan 2021 11:31:54: #1  Redundant rate of treatment: 0.00 
INFO  @ Sat, 02 Jan 2021 11:31:54: #1  total tags in control: 10674682 
INFO  @ Sat, 02 Jan 2021 11:31:54: #1 user defined the maximum tags... 
INFO  @ Sat, 02 Jan 2021 11:31:54: #1 filter out redundant tags at the same location and the same strand by allowing at most 1 tag(s) 
INFO  @ Sat, 02 Jan 2021 11:31:54: #1  tags after filtering in control: 10674682 
INFO  @ Sat, 02 Jan 2021 11:31:54: #1  Redundant rate of control: 0.00 
INFO  @ Sat, 02 Jan 2021 11:31:54: #1 finished! 
INFO  @ Sat, 02 Jan 2021 11:31:54: #2 Build Peak Model... 
INFO  @ Sat, 02 Jan 2021 11:31:54: #2 Skipped... 
INFO  @ Sat, 02 Jan 2021 11:31:54: #2 Use 147 as fragment length 
INFO  @ Sat, 02 Jan 2021 11:31:54: #3 Call peaks... 
INFO  @ Sat, 02 Jan 2021 11:31:54: #3 Call broad peaks with given level1 -log10qvalue cutoff and level2: 1.301030, 1.000000... 
INFO  @ Sat, 02 Jan 2021 11:31:54: #3 Pre-compute pvalue-qvalue table... 
INFO  @ Sat, 02 Jan 2021 11:33:00: #3 Call peaks for each chromosome... 
INFO  @ Sat, 02 Jan 2021 11:33:30: #4 Write output xls file... /gpfs/group/pipkin/hdiao/T_Cell_ChIP/2_MACS2_broad/2018_SCIENCE_Pace_native___H3K9me3_invitro-d3-CD8-WT_peaks.xls 
INFO  @ Sat, 02 Jan 2021 11:33:30: #4 Write broad peak in broadPeak format file... /gpfs/group/pipkin/hdiao/T_Cell_ChIP/2_MACS2_broad/2018_SCIENCE_Pace_native___H3K9me3_invitro-d3-CD8-WT_peaks.broadPeak 
INFO  @ Sat, 02 Jan 2021 11:33:30: #4 Write broad peak in bed12/gappedPeak format file... /gpfs/group/pipkin/hdiao/T_Cell_ChIP/2_MACS2_broad/2018_SCIENCE_Pace_native___H3K9me3_invitro-d3-CD8-WT_peaks.gappedPeak 
INFO  @ Sat, 02 Jan 2021 11:33:30: Done! 
