INFO  @ Sat, 02 Jan 2021 11:20:47: 
# Command line: callpeak -t SRR8591880_srt_dupr_flb.bam SRR8591881_srt_dupr_flb.bam SRR8591882_srt_dupr_flb.bam SRR8591883_srt_dupr_flb.bam -c SRR8591884_srt_dupr_flb.bam -g mm -B --SPMR --nomodel --extsize 147 --call-summits -n 2019_IMMUNITY_Veeken___Cbfb_NAV-CD8 --outdir /gpfs/group/pipkin/hdiao/T_Cell_ChIP/2_MACS2
# ARGUMENTS LIST:
# name = 2019_IMMUNITY_Veeken___Cbfb_NAV-CD8
# format = AUTO
# ChIP-seq file = ['SRR8591880_srt_dupr_flb.bam', 'SRR8591881_srt_dupr_flb.bam', 'SRR8591882_srt_dupr_flb.bam', 'SRR8591883_srt_dupr_flb.bam']
# control file = ['SRR8591884_srt_dupr_flb.bam']
# effective genome size = 1.87e+09
# band width = 300
# model fold = [5, 50]
# qvalue cutoff = 5.00e-02
# Larger dataset will be scaled towards smaller dataset.
# Range for calculating regional lambda is: 1000 bps and 10000 bps
# Broad region calling is off
# Searching for subpeak summits is on
# MACS will save fragment pileup signal per million reads
 
INFO  @ Sat, 02 Jan 2021 11:20:47: #1 read tag files... 
INFO  @ Sat, 02 Jan 2021 11:20:47: #1 read treatment tags... 
INFO  @ Sat, 02 Jan 2021 11:20:47: Detected format is: BAM 
INFO  @ Sat, 02 Jan 2021 11:20:47: * Input file is gzipped. 
INFO  @ Sat, 02 Jan 2021 11:20:54:  1000000 
INFO  @ Sat, 02 Jan 2021 11:21:01:  2000000 
INFO  @ Sat, 02 Jan 2021 11:21:07:  3000000 
INFO  @ Sat, 02 Jan 2021 11:21:14:  4000000 
INFO  @ Sat, 02 Jan 2021 11:21:21:  5000000 
INFO  @ Sat, 02 Jan 2021 11:21:28:  6000000 
INFO  @ Sat, 02 Jan 2021 11:21:35:  7000000 
INFO  @ Sat, 02 Jan 2021 11:21:42:  8000000 
INFO  @ Sat, 02 Jan 2021 11:21:49:  9000000 
INFO  @ Sat, 02 Jan 2021 11:21:55:  10000000 
INFO  @ Sat, 02 Jan 2021 11:22:02:  11000000 
INFO  @ Sat, 02 Jan 2021 11:22:09:  12000000 
INFO  @ Sat, 02 Jan 2021 11:22:15:  13000000 
INFO  @ Sat, 02 Jan 2021 11:22:22:  14000000 
INFO  @ Sat, 02 Jan 2021 11:22:29:  15000000 
INFO  @ Sat, 02 Jan 2021 11:22:35:  16000000 
INFO  @ Sat, 02 Jan 2021 11:22:42:  17000000 
INFO  @ Sat, 02 Jan 2021 11:22:48:  18000000 
INFO  @ Sat, 02 Jan 2021 11:22:54:  19000000 
INFO  @ Sat, 02 Jan 2021 11:23:00:  20000000 
INFO  @ Sat, 02 Jan 2021 11:23:07:  21000000 
INFO  @ Sat, 02 Jan 2021 11:23:13:  22000000 
INFO  @ Sat, 02 Jan 2021 11:23:20:  23000000 
INFO  @ Sat, 02 Jan 2021 11:23:26:  24000000 
INFO  @ Sat, 02 Jan 2021 11:23:33:  25000000 
INFO  @ Sat, 02 Jan 2021 11:23:39:  26000000 
INFO  @ Sat, 02 Jan 2021 11:23:45:  27000000 
INFO  @ Sat, 02 Jan 2021 11:23:52:  28000000 
INFO  @ Sat, 02 Jan 2021 11:23:58:  29000000 
INFO  @ Sat, 02 Jan 2021 11:24:04:  30000000 
INFO  @ Sat, 02 Jan 2021 11:24:10:  31000000 
INFO  @ Sat, 02 Jan 2021 11:24:17:  32000000 
INFO  @ Sat, 02 Jan 2021 11:24:23:  33000000 
INFO  @ Sat, 02 Jan 2021 11:24:29:  34000000 
INFO  @ Sat, 02 Jan 2021 11:24:36:  35000000 
INFO  @ Sat, 02 Jan 2021 11:24:42:  36000000 
INFO  @ Sat, 02 Jan 2021 11:24:48:  37000000 
INFO  @ Sat, 02 Jan 2021 11:24:54:  38000000 
INFO  @ Sat, 02 Jan 2021 11:25:01:  39000000 
INFO  @ Sat, 02 Jan 2021 11:25:07:  40000000 
INFO  @ Sat, 02 Jan 2021 11:25:14:  41000000 
INFO  @ Sat, 02 Jan 2021 11:25:20:  42000000 
INFO  @ Sat, 02 Jan 2021 11:25:26:  43000000 
INFO  @ Sat, 02 Jan 2021 11:25:32:  44000000 
INFO  @ Sat, 02 Jan 2021 11:25:38:  45000000 
INFO  @ Sat, 02 Jan 2021 11:25:44:  46000000 
INFO  @ Sat, 02 Jan 2021 11:25:50:  47000000 
INFO  @ Sat, 02 Jan 2021 11:25:56:  48000000 
INFO  @ Sat, 02 Jan 2021 11:26:02:  49000000 
INFO  @ Sat, 02 Jan 2021 11:26:08:  50000000 
INFO  @ Sat, 02 Jan 2021 11:26:14:  51000000 
INFO  @ Sat, 02 Jan 2021 11:26:20:  52000000 
INFO  @ Sat, 02 Jan 2021 11:26:26:  53000000 
INFO  @ Sat, 02 Jan 2021 11:26:32:  54000000 
INFO  @ Sat, 02 Jan 2021 11:26:38:  55000000 
INFO  @ Sat, 02 Jan 2021 11:26:44:  56000000 
INFO  @ Sat, 02 Jan 2021 11:26:49:  57000000 
INFO  @ Sat, 02 Jan 2021 11:26:55:  58000000 
INFO  @ Sat, 02 Jan 2021 11:26:59:  59000000 
INFO  @ Sat, 02 Jan 2021 11:27:03:  60000000 
INFO  @ Sat, 02 Jan 2021 11:27:07:  61000000 
INFO  @ Sat, 02 Jan 2021 11:27:11:  62000000 
INFO  @ Sat, 02 Jan 2021 11:27:14: Detected format is: BAM 
INFO  @ Sat, 02 Jan 2021 11:27:14: * Input file is gzipped. 
INFO  @ Sat, 02 Jan 2021 11:27:20:  1000000 
INFO  @ Sat, 02 Jan 2021 11:27:26:  2000000 
INFO  @ Sat, 02 Jan 2021 11:27:32:  3000000 
INFO  @ Sat, 02 Jan 2021 11:27:38:  4000000 
INFO  @ Sat, 02 Jan 2021 11:27:43:  5000000 
INFO  @ Sat, 02 Jan 2021 11:27:49:  6000000 
INFO  @ Sat, 02 Jan 2021 11:27:56:  7000000 
INFO  @ Sat, 02 Jan 2021 11:28:00:  8000000 
INFO  @ Sat, 02 Jan 2021 11:28:04:  9000000 
INFO  @ Sat, 02 Jan 2021 11:28:08:  10000000 
INFO  @ Sat, 02 Jan 2021 11:28:12:  11000000 
INFO  @ Sat, 02 Jan 2021 11:28:16:  12000000 
INFO  @ Sat, 02 Jan 2021 11:28:19:  13000000 
INFO  @ Sat, 02 Jan 2021 11:28:23:  14000000 
INFO  @ Sat, 02 Jan 2021 11:28:27:  15000000 
INFO  @ Sat, 02 Jan 2021 11:28:31:  16000000 
INFO  @ Sat, 02 Jan 2021 11:28:35:  17000000 
INFO  @ Sat, 02 Jan 2021 11:28:39:  18000000 
INFO  @ Sat, 02 Jan 2021 11:28:42:  19000000 
INFO  @ Sat, 02 Jan 2021 11:28:45: Detected format is: BAM 
INFO  @ Sat, 02 Jan 2021 11:28:45: * Input file is gzipped. 
INFO  @ Sat, 02 Jan 2021 11:28:51:  1000000 
INFO  @ Sat, 02 Jan 2021 11:28:57:  2000000 
INFO  @ Sat, 02 Jan 2021 11:29:03:  3000000 
INFO  @ Sat, 02 Jan 2021 11:29:09:  4000000 
INFO  @ Sat, 02 Jan 2021 11:29:14:  5000000 
INFO  @ Sat, 02 Jan 2021 11:29:20:  6000000 
INFO  @ Sat, 02 Jan 2021 11:29:26:  7000000 
INFO  @ Sat, 02 Jan 2021 11:29:31:  8000000 
INFO  @ Sat, 02 Jan 2021 11:29:37:  9000000 
INFO  @ Sat, 02 Jan 2021 11:29:42:  10000000 
INFO  @ Sat, 02 Jan 2021 11:29:48:  11000000 
INFO  @ Sat, 02 Jan 2021 11:29:53:  12000000 
INFO  @ Sat, 02 Jan 2021 11:29:59:  13000000 
INFO  @ Sat, 02 Jan 2021 11:30:05:  14000000 
INFO  @ Sat, 02 Jan 2021 11:30:11:  15000000 
INFO  @ Sat, 02 Jan 2021 11:30:16:  16000000 
INFO  @ Sat, 02 Jan 2021 11:30:22:  17000000 
INFO  @ Sat, 02 Jan 2021 11:30:27:  18000000 
INFO  @ Sat, 02 Jan 2021 11:30:33:  19000000 
INFO  @ Sat, 02 Jan 2021 11:30:38:  20000000 
INFO  @ Sat, 02 Jan 2021 11:30:44:  21000000 
INFO  @ Sat, 02 Jan 2021 11:30:50:  22000000 
INFO  @ Sat, 02 Jan 2021 11:30:55:  23000000 
INFO  @ Sat, 02 Jan 2021 11:31:01:  24000000 
INFO  @ Sat, 02 Jan 2021 11:31:06:  25000000 
INFO  @ Sat, 02 Jan 2021 11:31:12:  26000000 
INFO  @ Sat, 02 Jan 2021 11:31:17:  27000000 
INFO  @ Sat, 02 Jan 2021 11:31:23:  28000000 
INFO  @ Sat, 02 Jan 2021 11:31:28:  29000000 
INFO  @ Sat, 02 Jan 2021 11:31:34:  30000000 
INFO  @ Sat, 02 Jan 2021 11:31:39:  31000000 
INFO  @ Sat, 02 Jan 2021 11:31:45:  32000000 
INFO  @ Sat, 02 Jan 2021 11:31:50:  33000000 
INFO  @ Sat, 02 Jan 2021 11:31:55:  34000000 
INFO  @ Sat, 02 Jan 2021 11:32:01:  35000000 
INFO  @ Sat, 02 Jan 2021 11:32:07:  36000000 
INFO  @ Sat, 02 Jan 2021 11:32:12:  37000000 
INFO  @ Sat, 02 Jan 2021 11:32:17:  38000000 
INFO  @ Sat, 02 Jan 2021 11:32:23:  39000000 
INFO  @ Sat, 02 Jan 2021 11:32:28:  40000000 
INFO  @ Sat, 02 Jan 2021 11:32:33:  41000000 
INFO  @ Sat, 02 Jan 2021 11:32:39:  42000000 
INFO  @ Sat, 02 Jan 2021 11:32:44:  43000000 
INFO  @ Sat, 02 Jan 2021 11:32:49:  44000000 
INFO  @ Sat, 02 Jan 2021 11:32:55:  45000000 
INFO  @ Sat, 02 Jan 2021 11:33:00:  46000000 
INFO  @ Sat, 02 Jan 2021 11:33:06:  47000000 
INFO  @ Sat, 02 Jan 2021 11:33:11:  48000000 
INFO  @ Sat, 02 Jan 2021 11:33:16:  49000000 
INFO  @ Sat, 02 Jan 2021 11:33:22:  50000000 
INFO  @ Sat, 02 Jan 2021 11:33:27:  51000000 
INFO  @ Sat, 02 Jan 2021 11:33:33:  52000000 
INFO  @ Sat, 02 Jan 2021 11:33:38:  53000000 
INFO  @ Sat, 02 Jan 2021 11:33:44:  54000000 
INFO  @ Sat, 02 Jan 2021 11:33:49:  55000000 
INFO  @ Sat, 02 Jan 2021 11:33:54:  56000000 
INFO  @ Sat, 02 Jan 2021 11:34:00:  57000000 
INFO  @ Sat, 02 Jan 2021 11:34:05:  58000000 
INFO  @ Sat, 02 Jan 2021 11:34:10:  59000000 
INFO  @ Sat, 02 Jan 2021 11:34:16:  60000000 
INFO  @ Sat, 02 Jan 2021 11:34:19:  61000000 
INFO  @ Sat, 02 Jan 2021 11:34:23:  62000000 
INFO  @ Sat, 02 Jan 2021 11:34:26:  63000000 
INFO  @ Sat, 02 Jan 2021 11:34:30:  64000000 
INFO  @ Sat, 02 Jan 2021 11:34:33:  65000000 
INFO  @ Sat, 02 Jan 2021 11:34:37:  66000000 
INFO  @ Sat, 02 Jan 2021 11:34:40:  67000000 
INFO  @ Sat, 02 Jan 2021 11:34:43:  68000000 
INFO  @ Sat, 02 Jan 2021 11:34:47:  69000000 
INFO  @ Sat, 02 Jan 2021 11:34:48: Detected format is: BAM 
INFO  @ Sat, 02 Jan 2021 11:34:48: * Input file is gzipped. 
INFO  @ Sat, 02 Jan 2021 11:34:54:  1000000 
INFO  @ Sat, 02 Jan 2021 11:34:59:  2000000 
INFO  @ Sat, 02 Jan 2021 11:35:02: #1.2 read input tags... 
INFO  @ Sat, 02 Jan 2021 11:35:02: Detected format is: BAM 
INFO  @ Sat, 02 Jan 2021 11:35:02: * Input file is gzipped. 
INFO  @ Sat, 02 Jan 2021 11:35:07:  1000000 
INFO  @ Sat, 02 Jan 2021 11:35:13:  2000000 
INFO  @ Sat, 02 Jan 2021 11:35:14: #1 tag size is determined as 50 bps 
INFO  @ Sat, 02 Jan 2021 11:35:14: #1 tag size = 50 
INFO  @ Sat, 02 Jan 2021 11:35:14: #1  total tags in treatment: 61577251 
INFO  @ Sat, 02 Jan 2021 11:35:14: #1 user defined the maximum tags... 
INFO  @ Sat, 02 Jan 2021 11:35:14: #1 filter out redundant tags at the same location and the same strand by allowing at most 1 tag(s) 
INFO  @ Sat, 02 Jan 2021 11:35:15: #1  tags after filtering in treatment: 61142691 
INFO  @ Sat, 02 Jan 2021 11:35:15: #1  Redundant rate of treatment: 0.01 
INFO  @ Sat, 02 Jan 2021 11:35:15: #1  total tags in control: 988311 
INFO  @ Sat, 02 Jan 2021 11:35:15: #1 user defined the maximum tags... 
INFO  @ Sat, 02 Jan 2021 11:35:15: #1 filter out redundant tags at the same location and the same strand by allowing at most 1 tag(s) 
INFO  @ Sat, 02 Jan 2021 11:35:15: #1  tags after filtering in control: 988309 
INFO  @ Sat, 02 Jan 2021 11:35:15: #1  Redundant rate of control: 0.00 
INFO  @ Sat, 02 Jan 2021 11:35:15: #1 finished! 
INFO  @ Sat, 02 Jan 2021 11:35:15: #2 Build Peak Model... 
INFO  @ Sat, 02 Jan 2021 11:35:15: #2 Skipped... 
INFO  @ Sat, 02 Jan 2021 11:35:15: #2 Use 147 as fragment length 
INFO  @ Sat, 02 Jan 2021 11:35:15: #3 Call peaks... 
INFO  @ Sat, 02 Jan 2021 11:35:15: #3 Going to call summits inside each peak ... 
INFO  @ Sat, 02 Jan 2021 11:35:15: #3 Pre-compute pvalue-qvalue table... 
INFO  @ Sat, 02 Jan 2021 11:36:46: #3 In the peak calling step, the following will be performed simultaneously: 
INFO  @ Sat, 02 Jan 2021 11:36:46: #3   Write bedGraph files for treatment pileup (after scaling if necessary)... 2019_IMMUNITY_Veeken___Cbfb_NAV-CD8_treat_pileup.bdg 
INFO  @ Sat, 02 Jan 2021 11:36:46: #3   Write bedGraph files for control lambda (after scaling if necessary)... 2019_IMMUNITY_Veeken___Cbfb_NAV-CD8_control_lambda.bdg 
INFO  @ Sat, 02 Jan 2021 11:36:46: #3   --SPMR is requested, so pileup will be normalized by sequencing depth in million reads. 
INFO  @ Sat, 02 Jan 2021 11:36:46: #3 Call peaks for each chromosome... 
INFO  @ Sat, 02 Jan 2021 11:44:02: #4 Write output xls file... /gpfs/group/pipkin/hdiao/T_Cell_ChIP/2_MACS2/2019_IMMUNITY_Veeken___Cbfb_NAV-CD8_peaks.xls 
INFO  @ Sat, 02 Jan 2021 11:44:02: #4 Write peak in narrowPeak format file... /gpfs/group/pipkin/hdiao/T_Cell_ChIP/2_MACS2/2019_IMMUNITY_Veeken___Cbfb_NAV-CD8_peaks.narrowPeak 
INFO  @ Sat, 02 Jan 2021 11:44:02: #4 Write summits bed file... /gpfs/group/pipkin/hdiao/T_Cell_ChIP/2_MACS2/2019_IMMUNITY_Veeken___Cbfb_NAV-CD8_summits.bed 
INFO  @ Sat, 02 Jan 2021 11:44:02: Done! 
