INFO  @ Sat, 02 Jan 2021 11:20:48: 
# Command line: callpeak -t SRR5905847_srt_dupr_flb.bam -c SRR5905836_srt_dupr_flb.bam -g mm -B --SPMR --nomodel --extsize 147 --call-summits -n 2017_PNAS_Li___STAT5B_IL2-WT-CD4 --outdir /gpfs/group/pipkin/hdiao/T_Cell_ChIP/2_MACS2
# ARGUMENTS LIST:
# name = 2017_PNAS_Li___STAT5B_IL2-WT-CD4
# format = AUTO
# ChIP-seq file = ['SRR5905847_srt_dupr_flb.bam']
# control file = ['SRR5905836_srt_dupr_flb.bam']
# effective genome size = 1.87e+09
# band width = 300
# model fold = [5, 50]
# qvalue cutoff = 5.00e-02
# Larger dataset will be scaled towards smaller dataset.
# Range for calculating regional lambda is: 1000 bps and 10000 bps
# Broad region calling is off
# Searching for subpeak summits is on
# MACS will save fragment pileup signal per million reads
 
INFO  @ Sat, 02 Jan 2021 11:20:48: #1 read tag files... 
INFO  @ Sat, 02 Jan 2021 11:20:48: #1 read treatment tags... 
INFO  @ Sat, 02 Jan 2021 11:20:48: Detected format is: BAM 
INFO  @ Sat, 02 Jan 2021 11:20:48: * Input file is gzipped. 
INFO  @ Sat, 02 Jan 2021 11:20:56:  1000000 
INFO  @ Sat, 02 Jan 2021 11:21:04:  2000000 
INFO  @ Sat, 02 Jan 2021 11:21:13:  3000000 
INFO  @ Sat, 02 Jan 2021 11:21:20:  4000000 
INFO  @ Sat, 02 Jan 2021 11:21:28:  5000000 
INFO  @ Sat, 02 Jan 2021 11:21:37:  6000000 
INFO  @ Sat, 02 Jan 2021 11:21:44:  7000000 
INFO  @ Sat, 02 Jan 2021 11:21:52:  8000000 
INFO  @ Sat, 02 Jan 2021 11:22:00:  9000000 
INFO  @ Sat, 02 Jan 2021 11:22:08:  10000000 
INFO  @ Sat, 02 Jan 2021 11:22:16:  11000000 
INFO  @ Sat, 02 Jan 2021 11:22:23:  12000000 
INFO  @ Sat, 02 Jan 2021 11:22:31:  13000000 
INFO  @ Sat, 02 Jan 2021 11:22:39:  14000000 
INFO  @ Sat, 02 Jan 2021 11:22:47:  15000000 
INFO  @ Sat, 02 Jan 2021 11:22:54:  16000000 
INFO  @ Sat, 02 Jan 2021 11:23:02:  17000000 
INFO  @ Sat, 02 Jan 2021 11:23:10:  18000000 
INFO  @ Sat, 02 Jan 2021 11:23:17:  19000000 
INFO  @ Sat, 02 Jan 2021 11:23:25:  20000000 
INFO  @ Sat, 02 Jan 2021 11:23:33:  21000000 
INFO  @ Sat, 02 Jan 2021 11:23:41:  22000000 
INFO  @ Sat, 02 Jan 2021 11:23:49:  23000000 
INFO  @ Sat, 02 Jan 2021 11:23:57:  24000000 
INFO  @ Sat, 02 Jan 2021 11:24:05:  25000000 
INFO  @ Sat, 02 Jan 2021 11:24:13:  26000000 
INFO  @ Sat, 02 Jan 2021 11:24:19:  27000000 
INFO  @ Sat, 02 Jan 2021 11:24:24:  28000000 
INFO  @ Sat, 02 Jan 2021 11:24:27: #1.2 read input tags... 
INFO  @ Sat, 02 Jan 2021 11:24:27: Detected format is: BAM 
INFO  @ Sat, 02 Jan 2021 11:24:27: * Input file is gzipped. 
INFO  @ Sat, 02 Jan 2021 11:24:34:  1000000 
INFO  @ Sat, 02 Jan 2021 11:24:42:  2000000 
INFO  @ Sat, 02 Jan 2021 11:24:49:  3000000 
INFO  @ Sat, 02 Jan 2021 11:24:56:  4000000 
INFO  @ Sat, 02 Jan 2021 11:25:03:  5000000 
INFO  @ Sat, 02 Jan 2021 11:25:05: #1 tag size is determined as 49 bps 
INFO  @ Sat, 02 Jan 2021 11:25:05: #1 tag size = 49 
INFO  @ Sat, 02 Jan 2021 11:25:05: #1  total tags in treatment: 26551164 
INFO  @ Sat, 02 Jan 2021 11:25:05: #1 user defined the maximum tags... 
INFO  @ Sat, 02 Jan 2021 11:25:05: #1 filter out redundant tags at the same location and the same strand by allowing at most 1 tag(s) 
INFO  @ Sat, 02 Jan 2021 11:25:06: #1  tags after filtering in treatment: 26551164 
INFO  @ Sat, 02 Jan 2021 11:25:06: #1  Redundant rate of treatment: 0.00 
INFO  @ Sat, 02 Jan 2021 11:25:06: #1  total tags in control: 5165098 
INFO  @ Sat, 02 Jan 2021 11:25:06: #1 user defined the maximum tags... 
INFO  @ Sat, 02 Jan 2021 11:25:06: #1 filter out redundant tags at the same location and the same strand by allowing at most 1 tag(s) 
INFO  @ Sat, 02 Jan 2021 11:25:06: #1  tags after filtering in control: 5165097 
INFO  @ Sat, 02 Jan 2021 11:25:06: #1  Redundant rate of control: 0.00 
INFO  @ Sat, 02 Jan 2021 11:25:06: #1 finished! 
INFO  @ Sat, 02 Jan 2021 11:25:06: #2 Build Peak Model... 
INFO  @ Sat, 02 Jan 2021 11:25:06: #2 Skipped... 
INFO  @ Sat, 02 Jan 2021 11:25:06: #2 Use 147 as fragment length 
INFO  @ Sat, 02 Jan 2021 11:25:06: #3 Call peaks... 
INFO  @ Sat, 02 Jan 2021 11:25:06: #3 Going to call summits inside each peak ... 
INFO  @ Sat, 02 Jan 2021 11:25:06: #3 Pre-compute pvalue-qvalue table... 
INFO  @ Sat, 02 Jan 2021 11:26:07: #3 In the peak calling step, the following will be performed simultaneously: 
INFO  @ Sat, 02 Jan 2021 11:26:07: #3   Write bedGraph files for treatment pileup (after scaling if necessary)... 2017_PNAS_Li___STAT5B_IL2-WT-CD4_treat_pileup.bdg 
INFO  @ Sat, 02 Jan 2021 11:26:07: #3   Write bedGraph files for control lambda (after scaling if necessary)... 2017_PNAS_Li___STAT5B_IL2-WT-CD4_control_lambda.bdg 
INFO  @ Sat, 02 Jan 2021 11:26:07: #3   --SPMR is requested, so pileup will be normalized by sequencing depth in million reads. 
INFO  @ Sat, 02 Jan 2021 11:26:07: #3 Call peaks for each chromosome... 
INFO  @ Sat, 02 Jan 2021 11:31:05: #4 Write output xls file... /gpfs/group/pipkin/hdiao/T_Cell_ChIP/2_MACS2/2017_PNAS_Li___STAT5B_IL2-WT-CD4_peaks.xls 
INFO  @ Sat, 02 Jan 2021 11:31:05: #4 Write peak in narrowPeak format file... /gpfs/group/pipkin/hdiao/T_Cell_ChIP/2_MACS2/2017_PNAS_Li___STAT5B_IL2-WT-CD4_peaks.narrowPeak 
INFO  @ Sat, 02 Jan 2021 11:31:05: #4 Write summits bed file... /gpfs/group/pipkin/hdiao/T_Cell_ChIP/2_MACS2/2017_PNAS_Li___STAT5B_IL2-WT-CD4_summits.bed 
INFO  @ Sat, 02 Jan 2021 11:31:05: Done! 
