INFO  @ Sat, 02 Jan 2021 11:20:46: 
# Command line: callpeak -t SRR1124797_srt_dupr_flb.bam SRR1124798_srt_dupr_flb.bam -c SRR1124815_srt_dupr_flb.bam SRR1124816_srt_dupr_flb.bam SRR1124817_srt_dupr_flb.bam -g mm -B --SPMR --nomodel --extsize 147 --call-summits -n 2014_NAT_IMMUNOL_Kurachi___IRF4-invitro-d3-CD8 --outdir /gpfs/group/pipkin/hdiao/T_Cell_ChIP/2_MACS2
# ARGUMENTS LIST:
# name = 2014_NAT_IMMUNOL_Kurachi___IRF4-invitro-d3-CD8
# format = AUTO
# ChIP-seq file = ['SRR1124797_srt_dupr_flb.bam', 'SRR1124798_srt_dupr_flb.bam']
# control file = ['SRR1124815_srt_dupr_flb.bam', 'SRR1124816_srt_dupr_flb.bam', 'SRR1124817_srt_dupr_flb.bam']
# effective genome size = 1.87e+09
# band width = 300
# model fold = [5, 50]
# qvalue cutoff = 5.00e-02
# Larger dataset will be scaled towards smaller dataset.
# Range for calculating regional lambda is: 1000 bps and 10000 bps
# Broad region calling is off
# Searching for subpeak summits is on
# MACS will save fragment pileup signal per million reads
 
INFO  @ Sat, 02 Jan 2021 11:20:46: #1 read tag files... 
INFO  @ Sat, 02 Jan 2021 11:20:46: #1 read treatment tags... 
INFO  @ Sat, 02 Jan 2021 11:20:46: Detected format is: BAM 
INFO  @ Sat, 02 Jan 2021 11:20:46: * Input file is gzipped. 
INFO  @ Sat, 02 Jan 2021 11:20:56:  1000000 
INFO  @ Sat, 02 Jan 2021 11:21:08:  2000000 
INFO  @ Sat, 02 Jan 2021 11:21:18:  3000000 
INFO  @ Sat, 02 Jan 2021 11:21:29:  4000000 
INFO  @ Sat, 02 Jan 2021 11:21:40:  5000000 
INFO  @ Sat, 02 Jan 2021 11:21:50:  6000000 
INFO  @ Sat, 02 Jan 2021 11:21:59:  7000000 
INFO  @ Sat, 02 Jan 2021 11:22:09:  8000000 
INFO  @ Sat, 02 Jan 2021 11:22:20:  9000000 
INFO  @ Sat, 02 Jan 2021 11:22:30:  10000000 
INFO  @ Sat, 02 Jan 2021 11:22:39:  11000000 
INFO  @ Sat, 02 Jan 2021 11:22:49:  12000000 
INFO  @ Sat, 02 Jan 2021 11:22:59:  13000000 
INFO  @ Sat, 02 Jan 2021 11:23:08:  14000000 
INFO  @ Sat, 02 Jan 2021 11:23:17:  15000000 
INFO  @ Sat, 02 Jan 2021 11:23:26:  16000000 
INFO  @ Sat, 02 Jan 2021 11:23:35:  17000000 
INFO  @ Sat, 02 Jan 2021 11:23:43:  18000000 
INFO  @ Sat, 02 Jan 2021 11:23:52:  19000000 
INFO  @ Sat, 02 Jan 2021 11:24:00:  20000000 
INFO  @ Sat, 02 Jan 2021 11:24:08:  21000000 
INFO  @ Sat, 02 Jan 2021 11:24:17:  22000000 
INFO  @ Sat, 02 Jan 2021 11:24:26:  23000000 
INFO  @ Sat, 02 Jan 2021 11:24:34:  24000000 
INFO  @ Sat, 02 Jan 2021 11:24:42:  25000000 
INFO  @ Sat, 02 Jan 2021 11:24:50:  26000000 
INFO  @ Sat, 02 Jan 2021 11:24:57:  27000000 
INFO  @ Sat, 02 Jan 2021 11:25:02:  28000000 
INFO  @ Sat, 02 Jan 2021 11:25:04: Detected format is: BAM 
INFO  @ Sat, 02 Jan 2021 11:25:04: * Input file is gzipped. 
INFO  @ Sat, 02 Jan 2021 11:25:12:  1000000 
INFO  @ Sat, 02 Jan 2021 11:25:19:  2000000 
INFO  @ Sat, 02 Jan 2021 11:25:26:  3000000 
INFO  @ Sat, 02 Jan 2021 11:25:33:  4000000 
INFO  @ Sat, 02 Jan 2021 11:25:40:  5000000 
INFO  @ Sat, 02 Jan 2021 11:25:47:  6000000 
INFO  @ Sat, 02 Jan 2021 11:25:54:  7000000 
INFO  @ Sat, 02 Jan 2021 11:26:01:  8000000 
INFO  @ Sat, 02 Jan 2021 11:26:08:  9000000 
INFO  @ Sat, 02 Jan 2021 11:26:15:  10000000 
INFO  @ Sat, 02 Jan 2021 11:26:22:  11000000 
INFO  @ Sat, 02 Jan 2021 11:26:29:  12000000 
INFO  @ Sat, 02 Jan 2021 11:26:36:  13000000 
INFO  @ Sat, 02 Jan 2021 11:26:44:  14000000 
INFO  @ Sat, 02 Jan 2021 11:26:50:  15000000 
INFO  @ Sat, 02 Jan 2021 11:26:57:  16000000 
INFO  @ Sat, 02 Jan 2021 11:27:04:  17000000 
INFO  @ Sat, 02 Jan 2021 11:27:11:  18000000 
INFO  @ Sat, 02 Jan 2021 11:27:18:  19000000 
INFO  @ Sat, 02 Jan 2021 11:27:25:  20000000 
INFO  @ Sat, 02 Jan 2021 11:27:33:  21000000 
INFO  @ Sat, 02 Jan 2021 11:27:40:  22000000 
INFO  @ Sat, 02 Jan 2021 11:27:46:  23000000 
INFO  @ Sat, 02 Jan 2021 11:27:53:  24000000 
INFO  @ Sat, 02 Jan 2021 11:28:00:  25000000 
INFO  @ Sat, 02 Jan 2021 11:28:07:  26000000 
INFO  @ Sat, 02 Jan 2021 11:28:14:  27000000 
INFO  @ Sat, 02 Jan 2021 11:28:21:  28000000 
INFO  @ Sat, 02 Jan 2021 11:28:28:  29000000 
INFO  @ Sat, 02 Jan 2021 11:28:34:  30000000 
INFO  @ Sat, 02 Jan 2021 11:28:41:  31000000 
INFO  @ Sat, 02 Jan 2021 11:28:49:  32000000 
INFO  @ Sat, 02 Jan 2021 11:28:55:  33000000 
INFO  @ Sat, 02 Jan 2021 11:29:03:  34000000 
INFO  @ Sat, 02 Jan 2021 11:29:08:  35000000 
INFO  @ Sat, 02 Jan 2021 11:29:12: #1.2 read input tags... 
INFO  @ Sat, 02 Jan 2021 11:29:12: Detected format is: BAM 
INFO  @ Sat, 02 Jan 2021 11:29:12: * Input file is gzipped. 
INFO  @ Sat, 02 Jan 2021 11:29:19:  1000000 
INFO  @ Sat, 02 Jan 2021 11:29:25:  2000000 
INFO  @ Sat, 02 Jan 2021 11:29:32:  3000000 
INFO  @ Sat, 02 Jan 2021 11:29:38:  4000000 
INFO  @ Sat, 02 Jan 2021 11:29:44:  5000000 
INFO  @ Sat, 02 Jan 2021 11:29:51:  6000000 
INFO  @ Sat, 02 Jan 2021 11:29:57:  7000000 
INFO  @ Sat, 02 Jan 2021 11:30:04:  8000000 
INFO  @ Sat, 02 Jan 2021 11:30:10:  9000000 
INFO  @ Sat, 02 Jan 2021 11:30:17:  10000000 
INFO  @ Sat, 02 Jan 2021 11:30:23:  11000000 
INFO  @ Sat, 02 Jan 2021 11:30:29:  12000000 
INFO  @ Sat, 02 Jan 2021 11:30:36:  13000000 
INFO  @ Sat, 02 Jan 2021 11:30:42:  14000000 
INFO  @ Sat, 02 Jan 2021 11:30:49:  15000000 
INFO  @ Sat, 02 Jan 2021 11:30:55:  16000000 
INFO  @ Sat, 02 Jan 2021 11:31:01:  17000000 
INFO  @ Sat, 02 Jan 2021 11:31:08:  18000000 
INFO  @ Sat, 02 Jan 2021 11:31:14:  19000000 
INFO  @ Sat, 02 Jan 2021 11:31:20:  20000000 
INFO  @ Sat, 02 Jan 2021 11:31:27:  21000000 
INFO  @ Sat, 02 Jan 2021 11:31:33:  22000000 
INFO  @ Sat, 02 Jan 2021 11:31:40:  23000000 
INFO  @ Sat, 02 Jan 2021 11:31:46:  24000000 
INFO  @ Sat, 02 Jan 2021 11:31:48: Detected format is: BAM 
INFO  @ Sat, 02 Jan 2021 11:31:48: * Input file is gzipped. 
INFO  @ Sat, 02 Jan 2021 11:31:54:  1000000 
INFO  @ Sat, 02 Jan 2021 11:32:00:  2000000 
INFO  @ Sat, 02 Jan 2021 11:32:07:  3000000 
INFO  @ Sat, 02 Jan 2021 11:32:13:  4000000 
INFO  @ Sat, 02 Jan 2021 11:32:19:  5000000 
INFO  @ Sat, 02 Jan 2021 11:32:25:  6000000 
INFO  @ Sat, 02 Jan 2021 11:32:32:  7000000 
INFO  @ Sat, 02 Jan 2021 11:32:38:  8000000 
INFO  @ Sat, 02 Jan 2021 11:32:44:  9000000 
INFO  @ Sat, 02 Jan 2021 11:32:51:  10000000 
INFO  @ Sat, 02 Jan 2021 11:32:57:  11000000 
INFO  @ Sat, 02 Jan 2021 11:33:04:  12000000 
INFO  @ Sat, 02 Jan 2021 11:33:10:  13000000 
INFO  @ Sat, 02 Jan 2021 11:33:16:  14000000 
INFO  @ Sat, 02 Jan 2021 11:33:23:  15000000 
INFO  @ Sat, 02 Jan 2021 11:33:29:  16000000 
INFO  @ Sat, 02 Jan 2021 11:33:35:  17000000 
INFO  @ Sat, 02 Jan 2021 11:33:42:  18000000 
INFO  @ Sat, 02 Jan 2021 11:33:48:  19000000 
INFO  @ Sat, 02 Jan 2021 11:33:55:  20000000 
INFO  @ Sat, 02 Jan 2021 11:34:01:  21000000 
INFO  @ Sat, 02 Jan 2021 11:34:07:  22000000 
INFO  @ Sat, 02 Jan 2021 11:34:14:  23000000 
INFO  @ Sat, 02 Jan 2021 11:34:20:  24000000 
INFO  @ Sat, 02 Jan 2021 11:34:27:  25000000 
INFO  @ Sat, 02 Jan 2021 11:34:33:  26000000 
INFO  @ Sat, 02 Jan 2021 11:34:40:  27000000 
INFO  @ Sat, 02 Jan 2021 11:34:46:  28000000 
INFO  @ Sat, 02 Jan 2021 11:34:53:  29000000 
INFO  @ Sat, 02 Jan 2021 11:34:59:  30000000 
INFO  @ Sat, 02 Jan 2021 11:35:06:  31000000 
INFO  @ Sat, 02 Jan 2021 11:35:12:  32000000 
INFO  @ Sat, 02 Jan 2021 11:35:19:  33000000 
INFO  @ Sat, 02 Jan 2021 11:35:25:  34000000 
INFO  @ Sat, 02 Jan 2021 11:35:31:  35000000 
INFO  @ Sat, 02 Jan 2021 11:35:38:  36000000 
INFO  @ Sat, 02 Jan 2021 11:35:44:  37000000 
INFO  @ Sat, 02 Jan 2021 11:35:51:  38000000 
INFO  @ Sat, 02 Jan 2021 11:35:57:  39000000 
INFO  @ Sat, 02 Jan 2021 11:36:04:  40000000 
INFO  @ Sat, 02 Jan 2021 11:36:10:  41000000 
INFO  @ Sat, 02 Jan 2021 11:36:16:  42000000 
INFO  @ Sat, 02 Jan 2021 11:36:23:  43000000 
INFO  @ Sat, 02 Jan 2021 11:36:26: Detected format is: BAM 
INFO  @ Sat, 02 Jan 2021 11:36:26: * Input file is gzipped. 
INFO  @ Sat, 02 Jan 2021 11:36:32:  1000000 
INFO  @ Sat, 02 Jan 2021 11:36:39:  2000000 
INFO  @ Sat, 02 Jan 2021 11:36:45:  3000000 
INFO  @ Sat, 02 Jan 2021 11:36:51:  4000000 
INFO  @ Sat, 02 Jan 2021 11:36:58:  5000000 
INFO  @ Sat, 02 Jan 2021 11:37:04:  6000000 
INFO  @ Sat, 02 Jan 2021 11:37:10:  7000000 
INFO  @ Sat, 02 Jan 2021 11:37:17:  8000000 
INFO  @ Sat, 02 Jan 2021 11:37:23:  9000000 
INFO  @ Sat, 02 Jan 2021 11:37:29:  10000000 
INFO  @ Sat, 02 Jan 2021 11:37:36:  11000000 
INFO  @ Sat, 02 Jan 2021 11:37:42:  12000000 
INFO  @ Sat, 02 Jan 2021 11:37:48:  13000000 
INFO  @ Sat, 02 Jan 2021 11:37:54:  14000000 
INFO  @ Sat, 02 Jan 2021 11:38:01:  15000000 
INFO  @ Sat, 02 Jan 2021 11:38:07:  16000000 
INFO  @ Sat, 02 Jan 2021 11:38:13:  17000000 
INFO  @ Sat, 02 Jan 2021 11:38:19:  18000000 
INFO  @ Sat, 02 Jan 2021 11:38:26:  19000000 
INFO  @ Sat, 02 Jan 2021 11:38:32:  20000000 
INFO  @ Sat, 02 Jan 2021 11:38:38:  21000000 
INFO  @ Sat, 02 Jan 2021 11:38:45:  22000000 
INFO  @ Sat, 02 Jan 2021 11:38:51:  23000000 
INFO  @ Sat, 02 Jan 2021 11:38:57:  24000000 
INFO  @ Sat, 02 Jan 2021 11:39:04:  25000000 
INFO  @ Sat, 02 Jan 2021 11:39:10:  26000000 
INFO  @ Sat, 02 Jan 2021 11:39:16:  27000000 
INFO  @ Sat, 02 Jan 2021 11:39:23:  28000000 
INFO  @ Sat, 02 Jan 2021 11:39:29:  29000000 
INFO  @ Sat, 02 Jan 2021 11:39:36:  30000000 
INFO  @ Sat, 02 Jan 2021 11:39:42:  31000000 
INFO  @ Sat, 02 Jan 2021 11:39:48:  32000000 
INFO  @ Sat, 02 Jan 2021 11:39:55:  33000000 
INFO  @ Sat, 02 Jan 2021 11:40:01:  34000000 
INFO  @ Sat, 02 Jan 2021 11:40:07:  35000000 
INFO  @ Sat, 02 Jan 2021 11:40:14:  36000000 
INFO  @ Sat, 02 Jan 2021 11:40:20:  37000000 
INFO  @ Sat, 02 Jan 2021 11:40:27:  38000000 
INFO  @ Sat, 02 Jan 2021 11:40:33:  39000000 
INFO  @ Sat, 02 Jan 2021 11:40:39:  40000000 
INFO  @ Sat, 02 Jan 2021 11:40:45:  41000000 
INFO  @ Sat, 02 Jan 2021 11:40:49: #1 tag size is determined as 49 bps 
INFO  @ Sat, 02 Jan 2021 11:40:49: #1 tag size = 49 
INFO  @ Sat, 02 Jan 2021 11:40:49: #1  total tags in treatment: 61310402 
INFO  @ Sat, 02 Jan 2021 11:40:49: #1 user defined the maximum tags... 
INFO  @ Sat, 02 Jan 2021 11:40:49: #1 filter out redundant tags at the same location and the same strand by allowing at most 1 tag(s) 
INFO  @ Sat, 02 Jan 2021 11:40:51: #1  tags after filtering in treatment: 60924093 
INFO  @ Sat, 02 Jan 2021 11:40:51: #1  Redundant rate of treatment: 0.01 
INFO  @ Sat, 02 Jan 2021 11:40:51: #1  total tags in control: 107707849 
INFO  @ Sat, 02 Jan 2021 11:40:51: #1 user defined the maximum tags... 
INFO  @ Sat, 02 Jan 2021 11:40:51: #1 filter out redundant tags at the same location and the same strand by allowing at most 1 tag(s) 
INFO  @ Sat, 02 Jan 2021 11:40:54: #1  tags after filtering in control: 106501475 
INFO  @ Sat, 02 Jan 2021 11:40:54: #1  Redundant rate of control: 0.01 
INFO  @ Sat, 02 Jan 2021 11:40:54: #1 finished! 
INFO  @ Sat, 02 Jan 2021 11:40:54: #2 Build Peak Model... 
INFO  @ Sat, 02 Jan 2021 11:40:54: #2 Skipped... 
INFO  @ Sat, 02 Jan 2021 11:40:54: #2 Use 147 as fragment length 
INFO  @ Sat, 02 Jan 2021 11:40:54: #3 Call peaks... 
INFO  @ Sat, 02 Jan 2021 11:40:54: #3 Going to call summits inside each peak ... 
INFO  @ Sat, 02 Jan 2021 11:40:54: #3 Pre-compute pvalue-qvalue table... 
INFO  @ Sat, 02 Jan 2021 11:51:06: #3 In the peak calling step, the following will be performed simultaneously: 
INFO  @ Sat, 02 Jan 2021 11:51:06: #3   Write bedGraph files for treatment pileup (after scaling if necessary)... 2014_NAT_IMMUNOL_Kurachi___IRF4-invitro-d3-CD8_treat_pileup.bdg 
INFO  @ Sat, 02 Jan 2021 11:51:06: #3   Write bedGraph files for control lambda (after scaling if necessary)... 2014_NAT_IMMUNOL_Kurachi___IRF4-invitro-d3-CD8_control_lambda.bdg 
INFO  @ Sat, 02 Jan 2021 11:51:06: #3   --SPMR is requested, so pileup will be normalized by sequencing depth in million reads. 
INFO  @ Sat, 02 Jan 2021 11:51:06: #3 Call peaks for each chromosome... 
INFO  @ Sat, 02 Jan 2021 12:06:24: #4 Write output xls file... /gpfs/group/pipkin/hdiao/T_Cell_ChIP/2_MACS2/2014_NAT_IMMUNOL_Kurachi___IRF4-invitro-d3-CD8_peaks.xls 
INFO  @ Sat, 02 Jan 2021 12:06:25: #4 Write peak in narrowPeak format file... /gpfs/group/pipkin/hdiao/T_Cell_ChIP/2_MACS2/2014_NAT_IMMUNOL_Kurachi___IRF4-invitro-d3-CD8_peaks.narrowPeak 
INFO  @ Sat, 02 Jan 2021 12:06:25: #4 Write summits bed file... /gpfs/group/pipkin/hdiao/T_Cell_ChIP/2_MACS2/2014_NAT_IMMUNOL_Kurachi___IRF4-invitro-d3-CD8_summits.bed 
INFO  @ Sat, 02 Jan 2021 12:06:25: Done! 
