INFO  @ Sat, 02 Jan 2021 11:20:45: 
# Command line: callpeak -t SRR4437339_srt_dupr_flb.bam SRR4437340_srt_dupr_flb.bam -c SRR4437355_srt_dupr_flb.bam SRR4437356_srt_dupr_flb.bam -g mm -B --SPMR --nomodel --extsize 147 --call-summits -n 2017_NAT_IMMUNOL_Yu___H3K27me3_P14-CD8-TE --outdir /gpfs/group/pipkin/hdiao/T_Cell_ChIP/2_MACS2
# ARGUMENTS LIST:
# name = 2017_NAT_IMMUNOL_Yu___H3K27me3_P14-CD8-TE
# format = AUTO
# ChIP-seq file = ['SRR4437339_srt_dupr_flb.bam', 'SRR4437340_srt_dupr_flb.bam']
# control file = ['SRR4437355_srt_dupr_flb.bam', 'SRR4437356_srt_dupr_flb.bam']
# effective genome size = 1.87e+09
# band width = 300
# model fold = [5, 50]
# qvalue cutoff = 5.00e-02
# Larger dataset will be scaled towards smaller dataset.
# Range for calculating regional lambda is: 1000 bps and 10000 bps
# Broad region calling is off
# Searching for subpeak summits is on
# MACS will save fragment pileup signal per million reads
 
INFO  @ Sat, 02 Jan 2021 11:20:45: #1 read tag files... 
INFO  @ Sat, 02 Jan 2021 11:20:45: #1 read treatment tags... 
INFO  @ Sat, 02 Jan 2021 11:20:45: Detected format is: BAM 
INFO  @ Sat, 02 Jan 2021 11:20:45: * Input file is gzipped. 
INFO  @ Sat, 02 Jan 2021 11:20:54:  1000000 
INFO  @ Sat, 02 Jan 2021 11:21:02:  2000000 
INFO  @ Sat, 02 Jan 2021 11:21:10:  3000000 
INFO  @ Sat, 02 Jan 2021 11:21:18:  4000000 
INFO  @ Sat, 02 Jan 2021 11:21:27:  5000000 
INFO  @ Sat, 02 Jan 2021 11:21:35:  6000000 
INFO  @ Sat, 02 Jan 2021 11:21:43:  7000000 
INFO  @ Sat, 02 Jan 2021 11:21:51:  8000000 
INFO  @ Sat, 02 Jan 2021 11:21:59:  9000000 
INFO  @ Sat, 02 Jan 2021 11:22:08:  10000000 
INFO  @ Sat, 02 Jan 2021 11:22:16:  11000000 
INFO  @ Sat, 02 Jan 2021 11:22:25:  12000000 
INFO  @ Sat, 02 Jan 2021 11:22:33:  13000000 
INFO  @ Sat, 02 Jan 2021 11:22:41:  14000000 
INFO  @ Sat, 02 Jan 2021 11:22:49:  15000000 
INFO  @ Sat, 02 Jan 2021 11:22:57:  16000000 
INFO  @ Sat, 02 Jan 2021 11:23:05:  17000000 
INFO  @ Sat, 02 Jan 2021 11:23:13:  18000000 
INFO  @ Sat, 02 Jan 2021 11:23:21:  19000000 
INFO  @ Sat, 02 Jan 2021 11:23:29:  20000000 
INFO  @ Sat, 02 Jan 2021 11:23:37:  21000000 
INFO  @ Sat, 02 Jan 2021 11:23:45:  22000000 
INFO  @ Sat, 02 Jan 2021 11:23:53:  23000000 
INFO  @ Sat, 02 Jan 2021 11:24:00:  24000000 
INFO  @ Sat, 02 Jan 2021 11:24:05: Detected format is: BAM 
INFO  @ Sat, 02 Jan 2021 11:24:05: * Input file is gzipped. 
INFO  @ Sat, 02 Jan 2021 11:24:13:  1000000 
INFO  @ Sat, 02 Jan 2021 11:24:22:  2000000 
INFO  @ Sat, 02 Jan 2021 11:24:30:  3000000 
INFO  @ Sat, 02 Jan 2021 11:24:39:  4000000 
INFO  @ Sat, 02 Jan 2021 11:24:49:  5000000 
INFO  @ Sat, 02 Jan 2021 11:24:58:  6000000 
INFO  @ Sat, 02 Jan 2021 11:25:06:  7000000 
INFO  @ Sat, 02 Jan 2021 11:25:14:  8000000 
INFO  @ Sat, 02 Jan 2021 11:25:15: #1.2 read input tags... 
INFO  @ Sat, 02 Jan 2021 11:25:15: Detected format is: BAM 
INFO  @ Sat, 02 Jan 2021 11:25:15: * Input file is gzipped. 
INFO  @ Sat, 02 Jan 2021 11:25:23:  1000000 
INFO  @ Sat, 02 Jan 2021 11:25:31:  2000000 
INFO  @ Sat, 02 Jan 2021 11:25:39:  3000000 
INFO  @ Sat, 02 Jan 2021 11:25:47:  4000000 
INFO  @ Sat, 02 Jan 2021 11:25:55:  5000000 
INFO  @ Sat, 02 Jan 2021 11:26:03:  6000000 
INFO  @ Sat, 02 Jan 2021 11:26:11:  7000000 
INFO  @ Sat, 02 Jan 2021 11:26:19:  8000000 
INFO  @ Sat, 02 Jan 2021 11:26:27:  9000000 
INFO  @ Sat, 02 Jan 2021 11:26:35:  10000000 
INFO  @ Sat, 02 Jan 2021 11:26:43:  11000000 
INFO  @ Sat, 02 Jan 2021 11:26:51:  12000000 
INFO  @ Sat, 02 Jan 2021 11:26:59:  13000000 
INFO  @ Sat, 02 Jan 2021 11:27:07:  14000000 
INFO  @ Sat, 02 Jan 2021 11:27:15:  15000000 
INFO  @ Sat, 02 Jan 2021 11:27:24:  16000000 
INFO  @ Sat, 02 Jan 2021 11:27:31:  17000000 
INFO  @ Sat, 02 Jan 2021 11:27:39:  18000000 
INFO  @ Sat, 02 Jan 2021 11:27:47:  19000000 
INFO  @ Sat, 02 Jan 2021 11:27:55:  20000000 
INFO  @ Sat, 02 Jan 2021 11:28:03:  21000000 
INFO  @ Sat, 02 Jan 2021 11:28:10:  22000000 
INFO  @ Sat, 02 Jan 2021 11:28:18:  23000000 
INFO  @ Sat, 02 Jan 2021 11:28:26:  24000000 
INFO  @ Sat, 02 Jan 2021 11:28:33:  25000000 
INFO  @ Sat, 02 Jan 2021 11:28:41:  26000000 
INFO  @ Sat, 02 Jan 2021 11:28:49:  27000000 
INFO  @ Sat, 02 Jan 2021 11:28:57:  28000000 
INFO  @ Sat, 02 Jan 2021 11:29:04:  29000000 
INFO  @ Sat, 02 Jan 2021 11:29:12:  30000000 
INFO  @ Sat, 02 Jan 2021 11:29:20:  31000000 
INFO  @ Sat, 02 Jan 2021 11:29:27:  32000000 
INFO  @ Sat, 02 Jan 2021 11:29:35:  33000000 
INFO  @ Sat, 02 Jan 2021 11:29:43:  34000000 
INFO  @ Sat, 02 Jan 2021 11:29:50:  35000000 
INFO  @ Sat, 02 Jan 2021 11:29:58:  36000000 
INFO  @ Sat, 02 Jan 2021 11:30:00: Detected format is: BAM 
INFO  @ Sat, 02 Jan 2021 11:30:00: * Input file is gzipped. 
INFO  @ Sat, 02 Jan 2021 11:30:08:  1000000 
INFO  @ Sat, 02 Jan 2021 11:30:15:  2000000 
INFO  @ Sat, 02 Jan 2021 11:30:23:  3000000 
INFO  @ Sat, 02 Jan 2021 11:30:31:  4000000 
INFO  @ Sat, 02 Jan 2021 11:30:39:  5000000 
INFO  @ Sat, 02 Jan 2021 11:30:47:  6000000 
INFO  @ Sat, 02 Jan 2021 11:30:55:  7000000 
INFO  @ Sat, 02 Jan 2021 11:31:02: #1 tag size is determined as 49 bps 
INFO  @ Sat, 02 Jan 2021 11:31:02: #1 tag size = 49 
INFO  @ Sat, 02 Jan 2021 11:31:02: #1  total tags in treatment: 31729720 
INFO  @ Sat, 02 Jan 2021 11:31:02: #1 user defined the maximum tags... 
INFO  @ Sat, 02 Jan 2021 11:31:02: #1 filter out redundant tags at the same location and the same strand by allowing at most 1 tag(s) 
INFO  @ Sat, 02 Jan 2021 11:31:03: #1  tags after filtering in treatment: 31586076 
INFO  @ Sat, 02 Jan 2021 11:31:03: #1  Redundant rate of treatment: 0.00 
INFO  @ Sat, 02 Jan 2021 11:31:03: #1  total tags in control: 43585378 
INFO  @ Sat, 02 Jan 2021 11:31:03: #1 user defined the maximum tags... 
INFO  @ Sat, 02 Jan 2021 11:31:03: #1 filter out redundant tags at the same location and the same strand by allowing at most 1 tag(s) 
INFO  @ Sat, 02 Jan 2021 11:31:04: #1  tags after filtering in control: 43454996 
INFO  @ Sat, 02 Jan 2021 11:31:04: #1  Redundant rate of control: 0.00 
INFO  @ Sat, 02 Jan 2021 11:31:04: #1 finished! 
INFO  @ Sat, 02 Jan 2021 11:31:04: #2 Build Peak Model... 
INFO  @ Sat, 02 Jan 2021 11:31:04: #2 Skipped... 
INFO  @ Sat, 02 Jan 2021 11:31:04: #2 Use 147 as fragment length 
INFO  @ Sat, 02 Jan 2021 11:31:04: #3 Call peaks... 
INFO  @ Sat, 02 Jan 2021 11:31:04: #3 Going to call summits inside each peak ... 
INFO  @ Sat, 02 Jan 2021 11:31:04: #3 Pre-compute pvalue-qvalue table... 
INFO  @ Sat, 02 Jan 2021 11:35:34: #3 In the peak calling step, the following will be performed simultaneously: 
INFO  @ Sat, 02 Jan 2021 11:35:34: #3   Write bedGraph files for treatment pileup (after scaling if necessary)... 2017_NAT_IMMUNOL_Yu___H3K27me3_P14-CD8-TE_treat_pileup.bdg 
INFO  @ Sat, 02 Jan 2021 11:35:34: #3   Write bedGraph files for control lambda (after scaling if necessary)... 2017_NAT_IMMUNOL_Yu___H3K27me3_P14-CD8-TE_control_lambda.bdg 
INFO  @ Sat, 02 Jan 2021 11:35:34: #3   --SPMR is requested, so pileup will be normalized by sequencing depth in million reads. 
INFO  @ Sat, 02 Jan 2021 11:35:34: #3 Call peaks for each chromosome... 
INFO  @ Sat, 02 Jan 2021 11:45:50: #4 Write output xls file... /gpfs/group/pipkin/hdiao/T_Cell_ChIP/2_MACS2/2017_NAT_IMMUNOL_Yu___H3K27me3_P14-CD8-TE_peaks.xls 
INFO  @ Sat, 02 Jan 2021 11:45:51: #4 Write peak in narrowPeak format file... /gpfs/group/pipkin/hdiao/T_Cell_ChIP/2_MACS2/2017_NAT_IMMUNOL_Yu___H3K27me3_P14-CD8-TE_peaks.narrowPeak 
INFO  @ Sat, 02 Jan 2021 11:45:52: #4 Write summits bed file... /gpfs/group/pipkin/hdiao/T_Cell_ChIP/2_MACS2/2017_NAT_IMMUNOL_Yu___H3K27me3_P14-CD8-TE_summits.bed 
INFO  @ Sat, 02 Jan 2021 11:45:52: Done! 
INFO  @ Sat, 02 Jan 2021 11:45:53: 
# Command line: callpeak -t SRR4437339_srt_dupr_flb.bam SRR4437340_srt_dupr_flb.bam -c SRR4437355_srt_dupr_flb.bam SRR4437356_srt_dupr_flb.bam -g mm --nomodel --extsize 147 --broad -n 2017_NAT_IMMUNOL_Yu___H3K27me3_P14-CD8-TE --outdir /gpfs/group/pipkin/hdiao/T_Cell_ChIP/2_MACS2_broad
# ARGUMENTS LIST:
# name = 2017_NAT_IMMUNOL_Yu___H3K27me3_P14-CD8-TE
# format = AUTO
# ChIP-seq file = ['SRR4437339_srt_dupr_flb.bam', 'SRR4437340_srt_dupr_flb.bam']
# control file = ['SRR4437355_srt_dupr_flb.bam', 'SRR4437356_srt_dupr_flb.bam']
# effective genome size = 1.87e+09
# band width = 300
# model fold = [5, 50]
# qvalue cutoff for narrow/strong regions = 5.00e-02
# qvalue cutoff for broad/weak regions = 1.00e-01
# Larger dataset will be scaled towards smaller dataset.
# Range for calculating regional lambda is: 1000 bps and 10000 bps
# Broad region calling is on
 
INFO  @ Sat, 02 Jan 2021 11:45:53: #1 read tag files... 
INFO  @ Sat, 02 Jan 2021 11:45:53: #1 read treatment tags... 
INFO  @ Sat, 02 Jan 2021 11:45:53: Detected format is: BAM 
INFO  @ Sat, 02 Jan 2021 11:45:53: * Input file is gzipped. 
INFO  @ Sat, 02 Jan 2021 11:46:00:  1000000 
INFO  @ Sat, 02 Jan 2021 11:46:07:  2000000 
INFO  @ Sat, 02 Jan 2021 11:46:14:  3000000 
INFO  @ Sat, 02 Jan 2021 11:46:21:  4000000 
INFO  @ Sat, 02 Jan 2021 11:46:29:  5000000 
INFO  @ Sat, 02 Jan 2021 11:46:36:  6000000 
INFO  @ Sat, 02 Jan 2021 11:46:43:  7000000 
INFO  @ Sat, 02 Jan 2021 11:46:50:  8000000 
INFO  @ Sat, 02 Jan 2021 11:46:56:  9000000 
INFO  @ Sat, 02 Jan 2021 11:47:03:  10000000 
INFO  @ Sat, 02 Jan 2021 11:47:10:  11000000 
INFO  @ Sat, 02 Jan 2021 11:47:17:  12000000 
INFO  @ Sat, 02 Jan 2021 11:47:24:  13000000 
INFO  @ Sat, 02 Jan 2021 11:47:30:  14000000 
INFO  @ Sat, 02 Jan 2021 11:47:37:  15000000 
INFO  @ Sat, 02 Jan 2021 11:47:44:  16000000 
INFO  @ Sat, 02 Jan 2021 11:47:51:  17000000 
INFO  @ Sat, 02 Jan 2021 11:47:58:  18000000 
INFO  @ Sat, 02 Jan 2021 11:48:04:  19000000 
INFO  @ Sat, 02 Jan 2021 11:48:11:  20000000 
INFO  @ Sat, 02 Jan 2021 11:48:18:  21000000 
INFO  @ Sat, 02 Jan 2021 11:48:25:  22000000 
INFO  @ Sat, 02 Jan 2021 11:48:32:  23000000 
INFO  @ Sat, 02 Jan 2021 11:48:38:  24000000 
INFO  @ Sat, 02 Jan 2021 11:48:41: Detected format is: BAM 
INFO  @ Sat, 02 Jan 2021 11:48:41: * Input file is gzipped. 
INFO  @ Sat, 02 Jan 2021 11:48:48:  1000000 
INFO  @ Sat, 02 Jan 2021 11:48:55:  2000000 
INFO  @ Sat, 02 Jan 2021 11:49:02:  3000000 
INFO  @ Sat, 02 Jan 2021 11:49:09:  4000000 
INFO  @ Sat, 02 Jan 2021 11:49:16:  5000000 
INFO  @ Sat, 02 Jan 2021 11:49:23:  6000000 
INFO  @ Sat, 02 Jan 2021 11:49:30:  7000000 
INFO  @ Sat, 02 Jan 2021 11:49:37:  8000000 
INFO  @ Sat, 02 Jan 2021 11:49:38: #1.2 read input tags... 
INFO  @ Sat, 02 Jan 2021 11:49:38: Detected format is: BAM 
INFO  @ Sat, 02 Jan 2021 11:49:38: * Input file is gzipped. 
INFO  @ Sat, 02 Jan 2021 11:49:45:  1000000 
INFO  @ Sat, 02 Jan 2021 11:49:52:  2000000 
INFO  @ Sat, 02 Jan 2021 11:49:58:  3000000 
INFO  @ Sat, 02 Jan 2021 11:50:05:  4000000 
INFO  @ Sat, 02 Jan 2021 11:50:12:  5000000 
INFO  @ Sat, 02 Jan 2021 11:50:19:  6000000 
INFO  @ Sat, 02 Jan 2021 11:50:26:  7000000 
INFO  @ Sat, 02 Jan 2021 11:50:33:  8000000 
INFO  @ Sat, 02 Jan 2021 11:50:39:  9000000 
INFO  @ Sat, 02 Jan 2021 11:50:46:  10000000 
INFO  @ Sat, 02 Jan 2021 11:50:53:  11000000 
INFO  @ Sat, 02 Jan 2021 11:51:00:  12000000 
INFO  @ Sat, 02 Jan 2021 11:51:07:  13000000 
INFO  @ Sat, 02 Jan 2021 11:51:14:  14000000 
INFO  @ Sat, 02 Jan 2021 11:51:21:  15000000 
INFO  @ Sat, 02 Jan 2021 11:51:27:  16000000 
INFO  @ Sat, 02 Jan 2021 11:51:34:  17000000 
INFO  @ Sat, 02 Jan 2021 11:51:41:  18000000 
INFO  @ Sat, 02 Jan 2021 11:51:48:  19000000 
INFO  @ Sat, 02 Jan 2021 11:51:55:  20000000 
INFO  @ Sat, 02 Jan 2021 11:52:02:  21000000 
INFO  @ Sat, 02 Jan 2021 11:52:09:  22000000 
INFO  @ Sat, 02 Jan 2021 11:52:16:  23000000 
INFO  @ Sat, 02 Jan 2021 11:52:23:  24000000 
INFO  @ Sat, 02 Jan 2021 11:52:30:  25000000 
INFO  @ Sat, 02 Jan 2021 11:52:37:  26000000 
INFO  @ Sat, 02 Jan 2021 11:52:43:  27000000 
INFO  @ Sat, 02 Jan 2021 11:52:50:  28000000 
INFO  @ Sat, 02 Jan 2021 11:52:57:  29000000 
INFO  @ Sat, 02 Jan 2021 11:53:04:  30000000 
INFO  @ Sat, 02 Jan 2021 11:53:11:  31000000 
INFO  @ Sat, 02 Jan 2021 11:53:18:  32000000 
INFO  @ Sat, 02 Jan 2021 11:53:25:  33000000 
INFO  @ Sat, 02 Jan 2021 11:53:32:  34000000 
INFO  @ Sat, 02 Jan 2021 11:53:39:  35000000 
INFO  @ Sat, 02 Jan 2021 11:53:45:  36000000 
INFO  @ Sat, 02 Jan 2021 11:53:48: Detected format is: BAM 
INFO  @ Sat, 02 Jan 2021 11:53:48: * Input file is gzipped. 
INFO  @ Sat, 02 Jan 2021 11:53:54:  1000000 
INFO  @ Sat, 02 Jan 2021 11:54:01:  2000000 
INFO  @ Sat, 02 Jan 2021 11:54:08:  3000000 
INFO  @ Sat, 02 Jan 2021 11:54:15:  4000000 
INFO  @ Sat, 02 Jan 2021 11:54:21:  5000000 
INFO  @ Sat, 02 Jan 2021 11:54:28:  6000000 
INFO  @ Sat, 02 Jan 2021 11:54:35:  7000000 
INFO  @ Sat, 02 Jan 2021 11:54:41: #1 tag size is determined as 49 bps 
INFO  @ Sat, 02 Jan 2021 11:54:41: #1 tag size = 49 
INFO  @ Sat, 02 Jan 2021 11:54:41: #1  total tags in treatment: 31729720 
INFO  @ Sat, 02 Jan 2021 11:54:41: #1 user defined the maximum tags... 
INFO  @ Sat, 02 Jan 2021 11:54:41: #1 filter out redundant tags at the same location and the same strand by allowing at most 1 tag(s) 
INFO  @ Sat, 02 Jan 2021 11:54:42: #1  tags after filtering in treatment: 31586076 
INFO  @ Sat, 02 Jan 2021 11:54:42: #1  Redundant rate of treatment: 0.00 
INFO  @ Sat, 02 Jan 2021 11:54:42: #1  total tags in control: 43585378 
INFO  @ Sat, 02 Jan 2021 11:54:42: #1 user defined the maximum tags... 
INFO  @ Sat, 02 Jan 2021 11:54:42: #1 filter out redundant tags at the same location and the same strand by allowing at most 1 tag(s) 
INFO  @ Sat, 02 Jan 2021 11:54:44: #1  tags after filtering in control: 43454996 
INFO  @ Sat, 02 Jan 2021 11:54:44: #1  Redundant rate of control: 0.00 
INFO  @ Sat, 02 Jan 2021 11:54:44: #1 finished! 
INFO  @ Sat, 02 Jan 2021 11:54:44: #2 Build Peak Model... 
INFO  @ Sat, 02 Jan 2021 11:54:44: #2 Skipped... 
INFO  @ Sat, 02 Jan 2021 11:54:44: #2 Use 147 as fragment length 
INFO  @ Sat, 02 Jan 2021 11:54:44: #3 Call peaks... 
INFO  @ Sat, 02 Jan 2021 11:54:44: #3 Call broad peaks with given level1 -log10qvalue cutoff and level2: 1.301030, 1.000000... 
INFO  @ Sat, 02 Jan 2021 11:54:44: #3 Pre-compute pvalue-qvalue table... 
INFO  @ Sat, 02 Jan 2021 11:58:53: #3 Call peaks for each chromosome... 
INFO  @ Sat, 02 Jan 2021 12:01:19: #4 Write output xls file... /gpfs/group/pipkin/hdiao/T_Cell_ChIP/2_MACS2_broad/2017_NAT_IMMUNOL_Yu___H3K27me3_P14-CD8-TE_peaks.xls 
INFO  @ Sat, 02 Jan 2021 12:01:19: #4 Write broad peak in broadPeak format file... /gpfs/group/pipkin/hdiao/T_Cell_ChIP/2_MACS2_broad/2017_NAT_IMMUNOL_Yu___H3K27me3_P14-CD8-TE_peaks.broadPeak 
INFO  @ Sat, 02 Jan 2021 12:01:20: #4 Write broad peak in bed12/gappedPeak format file... /gpfs/group/pipkin/hdiao/T_Cell_ChIP/2_MACS2_broad/2017_NAT_IMMUNOL_Yu___H3K27me3_P14-CD8-TE_peaks.gappedPeak 
INFO  @ Sat, 02 Jan 2021 12:01:20: Done! 
