INFO  @ Sat, 02 Jan 2021 11:20:47: 
# Command line: callpeak -t SRR10285317_srt_dupr_flb.bam -g mm -B --SPMR --nomodel --extsize 147 --call-summits -n 2020_PNAS_KwesiMaliepaard___H3K4me3_mem-CD8 --outdir /gpfs/group/pipkin/hdiao/T_Cell_ChIP/2_MACS2
# ARGUMENTS LIST:
# name = 2020_PNAS_KwesiMaliepaard___H3K4me3_mem-CD8
# format = AUTO
# ChIP-seq file = ['SRR10285317_srt_dupr_flb.bam']
# control file = None
# effective genome size = 1.87e+09
# band width = 300
# model fold = [5, 50]
# qvalue cutoff = 5.00e-02
# Larger dataset will be scaled towards smaller dataset.
# Range for calculating regional lambda is: 10000 bps
# Broad region calling is off
# Searching for subpeak summits is on
# MACS will save fragment pileup signal per million reads
 
INFO  @ Sat, 02 Jan 2021 11:20:47: #1 read tag files... 
INFO  @ Sat, 02 Jan 2021 11:20:47: #1 read treatment tags... 
INFO  @ Sat, 02 Jan 2021 11:20:47: Detected format is: BAM 
INFO  @ Sat, 02 Jan 2021 11:20:47: * Input file is gzipped. 
INFO  @ Sat, 02 Jan 2021 11:20:55:  1000000 
INFO  @ Sat, 02 Jan 2021 11:21:04:  2000000 
INFO  @ Sat, 02 Jan 2021 11:21:11:  3000000 
INFO  @ Sat, 02 Jan 2021 11:21:20:  4000000 
INFO  @ Sat, 02 Jan 2021 11:21:28:  5000000 
INFO  @ Sat, 02 Jan 2021 11:21:36:  6000000 
INFO  @ Sat, 02 Jan 2021 11:21:44:  7000000 
INFO  @ Sat, 02 Jan 2021 11:21:52:  8000000 
INFO  @ Sat, 02 Jan 2021 11:22:00:  9000000 
INFO  @ Sat, 02 Jan 2021 11:22:08:  10000000 
INFO  @ Sat, 02 Jan 2021 11:22:15:  11000000 
INFO  @ Sat, 02 Jan 2021 11:22:23:  12000000 
INFO  @ Sat, 02 Jan 2021 11:22:31:  13000000 
INFO  @ Sat, 02 Jan 2021 11:22:38:  14000000 
INFO  @ Sat, 02 Jan 2021 11:22:46:  15000000 
INFO  @ Sat, 02 Jan 2021 11:22:52:  16000000 
INFO  @ Sat, 02 Jan 2021 11:22:57:  17000000 
INFO  @ Sat, 02 Jan 2021 11:23:02:  18000000 
INFO  @ Sat, 02 Jan 2021 11:23:07:  19000000 
INFO  @ Sat, 02 Jan 2021 11:23:12:  20000000 
INFO  @ Sat, 02 Jan 2021 11:23:13: #1 tag size is determined as 64 bps 
INFO  @ Sat, 02 Jan 2021 11:23:13: #1 tag size = 64 
INFO  @ Sat, 02 Jan 2021 11:23:13: #1  total tags in treatment: 15423205 
INFO  @ Sat, 02 Jan 2021 11:23:13: #1 user defined the maximum tags... 
INFO  @ Sat, 02 Jan 2021 11:23:13: #1 filter out redundant tags at the same location and the same strand by allowing at most 1 tag(s) 
INFO  @ Sat, 02 Jan 2021 11:23:13: #1  tags after filtering in treatment: 15423205 
INFO  @ Sat, 02 Jan 2021 11:23:13: #1  Redundant rate of treatment: 0.00 
INFO  @ Sat, 02 Jan 2021 11:23:13: #1 finished! 
INFO  @ Sat, 02 Jan 2021 11:23:13: #2 Build Peak Model... 
INFO  @ Sat, 02 Jan 2021 11:23:13: #2 Skipped... 
INFO  @ Sat, 02 Jan 2021 11:23:13: #2 Use 147 as fragment length 
INFO  @ Sat, 02 Jan 2021 11:23:13: #3 Call peaks... 
INFO  @ Sat, 02 Jan 2021 11:23:13: #3 Going to call summits inside each peak ... 
INFO  @ Sat, 02 Jan 2021 11:23:13: #3 Pre-compute pvalue-qvalue table... 
INFO  @ Sat, 02 Jan 2021 11:23:59: #3 In the peak calling step, the following will be performed simultaneously: 
INFO  @ Sat, 02 Jan 2021 11:23:59: #3   Write bedGraph files for treatment pileup (after scaling if necessary)... 2020_PNAS_KwesiMaliepaard___H3K4me3_mem-CD8_treat_pileup.bdg 
INFO  @ Sat, 02 Jan 2021 11:23:59: #3   Write bedGraph files for control lambda (after scaling if necessary)... 2020_PNAS_KwesiMaliepaard___H3K4me3_mem-CD8_control_lambda.bdg 
INFO  @ Sat, 02 Jan 2021 11:23:59: #3   --SPMR is requested, so pileup will be normalized by sequencing depth in million reads. 
INFO  @ Sat, 02 Jan 2021 11:23:59: #3 Call peaks for each chromosome... 
INFO  @ Sat, 02 Jan 2021 11:26:54: #4 Write output xls file... /gpfs/group/pipkin/hdiao/T_Cell_ChIP/2_MACS2/2020_PNAS_KwesiMaliepaard___H3K4me3_mem-CD8_peaks.xls 
INFO  @ Sat, 02 Jan 2021 11:26:55: #4 Write peak in narrowPeak format file... /gpfs/group/pipkin/hdiao/T_Cell_ChIP/2_MACS2/2020_PNAS_KwesiMaliepaard___H3K4me3_mem-CD8_peaks.narrowPeak 
INFO  @ Sat, 02 Jan 2021 11:26:55: #4 Write summits bed file... /gpfs/group/pipkin/hdiao/T_Cell_ChIP/2_MACS2/2020_PNAS_KwesiMaliepaard___H3K4me3_mem-CD8_summits.bed 
INFO  @ Sat, 02 Jan 2021 11:26:55: Done! 
INFO  @ Sat, 02 Jan 2021 11:26:56: 
# Command line: callpeak -t SRR10285317_srt_dupr_flb.bam -g mm --nomodel --extsize 147 --broad -n 2020_PNAS_KwesiMaliepaard___H3K4me3_mem-CD8 --outdir /gpfs/group/pipkin/hdiao/T_Cell_ChIP/2_MACS2_broad
# ARGUMENTS LIST:
# name = 2020_PNAS_KwesiMaliepaard___H3K4me3_mem-CD8
# format = AUTO
# ChIP-seq file = ['SRR10285317_srt_dupr_flb.bam']
# control file = None
# effective genome size = 1.87e+09
# band width = 300
# model fold = [5, 50]
# qvalue cutoff for narrow/strong regions = 5.00e-02
# qvalue cutoff for broad/weak regions = 1.00e-01
# Larger dataset will be scaled towards smaller dataset.
# Range for calculating regional lambda is: 10000 bps
# Broad region calling is on
 
INFO  @ Sat, 02 Jan 2021 11:26:56: #1 read tag files... 
INFO  @ Sat, 02 Jan 2021 11:26:56: #1 read treatment tags... 
INFO  @ Sat, 02 Jan 2021 11:26:56: Detected format is: BAM 
INFO  @ Sat, 02 Jan 2021 11:26:56: * Input file is gzipped. 
INFO  @ Sat, 02 Jan 2021 11:27:03:  1000000 
INFO  @ Sat, 02 Jan 2021 11:27:09:  2000000 
INFO  @ Sat, 02 Jan 2021 11:27:16:  3000000 
INFO  @ Sat, 02 Jan 2021 11:27:23:  4000000 
INFO  @ Sat, 02 Jan 2021 11:27:29:  5000000 
INFO  @ Sat, 02 Jan 2021 11:27:36:  6000000 
INFO  @ Sat, 02 Jan 2021 11:27:43:  7000000 
INFO  @ Sat, 02 Jan 2021 11:27:50:  8000000 
INFO  @ Sat, 02 Jan 2021 11:27:56:  9000000 
INFO  @ Sat, 02 Jan 2021 11:28:03:  10000000 
INFO  @ Sat, 02 Jan 2021 11:28:09:  11000000 
INFO  @ Sat, 02 Jan 2021 11:28:16:  12000000 
INFO  @ Sat, 02 Jan 2021 11:28:23:  13000000 
INFO  @ Sat, 02 Jan 2021 11:28:29:  14000000 
INFO  @ Sat, 02 Jan 2021 11:28:36:  15000000 
INFO  @ Sat, 02 Jan 2021 11:28:41:  16000000 
INFO  @ Sat, 02 Jan 2021 11:28:45:  17000000 
INFO  @ Sat, 02 Jan 2021 11:28:49:  18000000 
INFO  @ Sat, 02 Jan 2021 11:28:53:  19000000 
INFO  @ Sat, 02 Jan 2021 11:28:57:  20000000 
INFO  @ Sat, 02 Jan 2021 11:28:58: #1 tag size is determined as 64 bps 
INFO  @ Sat, 02 Jan 2021 11:28:58: #1 tag size = 64 
INFO  @ Sat, 02 Jan 2021 11:28:58: #1  total tags in treatment: 15423205 
INFO  @ Sat, 02 Jan 2021 11:28:58: #1 user defined the maximum tags... 
INFO  @ Sat, 02 Jan 2021 11:28:58: #1 filter out redundant tags at the same location and the same strand by allowing at most 1 tag(s) 
INFO  @ Sat, 02 Jan 2021 11:28:58: #1  tags after filtering in treatment: 15423205 
INFO  @ Sat, 02 Jan 2021 11:28:58: #1  Redundant rate of treatment: 0.00 
INFO  @ Sat, 02 Jan 2021 11:28:58: #1 finished! 
INFO  @ Sat, 02 Jan 2021 11:28:58: #2 Build Peak Model... 
INFO  @ Sat, 02 Jan 2021 11:28:58: #2 Skipped... 
INFO  @ Sat, 02 Jan 2021 11:28:58: #2 Use 147 as fragment length 
INFO  @ Sat, 02 Jan 2021 11:28:58: #3 Call peaks... 
INFO  @ Sat, 02 Jan 2021 11:28:58: #3 Call broad peaks with given level1 -log10qvalue cutoff and level2: 1.301030, 1.000000... 
INFO  @ Sat, 02 Jan 2021 11:28:58: #3 Pre-compute pvalue-qvalue table... 
INFO  @ Sat, 02 Jan 2021 11:29:43: #3 Call peaks for each chromosome... 
INFO  @ Sat, 02 Jan 2021 11:30:29: #4 Write output xls file... /gpfs/group/pipkin/hdiao/T_Cell_ChIP/2_MACS2_broad/2020_PNAS_KwesiMaliepaard___H3K4me3_mem-CD8_peaks.xls 
INFO  @ Sat, 02 Jan 2021 11:30:29: #4 Write broad peak in broadPeak format file... /gpfs/group/pipkin/hdiao/T_Cell_ChIP/2_MACS2_broad/2020_PNAS_KwesiMaliepaard___H3K4me3_mem-CD8_peaks.broadPeak 
INFO  @ Sat, 02 Jan 2021 11:30:29: #4 Write broad peak in bed12/gappedPeak format file... /gpfs/group/pipkin/hdiao/T_Cell_ChIP/2_MACS2_broad/2020_PNAS_KwesiMaliepaard___H3K4me3_mem-CD8_peaks.gappedPeak 
INFO  @ Sat, 02 Jan 2021 11:30:29: Done! 
