INFO  @ Sat, 02 Jan 2021 11:20:46: 
# Command line: callpeak -t SRR4437329_srt_dupr_flb.bam SRR4437330_srt_dupr_flb.bam -c SRR4437353_srt_dupr_flb.bam SRR4437354_srt_dupr_flb.bam -g mm -B --SPMR --nomodel --extsize 147 --call-summits -n 2017_NAT_IMMUNOL_Yu___H3K4me1_P14-CD8-TN --outdir /gpfs/group/pipkin/hdiao/T_Cell_ChIP/2_MACS2
# ARGUMENTS LIST:
# name = 2017_NAT_IMMUNOL_Yu___H3K4me1_P14-CD8-TN
# format = AUTO
# ChIP-seq file = ['SRR4437329_srt_dupr_flb.bam', 'SRR4437330_srt_dupr_flb.bam']
# control file = ['SRR4437353_srt_dupr_flb.bam', 'SRR4437354_srt_dupr_flb.bam']
# effective genome size = 1.87e+09
# band width = 300
# model fold = [5, 50]
# qvalue cutoff = 5.00e-02
# Larger dataset will be scaled towards smaller dataset.
# Range for calculating regional lambda is: 1000 bps and 10000 bps
# Broad region calling is off
# Searching for subpeak summits is on
# MACS will save fragment pileup signal per million reads
 
INFO  @ Sat, 02 Jan 2021 11:20:46: #1 read tag files... 
INFO  @ Sat, 02 Jan 2021 11:20:46: #1 read treatment tags... 
INFO  @ Sat, 02 Jan 2021 11:20:46: Detected format is: BAM 
INFO  @ Sat, 02 Jan 2021 11:20:46: * Input file is gzipped. 
INFO  @ Sat, 02 Jan 2021 11:20:54:  1000000 
INFO  @ Sat, 02 Jan 2021 11:21:01:  2000000 
INFO  @ Sat, 02 Jan 2021 11:21:09:  3000000 
INFO  @ Sat, 02 Jan 2021 11:21:17:  4000000 
INFO  @ Sat, 02 Jan 2021 11:21:24:  5000000 
INFO  @ Sat, 02 Jan 2021 11:21:32:  6000000 
INFO  @ Sat, 02 Jan 2021 11:21:39:  7000000 
INFO  @ Sat, 02 Jan 2021 11:21:47:  8000000 
INFO  @ Sat, 02 Jan 2021 11:21:54:  9000000 
INFO  @ Sat, 02 Jan 2021 11:22:01:  10000000 
INFO  @ Sat, 02 Jan 2021 11:22:09:  11000000 
INFO  @ Sat, 02 Jan 2021 11:22:17:  12000000 
INFO  @ Sat, 02 Jan 2021 11:22:24:  13000000 
INFO  @ Sat, 02 Jan 2021 11:22:32:  14000000 
INFO  @ Sat, 02 Jan 2021 11:22:39:  15000000 
INFO  @ Sat, 02 Jan 2021 11:22:46:  16000000 
INFO  @ Sat, 02 Jan 2021 11:22:54:  17000000 
INFO  @ Sat, 02 Jan 2021 11:23:01:  18000000 
INFO  @ Sat, 02 Jan 2021 11:23:08:  19000000 
INFO  @ Sat, 02 Jan 2021 11:23:15:  20000000 
INFO  @ Sat, 02 Jan 2021 11:23:22:  21000000 
INFO  @ Sat, 02 Jan 2021 11:23:30:  22000000 
INFO  @ Sat, 02 Jan 2021 11:23:37:  23000000 
INFO  @ Sat, 02 Jan 2021 11:23:44:  24000000 
INFO  @ Sat, 02 Jan 2021 11:23:51:  25000000 
INFO  @ Sat, 02 Jan 2021 11:23:54: Detected format is: BAM 
INFO  @ Sat, 02 Jan 2021 11:23:54: * Input file is gzipped. 
INFO  @ Sat, 02 Jan 2021 11:24:02:  1000000 
INFO  @ Sat, 02 Jan 2021 11:24:09:  2000000 
INFO  @ Sat, 02 Jan 2021 11:24:17:  3000000 
INFO  @ Sat, 02 Jan 2021 11:24:24:  4000000 
INFO  @ Sat, 02 Jan 2021 11:24:31:  5000000 
INFO  @ Sat, 02 Jan 2021 11:24:38:  6000000 
INFO  @ Sat, 02 Jan 2021 11:24:46:  7000000 
INFO  @ Sat, 02 Jan 2021 11:24:53:  8000000 
INFO  @ Sat, 02 Jan 2021 11:25:00:  9000000 
INFO  @ Sat, 02 Jan 2021 11:25:07:  10000000 
INFO  @ Sat, 02 Jan 2021 11:25:13:  11000000 
INFO  @ Sat, 02 Jan 2021 11:25:20:  12000000 
INFO  @ Sat, 02 Jan 2021 11:25:27:  13000000 
INFO  @ Sat, 02 Jan 2021 11:25:34:  14000000 
INFO  @ Sat, 02 Jan 2021 11:25:41:  15000000 
INFO  @ Sat, 02 Jan 2021 11:25:48:  16000000 
INFO  @ Sat, 02 Jan 2021 11:25:55:  17000000 
INFO  @ Sat, 02 Jan 2021 11:26:02:  18000000 
INFO  @ Sat, 02 Jan 2021 11:26:08:  19000000 
INFO  @ Sat, 02 Jan 2021 11:26:15:  20000000 
INFO  @ Sat, 02 Jan 2021 11:26:22:  21000000 
INFO  @ Sat, 02 Jan 2021 11:26:29:  22000000 
INFO  @ Sat, 02 Jan 2021 11:26:36:  23000000 
INFO  @ Sat, 02 Jan 2021 11:26:39: #1.2 read input tags... 
INFO  @ Sat, 02 Jan 2021 11:26:39: Detected format is: BAM 
INFO  @ Sat, 02 Jan 2021 11:26:39: * Input file is gzipped. 
INFO  @ Sat, 02 Jan 2021 11:26:46:  1000000 
INFO  @ Sat, 02 Jan 2021 11:26:54:  2000000 
INFO  @ Sat, 02 Jan 2021 11:27:01:  3000000 
INFO  @ Sat, 02 Jan 2021 11:27:08:  4000000 
INFO  @ Sat, 02 Jan 2021 11:27:15:  5000000 
INFO  @ Sat, 02 Jan 2021 11:27:22:  6000000 
INFO  @ Sat, 02 Jan 2021 11:27:29:  7000000 
INFO  @ Sat, 02 Jan 2021 11:27:32: Detected format is: BAM 
INFO  @ Sat, 02 Jan 2021 11:27:32: * Input file is gzipped. 
INFO  @ Sat, 02 Jan 2021 11:27:38:  1000000 
INFO  @ Sat, 02 Jan 2021 11:27:45:  2000000 
INFO  @ Sat, 02 Jan 2021 11:27:52:  3000000 
INFO  @ Sat, 02 Jan 2021 11:27:59:  4000000 
INFO  @ Sat, 02 Jan 2021 11:28:06:  5000000 
INFO  @ Sat, 02 Jan 2021 11:28:13:  6000000 
INFO  @ Sat, 02 Jan 2021 11:28:17: #1 tag size is determined as 49 bps 
INFO  @ Sat, 02 Jan 2021 11:28:17: #1 tag size = 49 
INFO  @ Sat, 02 Jan 2021 11:28:17: #1  total tags in treatment: 47986185 
INFO  @ Sat, 02 Jan 2021 11:28:17: #1 user defined the maximum tags... 
INFO  @ Sat, 02 Jan 2021 11:28:17: #1 filter out redundant tags at the same location and the same strand by allowing at most 1 tag(s) 
INFO  @ Sat, 02 Jan 2021 11:28:19: #1  tags after filtering in treatment: 47254887 
INFO  @ Sat, 02 Jan 2021 11:28:19: #1  Redundant rate of treatment: 0.02 
INFO  @ Sat, 02 Jan 2021 11:28:19: #1  total tags in control: 13420253 
INFO  @ Sat, 02 Jan 2021 11:28:19: #1 user defined the maximum tags... 
INFO  @ Sat, 02 Jan 2021 11:28:19: #1 filter out redundant tags at the same location and the same strand by allowing at most 1 tag(s) 
INFO  @ Sat, 02 Jan 2021 11:28:19: #1  tags after filtering in control: 11101866 
INFO  @ Sat, 02 Jan 2021 11:28:19: #1  Redundant rate of control: 0.17 
INFO  @ Sat, 02 Jan 2021 11:28:19: #1 finished! 
INFO  @ Sat, 02 Jan 2021 11:28:19: #2 Build Peak Model... 
INFO  @ Sat, 02 Jan 2021 11:28:19: #2 Skipped... 
INFO  @ Sat, 02 Jan 2021 11:28:19: #2 Use 147 as fragment length 
INFO  @ Sat, 02 Jan 2021 11:28:19: #3 Call peaks... 
INFO  @ Sat, 02 Jan 2021 11:28:19: #3 Going to call summits inside each peak ... 
INFO  @ Sat, 02 Jan 2021 11:28:19: #3 Pre-compute pvalue-qvalue table... 
INFO  @ Sat, 02 Jan 2021 11:30:22: #3 In the peak calling step, the following will be performed simultaneously: 
INFO  @ Sat, 02 Jan 2021 11:30:22: #3   Write bedGraph files for treatment pileup (after scaling if necessary)... 2017_NAT_IMMUNOL_Yu___H3K4me1_P14-CD8-TN_treat_pileup.bdg 
INFO  @ Sat, 02 Jan 2021 11:30:22: #3   Write bedGraph files for control lambda (after scaling if necessary)... 2017_NAT_IMMUNOL_Yu___H3K4me1_P14-CD8-TN_control_lambda.bdg 
INFO  @ Sat, 02 Jan 2021 11:30:22: #3   --SPMR is requested, so pileup will be normalized by sequencing depth in million reads. 
INFO  @ Sat, 02 Jan 2021 11:30:22: #3 Call peaks for each chromosome... 
INFO  @ Sat, 02 Jan 2021 11:38:35: #4 Write output xls file... /gpfs/group/pipkin/hdiao/T_Cell_ChIP/2_MACS2/2017_NAT_IMMUNOL_Yu___H3K4me1_P14-CD8-TN_peaks.xls 
INFO  @ Sat, 02 Jan 2021 11:38:36: #4 Write peak in narrowPeak format file... /gpfs/group/pipkin/hdiao/T_Cell_ChIP/2_MACS2/2017_NAT_IMMUNOL_Yu___H3K4me1_P14-CD8-TN_peaks.narrowPeak 
INFO  @ Sat, 02 Jan 2021 11:38:37: #4 Write summits bed file... /gpfs/group/pipkin/hdiao/T_Cell_ChIP/2_MACS2/2017_NAT_IMMUNOL_Yu___H3K4me1_P14-CD8-TN_summits.bed 
INFO  @ Sat, 02 Jan 2021 11:38:37: Done! 
INFO  @ Sat, 02 Jan 2021 11:38:38: 
# Command line: callpeak -t SRR4437329_srt_dupr_flb.bam SRR4437330_srt_dupr_flb.bam -c SRR4437353_srt_dupr_flb.bam SRR4437354_srt_dupr_flb.bam -g mm --nomodel --extsize 147 --broad -n 2017_NAT_IMMUNOL_Yu___H3K4me1_P14-CD8-TN --outdir /gpfs/group/pipkin/hdiao/T_Cell_ChIP/2_MACS2_broad
# ARGUMENTS LIST:
# name = 2017_NAT_IMMUNOL_Yu___H3K4me1_P14-CD8-TN
# format = AUTO
# ChIP-seq file = ['SRR4437329_srt_dupr_flb.bam', 'SRR4437330_srt_dupr_flb.bam']
# control file = ['SRR4437353_srt_dupr_flb.bam', 'SRR4437354_srt_dupr_flb.bam']
# effective genome size = 1.87e+09
# band width = 300
# model fold = [5, 50]
# qvalue cutoff for narrow/strong regions = 5.00e-02
# qvalue cutoff for broad/weak regions = 1.00e-01
# Larger dataset will be scaled towards smaller dataset.
# Range for calculating regional lambda is: 1000 bps and 10000 bps
# Broad region calling is on
 
INFO  @ Sat, 02 Jan 2021 11:38:38: #1 read tag files... 
INFO  @ Sat, 02 Jan 2021 11:38:38: #1 read treatment tags... 
INFO  @ Sat, 02 Jan 2021 11:38:38: Detected format is: BAM 
INFO  @ Sat, 02 Jan 2021 11:38:38: * Input file is gzipped. 
INFO  @ Sat, 02 Jan 2021 11:38:44:  1000000 
INFO  @ Sat, 02 Jan 2021 11:38:50:  2000000 
INFO  @ Sat, 02 Jan 2021 11:38:56:  3000000 
INFO  @ Sat, 02 Jan 2021 11:39:03:  4000000 
INFO  @ Sat, 02 Jan 2021 11:39:09:  5000000 
INFO  @ Sat, 02 Jan 2021 11:39:15:  6000000 
INFO  @ Sat, 02 Jan 2021 11:39:21:  7000000 
INFO  @ Sat, 02 Jan 2021 11:39:28:  8000000 
INFO  @ Sat, 02 Jan 2021 11:39:34:  9000000 
INFO  @ Sat, 02 Jan 2021 11:39:40:  10000000 
INFO  @ Sat, 02 Jan 2021 11:39:46:  11000000 
INFO  @ Sat, 02 Jan 2021 11:39:52:  12000000 
INFO  @ Sat, 02 Jan 2021 11:39:58:  13000000 
INFO  @ Sat, 02 Jan 2021 11:40:05:  14000000 
INFO  @ Sat, 02 Jan 2021 11:40:11:  15000000 
INFO  @ Sat, 02 Jan 2021 11:40:17:  16000000 
INFO  @ Sat, 02 Jan 2021 11:40:23:  17000000 
INFO  @ Sat, 02 Jan 2021 11:40:30:  18000000 
INFO  @ Sat, 02 Jan 2021 11:40:36:  19000000 
INFO  @ Sat, 02 Jan 2021 11:40:42:  20000000 
INFO  @ Sat, 02 Jan 2021 11:40:48:  21000000 
INFO  @ Sat, 02 Jan 2021 11:40:55:  22000000 
INFO  @ Sat, 02 Jan 2021 11:41:01:  23000000 
INFO  @ Sat, 02 Jan 2021 11:41:07:  24000000 
INFO  @ Sat, 02 Jan 2021 11:41:13:  25000000 
INFO  @ Sat, 02 Jan 2021 11:41:15: Detected format is: BAM 
INFO  @ Sat, 02 Jan 2021 11:41:15: * Input file is gzipped. 
INFO  @ Sat, 02 Jan 2021 11:41:21:  1000000 
INFO  @ Sat, 02 Jan 2021 11:41:28:  2000000 
INFO  @ Sat, 02 Jan 2021 11:41:34:  3000000 
INFO  @ Sat, 02 Jan 2021 11:41:40:  4000000 
INFO  @ Sat, 02 Jan 2021 11:41:46:  5000000 
INFO  @ Sat, 02 Jan 2021 11:41:52:  6000000 
INFO  @ Sat, 02 Jan 2021 11:41:59:  7000000 
INFO  @ Sat, 02 Jan 2021 11:42:05:  8000000 
INFO  @ Sat, 02 Jan 2021 11:42:11:  9000000 
INFO  @ Sat, 02 Jan 2021 11:42:17:  10000000 
INFO  @ Sat, 02 Jan 2021 11:42:23:  11000000 
INFO  @ Sat, 02 Jan 2021 11:42:29:  12000000 
INFO  @ Sat, 02 Jan 2021 11:42:36:  13000000 
INFO  @ Sat, 02 Jan 2021 11:42:42:  14000000 
INFO  @ Sat, 02 Jan 2021 11:42:48:  15000000 
INFO  @ Sat, 02 Jan 2021 11:42:55:  16000000 
INFO  @ Sat, 02 Jan 2021 11:43:01:  17000000 
INFO  @ Sat, 02 Jan 2021 11:43:08:  18000000 
INFO  @ Sat, 02 Jan 2021 11:43:14:  19000000 
INFO  @ Sat, 02 Jan 2021 11:43:20:  20000000 
INFO  @ Sat, 02 Jan 2021 11:43:27:  21000000 
INFO  @ Sat, 02 Jan 2021 11:43:33:  22000000 
INFO  @ Sat, 02 Jan 2021 11:43:39:  23000000 
INFO  @ Sat, 02 Jan 2021 11:43:42: #1.2 read input tags... 
INFO  @ Sat, 02 Jan 2021 11:43:42: Detected format is: BAM 
INFO  @ Sat, 02 Jan 2021 11:43:42: * Input file is gzipped. 
INFO  @ Sat, 02 Jan 2021 11:43:49:  1000000 
INFO  @ Sat, 02 Jan 2021 11:43:55:  2000000 
INFO  @ Sat, 02 Jan 2021 11:44:02:  3000000 
INFO  @ Sat, 02 Jan 2021 11:44:08:  4000000 
INFO  @ Sat, 02 Jan 2021 11:44:15:  5000000 
INFO  @ Sat, 02 Jan 2021 11:44:21:  6000000 
INFO  @ Sat, 02 Jan 2021 11:44:28:  7000000 
INFO  @ Sat, 02 Jan 2021 11:44:30: Detected format is: BAM 
INFO  @ Sat, 02 Jan 2021 11:44:30: * Input file is gzipped. 
INFO  @ Sat, 02 Jan 2021 11:44:36:  1000000 
INFO  @ Sat, 02 Jan 2021 11:44:43:  2000000 
INFO  @ Sat, 02 Jan 2021 11:44:49:  3000000 
INFO  @ Sat, 02 Jan 2021 11:44:56:  4000000 
INFO  @ Sat, 02 Jan 2021 11:45:02:  5000000 
INFO  @ Sat, 02 Jan 2021 11:45:09:  6000000 
INFO  @ Sat, 02 Jan 2021 11:45:13: #1 tag size is determined as 49 bps 
INFO  @ Sat, 02 Jan 2021 11:45:13: #1 tag size = 49 
INFO  @ Sat, 02 Jan 2021 11:45:13: #1  total tags in treatment: 47986185 
INFO  @ Sat, 02 Jan 2021 11:45:13: #1 user defined the maximum tags... 
INFO  @ Sat, 02 Jan 2021 11:45:13: #1 filter out redundant tags at the same location and the same strand by allowing at most 1 tag(s) 
INFO  @ Sat, 02 Jan 2021 11:45:14: #1  tags after filtering in treatment: 47254887 
INFO  @ Sat, 02 Jan 2021 11:45:14: #1  Redundant rate of treatment: 0.02 
INFO  @ Sat, 02 Jan 2021 11:45:14: #1  total tags in control: 13420253 
INFO  @ Sat, 02 Jan 2021 11:45:14: #1 user defined the maximum tags... 
INFO  @ Sat, 02 Jan 2021 11:45:14: #1 filter out redundant tags at the same location and the same strand by allowing at most 1 tag(s) 
INFO  @ Sat, 02 Jan 2021 11:45:14: #1  tags after filtering in control: 11101866 
INFO  @ Sat, 02 Jan 2021 11:45:14: #1  Redundant rate of control: 0.17 
INFO  @ Sat, 02 Jan 2021 11:45:14: #1 finished! 
INFO  @ Sat, 02 Jan 2021 11:45:14: #2 Build Peak Model... 
INFO  @ Sat, 02 Jan 2021 11:45:14: #2 Skipped... 
INFO  @ Sat, 02 Jan 2021 11:45:14: #2 Use 147 as fragment length 
INFO  @ Sat, 02 Jan 2021 11:45:14: #3 Call peaks... 
INFO  @ Sat, 02 Jan 2021 11:45:14: #3 Call broad peaks with given level1 -log10qvalue cutoff and level2: 1.301030, 1.000000... 
INFO  @ Sat, 02 Jan 2021 11:45:14: #3 Pre-compute pvalue-qvalue table... 
INFO  @ Sat, 02 Jan 2021 11:47:14: #3 Call peaks for each chromosome... 
INFO  @ Sat, 02 Jan 2021 11:49:06: #4 Write output xls file... /gpfs/group/pipkin/hdiao/T_Cell_ChIP/2_MACS2_broad/2017_NAT_IMMUNOL_Yu___H3K4me1_P14-CD8-TN_peaks.xls 
INFO  @ Sat, 02 Jan 2021 11:49:06: #4 Write broad peak in broadPeak format file... /gpfs/group/pipkin/hdiao/T_Cell_ChIP/2_MACS2_broad/2017_NAT_IMMUNOL_Yu___H3K4me1_P14-CD8-TN_peaks.broadPeak 
INFO  @ Sat, 02 Jan 2021 11:49:06: #4 Write broad peak in bed12/gappedPeak format file... /gpfs/group/pipkin/hdiao/T_Cell_ChIP/2_MACS2_broad/2017_NAT_IMMUNOL_Yu___H3K4me1_P14-CD8-TN_peaks.gappedPeak 
INFO  @ Sat, 02 Jan 2021 11:49:07: Done! 
