INFO  @ Sat, 02 Jan 2021 11:20:45: 
# Command line: callpeak -t SRR1731134_srt_dupr_flb.bam -c SRR1731128_srt_dupr_flb.bam -g mm -B --SPMR --nomodel --extsize 147 --call-summits -n 2015_IMMUNITY_Martinez___Nfat1_invitro-CD8-Nfat1KO-CA-RIT-RV --outdir /gpfs/group/pipkin/hdiao/T_Cell_ChIP/2_MACS2
# ARGUMENTS LIST:
# name = 2015_IMMUNITY_Martinez___Nfat1_invitro-CD8-Nfat1KO-CA-RIT-RV
# format = AUTO
# ChIP-seq file = ['SRR1731134_srt_dupr_flb.bam']
# control file = ['SRR1731128_srt_dupr_flb.bam']
# effective genome size = 1.87e+09
# band width = 300
# model fold = [5, 50]
# qvalue cutoff = 5.00e-02
# Larger dataset will be scaled towards smaller dataset.
# Range for calculating regional lambda is: 1000 bps and 10000 bps
# Broad region calling is off
# Searching for subpeak summits is on
# MACS will save fragment pileup signal per million reads
 
INFO  @ Sat, 02 Jan 2021 11:20:45: #1 read tag files... 
INFO  @ Sat, 02 Jan 2021 11:20:45: #1 read treatment tags... 
INFO  @ Sat, 02 Jan 2021 11:20:45: Detected format is: BAM 
INFO  @ Sat, 02 Jan 2021 11:20:45: * Input file is gzipped. 
INFO  @ Sat, 02 Jan 2021 11:20:55:  1000000 
INFO  @ Sat, 02 Jan 2021 11:21:05:  2000000 
INFO  @ Sat, 02 Jan 2021 11:21:16:  3000000 
INFO  @ Sat, 02 Jan 2021 11:21:25:  4000000 
INFO  @ Sat, 02 Jan 2021 11:21:36:  5000000 
INFO  @ Sat, 02 Jan 2021 11:21:46:  6000000 
INFO  @ Sat, 02 Jan 2021 11:21:53:  7000000 
INFO  @ Sat, 02 Jan 2021 11:21:58:  8000000 
INFO  @ Sat, 02 Jan 2021 11:22:04:  9000000 
INFO  @ Sat, 02 Jan 2021 11:22:10:  10000000 
INFO  @ Sat, 02 Jan 2021 11:22:17:  11000000 
INFO  @ Sat, 02 Jan 2021 11:22:23:  12000000 
INFO  @ Sat, 02 Jan 2021 11:22:29:  13000000 
INFO  @ Sat, 02 Jan 2021 11:22:35:  14000000 
INFO  @ Sat, 02 Jan 2021 11:22:41:  15000000 
INFO  @ Sat, 02 Jan 2021 11:22:47:  16000000 
INFO  @ Sat, 02 Jan 2021 11:22:52:  17000000 
INFO  @ Sat, 02 Jan 2021 11:22:53: #1.2 read input tags... 
INFO  @ Sat, 02 Jan 2021 11:22:53: Detected format is: BAM 
INFO  @ Sat, 02 Jan 2021 11:22:53: * Input file is gzipped. 
INFO  @ Sat, 02 Jan 2021 11:23:01:  1000000 
INFO  @ Sat, 02 Jan 2021 11:23:09:  2000000 
INFO  @ Sat, 02 Jan 2021 11:23:17:  3000000 
INFO  @ Sat, 02 Jan 2021 11:23:26:  4000000 
INFO  @ Sat, 02 Jan 2021 11:23:34:  5000000 
INFO  @ Sat, 02 Jan 2021 11:23:43:  6000000 
INFO  @ Sat, 02 Jan 2021 11:23:51:  7000000 
INFO  @ Sat, 02 Jan 2021 11:23:57:  8000000 
INFO  @ Sat, 02 Jan 2021 11:24:01:  9000000 
INFO  @ Sat, 02 Jan 2021 11:24:06:  10000000 
INFO  @ Sat, 02 Jan 2021 11:24:11:  11000000 
INFO  @ Sat, 02 Jan 2021 11:24:16:  12000000 
INFO  @ Sat, 02 Jan 2021 11:24:21:  13000000 
INFO  @ Sat, 02 Jan 2021 11:24:26:  14000000 
INFO  @ Sat, 02 Jan 2021 11:24:31:  15000000 
INFO  @ Sat, 02 Jan 2021 11:24:36:  16000000 
INFO  @ Sat, 02 Jan 2021 11:24:42:  17000000 
INFO  @ Sat, 02 Jan 2021 11:24:47: #1 tag size is determined as 47 bps 
INFO  @ Sat, 02 Jan 2021 11:24:47: #1 tag size = 47 
INFO  @ Sat, 02 Jan 2021 11:24:47: #1  total tags in treatment: 6267115 
INFO  @ Sat, 02 Jan 2021 11:24:47: #1 user defined the maximum tags... 
INFO  @ Sat, 02 Jan 2021 11:24:47: #1 filter out redundant tags at the same location and the same strand by allowing at most 1 tag(s) 
INFO  @ Sat, 02 Jan 2021 11:24:47: #1  tags after filtering in treatment: 6267115 
INFO  @ Sat, 02 Jan 2021 11:24:47: #1  Redundant rate of treatment: 0.00 
INFO  @ Sat, 02 Jan 2021 11:24:47: #1  total tags in control: 7057215 
INFO  @ Sat, 02 Jan 2021 11:24:47: #1 user defined the maximum tags... 
INFO  @ Sat, 02 Jan 2021 11:24:47: #1 filter out redundant tags at the same location and the same strand by allowing at most 1 tag(s) 
INFO  @ Sat, 02 Jan 2021 11:24:47: #1  tags after filtering in control: 7057215 
INFO  @ Sat, 02 Jan 2021 11:24:47: #1  Redundant rate of control: 0.00 
INFO  @ Sat, 02 Jan 2021 11:24:47: #1 finished! 
INFO  @ Sat, 02 Jan 2021 11:24:47: #2 Build Peak Model... 
INFO  @ Sat, 02 Jan 2021 11:24:47: #2 Skipped... 
INFO  @ Sat, 02 Jan 2021 11:24:47: #2 Use 147 as fragment length 
INFO  @ Sat, 02 Jan 2021 11:24:47: #3 Call peaks... 
INFO  @ Sat, 02 Jan 2021 11:24:47: #3 Going to call summits inside each peak ... 
INFO  @ Sat, 02 Jan 2021 11:24:47: #3 Pre-compute pvalue-qvalue table... 
INFO  @ Sat, 02 Jan 2021 11:25:32: #3 In the peak calling step, the following will be performed simultaneously: 
INFO  @ Sat, 02 Jan 2021 11:25:32: #3   Write bedGraph files for treatment pileup (after scaling if necessary)... 2015_IMMUNITY_Martinez___Nfat1_invitro-CD8-Nfat1KO-CA-RIT-RV_treat_pileup.bdg 
INFO  @ Sat, 02 Jan 2021 11:25:32: #3   Write bedGraph files for control lambda (after scaling if necessary)... 2015_IMMUNITY_Martinez___Nfat1_invitro-CD8-Nfat1KO-CA-RIT-RV_control_lambda.bdg 
INFO  @ Sat, 02 Jan 2021 11:25:32: #3   --SPMR is requested, so pileup will be normalized by sequencing depth in million reads. 
INFO  @ Sat, 02 Jan 2021 11:25:32: #3 Call peaks for each chromosome... 
INFO  @ Sat, 02 Jan 2021 11:28:08: #4 Write output xls file... /gpfs/group/pipkin/hdiao/T_Cell_ChIP/2_MACS2/2015_IMMUNITY_Martinez___Nfat1_invitro-CD8-Nfat1KO-CA-RIT-RV_peaks.xls 
INFO  @ Sat, 02 Jan 2021 11:28:08: #4 Write peak in narrowPeak format file... /gpfs/group/pipkin/hdiao/T_Cell_ChIP/2_MACS2/2015_IMMUNITY_Martinez___Nfat1_invitro-CD8-Nfat1KO-CA-RIT-RV_peaks.narrowPeak 
INFO  @ Sat, 02 Jan 2021 11:28:08: #4 Write summits bed file... /gpfs/group/pipkin/hdiao/T_Cell_ChIP/2_MACS2/2015_IMMUNITY_Martinez___Nfat1_invitro-CD8-Nfat1KO-CA-RIT-RV_summits.bed 
INFO  @ Sat, 02 Jan 2021 11:28:08: Done! 
