INFO  @ Sat, 02 Jan 2021 11:20:47: 
# Command line: callpeak -t SRR8591885_srt_dupr_flb.bam SRR8591886_srt_dupr_flb.bam SRR8591887_srt_dupr_flb.bam SRR8591888_srt_dupr_flb.bam SRR8591889_srt_dupr_flb.bam -c SRR8591890_srt_dupr_flb.bam -g mm -B --SPMR --nomodel --extsize 147 --call-summits -n 2019_IMMUNITY_Veeken___Cbfb_LCMV-d07-CD8 --outdir /gpfs/group/pipkin/hdiao/T_Cell_ChIP/2_MACS2
# ARGUMENTS LIST:
# name = 2019_IMMUNITY_Veeken___Cbfb_LCMV-d07-CD8
# format = AUTO
# ChIP-seq file = ['SRR8591885_srt_dupr_flb.bam', 'SRR8591886_srt_dupr_flb.bam', 'SRR8591887_srt_dupr_flb.bam', 'SRR8591888_srt_dupr_flb.bam', 'SRR8591889_srt_dupr_flb.bam']
# control file = ['SRR8591890_srt_dupr_flb.bam']
# effective genome size = 1.87e+09
# band width = 300
# model fold = [5, 50]
# qvalue cutoff = 5.00e-02
# Larger dataset will be scaled towards smaller dataset.
# Range for calculating regional lambda is: 1000 bps and 10000 bps
# Broad region calling is off
# Searching for subpeak summits is on
# MACS will save fragment pileup signal per million reads
 
INFO  @ Sat, 02 Jan 2021 11:20:47: #1 read tag files... 
INFO  @ Sat, 02 Jan 2021 11:20:47: #1 read treatment tags... 
INFO  @ Sat, 02 Jan 2021 11:20:47: Detected format is: BAM 
INFO  @ Sat, 02 Jan 2021 11:20:47: * Input file is gzipped. 
INFO  @ Sat, 02 Jan 2021 11:20:55:  1000000 
INFO  @ Sat, 02 Jan 2021 11:21:03:  2000000 
INFO  @ Sat, 02 Jan 2021 11:21:11:  3000000 
INFO  @ Sat, 02 Jan 2021 11:21:19:  4000000 
INFO  @ Sat, 02 Jan 2021 11:21:26:  5000000 
INFO  @ Sat, 02 Jan 2021 11:21:35:  6000000 
INFO  @ Sat, 02 Jan 2021 11:21:42:  7000000 
INFO  @ Sat, 02 Jan 2021 11:21:49:  8000000 
INFO  @ Sat, 02 Jan 2021 11:21:57:  9000000 
INFO  @ Sat, 02 Jan 2021 11:22:04:  10000000 
INFO  @ Sat, 02 Jan 2021 11:22:12:  11000000 
INFO  @ Sat, 02 Jan 2021 11:22:19:  12000000 
INFO  @ Sat, 02 Jan 2021 11:22:27:  13000000 
INFO  @ Sat, 02 Jan 2021 11:22:34:  14000000 
INFO  @ Sat, 02 Jan 2021 11:22:41:  15000000 
INFO  @ Sat, 02 Jan 2021 11:22:48:  16000000 
INFO  @ Sat, 02 Jan 2021 11:22:55:  17000000 
INFO  @ Sat, 02 Jan 2021 11:23:02:  18000000 
INFO  @ Sat, 02 Jan 2021 11:23:09:  19000000 
INFO  @ Sat, 02 Jan 2021 11:23:16:  20000000 
INFO  @ Sat, 02 Jan 2021 11:23:23:  21000000 
INFO  @ Sat, 02 Jan 2021 11:23:31:  22000000 
INFO  @ Sat, 02 Jan 2021 11:23:39:  23000000 
INFO  @ Sat, 02 Jan 2021 11:23:46:  24000000 
INFO  @ Sat, 02 Jan 2021 11:23:53:  25000000 
INFO  @ Sat, 02 Jan 2021 11:24:00:  26000000 
INFO  @ Sat, 02 Jan 2021 11:24:08:  27000000 
INFO  @ Sat, 02 Jan 2021 11:24:15:  28000000 
INFO  @ Sat, 02 Jan 2021 11:24:22:  29000000 
INFO  @ Sat, 02 Jan 2021 11:24:30:  30000000 
INFO  @ Sat, 02 Jan 2021 11:24:37:  31000000 
INFO  @ Sat, 02 Jan 2021 11:24:44:  32000000 
INFO  @ Sat, 02 Jan 2021 11:24:51:  33000000 
INFO  @ Sat, 02 Jan 2021 11:24:57:  34000000 
INFO  @ Sat, 02 Jan 2021 11:25:04:  35000000 
INFO  @ Sat, 02 Jan 2021 11:25:09:  36000000 
INFO  @ Sat, 02 Jan 2021 11:25:13:  37000000 
INFO  @ Sat, 02 Jan 2021 11:25:18:  38000000 
INFO  @ Sat, 02 Jan 2021 11:25:23:  39000000 
INFO  @ Sat, 02 Jan 2021 11:25:27:  40000000 
INFO  @ Sat, 02 Jan 2021 11:25:31:  41000000 
INFO  @ Sat, 02 Jan 2021 11:25:33: Detected format is: BAM 
INFO  @ Sat, 02 Jan 2021 11:25:33: * Input file is gzipped. 
INFO  @ Sat, 02 Jan 2021 11:25:40:  1000000 
INFO  @ Sat, 02 Jan 2021 11:25:46:  2000000 
INFO  @ Sat, 02 Jan 2021 11:25:53:  3000000 
INFO  @ Sat, 02 Jan 2021 11:25:59:  4000000 
INFO  @ Sat, 02 Jan 2021 11:26:06:  5000000 
INFO  @ Sat, 02 Jan 2021 11:26:12:  6000000 
INFO  @ Sat, 02 Jan 2021 11:26:18:  7000000 
INFO  @ Sat, 02 Jan 2021 11:26:25:  8000000 
INFO  @ Sat, 02 Jan 2021 11:26:31:  9000000 
INFO  @ Sat, 02 Jan 2021 11:26:37:  10000000 
INFO  @ Sat, 02 Jan 2021 11:26:43:  11000000 
INFO  @ Sat, 02 Jan 2021 11:26:49:  12000000 
INFO  @ Sat, 02 Jan 2021 11:26:55:  13000000 
INFO  @ Sat, 02 Jan 2021 11:27:01:  14000000 
INFO  @ Sat, 02 Jan 2021 11:27:08:  15000000 
INFO  @ Sat, 02 Jan 2021 11:27:14:  16000000 
INFO  @ Sat, 02 Jan 2021 11:27:20:  17000000 
INFO  @ Sat, 02 Jan 2021 11:27:26:  18000000 
INFO  @ Sat, 02 Jan 2021 11:27:33:  19000000 
INFO  @ Sat, 02 Jan 2021 11:27:39:  20000000 
INFO  @ Sat, 02 Jan 2021 11:27:44:  21000000 
INFO  @ Sat, 02 Jan 2021 11:27:50:  22000000 
INFO  @ Sat, 02 Jan 2021 11:27:56:  23000000 
INFO  @ Sat, 02 Jan 2021 11:28:02:  24000000 
INFO  @ Sat, 02 Jan 2021 11:28:08:  25000000 
INFO  @ Sat, 02 Jan 2021 11:28:14:  26000000 
INFO  @ Sat, 02 Jan 2021 11:28:20:  27000000 
INFO  @ Sat, 02 Jan 2021 11:28:26:  28000000 
INFO  @ Sat, 02 Jan 2021 11:28:32:  29000000 
INFO  @ Sat, 02 Jan 2021 11:28:38:  30000000 
INFO  @ Sat, 02 Jan 2021 11:28:44:  31000000 
INFO  @ Sat, 02 Jan 2021 11:28:50:  32000000 
INFO  @ Sat, 02 Jan 2021 11:28:56:  33000000 
INFO  @ Sat, 02 Jan 2021 11:29:02:  34000000 
INFO  @ Sat, 02 Jan 2021 11:29:08:  35000000 
INFO  @ Sat, 02 Jan 2021 11:29:13:  36000000 
INFO  @ Sat, 02 Jan 2021 11:29:20:  37000000 
INFO  @ Sat, 02 Jan 2021 11:29:26:  38000000 
INFO  @ Sat, 02 Jan 2021 11:29:32:  39000000 
INFO  @ Sat, 02 Jan 2021 11:29:38:  40000000 
INFO  @ Sat, 02 Jan 2021 11:29:43:  41000000 
INFO  @ Sat, 02 Jan 2021 11:29:49:  42000000 
INFO  @ Sat, 02 Jan 2021 11:29:55:  43000000 
INFO  @ Sat, 02 Jan 2021 11:30:01:  44000000 
INFO  @ Sat, 02 Jan 2021 11:30:07:  45000000 
INFO  @ Sat, 02 Jan 2021 11:30:13:  46000000 
INFO  @ Sat, 02 Jan 2021 11:30:17:  47000000 
INFO  @ Sat, 02 Jan 2021 11:30:21:  48000000 
INFO  @ Sat, 02 Jan 2021 11:30:25:  49000000 
INFO  @ Sat, 02 Jan 2021 11:30:29:  50000000 
INFO  @ Sat, 02 Jan 2021 11:30:33:  51000000 
INFO  @ Sat, 02 Jan 2021 11:30:36:  52000000 
INFO  @ Sat, 02 Jan 2021 11:30:40:  53000000 
INFO  @ Sat, 02 Jan 2021 11:30:45:  54000000 
INFO  @ Sat, 02 Jan 2021 11:30:48:  55000000 
INFO  @ Sat, 02 Jan 2021 11:30:52:  56000000 
INFO  @ Sat, 02 Jan 2021 11:30:56:  57000000 
INFO  @ Sat, 02 Jan 2021 11:30:59:  58000000 
INFO  @ Sat, 02 Jan 2021 11:31:03: Detected format is: BAM 
INFO  @ Sat, 02 Jan 2021 11:31:03: * Input file is gzipped. 
INFO  @ Sat, 02 Jan 2021 11:31:08:  1000000 
INFO  @ Sat, 02 Jan 2021 11:31:14:  2000000 
INFO  @ Sat, 02 Jan 2021 11:31:20:  3000000 
INFO  @ Sat, 02 Jan 2021 11:31:25:  4000000 
INFO  @ Sat, 02 Jan 2021 11:31:31:  5000000 
INFO  @ Sat, 02 Jan 2021 11:31:36:  6000000 
INFO  @ Sat, 02 Jan 2021 11:31:42:  7000000 
INFO  @ Sat, 02 Jan 2021 11:31:48:  8000000 
INFO  @ Sat, 02 Jan 2021 11:31:53:  9000000 
INFO  @ Sat, 02 Jan 2021 11:31:59:  10000000 
INFO  @ Sat, 02 Jan 2021 11:32:05:  11000000 
INFO  @ Sat, 02 Jan 2021 11:32:10:  12000000 
INFO  @ Sat, 02 Jan 2021 11:32:16:  13000000 
INFO  @ Sat, 02 Jan 2021 11:32:21:  14000000 
INFO  @ Sat, 02 Jan 2021 11:32:27:  15000000 
INFO  @ Sat, 02 Jan 2021 11:32:32:  16000000 
INFO  @ Sat, 02 Jan 2021 11:32:38:  17000000 
INFO  @ Sat, 02 Jan 2021 11:32:43:  18000000 
INFO  @ Sat, 02 Jan 2021 11:32:49:  19000000 
INFO  @ Sat, 02 Jan 2021 11:32:55:  20000000 
INFO  @ Sat, 02 Jan 2021 11:33:00:  21000000 
INFO  @ Sat, 02 Jan 2021 11:33:06:  22000000 
INFO  @ Sat, 02 Jan 2021 11:33:11:  23000000 
INFO  @ Sat, 02 Jan 2021 11:33:17:  24000000 
INFO  @ Sat, 02 Jan 2021 11:33:22:  25000000 
INFO  @ Sat, 02 Jan 2021 11:33:28:  26000000 
INFO  @ Sat, 02 Jan 2021 11:33:33:  27000000 
INFO  @ Sat, 02 Jan 2021 11:33:39:  28000000 
INFO  @ Sat, 02 Jan 2021 11:33:44:  29000000 
INFO  @ Sat, 02 Jan 2021 11:33:50:  30000000 
INFO  @ Sat, 02 Jan 2021 11:33:56:  31000000 
INFO  @ Sat, 02 Jan 2021 11:34:01:  32000000 
INFO  @ Sat, 02 Jan 2021 11:34:07:  33000000 
INFO  @ Sat, 02 Jan 2021 11:34:12:  34000000 
INFO  @ Sat, 02 Jan 2021 11:34:18:  35000000 
INFO  @ Sat, 02 Jan 2021 11:34:23:  36000000 
INFO  @ Sat, 02 Jan 2021 11:34:29:  37000000 
INFO  @ Sat, 02 Jan 2021 11:34:34:  38000000 
INFO  @ Sat, 02 Jan 2021 11:34:40:  39000000 
INFO  @ Sat, 02 Jan 2021 11:34:46:  40000000 
INFO  @ Sat, 02 Jan 2021 11:34:51:  41000000 
INFO  @ Sat, 02 Jan 2021 11:34:57:  42000000 
INFO  @ Sat, 02 Jan 2021 11:35:02:  43000000 
INFO  @ Sat, 02 Jan 2021 11:35:08:  44000000 
INFO  @ Sat, 02 Jan 2021 11:35:13:  45000000 
INFO  @ Sat, 02 Jan 2021 11:35:18:  46000000 
INFO  @ Sat, 02 Jan 2021 11:35:24:  47000000 
INFO  @ Sat, 02 Jan 2021 11:35:29:  48000000 
INFO  @ Sat, 02 Jan 2021 11:35:35:  49000000 
INFO  @ Sat, 02 Jan 2021 11:35:40:  50000000 
INFO  @ Sat, 02 Jan 2021 11:35:46:  51000000 
INFO  @ Sat, 02 Jan 2021 11:35:51:  52000000 
INFO  @ Sat, 02 Jan 2021 11:35:57:  53000000 
INFO  @ Sat, 02 Jan 2021 11:36:02:  54000000 
INFO  @ Sat, 02 Jan 2021 11:36:08:  55000000 
INFO  @ Sat, 02 Jan 2021 11:36:13:  56000000 
INFO  @ Sat, 02 Jan 2021 11:36:19:  57000000 
INFO  @ Sat, 02 Jan 2021 11:36:24:  58000000 
INFO  @ Sat, 02 Jan 2021 11:36:30:  59000000 
INFO  @ Sat, 02 Jan 2021 11:36:35:  60000000 
INFO  @ Sat, 02 Jan 2021 11:36:40:  61000000 
INFO  @ Sat, 02 Jan 2021 11:36:46:  62000000 
INFO  @ Sat, 02 Jan 2021 11:36:51:  63000000 
INFO  @ Sat, 02 Jan 2021 11:36:57:  64000000 
INFO  @ Sat, 02 Jan 2021 11:37:02:  65000000 
INFO  @ Sat, 02 Jan 2021 11:37:07:  66000000 
INFO  @ Sat, 02 Jan 2021 11:37:13:  67000000 
INFO  @ Sat, 02 Jan 2021 11:37:16:  68000000 
INFO  @ Sat, 02 Jan 2021 11:37:20:  69000000 
INFO  @ Sat, 02 Jan 2021 11:37:22: Detected format is: BAM 
INFO  @ Sat, 02 Jan 2021 11:37:22: * Input file is gzipped. 
INFO  @ Sat, 02 Jan 2021 11:37:27:  1000000 
INFO  @ Sat, 02 Jan 2021 11:37:33:  2000000 
INFO  @ Sat, 02 Jan 2021 11:37:38:  3000000 
INFO  @ Sat, 02 Jan 2021 11:37:43:  4000000 
INFO  @ Sat, 02 Jan 2021 11:37:49:  5000000 
INFO  @ Sat, 02 Jan 2021 11:37:54:  6000000 
INFO  @ Sat, 02 Jan 2021 11:37:59:  7000000 
INFO  @ Sat, 02 Jan 2021 11:38:04:  8000000 
INFO  @ Sat, 02 Jan 2021 11:38:10:  9000000 
INFO  @ Sat, 02 Jan 2021 11:38:15:  10000000 
INFO  @ Sat, 02 Jan 2021 11:38:20:  11000000 
INFO  @ Sat, 02 Jan 2021 11:38:25:  12000000 
INFO  @ Sat, 02 Jan 2021 11:38:31:  13000000 
INFO  @ Sat, 02 Jan 2021 11:38:36:  14000000 
INFO  @ Sat, 02 Jan 2021 11:38:41:  15000000 
INFO  @ Sat, 02 Jan 2021 11:38:46:  16000000 
INFO  @ Sat, 02 Jan 2021 11:38:52:  17000000 
INFO  @ Sat, 02 Jan 2021 11:38:57:  18000000 
INFO  @ Sat, 02 Jan 2021 11:39:02:  19000000 
INFO  @ Sat, 02 Jan 2021 11:39:07:  20000000 
INFO  @ Sat, 02 Jan 2021 11:39:12:  21000000 
INFO  @ Sat, 02 Jan 2021 11:39:18:  22000000 
INFO  @ Sat, 02 Jan 2021 11:39:23:  23000000 
INFO  @ Sat, 02 Jan 2021 11:39:28:  24000000 
INFO  @ Sat, 02 Jan 2021 11:39:33:  25000000 
INFO  @ Sat, 02 Jan 2021 11:39:39:  26000000 
INFO  @ Sat, 02 Jan 2021 11:39:44:  27000000 
INFO  @ Sat, 02 Jan 2021 11:39:49:  28000000 
INFO  @ Sat, 02 Jan 2021 11:39:55:  29000000 
INFO  @ Sat, 02 Jan 2021 11:40:00:  30000000 
INFO  @ Sat, 02 Jan 2021 11:40:05:  31000000 
INFO  @ Sat, 02 Jan 2021 11:40:10:  32000000 
INFO  @ Sat, 02 Jan 2021 11:40:16:  33000000 
INFO  @ Sat, 02 Jan 2021 11:40:21:  34000000 
INFO  @ Sat, 02 Jan 2021 11:40:26:  35000000 
INFO  @ Sat, 02 Jan 2021 11:40:32:  36000000 
INFO  @ Sat, 02 Jan 2021 11:40:37:  37000000 
INFO  @ Sat, 02 Jan 2021 11:40:42:  38000000 
INFO  @ Sat, 02 Jan 2021 11:40:47:  39000000 
INFO  @ Sat, 02 Jan 2021 11:40:53:  40000000 
INFO  @ Sat, 02 Jan 2021 11:40:58:  41000000 
INFO  @ Sat, 02 Jan 2021 11:41:03:  42000000 
INFO  @ Sat, 02 Jan 2021 11:41:09:  43000000 
INFO  @ Sat, 02 Jan 2021 11:41:14:  44000000 
INFO  @ Sat, 02 Jan 2021 11:41:19:  45000000 
INFO  @ Sat, 02 Jan 2021 11:41:25:  46000000 
INFO  @ Sat, 02 Jan 2021 11:41:30:  47000000 
INFO  @ Sat, 02 Jan 2021 11:41:35:  48000000 
INFO  @ Sat, 02 Jan 2021 11:41:41:  49000000 
INFO  @ Sat, 02 Jan 2021 11:41:46:  50000000 
INFO  @ Sat, 02 Jan 2021 11:41:51:  51000000 
INFO  @ Sat, 02 Jan 2021 11:41:56:  52000000 
INFO  @ Sat, 02 Jan 2021 11:42:02:  53000000 
INFO  @ Sat, 02 Jan 2021 11:42:07:  54000000 
INFO  @ Sat, 02 Jan 2021 11:42:12:  55000000 
INFO  @ Sat, 02 Jan 2021 11:42:16:  56000000 
INFO  @ Sat, 02 Jan 2021 11:42:20:  57000000 
INFO  @ Sat, 02 Jan 2021 11:42:23:  58000000 
INFO  @ Sat, 02 Jan 2021 11:42:26:  59000000 
INFO  @ Sat, 02 Jan 2021 11:42:27: Detected format is: BAM 
INFO  @ Sat, 02 Jan 2021 11:42:27: * Input file is gzipped. 
INFO  @ Sat, 02 Jan 2021 11:42:32:  1000000 
INFO  @ Sat, 02 Jan 2021 11:42:37:  2000000 
INFO  @ Sat, 02 Jan 2021 11:42:43:  3000000 
INFO  @ Sat, 02 Jan 2021 11:42:48:  4000000 
INFO  @ Sat, 02 Jan 2021 11:42:53:  5000000 
INFO  @ Sat, 02 Jan 2021 11:42:58:  6000000 
INFO  @ Sat, 02 Jan 2021 11:43:04:  7000000 
INFO  @ Sat, 02 Jan 2021 11:43:09:  8000000 
INFO  @ Sat, 02 Jan 2021 11:43:14:  9000000 
INFO  @ Sat, 02 Jan 2021 11:43:19:  10000000 
INFO  @ Sat, 02 Jan 2021 11:43:25:  11000000 
INFO  @ Sat, 02 Jan 2021 11:43:30:  12000000 
INFO  @ Sat, 02 Jan 2021 11:43:35:  13000000 
INFO  @ Sat, 02 Jan 2021 11:43:40:  14000000 
INFO  @ Sat, 02 Jan 2021 11:43:46:  15000000 
INFO  @ Sat, 02 Jan 2021 11:43:51:  16000000 
INFO  @ Sat, 02 Jan 2021 11:43:56:  17000000 
INFO  @ Sat, 02 Jan 2021 11:44:01:  18000000 
INFO  @ Sat, 02 Jan 2021 11:44:06:  19000000 
INFO  @ Sat, 02 Jan 2021 11:44:11:  20000000 
INFO  @ Sat, 02 Jan 2021 11:44:17:  21000000 
INFO  @ Sat, 02 Jan 2021 11:44:22:  22000000 
INFO  @ Sat, 02 Jan 2021 11:44:27:  23000000 
INFO  @ Sat, 02 Jan 2021 11:44:32:  24000000 
INFO  @ Sat, 02 Jan 2021 11:44:37:  25000000 
INFO  @ Sat, 02 Jan 2021 11:44:42:  26000000 
INFO  @ Sat, 02 Jan 2021 11:44:47:  27000000 
INFO  @ Sat, 02 Jan 2021 11:44:53:  28000000 
INFO  @ Sat, 02 Jan 2021 11:44:58:  29000000 
INFO  @ Sat, 02 Jan 2021 11:45:03:  30000000 
INFO  @ Sat, 02 Jan 2021 11:45:08:  31000000 
INFO  @ Sat, 02 Jan 2021 11:45:13:  32000000 
INFO  @ Sat, 02 Jan 2021 11:45:18:  33000000 
INFO  @ Sat, 02 Jan 2021 11:45:23:  34000000 
INFO  @ Sat, 02 Jan 2021 11:45:29:  35000000 
INFO  @ Sat, 02 Jan 2021 11:45:34:  36000000 
INFO  @ Sat, 02 Jan 2021 11:45:39:  37000000 
INFO  @ Sat, 02 Jan 2021 11:45:44:  38000000 
INFO  @ Sat, 02 Jan 2021 11:45:49:  39000000 
INFO  @ Sat, 02 Jan 2021 11:45:54:  40000000 
INFO  @ Sat, 02 Jan 2021 11:46:00:  41000000 
INFO  @ Sat, 02 Jan 2021 11:46:05:  42000000 
INFO  @ Sat, 02 Jan 2021 11:46:10:  43000000 
INFO  @ Sat, 02 Jan 2021 11:46:15:  44000000 
INFO  @ Sat, 02 Jan 2021 11:46:20:  45000000 
INFO  @ Sat, 02 Jan 2021 11:46:25:  46000000 
INFO  @ Sat, 02 Jan 2021 11:46:31:  47000000 
INFO  @ Sat, 02 Jan 2021 11:46:36:  48000000 
INFO  @ Sat, 02 Jan 2021 11:46:41:  49000000 
INFO  @ Sat, 02 Jan 2021 11:46:46:  50000000 
INFO  @ Sat, 02 Jan 2021 11:46:51:  51000000 
INFO  @ Sat, 02 Jan 2021 11:46:56:  52000000 
INFO  @ Sat, 02 Jan 2021 11:47:02:  53000000 
INFO  @ Sat, 02 Jan 2021 11:47:07:  54000000 
INFO  @ Sat, 02 Jan 2021 11:47:12:  55000000 
INFO  @ Sat, 02 Jan 2021 11:47:17:  56000000 
INFO  @ Sat, 02 Jan 2021 11:47:22:  57000000 
INFO  @ Sat, 02 Jan 2021 11:47:27:  58000000 
INFO  @ Sat, 02 Jan 2021 11:47:32:  59000000 
INFO  @ Sat, 02 Jan 2021 11:47:37:  60000000 
INFO  @ Sat, 02 Jan 2021 11:47:40:  61000000 
INFO  @ Sat, 02 Jan 2021 11:47:43:  62000000 
INFO  @ Sat, 02 Jan 2021 11:47:46:  63000000 
INFO  @ Sat, 02 Jan 2021 11:47:50:  64000000 
INFO  @ Sat, 02 Jan 2021 11:47:56: #1.2 read input tags... 
INFO  @ Sat, 02 Jan 2021 11:47:56: Detected format is: BAM 
INFO  @ Sat, 02 Jan 2021 11:47:56: * Input file is gzipped. 
INFO  @ Sat, 02 Jan 2021 11:48:01:  1000000 
INFO  @ Sat, 02 Jan 2021 11:48:06:  2000000 
INFO  @ Sat, 02 Jan 2021 11:48:11:  3000000 
INFO  @ Sat, 02 Jan 2021 11:48:17:  4000000 
INFO  @ Sat, 02 Jan 2021 11:48:20: #1 tag size is determined as 51 bps 
INFO  @ Sat, 02 Jan 2021 11:48:20: #1 tag size = 51 
INFO  @ Sat, 02 Jan 2021 11:48:20: #1  total tags in treatment: 127762497 
INFO  @ Sat, 02 Jan 2021 11:48:20: #1 user defined the maximum tags... 
INFO  @ Sat, 02 Jan 2021 11:48:20: #1 filter out redundant tags at the same location and the same strand by allowing at most 1 tag(s) 
INFO  @ Sat, 02 Jan 2021 11:48:23: #1  tags after filtering in treatment: 125286907 
INFO  @ Sat, 02 Jan 2021 11:48:23: #1  Redundant rate of treatment: 0.02 
INFO  @ Sat, 02 Jan 2021 11:48:23: #1  total tags in control: 2102096 
INFO  @ Sat, 02 Jan 2021 11:48:23: #1 user defined the maximum tags... 
INFO  @ Sat, 02 Jan 2021 11:48:23: #1 filter out redundant tags at the same location and the same strand by allowing at most 1 tag(s) 
INFO  @ Sat, 02 Jan 2021 11:48:23: #1  tags after filtering in control: 2102094 
INFO  @ Sat, 02 Jan 2021 11:48:23: #1  Redundant rate of control: 0.00 
INFO  @ Sat, 02 Jan 2021 11:48:23: #1 finished! 
INFO  @ Sat, 02 Jan 2021 11:48:23: #2 Build Peak Model... 
INFO  @ Sat, 02 Jan 2021 11:48:23: #2 Skipped... 
INFO  @ Sat, 02 Jan 2021 11:48:23: #2 Use 147 as fragment length 
INFO  @ Sat, 02 Jan 2021 11:48:23: #3 Call peaks... 
INFO  @ Sat, 02 Jan 2021 11:48:23: #3 Going to call summits inside each peak ... 
INFO  @ Sat, 02 Jan 2021 11:48:23: #3 Pre-compute pvalue-qvalue table... 
INFO  @ Sat, 02 Jan 2021 11:51:21: #3 In the peak calling step, the following will be performed simultaneously: 
INFO  @ Sat, 02 Jan 2021 11:51:21: #3   Write bedGraph files for treatment pileup (after scaling if necessary)... 2019_IMMUNITY_Veeken___Cbfb_LCMV-d07-CD8_treat_pileup.bdg 
INFO  @ Sat, 02 Jan 2021 11:51:21: #3   Write bedGraph files for control lambda (after scaling if necessary)... 2019_IMMUNITY_Veeken___Cbfb_LCMV-d07-CD8_control_lambda.bdg 
INFO  @ Sat, 02 Jan 2021 11:51:21: #3   --SPMR is requested, so pileup will be normalized by sequencing depth in million reads. 
INFO  @ Sat, 02 Jan 2021 11:51:21: #3 Call peaks for each chromosome... 
INFO  @ Sat, 02 Jan 2021 12:05:05: #4 Write output xls file... /gpfs/group/pipkin/hdiao/T_Cell_ChIP/2_MACS2/2019_IMMUNITY_Veeken___Cbfb_LCMV-d07-CD8_peaks.xls 
INFO  @ Sat, 02 Jan 2021 12:05:05: #4 Write peak in narrowPeak format file... /gpfs/group/pipkin/hdiao/T_Cell_ChIP/2_MACS2/2019_IMMUNITY_Veeken___Cbfb_LCMV-d07-CD8_peaks.narrowPeak 
INFO  @ Sat, 02 Jan 2021 12:05:05: #4 Write summits bed file... /gpfs/group/pipkin/hdiao/T_Cell_ChIP/2_MACS2/2019_IMMUNITY_Veeken___Cbfb_LCMV-d07-CD8_summits.bed 
INFO  @ Sat, 02 Jan 2021 12:05:05: Done! 
