INFO  @ Sat, 02 Jan 2021 11:20:47: 
# Command line: callpeak -t SRR5905853_srt_dupr_flb.bam -c SRR5905836_srt_dupr_flb.bam -g mm -B --SPMR --nomodel --extsize 147 --call-summits -n 2017_PNAS_Li___H3K27Ac_IL2-IN1-deletion-CD4 --outdir /gpfs/group/pipkin/hdiao/T_Cell_ChIP/2_MACS2
# ARGUMENTS LIST:
# name = 2017_PNAS_Li___H3K27Ac_IL2-IN1-deletion-CD4
# format = AUTO
# ChIP-seq file = ['SRR5905853_srt_dupr_flb.bam']
# control file = ['SRR5905836_srt_dupr_flb.bam']
# effective genome size = 1.87e+09
# band width = 300
# model fold = [5, 50]
# qvalue cutoff = 5.00e-02
# Larger dataset will be scaled towards smaller dataset.
# Range for calculating regional lambda is: 1000 bps and 10000 bps
# Broad region calling is off
# Searching for subpeak summits is on
# MACS will save fragment pileup signal per million reads
 
INFO  @ Sat, 02 Jan 2021 11:20:47: #1 read tag files... 
INFO  @ Sat, 02 Jan 2021 11:20:47: #1 read treatment tags... 
INFO  @ Sat, 02 Jan 2021 11:20:47: Detected format is: BAM 
INFO  @ Sat, 02 Jan 2021 11:20:47: * Input file is gzipped. 
INFO  @ Sat, 02 Jan 2021 11:20:54:  1000000 
INFO  @ Sat, 02 Jan 2021 11:21:01:  2000000 
INFO  @ Sat, 02 Jan 2021 11:21:08:  3000000 
INFO  @ Sat, 02 Jan 2021 11:21:15:  4000000 
INFO  @ Sat, 02 Jan 2021 11:21:21:  5000000 
INFO  @ Sat, 02 Jan 2021 11:21:28:  6000000 
INFO  @ Sat, 02 Jan 2021 11:21:35:  7000000 
INFO  @ Sat, 02 Jan 2021 11:21:42:  8000000 
INFO  @ Sat, 02 Jan 2021 11:21:48:  9000000 
INFO  @ Sat, 02 Jan 2021 11:21:55:  10000000 
INFO  @ Sat, 02 Jan 2021 11:22:01:  11000000 
INFO  @ Sat, 02 Jan 2021 11:22:03: #1.2 read input tags... 
INFO  @ Sat, 02 Jan 2021 11:22:03: Detected format is: BAM 
INFO  @ Sat, 02 Jan 2021 11:22:03: * Input file is gzipped. 
INFO  @ Sat, 02 Jan 2021 11:22:11:  1000000 
INFO  @ Sat, 02 Jan 2021 11:22:18:  2000000 
INFO  @ Sat, 02 Jan 2021 11:22:26:  3000000 
INFO  @ Sat, 02 Jan 2021 11:22:34:  4000000 
INFO  @ Sat, 02 Jan 2021 11:22:41:  5000000 
INFO  @ Sat, 02 Jan 2021 11:22:42: #1 tag size is determined as 48 bps 
INFO  @ Sat, 02 Jan 2021 11:22:42: #1 tag size = 48 
INFO  @ Sat, 02 Jan 2021 11:22:42: #1  total tags in treatment: 10720016 
INFO  @ Sat, 02 Jan 2021 11:22:42: #1 user defined the maximum tags... 
INFO  @ Sat, 02 Jan 2021 11:22:42: #1 filter out redundant tags at the same location and the same strand by allowing at most 1 tag(s) 
INFO  @ Sat, 02 Jan 2021 11:22:43: #1  tags after filtering in treatment: 10720016 
INFO  @ Sat, 02 Jan 2021 11:22:43: #1  Redundant rate of treatment: 0.00 
INFO  @ Sat, 02 Jan 2021 11:22:43: #1  total tags in control: 5165098 
INFO  @ Sat, 02 Jan 2021 11:22:43: #1 user defined the maximum tags... 
INFO  @ Sat, 02 Jan 2021 11:22:43: #1 filter out redundant tags at the same location and the same strand by allowing at most 1 tag(s) 
INFO  @ Sat, 02 Jan 2021 11:22:43: #1  tags after filtering in control: 5165097 
INFO  @ Sat, 02 Jan 2021 11:22:43: #1  Redundant rate of control: 0.00 
INFO  @ Sat, 02 Jan 2021 11:22:43: #1 finished! 
INFO  @ Sat, 02 Jan 2021 11:22:43: #2 Build Peak Model... 
INFO  @ Sat, 02 Jan 2021 11:22:43: #2 Skipped... 
INFO  @ Sat, 02 Jan 2021 11:22:43: #2 Use 147 as fragment length 
INFO  @ Sat, 02 Jan 2021 11:22:43: #3 Call peaks... 
INFO  @ Sat, 02 Jan 2021 11:22:43: #3 Going to call summits inside each peak ... 
INFO  @ Sat, 02 Jan 2021 11:22:43: #3 Pre-compute pvalue-qvalue table... 
INFO  @ Sat, 02 Jan 2021 11:23:18: #3 In the peak calling step, the following will be performed simultaneously: 
INFO  @ Sat, 02 Jan 2021 11:23:18: #3   Write bedGraph files for treatment pileup (after scaling if necessary)... 2017_PNAS_Li___H3K27Ac_IL2-IN1-deletion-CD4_treat_pileup.bdg 
INFO  @ Sat, 02 Jan 2021 11:23:18: #3   Write bedGraph files for control lambda (after scaling if necessary)... 2017_PNAS_Li___H3K27Ac_IL2-IN1-deletion-CD4_control_lambda.bdg 
INFO  @ Sat, 02 Jan 2021 11:23:18: #3   --SPMR is requested, so pileup will be normalized by sequencing depth in million reads. 
INFO  @ Sat, 02 Jan 2021 11:23:18: #3 Call peaks for each chromosome... 
INFO  @ Sat, 02 Jan 2021 11:25:49: #4 Write output xls file... /gpfs/group/pipkin/hdiao/T_Cell_ChIP/2_MACS2/2017_PNAS_Li___H3K27Ac_IL2-IN1-deletion-CD4_peaks.xls 
INFO  @ Sat, 02 Jan 2021 11:25:49: #4 Write peak in narrowPeak format file... /gpfs/group/pipkin/hdiao/T_Cell_ChIP/2_MACS2/2017_PNAS_Li___H3K27Ac_IL2-IN1-deletion-CD4_peaks.narrowPeak 
INFO  @ Sat, 02 Jan 2021 11:25:50: #4 Write summits bed file... /gpfs/group/pipkin/hdiao/T_Cell_ChIP/2_MACS2/2017_PNAS_Li___H3K27Ac_IL2-IN1-deletion-CD4_summits.bed 
INFO  @ Sat, 02 Jan 2021 11:25:50: Done! 
INFO  @ Sat, 02 Jan 2021 11:25:51: 
# Command line: callpeak -t SRR5905853_srt_dupr_flb.bam -c SRR5905836_srt_dupr_flb.bam -g mm --nomodel --extsize 147 --broad -n 2017_PNAS_Li___H3K27Ac_IL2-IN1-deletion-CD4 --outdir /gpfs/group/pipkin/hdiao/T_Cell_ChIP/2_MACS2_broad
# ARGUMENTS LIST:
# name = 2017_PNAS_Li___H3K27Ac_IL2-IN1-deletion-CD4
# format = AUTO
# ChIP-seq file = ['SRR5905853_srt_dupr_flb.bam']
# control file = ['SRR5905836_srt_dupr_flb.bam']
# effective genome size = 1.87e+09
# band width = 300
# model fold = [5, 50]
# qvalue cutoff for narrow/strong regions = 5.00e-02
# qvalue cutoff for broad/weak regions = 1.00e-01
# Larger dataset will be scaled towards smaller dataset.
# Range for calculating regional lambda is: 1000 bps and 10000 bps
# Broad region calling is on
 
INFO  @ Sat, 02 Jan 2021 11:25:51: #1 read tag files... 
INFO  @ Sat, 02 Jan 2021 11:25:51: #1 read treatment tags... 
INFO  @ Sat, 02 Jan 2021 11:25:51: Detected format is: BAM 
INFO  @ Sat, 02 Jan 2021 11:25:51: * Input file is gzipped. 
INFO  @ Sat, 02 Jan 2021 11:25:57:  1000000 
INFO  @ Sat, 02 Jan 2021 11:26:03:  2000000 
INFO  @ Sat, 02 Jan 2021 11:26:10:  3000000 
INFO  @ Sat, 02 Jan 2021 11:26:16:  4000000 
INFO  @ Sat, 02 Jan 2021 11:26:22:  5000000 
INFO  @ Sat, 02 Jan 2021 11:26:28:  6000000 
INFO  @ Sat, 02 Jan 2021 11:26:34:  7000000 
INFO  @ Sat, 02 Jan 2021 11:26:40:  8000000 
INFO  @ Sat, 02 Jan 2021 11:26:47:  9000000 
INFO  @ Sat, 02 Jan 2021 11:26:53:  10000000 
INFO  @ Sat, 02 Jan 2021 11:26:58:  11000000 
INFO  @ Sat, 02 Jan 2021 11:27:00: #1.2 read input tags... 
INFO  @ Sat, 02 Jan 2021 11:27:00: Detected format is: BAM 
INFO  @ Sat, 02 Jan 2021 11:27:00: * Input file is gzipped. 
INFO  @ Sat, 02 Jan 2021 11:27:05:  1000000 
INFO  @ Sat, 02 Jan 2021 11:27:11:  2000000 
INFO  @ Sat, 02 Jan 2021 11:27:17:  3000000 
INFO  @ Sat, 02 Jan 2021 11:27:22:  4000000 
INFO  @ Sat, 02 Jan 2021 11:27:28:  5000000 
INFO  @ Sat, 02 Jan 2021 11:27:30: #1 tag size is determined as 48 bps 
INFO  @ Sat, 02 Jan 2021 11:27:30: #1 tag size = 48 
INFO  @ Sat, 02 Jan 2021 11:27:30: #1  total tags in treatment: 10720016 
INFO  @ Sat, 02 Jan 2021 11:27:30: #1 user defined the maximum tags... 
INFO  @ Sat, 02 Jan 2021 11:27:30: #1 filter out redundant tags at the same location and the same strand by allowing at most 1 tag(s) 
INFO  @ Sat, 02 Jan 2021 11:27:30: #1  tags after filtering in treatment: 10720016 
INFO  @ Sat, 02 Jan 2021 11:27:30: #1  Redundant rate of treatment: 0.00 
INFO  @ Sat, 02 Jan 2021 11:27:30: #1  total tags in control: 5165098 
INFO  @ Sat, 02 Jan 2021 11:27:30: #1 user defined the maximum tags... 
INFO  @ Sat, 02 Jan 2021 11:27:30: #1 filter out redundant tags at the same location and the same strand by allowing at most 1 tag(s) 
INFO  @ Sat, 02 Jan 2021 11:27:30: #1  tags after filtering in control: 5165097 
INFO  @ Sat, 02 Jan 2021 11:27:30: #1  Redundant rate of control: 0.00 
INFO  @ Sat, 02 Jan 2021 11:27:30: #1 finished! 
INFO  @ Sat, 02 Jan 2021 11:27:30: #2 Build Peak Model... 
INFO  @ Sat, 02 Jan 2021 11:27:30: #2 Skipped... 
INFO  @ Sat, 02 Jan 2021 11:27:30: #2 Use 147 as fragment length 
INFO  @ Sat, 02 Jan 2021 11:27:30: #3 Call peaks... 
INFO  @ Sat, 02 Jan 2021 11:27:30: #3 Call broad peaks with given level1 -log10qvalue cutoff and level2: 1.301030, 1.000000... 
INFO  @ Sat, 02 Jan 2021 11:27:30: #3 Pre-compute pvalue-qvalue table... 
INFO  @ Sat, 02 Jan 2021 11:28:05: #3 Call peaks for each chromosome... 
INFO  @ Sat, 02 Jan 2021 11:28:49: #4 Write output xls file... /gpfs/group/pipkin/hdiao/T_Cell_ChIP/2_MACS2_broad/2017_PNAS_Li___H3K27Ac_IL2-IN1-deletion-CD4_peaks.xls 
INFO  @ Sat, 02 Jan 2021 11:28:49: #4 Write broad peak in broadPeak format file... /gpfs/group/pipkin/hdiao/T_Cell_ChIP/2_MACS2_broad/2017_PNAS_Li___H3K27Ac_IL2-IN1-deletion-CD4_peaks.broadPeak 
INFO  @ Sat, 02 Jan 2021 11:28:50: #4 Write broad peak in bed12/gappedPeak format file... /gpfs/group/pipkin/hdiao/T_Cell_ChIP/2_MACS2_broad/2017_PNAS_Li___H3K27Ac_IL2-IN1-deletion-CD4_peaks.gappedPeak 
INFO  @ Sat, 02 Jan 2021 11:28:50: Done! 
