INFO  @ Sat, 02 Jan 2021 11:20:46: 
# Command line: callpeak -t SRR955610_srt_dupr_flb.bam SRR955611_srt_dupr_flb.bam -c SRR955612_srt_dupr_flb.bam SRR955613_srt_dupr_flb.bam -g mm -B --SPMR --nomodel --extsize 147 --call-summits -n 2013_PLOS_ONE_Lotem___Runx3_invitro-Il2-CD8 --outdir /gpfs/group/pipkin/hdiao/T_Cell_ChIP/2_MACS2
# ARGUMENTS LIST:
# name = 2013_PLOS_ONE_Lotem___Runx3_invitro-Il2-CD8
# format = AUTO
# ChIP-seq file = ['SRR955610_srt_dupr_flb.bam', 'SRR955611_srt_dupr_flb.bam']
# control file = ['SRR955612_srt_dupr_flb.bam', 'SRR955613_srt_dupr_flb.bam']
# effective genome size = 1.87e+09
# band width = 300
# model fold = [5, 50]
# qvalue cutoff = 5.00e-02
# Larger dataset will be scaled towards smaller dataset.
# Range for calculating regional lambda is: 1000 bps and 10000 bps
# Broad region calling is off
# Searching for subpeak summits is on
# MACS will save fragment pileup signal per million reads
 
INFO  @ Sat, 02 Jan 2021 11:20:46: #1 read tag files... 
INFO  @ Sat, 02 Jan 2021 11:20:46: #1 read treatment tags... 
INFO  @ Sat, 02 Jan 2021 11:20:46: Detected format is: BAM 
INFO  @ Sat, 02 Jan 2021 11:20:46: * Input file is gzipped. 
INFO  @ Sat, 02 Jan 2021 11:20:53:  1000000 
INFO  @ Sat, 02 Jan 2021 11:20:59:  2000000 
INFO  @ Sat, 02 Jan 2021 11:21:06:  3000000 
INFO  @ Sat, 02 Jan 2021 11:21:13:  4000000 
INFO  @ Sat, 02 Jan 2021 11:21:15: Detected format is: BAM 
INFO  @ Sat, 02 Jan 2021 11:21:15: * Input file is gzipped. 
INFO  @ Sat, 02 Jan 2021 11:21:22:  1000000 
INFO  @ Sat, 02 Jan 2021 11:21:29:  2000000 
INFO  @ Sat, 02 Jan 2021 11:21:36:  3000000 
INFO  @ Sat, 02 Jan 2021 11:21:44:  4000000 
INFO  @ Sat, 02 Jan 2021 11:21:51:  5000000 
INFO  @ Sat, 02 Jan 2021 11:21:52: #1.2 read input tags... 
INFO  @ Sat, 02 Jan 2021 11:21:52: Detected format is: BAM 
INFO  @ Sat, 02 Jan 2021 11:21:52: * Input file is gzipped. 
INFO  @ Sat, 02 Jan 2021 11:22:00:  1000000 
INFO  @ Sat, 02 Jan 2021 11:22:07:  2000000 
INFO  @ Sat, 02 Jan 2021 11:22:10: Detected format is: BAM 
INFO  @ Sat, 02 Jan 2021 11:22:10: * Input file is gzipped. 
INFO  @ Sat, 02 Jan 2021 11:22:19:  1000000 
INFO  @ Sat, 02 Jan 2021 11:22:27:  2000000 
INFO  @ Sat, 02 Jan 2021 11:22:36:  3000000 
INFO  @ Sat, 02 Jan 2021 11:22:43:  4000000 
INFO  @ Sat, 02 Jan 2021 11:22:52:  5000000 
INFO  @ Sat, 02 Jan 2021 11:22:53: #1 tag size is determined as 35 bps 
INFO  @ Sat, 02 Jan 2021 11:22:53: #1 tag size = 35 
INFO  @ Sat, 02 Jan 2021 11:22:53: #1  total tags in treatment: 8865392 
INFO  @ Sat, 02 Jan 2021 11:22:53: #1 user defined the maximum tags... 
INFO  @ Sat, 02 Jan 2021 11:22:53: #1 filter out redundant tags at the same location and the same strand by allowing at most 1 tag(s) 
INFO  @ Sat, 02 Jan 2021 11:22:53: #1  tags after filtering in treatment: 8811730 
INFO  @ Sat, 02 Jan 2021 11:22:53: #1  Redundant rate of treatment: 0.01 
INFO  @ Sat, 02 Jan 2021 11:22:53: #1  total tags in control: 7298248 
INFO  @ Sat, 02 Jan 2021 11:22:53: #1 user defined the maximum tags... 
INFO  @ Sat, 02 Jan 2021 11:22:53: #1 filter out redundant tags at the same location and the same strand by allowing at most 1 tag(s) 
INFO  @ Sat, 02 Jan 2021 11:22:53: #1  tags after filtering in control: 7254401 
INFO  @ Sat, 02 Jan 2021 11:22:53: #1  Redundant rate of control: 0.01 
INFO  @ Sat, 02 Jan 2021 11:22:53: #1 finished! 
INFO  @ Sat, 02 Jan 2021 11:22:53: #2 Build Peak Model... 
INFO  @ Sat, 02 Jan 2021 11:22:53: #2 Skipped... 
INFO  @ Sat, 02 Jan 2021 11:22:53: #2 Use 147 as fragment length 
INFO  @ Sat, 02 Jan 2021 11:22:53: #3 Call peaks... 
INFO  @ Sat, 02 Jan 2021 11:22:53: #3 Going to call summits inside each peak ... 
INFO  @ Sat, 02 Jan 2021 11:22:53: #3 Pre-compute pvalue-qvalue table... 
INFO  @ Sat, 02 Jan 2021 11:23:39: #3 In the peak calling step, the following will be performed simultaneously: 
INFO  @ Sat, 02 Jan 2021 11:23:39: #3   Write bedGraph files for treatment pileup (after scaling if necessary)... 2013_PLOS_ONE_Lotem___Runx3_invitro-Il2-CD8_treat_pileup.bdg 
INFO  @ Sat, 02 Jan 2021 11:23:39: #3   Write bedGraph files for control lambda (after scaling if necessary)... 2013_PLOS_ONE_Lotem___Runx3_invitro-Il2-CD8_control_lambda.bdg 
INFO  @ Sat, 02 Jan 2021 11:23:39: #3   --SPMR is requested, so pileup will be normalized by sequencing depth in million reads. 
INFO  @ Sat, 02 Jan 2021 11:23:39: #3 Call peaks for each chromosome... 
INFO  @ Sat, 02 Jan 2021 11:26:06: #4 Write output xls file... /gpfs/group/pipkin/hdiao/T_Cell_ChIP/2_MACS2/2013_PLOS_ONE_Lotem___Runx3_invitro-Il2-CD8_peaks.xls 
INFO  @ Sat, 02 Jan 2021 11:26:06: #4 Write peak in narrowPeak format file... /gpfs/group/pipkin/hdiao/T_Cell_ChIP/2_MACS2/2013_PLOS_ONE_Lotem___Runx3_invitro-Il2-CD8_peaks.narrowPeak 
INFO  @ Sat, 02 Jan 2021 11:26:07: #4 Write summits bed file... /gpfs/group/pipkin/hdiao/T_Cell_ChIP/2_MACS2/2013_PLOS_ONE_Lotem___Runx3_invitro-Il2-CD8_summits.bed 
INFO  @ Sat, 02 Jan 2021 11:26:07: Done! 
