INFO  @ Sat, 02 Jan 2021 11:20:46: 
# Command line: callpeak -t SRR1124801_srt_dupr_flb.bam -c SRR1124815_srt_dupr_flb.bam SRR1124816_srt_dupr_flb.bam SRR1124817_srt_dupr_flb.bam -g mm -B --SPMR --nomodel --extsize 147 --call-summits -n 2014_NAT_IMMUNOL_Kurachi___JunD-invitro-d3-CD8 --outdir /gpfs/group/pipkin/hdiao/T_Cell_ChIP/2_MACS2
# ARGUMENTS LIST:
# name = 2014_NAT_IMMUNOL_Kurachi___JunD-invitro-d3-CD8
# format = AUTO
# ChIP-seq file = ['SRR1124801_srt_dupr_flb.bam']
# control file = ['SRR1124815_srt_dupr_flb.bam', 'SRR1124816_srt_dupr_flb.bam', 'SRR1124817_srt_dupr_flb.bam']
# effective genome size = 1.87e+09
# band width = 300
# model fold = [5, 50]
# qvalue cutoff = 5.00e-02
# Larger dataset will be scaled towards smaller dataset.
# Range for calculating regional lambda is: 1000 bps and 10000 bps
# Broad region calling is off
# Searching for subpeak summits is on
# MACS will save fragment pileup signal per million reads
 
INFO  @ Sat, 02 Jan 2021 11:20:46: #1 read tag files... 
INFO  @ Sat, 02 Jan 2021 11:20:46: #1 read treatment tags... 
INFO  @ Sat, 02 Jan 2021 11:20:46: Detected format is: BAM 
INFO  @ Sat, 02 Jan 2021 11:20:46: * Input file is gzipped. 
INFO  @ Sat, 02 Jan 2021 11:20:55:  1000000 
INFO  @ Sat, 02 Jan 2021 11:21:05:  2000000 
INFO  @ Sat, 02 Jan 2021 11:21:14:  3000000 
INFO  @ Sat, 02 Jan 2021 11:21:22:  4000000 
INFO  @ Sat, 02 Jan 2021 11:21:31:  5000000 
INFO  @ Sat, 02 Jan 2021 11:21:39:  6000000 
INFO  @ Sat, 02 Jan 2021 11:21:48:  7000000 
INFO  @ Sat, 02 Jan 2021 11:21:56:  8000000 
INFO  @ Sat, 02 Jan 2021 11:22:05:  9000000 
INFO  @ Sat, 02 Jan 2021 11:22:14:  10000000 
INFO  @ Sat, 02 Jan 2021 11:22:23:  11000000 
INFO  @ Sat, 02 Jan 2021 11:22:32:  12000000 
INFO  @ Sat, 02 Jan 2021 11:22:40:  13000000 
INFO  @ Sat, 02 Jan 2021 11:22:48:  14000000 
INFO  @ Sat, 02 Jan 2021 11:22:57:  15000000 
INFO  @ Sat, 02 Jan 2021 11:23:05:  16000000 
INFO  @ Sat, 02 Jan 2021 11:23:13:  17000000 
INFO  @ Sat, 02 Jan 2021 11:23:22:  18000000 
INFO  @ Sat, 02 Jan 2021 11:23:31:  19000000 
INFO  @ Sat, 02 Jan 2021 11:23:38:  20000000 
INFO  @ Sat, 02 Jan 2021 11:23:47:  21000000 
INFO  @ Sat, 02 Jan 2021 11:23:55:  22000000 
INFO  @ Sat, 02 Jan 2021 11:24:03:  23000000 
INFO  @ Sat, 02 Jan 2021 11:24:09:  24000000 
INFO  @ Sat, 02 Jan 2021 11:24:11: #1.2 read input tags... 
INFO  @ Sat, 02 Jan 2021 11:24:11: Detected format is: BAM 
INFO  @ Sat, 02 Jan 2021 11:24:11: * Input file is gzipped. 
INFO  @ Sat, 02 Jan 2021 11:24:18:  1000000 
INFO  @ Sat, 02 Jan 2021 11:24:26:  2000000 
INFO  @ Sat, 02 Jan 2021 11:24:33:  3000000 
INFO  @ Sat, 02 Jan 2021 11:24:42:  4000000 
INFO  @ Sat, 02 Jan 2021 11:24:49:  5000000 
INFO  @ Sat, 02 Jan 2021 11:24:57:  6000000 
INFO  @ Sat, 02 Jan 2021 11:25:04:  7000000 
INFO  @ Sat, 02 Jan 2021 11:25:11:  8000000 
INFO  @ Sat, 02 Jan 2021 11:25:18:  9000000 
INFO  @ Sat, 02 Jan 2021 11:25:25:  10000000 
INFO  @ Sat, 02 Jan 2021 11:25:32:  11000000 
INFO  @ Sat, 02 Jan 2021 11:25:39:  12000000 
INFO  @ Sat, 02 Jan 2021 11:25:47:  13000000 
INFO  @ Sat, 02 Jan 2021 11:25:54:  14000000 
INFO  @ Sat, 02 Jan 2021 11:26:01:  15000000 
INFO  @ Sat, 02 Jan 2021 11:26:08:  16000000 
INFO  @ Sat, 02 Jan 2021 11:26:16:  17000000 
INFO  @ Sat, 02 Jan 2021 11:26:23:  18000000 
INFO  @ Sat, 02 Jan 2021 11:26:31:  19000000 
INFO  @ Sat, 02 Jan 2021 11:26:38:  20000000 
INFO  @ Sat, 02 Jan 2021 11:26:45:  21000000 
INFO  @ Sat, 02 Jan 2021 11:26:52:  22000000 
INFO  @ Sat, 02 Jan 2021 11:26:59:  23000000 
INFO  @ Sat, 02 Jan 2021 11:27:07:  24000000 
INFO  @ Sat, 02 Jan 2021 11:27:09: Detected format is: BAM 
INFO  @ Sat, 02 Jan 2021 11:27:09: * Input file is gzipped. 
INFO  @ Sat, 02 Jan 2021 11:27:16:  1000000 
INFO  @ Sat, 02 Jan 2021 11:27:23:  2000000 
INFO  @ Sat, 02 Jan 2021 11:27:30:  3000000 
INFO  @ Sat, 02 Jan 2021 11:27:36:  4000000 
INFO  @ Sat, 02 Jan 2021 11:27:43:  5000000 
INFO  @ Sat, 02 Jan 2021 11:27:49:  6000000 
INFO  @ Sat, 02 Jan 2021 11:27:56:  7000000 
INFO  @ Sat, 02 Jan 2021 11:28:02:  8000000 
INFO  @ Sat, 02 Jan 2021 11:28:09:  9000000 
INFO  @ Sat, 02 Jan 2021 11:28:15:  10000000 
INFO  @ Sat, 02 Jan 2021 11:28:21:  11000000 
INFO  @ Sat, 02 Jan 2021 11:28:28:  12000000 
INFO  @ Sat, 02 Jan 2021 11:28:35:  13000000 
INFO  @ Sat, 02 Jan 2021 11:28:42:  14000000 
INFO  @ Sat, 02 Jan 2021 11:28:48:  15000000 
INFO  @ Sat, 02 Jan 2021 11:28:55:  16000000 
INFO  @ Sat, 02 Jan 2021 11:29:01:  17000000 
INFO  @ Sat, 02 Jan 2021 11:29:08:  18000000 
INFO  @ Sat, 02 Jan 2021 11:29:15:  19000000 
INFO  @ Sat, 02 Jan 2021 11:29:21:  20000000 
INFO  @ Sat, 02 Jan 2021 11:29:28:  21000000 
INFO  @ Sat, 02 Jan 2021 11:29:34:  22000000 
INFO  @ Sat, 02 Jan 2021 11:29:41:  23000000 
INFO  @ Sat, 02 Jan 2021 11:29:47:  24000000 
INFO  @ Sat, 02 Jan 2021 11:29:54:  25000000 
INFO  @ Sat, 02 Jan 2021 11:30:00:  26000000 
INFO  @ Sat, 02 Jan 2021 11:30:07:  27000000 
INFO  @ Sat, 02 Jan 2021 11:30:13:  28000000 
INFO  @ Sat, 02 Jan 2021 11:30:20:  29000000 
INFO  @ Sat, 02 Jan 2021 11:30:27:  30000000 
INFO  @ Sat, 02 Jan 2021 11:30:33:  31000000 
INFO  @ Sat, 02 Jan 2021 11:30:40:  32000000 
INFO  @ Sat, 02 Jan 2021 11:30:47:  33000000 
INFO  @ Sat, 02 Jan 2021 11:30:54:  34000000 
INFO  @ Sat, 02 Jan 2021 11:31:01:  35000000 
INFO  @ Sat, 02 Jan 2021 11:31:07:  36000000 
INFO  @ Sat, 02 Jan 2021 11:31:14:  37000000 
INFO  @ Sat, 02 Jan 2021 11:31:21:  38000000 
INFO  @ Sat, 02 Jan 2021 11:31:27:  39000000 
INFO  @ Sat, 02 Jan 2021 11:31:34:  40000000 
INFO  @ Sat, 02 Jan 2021 11:31:40:  41000000 
INFO  @ Sat, 02 Jan 2021 11:31:47:  42000000 
INFO  @ Sat, 02 Jan 2021 11:31:53:  43000000 
INFO  @ Sat, 02 Jan 2021 11:31:56: Detected format is: BAM 
INFO  @ Sat, 02 Jan 2021 11:31:56: * Input file is gzipped. 
INFO  @ Sat, 02 Jan 2021 11:32:03:  1000000 
INFO  @ Sat, 02 Jan 2021 11:32:10:  2000000 
INFO  @ Sat, 02 Jan 2021 11:32:16:  3000000 
INFO  @ Sat, 02 Jan 2021 11:32:22:  4000000 
INFO  @ Sat, 02 Jan 2021 11:32:29:  5000000 
INFO  @ Sat, 02 Jan 2021 11:32:35:  6000000 
INFO  @ Sat, 02 Jan 2021 11:32:42:  7000000 
INFO  @ Sat, 02 Jan 2021 11:32:48:  8000000 
INFO  @ Sat, 02 Jan 2021 11:32:55:  9000000 
INFO  @ Sat, 02 Jan 2021 11:33:02:  10000000 
INFO  @ Sat, 02 Jan 2021 11:33:08:  11000000 
INFO  @ Sat, 02 Jan 2021 11:33:14:  12000000 
INFO  @ Sat, 02 Jan 2021 11:33:21:  13000000 
INFO  @ Sat, 02 Jan 2021 11:33:27:  14000000 
INFO  @ Sat, 02 Jan 2021 11:33:34:  15000000 
INFO  @ Sat, 02 Jan 2021 11:33:40:  16000000 
INFO  @ Sat, 02 Jan 2021 11:33:47:  17000000 
INFO  @ Sat, 02 Jan 2021 11:33:53:  18000000 
INFO  @ Sat, 02 Jan 2021 11:34:00:  19000000 
INFO  @ Sat, 02 Jan 2021 11:34:07:  20000000 
INFO  @ Sat, 02 Jan 2021 11:34:13:  21000000 
INFO  @ Sat, 02 Jan 2021 11:34:20:  22000000 
INFO  @ Sat, 02 Jan 2021 11:34:26:  23000000 
INFO  @ Sat, 02 Jan 2021 11:34:33:  24000000 
INFO  @ Sat, 02 Jan 2021 11:34:39:  25000000 
INFO  @ Sat, 02 Jan 2021 11:34:46:  26000000 
INFO  @ Sat, 02 Jan 2021 11:34:53:  27000000 
INFO  @ Sat, 02 Jan 2021 11:34:59:  28000000 
INFO  @ Sat, 02 Jan 2021 11:35:06:  29000000 
INFO  @ Sat, 02 Jan 2021 11:35:12:  30000000 
INFO  @ Sat, 02 Jan 2021 11:35:19:  31000000 
INFO  @ Sat, 02 Jan 2021 11:35:25:  32000000 
INFO  @ Sat, 02 Jan 2021 11:35:32:  33000000 
INFO  @ Sat, 02 Jan 2021 11:35:38:  34000000 
INFO  @ Sat, 02 Jan 2021 11:35:45:  35000000 
INFO  @ Sat, 02 Jan 2021 11:35:52:  36000000 
INFO  @ Sat, 02 Jan 2021 11:35:58:  37000000 
INFO  @ Sat, 02 Jan 2021 11:36:05:  38000000 
INFO  @ Sat, 02 Jan 2021 11:36:12:  39000000 
INFO  @ Sat, 02 Jan 2021 11:36:18:  40000000 
INFO  @ Sat, 02 Jan 2021 11:36:23:  41000000 
INFO  @ Sat, 02 Jan 2021 11:36:28: #1 tag size is determined as 50 bps 
INFO  @ Sat, 02 Jan 2021 11:36:28: #1 tag size = 50 
INFO  @ Sat, 02 Jan 2021 11:36:28: #1  total tags in treatment: 23254557 
INFO  @ Sat, 02 Jan 2021 11:36:28: #1 user defined the maximum tags... 
INFO  @ Sat, 02 Jan 2021 11:36:28: #1 filter out redundant tags at the same location and the same strand by allowing at most 1 tag(s) 
INFO  @ Sat, 02 Jan 2021 11:36:29: #1  tags after filtering in treatment: 23254557 
INFO  @ Sat, 02 Jan 2021 11:36:29: #1  Redundant rate of treatment: 0.00 
INFO  @ Sat, 02 Jan 2021 11:36:29: #1  total tags in control: 107707849 
INFO  @ Sat, 02 Jan 2021 11:36:29: #1 user defined the maximum tags... 
INFO  @ Sat, 02 Jan 2021 11:36:29: #1 filter out redundant tags at the same location and the same strand by allowing at most 1 tag(s) 
INFO  @ Sat, 02 Jan 2021 11:36:32: #1  tags after filtering in control: 106501475 
INFO  @ Sat, 02 Jan 2021 11:36:32: #1  Redundant rate of control: 0.01 
INFO  @ Sat, 02 Jan 2021 11:36:32: #1 finished! 
INFO  @ Sat, 02 Jan 2021 11:36:32: #2 Build Peak Model... 
INFO  @ Sat, 02 Jan 2021 11:36:32: #2 Skipped... 
INFO  @ Sat, 02 Jan 2021 11:36:32: #2 Use 147 as fragment length 
INFO  @ Sat, 02 Jan 2021 11:36:32: #3 Call peaks... 
INFO  @ Sat, 02 Jan 2021 11:36:32: #3 Going to call summits inside each peak ... 
INFO  @ Sat, 02 Jan 2021 11:36:32: #3 Pre-compute pvalue-qvalue table... 
INFO  @ Sat, 02 Jan 2021 11:45:51: #3 In the peak calling step, the following will be performed simultaneously: 
INFO  @ Sat, 02 Jan 2021 11:45:51: #3   Write bedGraph files for treatment pileup (after scaling if necessary)... 2014_NAT_IMMUNOL_Kurachi___JunD-invitro-d3-CD8_treat_pileup.bdg 
INFO  @ Sat, 02 Jan 2021 11:45:51: #3   Write bedGraph files for control lambda (after scaling if necessary)... 2014_NAT_IMMUNOL_Kurachi___JunD-invitro-d3-CD8_control_lambda.bdg 
INFO  @ Sat, 02 Jan 2021 11:45:51: #3   --SPMR is requested, so pileup will be normalized by sequencing depth in million reads. 
INFO  @ Sat, 02 Jan 2021 11:45:51: #3 Call peaks for each chromosome... 
INFO  @ Sat, 02 Jan 2021 11:57:05: #4 Write output xls file... /gpfs/group/pipkin/hdiao/T_Cell_ChIP/2_MACS2/2014_NAT_IMMUNOL_Kurachi___JunD-invitro-d3-CD8_peaks.xls 
INFO  @ Sat, 02 Jan 2021 11:57:05: #4 Write peak in narrowPeak format file... /gpfs/group/pipkin/hdiao/T_Cell_ChIP/2_MACS2/2014_NAT_IMMUNOL_Kurachi___JunD-invitro-d3-CD8_peaks.narrowPeak 
INFO  @ Sat, 02 Jan 2021 11:57:05: #4 Write summits bed file... /gpfs/group/pipkin/hdiao/T_Cell_ChIP/2_MACS2/2014_NAT_IMMUNOL_Kurachi___JunD-invitro-d3-CD8_summits.bed 
INFO  @ Sat, 02 Jan 2021 11:57:05: Done! 
