INFO  @ Sat, 02 Jan 2021 11:20:48: 
# Command line: callpeak -t SRR5217323_srt_dupr_flb.bam -c SRR3586804_srt_dupr_flb.bam -g mm -B --SPMR --nomodel --extsize 147 --call-summits -n 2017_NAT_IMMUNOL_Shan___H3K4Me3_LCMVarmD4-P14-CD8-Runx3KO --outdir /gpfs/group/pipkin/hdiao/T_Cell_ChIP/2_MACS2
# ARGUMENTS LIST:
# name = 2017_NAT_IMMUNOL_Shan___H3K4Me3_LCMVarmD4-P14-CD8-Runx3KO
# format = AUTO
# ChIP-seq file = ['SRR5217323_srt_dupr_flb.bam']
# control file = ['SRR3586804_srt_dupr_flb.bam']
# effective genome size = 1.87e+09
# band width = 300
# model fold = [5, 50]
# qvalue cutoff = 5.00e-02
# Larger dataset will be scaled towards smaller dataset.
# Range for calculating regional lambda is: 1000 bps and 10000 bps
# Broad region calling is off
# Searching for subpeak summits is on
# MACS will save fragment pileup signal per million reads
 
INFO  @ Sat, 02 Jan 2021 11:20:48: #1 read tag files... 
INFO  @ Sat, 02 Jan 2021 11:20:48: #1 read treatment tags... 
INFO  @ Sat, 02 Jan 2021 11:20:48: Detected format is: BAM 
INFO  @ Sat, 02 Jan 2021 11:20:48: * Input file is gzipped. 
INFO  @ Sat, 02 Jan 2021 11:20:55:  1000000 
INFO  @ Sat, 02 Jan 2021 11:21:02:  2000000 
INFO  @ Sat, 02 Jan 2021 11:21:09:  3000000 
INFO  @ Sat, 02 Jan 2021 11:21:16:  4000000 
INFO  @ Sat, 02 Jan 2021 11:21:23:  5000000 
INFO  @ Sat, 02 Jan 2021 11:21:30:  6000000 
INFO  @ Sat, 02 Jan 2021 11:21:37:  7000000 
INFO  @ Sat, 02 Jan 2021 11:21:43:  8000000 
INFO  @ Sat, 02 Jan 2021 11:21:50:  9000000 
INFO  @ Sat, 02 Jan 2021 11:21:57:  10000000 
INFO  @ Sat, 02 Jan 2021 11:22:03:  11000000 
INFO  @ Sat, 02 Jan 2021 11:22:11:  12000000 
INFO  @ Sat, 02 Jan 2021 11:22:18:  13000000 
INFO  @ Sat, 02 Jan 2021 11:22:25:  14000000 
INFO  @ Sat, 02 Jan 2021 11:22:32:  15000000 
INFO  @ Sat, 02 Jan 2021 11:22:38:  16000000 
INFO  @ Sat, 02 Jan 2021 11:22:45:  17000000 
INFO  @ Sat, 02 Jan 2021 11:22:51:  18000000 
INFO  @ Sat, 02 Jan 2021 11:22:58:  19000000 
INFO  @ Sat, 02 Jan 2021 11:23:05:  20000000 
INFO  @ Sat, 02 Jan 2021 11:23:11:  21000000 
INFO  @ Sat, 02 Jan 2021 11:23:18:  22000000 
INFO  @ Sat, 02 Jan 2021 11:23:24:  23000000 
INFO  @ Sat, 02 Jan 2021 11:23:31:  24000000 
INFO  @ Sat, 02 Jan 2021 11:23:37:  25000000 
INFO  @ Sat, 02 Jan 2021 11:23:44:  26000000 
INFO  @ Sat, 02 Jan 2021 11:23:51:  27000000 
INFO  @ Sat, 02 Jan 2021 11:23:57:  28000000 
INFO  @ Sat, 02 Jan 2021 11:24:04:  29000000 
INFO  @ Sat, 02 Jan 2021 11:24:11:  30000000 
INFO  @ Sat, 02 Jan 2021 11:24:18:  31000000 
INFO  @ Sat, 02 Jan 2021 11:24:25:  32000000 
INFO  @ Sat, 02 Jan 2021 11:24:31:  33000000 
INFO  @ Sat, 02 Jan 2021 11:24:38:  34000000 
INFO  @ Sat, 02 Jan 2021 11:24:46:  35000000 
INFO  @ Sat, 02 Jan 2021 11:24:52:  36000000 
INFO  @ Sat, 02 Jan 2021 11:24:57:  37000000 
INFO  @ Sat, 02 Jan 2021 11:25:01:  38000000 
INFO  @ Sat, 02 Jan 2021 11:25:03: #1.2 read input tags... 
INFO  @ Sat, 02 Jan 2021 11:25:03: Detected format is: BAM 
INFO  @ Sat, 02 Jan 2021 11:25:03: * Input file is gzipped. 
INFO  @ Sat, 02 Jan 2021 11:25:10:  1000000 
INFO  @ Sat, 02 Jan 2021 11:25:17:  2000000 
INFO  @ Sat, 02 Jan 2021 11:25:23:  3000000 
INFO  @ Sat, 02 Jan 2021 11:25:30:  4000000 
INFO  @ Sat, 02 Jan 2021 11:25:37:  5000000 
INFO  @ Sat, 02 Jan 2021 11:25:43:  6000000 
INFO  @ Sat, 02 Jan 2021 11:25:50:  7000000 
INFO  @ Sat, 02 Jan 2021 11:25:57:  8000000 
INFO  @ Sat, 02 Jan 2021 11:26:03:  9000000 
INFO  @ Sat, 02 Jan 2021 11:26:10:  10000000 
INFO  @ Sat, 02 Jan 2021 11:26:17:  11000000 
INFO  @ Sat, 02 Jan 2021 11:26:19: #1 tag size is determined as 50 bps 
INFO  @ Sat, 02 Jan 2021 11:26:19: #1 tag size = 50 
INFO  @ Sat, 02 Jan 2021 11:26:19: #1  total tags in treatment: 17444393 
INFO  @ Sat, 02 Jan 2021 11:26:19: #1 user defined the maximum tags... 
INFO  @ Sat, 02 Jan 2021 11:26:19: #1 filter out redundant tags at the same location and the same strand by allowing at most 1 tag(s) 
INFO  @ Sat, 02 Jan 2021 11:26:20: #1  tags after filtering in treatment: 17444393 
INFO  @ Sat, 02 Jan 2021 11:26:20: #1  Redundant rate of treatment: 0.00 
INFO  @ Sat, 02 Jan 2021 11:26:20: #1  total tags in control: 11276887 
INFO  @ Sat, 02 Jan 2021 11:26:20: #1 user defined the maximum tags... 
INFO  @ Sat, 02 Jan 2021 11:26:20: #1 filter out redundant tags at the same location and the same strand by allowing at most 1 tag(s) 
INFO  @ Sat, 02 Jan 2021 11:26:20: #1  tags after filtering in control: 11276887 
INFO  @ Sat, 02 Jan 2021 11:26:20: #1  Redundant rate of control: 0.00 
INFO  @ Sat, 02 Jan 2021 11:26:20: #1 finished! 
INFO  @ Sat, 02 Jan 2021 11:26:20: #2 Build Peak Model... 
INFO  @ Sat, 02 Jan 2021 11:26:20: #2 Skipped... 
INFO  @ Sat, 02 Jan 2021 11:26:20: #2 Use 147 as fragment length 
INFO  @ Sat, 02 Jan 2021 11:26:20: #3 Call peaks... 
INFO  @ Sat, 02 Jan 2021 11:26:20: #3 Going to call summits inside each peak ... 
INFO  @ Sat, 02 Jan 2021 11:26:20: #3 Pre-compute pvalue-qvalue table... 
INFO  @ Sat, 02 Jan 2021 11:27:36: #3 In the peak calling step, the following will be performed simultaneously: 
INFO  @ Sat, 02 Jan 2021 11:27:36: #3   Write bedGraph files for treatment pileup (after scaling if necessary)... 2017_NAT_IMMUNOL_Shan___H3K4Me3_LCMVarmD4-P14-CD8-Runx3KO_treat_pileup.bdg 
INFO  @ Sat, 02 Jan 2021 11:27:36: #3   Write bedGraph files for control lambda (after scaling if necessary)... 2017_NAT_IMMUNOL_Shan___H3K4Me3_LCMVarmD4-P14-CD8-Runx3KO_control_lambda.bdg 
INFO  @ Sat, 02 Jan 2021 11:27:36: #3   --SPMR is requested, so pileup will be normalized by sequencing depth in million reads. 
INFO  @ Sat, 02 Jan 2021 11:27:36: #3 Call peaks for each chromosome... 
INFO  @ Sat, 02 Jan 2021 11:32:22: #4 Write output xls file... /gpfs/group/pipkin/hdiao/T_Cell_ChIP/2_MACS2/2017_NAT_IMMUNOL_Shan___H3K4Me3_LCMVarmD4-P14-CD8-Runx3KO_peaks.xls 
INFO  @ Sat, 02 Jan 2021 11:32:22: #4 Write peak in narrowPeak format file... /gpfs/group/pipkin/hdiao/T_Cell_ChIP/2_MACS2/2017_NAT_IMMUNOL_Shan___H3K4Me3_LCMVarmD4-P14-CD8-Runx3KO_peaks.narrowPeak 
INFO  @ Sat, 02 Jan 2021 11:32:23: #4 Write summits bed file... /gpfs/group/pipkin/hdiao/T_Cell_ChIP/2_MACS2/2017_NAT_IMMUNOL_Shan___H3K4Me3_LCMVarmD4-P14-CD8-Runx3KO_summits.bed 
INFO  @ Sat, 02 Jan 2021 11:32:23: Done! 
INFO  @ Sat, 02 Jan 2021 11:32:24: 
# Command line: callpeak -t SRR5217323_srt_dupr_flb.bam -c SRR3586804_srt_dupr_flb.bam -g mm --nomodel --extsize 147 --broad -n 2017_NAT_IMMUNOL_Shan___H3K4Me3_LCMVarmD4-P14-CD8-Runx3KO --outdir /gpfs/group/pipkin/hdiao/T_Cell_ChIP/2_MACS2_broad
# ARGUMENTS LIST:
# name = 2017_NAT_IMMUNOL_Shan___H3K4Me3_LCMVarmD4-P14-CD8-Runx3KO
# format = AUTO
# ChIP-seq file = ['SRR5217323_srt_dupr_flb.bam']
# control file = ['SRR3586804_srt_dupr_flb.bam']
# effective genome size = 1.87e+09
# band width = 300
# model fold = [5, 50]
# qvalue cutoff for narrow/strong regions = 5.00e-02
# qvalue cutoff for broad/weak regions = 1.00e-01
# Larger dataset will be scaled towards smaller dataset.
# Range for calculating regional lambda is: 1000 bps and 10000 bps
# Broad region calling is on
 
INFO  @ Sat, 02 Jan 2021 11:32:24: #1 read tag files... 
INFO  @ Sat, 02 Jan 2021 11:32:24: #1 read treatment tags... 
INFO  @ Sat, 02 Jan 2021 11:32:24: Detected format is: BAM 
INFO  @ Sat, 02 Jan 2021 11:32:24: * Input file is gzipped. 
INFO  @ Sat, 02 Jan 2021 11:32:30:  1000000 
INFO  @ Sat, 02 Jan 2021 11:32:36:  2000000 
INFO  @ Sat, 02 Jan 2021 11:32:42:  3000000 
INFO  @ Sat, 02 Jan 2021 11:32:48:  4000000 
INFO  @ Sat, 02 Jan 2021 11:32:53:  5000000 
INFO  @ Sat, 02 Jan 2021 11:32:59:  6000000 
INFO  @ Sat, 02 Jan 2021 11:33:05:  7000000 
INFO  @ Sat, 02 Jan 2021 11:33:11:  8000000 
INFO  @ Sat, 02 Jan 2021 11:33:16:  9000000 
INFO  @ Sat, 02 Jan 2021 11:33:22:  10000000 
INFO  @ Sat, 02 Jan 2021 11:33:27:  11000000 
INFO  @ Sat, 02 Jan 2021 11:33:33:  12000000 
INFO  @ Sat, 02 Jan 2021 11:33:38:  13000000 
INFO  @ Sat, 02 Jan 2021 11:33:44:  14000000 
INFO  @ Sat, 02 Jan 2021 11:33:49:  15000000 
INFO  @ Sat, 02 Jan 2021 11:33:55:  16000000 
INFO  @ Sat, 02 Jan 2021 11:34:00:  17000000 
INFO  @ Sat, 02 Jan 2021 11:34:06:  18000000 
INFO  @ Sat, 02 Jan 2021 11:34:11:  19000000 
INFO  @ Sat, 02 Jan 2021 11:34:17:  20000000 
INFO  @ Sat, 02 Jan 2021 11:34:22:  21000000 
INFO  @ Sat, 02 Jan 2021 11:34:28:  22000000 
INFO  @ Sat, 02 Jan 2021 11:34:33:  23000000 
INFO  @ Sat, 02 Jan 2021 11:34:39:  24000000 
INFO  @ Sat, 02 Jan 2021 11:34:44:  25000000 
INFO  @ Sat, 02 Jan 2021 11:34:50:  26000000 
INFO  @ Sat, 02 Jan 2021 11:34:55:  27000000 
INFO  @ Sat, 02 Jan 2021 11:35:00:  28000000 
INFO  @ Sat, 02 Jan 2021 11:35:06:  29000000 
INFO  @ Sat, 02 Jan 2021 11:35:11:  30000000 
INFO  @ Sat, 02 Jan 2021 11:35:17:  31000000 
INFO  @ Sat, 02 Jan 2021 11:35:22:  32000000 
INFO  @ Sat, 02 Jan 2021 11:35:28:  33000000 
INFO  @ Sat, 02 Jan 2021 11:35:33:  34000000 
INFO  @ Sat, 02 Jan 2021 11:35:39:  35000000 
INFO  @ Sat, 02 Jan 2021 11:35:44:  36000000 
INFO  @ Sat, 02 Jan 2021 11:35:47:  37000000 
INFO  @ Sat, 02 Jan 2021 11:35:51:  38000000 
INFO  @ Sat, 02 Jan 2021 11:35:53: #1.2 read input tags... 
INFO  @ Sat, 02 Jan 2021 11:35:53: Detected format is: BAM 
INFO  @ Sat, 02 Jan 2021 11:35:53: * Input file is gzipped. 
INFO  @ Sat, 02 Jan 2021 11:36:00:  1000000 
INFO  @ Sat, 02 Jan 2021 11:36:07:  2000000 
INFO  @ Sat, 02 Jan 2021 11:36:14:  3000000 
INFO  @ Sat, 02 Jan 2021 11:36:21:  4000000 
INFO  @ Sat, 02 Jan 2021 11:36:28:  5000000 
INFO  @ Sat, 02 Jan 2021 11:36:35:  6000000 
INFO  @ Sat, 02 Jan 2021 11:36:42:  7000000 
INFO  @ Sat, 02 Jan 2021 11:36:49:  8000000 
INFO  @ Sat, 02 Jan 2021 11:36:56:  9000000 
INFO  @ Sat, 02 Jan 2021 11:37:03:  10000000 
INFO  @ Sat, 02 Jan 2021 11:37:10:  11000000 
INFO  @ Sat, 02 Jan 2021 11:37:13: #1 tag size is determined as 50 bps 
INFO  @ Sat, 02 Jan 2021 11:37:13: #1 tag size = 50 
INFO  @ Sat, 02 Jan 2021 11:37:13: #1  total tags in treatment: 17444393 
INFO  @ Sat, 02 Jan 2021 11:37:13: #1 user defined the maximum tags... 
INFO  @ Sat, 02 Jan 2021 11:37:13: #1 filter out redundant tags at the same location and the same strand by allowing at most 1 tag(s) 
INFO  @ Sat, 02 Jan 2021 11:37:13: #1  tags after filtering in treatment: 17444393 
INFO  @ Sat, 02 Jan 2021 11:37:13: #1  Redundant rate of treatment: 0.00 
INFO  @ Sat, 02 Jan 2021 11:37:13: #1  total tags in control: 11276887 
INFO  @ Sat, 02 Jan 2021 11:37:13: #1 user defined the maximum tags... 
INFO  @ Sat, 02 Jan 2021 11:37:13: #1 filter out redundant tags at the same location and the same strand by allowing at most 1 tag(s) 
INFO  @ Sat, 02 Jan 2021 11:37:14: #1  tags after filtering in control: 11276887 
INFO  @ Sat, 02 Jan 2021 11:37:14: #1  Redundant rate of control: 0.00 
INFO  @ Sat, 02 Jan 2021 11:37:14: #1 finished! 
INFO  @ Sat, 02 Jan 2021 11:37:14: #2 Build Peak Model... 
INFO  @ Sat, 02 Jan 2021 11:37:14: #2 Skipped... 
INFO  @ Sat, 02 Jan 2021 11:37:14: #2 Use 147 as fragment length 
INFO  @ Sat, 02 Jan 2021 11:37:14: #3 Call peaks... 
INFO  @ Sat, 02 Jan 2021 11:37:14: #3 Call broad peaks with given level1 -log10qvalue cutoff and level2: 1.301030, 1.000000... 
INFO  @ Sat, 02 Jan 2021 11:37:14: #3 Pre-compute pvalue-qvalue table... 
INFO  @ Sat, 02 Jan 2021 11:38:29: #3 Call peaks for each chromosome... 
INFO  @ Sat, 02 Jan 2021 11:39:53: #4 Write output xls file... /gpfs/group/pipkin/hdiao/T_Cell_ChIP/2_MACS2_broad/2017_NAT_IMMUNOL_Shan___H3K4Me3_LCMVarmD4-P14-CD8-Runx3KO_peaks.xls 
INFO  @ Sat, 02 Jan 2021 11:39:54: #4 Write broad peak in broadPeak format file... /gpfs/group/pipkin/hdiao/T_Cell_ChIP/2_MACS2_broad/2017_NAT_IMMUNOL_Shan___H3K4Me3_LCMVarmD4-P14-CD8-Runx3KO_peaks.broadPeak 
INFO  @ Sat, 02 Jan 2021 11:39:54: #4 Write broad peak in bed12/gappedPeak format file... /gpfs/group/pipkin/hdiao/T_Cell_ChIP/2_MACS2_broad/2017_NAT_IMMUNOL_Shan___H3K4Me3_LCMVarmD4-P14-CD8-Runx3KO_peaks.gappedPeak 
INFO  @ Sat, 02 Jan 2021 11:39:54: Done! 
