INFO  @ Sat, 02 Jan 2021 11:20:46: 
# Command line: callpeak -t SRR1124795_srt_dupr_flb.bam SRR1124796_srt_dupr_flb.bam -c SRR1124815_srt_dupr_flb.bam SRR1124816_srt_dupr_flb.bam SRR1124817_srt_dupr_flb.bam -g mm -B --SPMR --nomodel --extsize 147 --call-summits -n 2014_NAT_IMMUNOL_Kurachi___BATF-invitro-d3-CD8 --outdir /gpfs/group/pipkin/hdiao/T_Cell_ChIP/2_MACS2
# ARGUMENTS LIST:
# name = 2014_NAT_IMMUNOL_Kurachi___BATF-invitro-d3-CD8
# format = AUTO
# ChIP-seq file = ['SRR1124795_srt_dupr_flb.bam', 'SRR1124796_srt_dupr_flb.bam']
# control file = ['SRR1124815_srt_dupr_flb.bam', 'SRR1124816_srt_dupr_flb.bam', 'SRR1124817_srt_dupr_flb.bam']
# effective genome size = 1.87e+09
# band width = 300
# model fold = [5, 50]
# qvalue cutoff = 5.00e-02
# Larger dataset will be scaled towards smaller dataset.
# Range for calculating regional lambda is: 1000 bps and 10000 bps
# Broad region calling is off
# Searching for subpeak summits is on
# MACS will save fragment pileup signal per million reads
 
INFO  @ Sat, 02 Jan 2021 11:20:46: #1 read tag files... 
INFO  @ Sat, 02 Jan 2021 11:20:46: #1 read treatment tags... 
INFO  @ Sat, 02 Jan 2021 11:20:46: Detected format is: BAM 
INFO  @ Sat, 02 Jan 2021 11:20:46: * Input file is gzipped. 
INFO  @ Sat, 02 Jan 2021 11:20:54:  1000000 
INFO  @ Sat, 02 Jan 2021 11:21:02:  2000000 
INFO  @ Sat, 02 Jan 2021 11:21:11:  3000000 
INFO  @ Sat, 02 Jan 2021 11:21:18:  4000000 
INFO  @ Sat, 02 Jan 2021 11:21:26:  5000000 
INFO  @ Sat, 02 Jan 2021 11:21:34:  6000000 
INFO  @ Sat, 02 Jan 2021 11:21:42:  7000000 
INFO  @ Sat, 02 Jan 2021 11:21:50:  8000000 
INFO  @ Sat, 02 Jan 2021 11:21:58:  9000000 
INFO  @ Sat, 02 Jan 2021 11:22:07:  10000000 
INFO  @ Sat, 02 Jan 2021 11:22:15:  11000000 
INFO  @ Sat, 02 Jan 2021 11:22:23:  12000000 
INFO  @ Sat, 02 Jan 2021 11:22:31:  13000000 
INFO  @ Sat, 02 Jan 2021 11:22:39:  14000000 
INFO  @ Sat, 02 Jan 2021 11:22:46:  15000000 
INFO  @ Sat, 02 Jan 2021 11:22:53:  16000000 
INFO  @ Sat, 02 Jan 2021 11:23:01:  17000000 
INFO  @ Sat, 02 Jan 2021 11:23:08:  18000000 
INFO  @ Sat, 02 Jan 2021 11:23:16:  19000000 
INFO  @ Sat, 02 Jan 2021 11:23:24:  20000000 
INFO  @ Sat, 02 Jan 2021 11:23:32:  21000000 
INFO  @ Sat, 02 Jan 2021 11:23:40:  22000000 
INFO  @ Sat, 02 Jan 2021 11:23:45:  23000000 
INFO  @ Sat, 02 Jan 2021 11:23:47: Detected format is: BAM 
INFO  @ Sat, 02 Jan 2021 11:23:47: * Input file is gzipped. 
INFO  @ Sat, 02 Jan 2021 11:23:55:  1000000 
INFO  @ Sat, 02 Jan 2021 11:24:03:  2000000 
INFO  @ Sat, 02 Jan 2021 11:24:11:  3000000 
INFO  @ Sat, 02 Jan 2021 11:24:18:  4000000 
INFO  @ Sat, 02 Jan 2021 11:24:25:  5000000 
INFO  @ Sat, 02 Jan 2021 11:24:33:  6000000 
INFO  @ Sat, 02 Jan 2021 11:24:41:  7000000 
INFO  @ Sat, 02 Jan 2021 11:24:48:  8000000 
INFO  @ Sat, 02 Jan 2021 11:24:55:  9000000 
INFO  @ Sat, 02 Jan 2021 11:25:02:  10000000 
INFO  @ Sat, 02 Jan 2021 11:25:09:  11000000 
INFO  @ Sat, 02 Jan 2021 11:25:16:  12000000 
INFO  @ Sat, 02 Jan 2021 11:25:23:  13000000 
INFO  @ Sat, 02 Jan 2021 11:25:31:  14000000 
INFO  @ Sat, 02 Jan 2021 11:25:38:  15000000 
INFO  @ Sat, 02 Jan 2021 11:25:45:  16000000 
INFO  @ Sat, 02 Jan 2021 11:25:52:  17000000 
INFO  @ Sat, 02 Jan 2021 11:25:59:  18000000 
INFO  @ Sat, 02 Jan 2021 11:26:05:  19000000 
INFO  @ Sat, 02 Jan 2021 11:26:13:  20000000 
INFO  @ Sat, 02 Jan 2021 11:26:20:  21000000 
INFO  @ Sat, 02 Jan 2021 11:26:27:  22000000 
INFO  @ Sat, 02 Jan 2021 11:26:34:  23000000 
INFO  @ Sat, 02 Jan 2021 11:26:41:  24000000 
INFO  @ Sat, 02 Jan 2021 11:26:48:  25000000 
INFO  @ Sat, 02 Jan 2021 11:26:55:  26000000 
INFO  @ Sat, 02 Jan 2021 11:27:02:  27000000 
INFO  @ Sat, 02 Jan 2021 11:27:09:  28000000 
INFO  @ Sat, 02 Jan 2021 11:27:16:  29000000 
INFO  @ Sat, 02 Jan 2021 11:27:23:  30000000 
INFO  @ Sat, 02 Jan 2021 11:27:30:  31000000 
INFO  @ Sat, 02 Jan 2021 11:27:37:  32000000 
INFO  @ Sat, 02 Jan 2021 11:27:44:  33000000 
INFO  @ Sat, 02 Jan 2021 11:27:50:  34000000 
INFO  @ Sat, 02 Jan 2021 11:27:56: #1.2 read input tags... 
INFO  @ Sat, 02 Jan 2021 11:27:56: Detected format is: BAM 
INFO  @ Sat, 02 Jan 2021 11:27:56: * Input file is gzipped. 
INFO  @ Sat, 02 Jan 2021 11:28:02:  1000000 
INFO  @ Sat, 02 Jan 2021 11:28:09:  2000000 
INFO  @ Sat, 02 Jan 2021 11:28:15:  3000000 
INFO  @ Sat, 02 Jan 2021 11:28:22:  4000000 
INFO  @ Sat, 02 Jan 2021 11:28:28:  5000000 
INFO  @ Sat, 02 Jan 2021 11:28:34:  6000000 
INFO  @ Sat, 02 Jan 2021 11:28:40:  7000000 
INFO  @ Sat, 02 Jan 2021 11:28:46:  8000000 
INFO  @ Sat, 02 Jan 2021 11:28:52:  9000000 
INFO  @ Sat, 02 Jan 2021 11:28:58:  10000000 
INFO  @ Sat, 02 Jan 2021 11:29:03:  11000000 
INFO  @ Sat, 02 Jan 2021 11:29:09:  12000000 
INFO  @ Sat, 02 Jan 2021 11:29:15:  13000000 
INFO  @ Sat, 02 Jan 2021 11:29:21:  14000000 
INFO  @ Sat, 02 Jan 2021 11:29:27:  15000000 
INFO  @ Sat, 02 Jan 2021 11:29:33:  16000000 
INFO  @ Sat, 02 Jan 2021 11:29:39:  17000000 
INFO  @ Sat, 02 Jan 2021 11:29:44:  18000000 
INFO  @ Sat, 02 Jan 2021 11:29:50:  19000000 
INFO  @ Sat, 02 Jan 2021 11:29:56:  20000000 
INFO  @ Sat, 02 Jan 2021 11:30:02:  21000000 
INFO  @ Sat, 02 Jan 2021 11:30:08:  22000000 
INFO  @ Sat, 02 Jan 2021 11:30:14:  23000000 
INFO  @ Sat, 02 Jan 2021 11:30:20:  24000000 
INFO  @ Sat, 02 Jan 2021 11:30:21: Detected format is: BAM 
INFO  @ Sat, 02 Jan 2021 11:30:21: * Input file is gzipped. 
INFO  @ Sat, 02 Jan 2021 11:30:27:  1000000 
INFO  @ Sat, 02 Jan 2021 11:30:33:  2000000 
INFO  @ Sat, 02 Jan 2021 11:30:39:  3000000 
INFO  @ Sat, 02 Jan 2021 11:30:44:  4000000 
INFO  @ Sat, 02 Jan 2021 11:30:50:  5000000 
INFO  @ Sat, 02 Jan 2021 11:30:56:  6000000 
INFO  @ Sat, 02 Jan 2021 11:31:02:  7000000 
INFO  @ Sat, 02 Jan 2021 11:31:08:  8000000 
INFO  @ Sat, 02 Jan 2021 11:31:13:  9000000 
INFO  @ Sat, 02 Jan 2021 11:31:19:  10000000 
INFO  @ Sat, 02 Jan 2021 11:31:25:  11000000 
INFO  @ Sat, 02 Jan 2021 11:31:31:  12000000 
INFO  @ Sat, 02 Jan 2021 11:31:36:  13000000 
INFO  @ Sat, 02 Jan 2021 11:31:42:  14000000 
INFO  @ Sat, 02 Jan 2021 11:31:48:  15000000 
INFO  @ Sat, 02 Jan 2021 11:31:54:  16000000 
INFO  @ Sat, 02 Jan 2021 11:32:00:  17000000 
INFO  @ Sat, 02 Jan 2021 11:32:06:  18000000 
INFO  @ Sat, 02 Jan 2021 11:32:12:  19000000 
INFO  @ Sat, 02 Jan 2021 11:32:18:  20000000 
INFO  @ Sat, 02 Jan 2021 11:32:25:  21000000 
INFO  @ Sat, 02 Jan 2021 11:32:31:  22000000 
INFO  @ Sat, 02 Jan 2021 11:32:37:  23000000 
INFO  @ Sat, 02 Jan 2021 11:32:43:  24000000 
INFO  @ Sat, 02 Jan 2021 11:32:49:  25000000 
INFO  @ Sat, 02 Jan 2021 11:32:55:  26000000 
INFO  @ Sat, 02 Jan 2021 11:33:02:  27000000 
INFO  @ Sat, 02 Jan 2021 11:33:08:  28000000 
INFO  @ Sat, 02 Jan 2021 11:33:14:  29000000 
INFO  @ Sat, 02 Jan 2021 11:33:21:  30000000 
INFO  @ Sat, 02 Jan 2021 11:33:27:  31000000 
INFO  @ Sat, 02 Jan 2021 11:33:34:  32000000 
INFO  @ Sat, 02 Jan 2021 11:33:40:  33000000 
INFO  @ Sat, 02 Jan 2021 11:33:46:  34000000 
INFO  @ Sat, 02 Jan 2021 11:33:53:  35000000 
INFO  @ Sat, 02 Jan 2021 11:33:59:  36000000 
INFO  @ Sat, 02 Jan 2021 11:34:05:  37000000 
INFO  @ Sat, 02 Jan 2021 11:34:12:  38000000 
INFO  @ Sat, 02 Jan 2021 11:34:18:  39000000 
INFO  @ Sat, 02 Jan 2021 11:34:24:  40000000 
INFO  @ Sat, 02 Jan 2021 11:34:31:  41000000 
INFO  @ Sat, 02 Jan 2021 11:34:37:  42000000 
INFO  @ Sat, 02 Jan 2021 11:34:43:  43000000 
INFO  @ Sat, 02 Jan 2021 11:34:46: Detected format is: BAM 
INFO  @ Sat, 02 Jan 2021 11:34:46: * Input file is gzipped. 
INFO  @ Sat, 02 Jan 2021 11:34:52:  1000000 
INFO  @ Sat, 02 Jan 2021 11:34:59:  2000000 
INFO  @ Sat, 02 Jan 2021 11:35:05:  3000000 
INFO  @ Sat, 02 Jan 2021 11:35:12:  4000000 
INFO  @ Sat, 02 Jan 2021 11:35:18:  5000000 
INFO  @ Sat, 02 Jan 2021 11:35:24:  6000000 
INFO  @ Sat, 02 Jan 2021 11:35:31:  7000000 
INFO  @ Sat, 02 Jan 2021 11:35:37:  8000000 
INFO  @ Sat, 02 Jan 2021 11:35:43:  9000000 
INFO  @ Sat, 02 Jan 2021 11:35:50:  10000000 
INFO  @ Sat, 02 Jan 2021 11:35:56:  11000000 
INFO  @ Sat, 02 Jan 2021 11:36:02:  12000000 
INFO  @ Sat, 02 Jan 2021 11:36:09:  13000000 
INFO  @ Sat, 02 Jan 2021 11:36:15:  14000000 
INFO  @ Sat, 02 Jan 2021 11:36:21:  15000000 
INFO  @ Sat, 02 Jan 2021 11:36:28:  16000000 
INFO  @ Sat, 02 Jan 2021 11:36:34:  17000000 
INFO  @ Sat, 02 Jan 2021 11:36:40:  18000000 
INFO  @ Sat, 02 Jan 2021 11:36:46:  19000000 
INFO  @ Sat, 02 Jan 2021 11:36:52:  20000000 
INFO  @ Sat, 02 Jan 2021 11:36:59:  21000000 
INFO  @ Sat, 02 Jan 2021 11:37:05:  22000000 
INFO  @ Sat, 02 Jan 2021 11:37:11:  23000000 
INFO  @ Sat, 02 Jan 2021 11:37:17:  24000000 
INFO  @ Sat, 02 Jan 2021 11:37:23:  25000000 
INFO  @ Sat, 02 Jan 2021 11:37:29:  26000000 
INFO  @ Sat, 02 Jan 2021 11:37:35:  27000000 
INFO  @ Sat, 02 Jan 2021 11:37:42:  28000000 
INFO  @ Sat, 02 Jan 2021 11:37:48:  29000000 
INFO  @ Sat, 02 Jan 2021 11:37:54:  30000000 
INFO  @ Sat, 02 Jan 2021 11:38:00:  31000000 
INFO  @ Sat, 02 Jan 2021 11:38:07:  32000000 
INFO  @ Sat, 02 Jan 2021 11:38:13:  33000000 
INFO  @ Sat, 02 Jan 2021 11:38:19:  34000000 
INFO  @ Sat, 02 Jan 2021 11:38:25:  35000000 
INFO  @ Sat, 02 Jan 2021 11:38:31:  36000000 
INFO  @ Sat, 02 Jan 2021 11:38:38:  37000000 
INFO  @ Sat, 02 Jan 2021 11:38:44:  38000000 
INFO  @ Sat, 02 Jan 2021 11:38:50:  39000000 
INFO  @ Sat, 02 Jan 2021 11:38:56:  40000000 
INFO  @ Sat, 02 Jan 2021 11:39:01:  41000000 
INFO  @ Sat, 02 Jan 2021 11:39:05: #1 tag size is determined as 49 bps 
INFO  @ Sat, 02 Jan 2021 11:39:05: #1 tag size = 49 
INFO  @ Sat, 02 Jan 2021 11:39:05: #1  total tags in treatment: 55744210 
INFO  @ Sat, 02 Jan 2021 11:39:05: #1 user defined the maximum tags... 
INFO  @ Sat, 02 Jan 2021 11:39:05: #1 filter out redundant tags at the same location and the same strand by allowing at most 1 tag(s) 
INFO  @ Sat, 02 Jan 2021 11:39:07: #1  tags after filtering in treatment: 55428584 
INFO  @ Sat, 02 Jan 2021 11:39:07: #1  Redundant rate of treatment: 0.01 
INFO  @ Sat, 02 Jan 2021 11:39:07: #1  total tags in control: 107707849 
INFO  @ Sat, 02 Jan 2021 11:39:07: #1 user defined the maximum tags... 
INFO  @ Sat, 02 Jan 2021 11:39:07: #1 filter out redundant tags at the same location and the same strand by allowing at most 1 tag(s) 
INFO  @ Sat, 02 Jan 2021 11:39:09: #1  tags after filtering in control: 106501475 
INFO  @ Sat, 02 Jan 2021 11:39:09: #1  Redundant rate of control: 0.01 
INFO  @ Sat, 02 Jan 2021 11:39:09: #1 finished! 
INFO  @ Sat, 02 Jan 2021 11:39:09: #2 Build Peak Model... 
INFO  @ Sat, 02 Jan 2021 11:39:09: #2 Skipped... 
INFO  @ Sat, 02 Jan 2021 11:39:09: #2 Use 147 as fragment length 
INFO  @ Sat, 02 Jan 2021 11:39:09: #3 Call peaks... 
INFO  @ Sat, 02 Jan 2021 11:39:09: #3 Going to call summits inside each peak ... 
INFO  @ Sat, 02 Jan 2021 11:39:09: #3 Pre-compute pvalue-qvalue table... 
INFO  @ Sat, 02 Jan 2021 11:47:52: #3 In the peak calling step, the following will be performed simultaneously: 
INFO  @ Sat, 02 Jan 2021 11:47:52: #3   Write bedGraph files for treatment pileup (after scaling if necessary)... 2014_NAT_IMMUNOL_Kurachi___BATF-invitro-d3-CD8_treat_pileup.bdg 
INFO  @ Sat, 02 Jan 2021 11:47:52: #3   Write bedGraph files for control lambda (after scaling if necessary)... 2014_NAT_IMMUNOL_Kurachi___BATF-invitro-d3-CD8_control_lambda.bdg 
INFO  @ Sat, 02 Jan 2021 11:47:52: #3   --SPMR is requested, so pileup will be normalized by sequencing depth in million reads. 
INFO  @ Sat, 02 Jan 2021 11:47:52: #3 Call peaks for each chromosome... 
INFO  @ Sat, 02 Jan 2021 12:02:07: #4 Write output xls file... /gpfs/group/pipkin/hdiao/T_Cell_ChIP/2_MACS2/2014_NAT_IMMUNOL_Kurachi___BATF-invitro-d3-CD8_peaks.xls 
INFO  @ Sat, 02 Jan 2021 12:02:07: #4 Write peak in narrowPeak format file... /gpfs/group/pipkin/hdiao/T_Cell_ChIP/2_MACS2/2014_NAT_IMMUNOL_Kurachi___BATF-invitro-d3-CD8_peaks.narrowPeak 
INFO  @ Sat, 02 Jan 2021 12:02:07: #4 Write summits bed file... /gpfs/group/pipkin/hdiao/T_Cell_ChIP/2_MACS2/2014_NAT_IMMUNOL_Kurachi___BATF-invitro-d3-CD8_summits.bed 
INFO  @ Sat, 02 Jan 2021 12:02:07: Done! 
