INFO  @ Sat, 02 Jan 2021 11:20:47: 
# Command line: callpeak -t SRR5905848_srt_dupr_flb.bam -c SRR5905836_srt_dupr_flb.bam -g mm -B --SPMR --nomodel --extsize 147 --call-summits -n 2017_PNAS_Li___STAT5B_IL2-UP-deletion-CD4 --outdir /gpfs/group/pipkin/hdiao/T_Cell_ChIP/2_MACS2
# ARGUMENTS LIST:
# name = 2017_PNAS_Li___STAT5B_IL2-UP-deletion-CD4
# format = AUTO
# ChIP-seq file = ['SRR5905848_srt_dupr_flb.bam']
# control file = ['SRR5905836_srt_dupr_flb.bam']
# effective genome size = 1.87e+09
# band width = 300
# model fold = [5, 50]
# qvalue cutoff = 5.00e-02
# Larger dataset will be scaled towards smaller dataset.
# Range for calculating regional lambda is: 1000 bps and 10000 bps
# Broad region calling is off
# Searching for subpeak summits is on
# MACS will save fragment pileup signal per million reads
 
INFO  @ Sat, 02 Jan 2021 11:20:47: #1 read tag files... 
INFO  @ Sat, 02 Jan 2021 11:20:47: #1 read treatment tags... 
INFO  @ Sat, 02 Jan 2021 11:20:47: Detected format is: BAM 
INFO  @ Sat, 02 Jan 2021 11:20:47: * Input file is gzipped. 
INFO  @ Sat, 02 Jan 2021 11:20:56:  1000000 
INFO  @ Sat, 02 Jan 2021 11:21:06:  2000000 
INFO  @ Sat, 02 Jan 2021 11:21:14:  3000000 
INFO  @ Sat, 02 Jan 2021 11:21:23:  4000000 
INFO  @ Sat, 02 Jan 2021 11:21:34:  5000000 
INFO  @ Sat, 02 Jan 2021 11:21:43:  6000000 
INFO  @ Sat, 02 Jan 2021 11:21:52:  7000000 
INFO  @ Sat, 02 Jan 2021 11:22:02:  8000000 
INFO  @ Sat, 02 Jan 2021 11:22:12:  9000000 
INFO  @ Sat, 02 Jan 2021 11:22:17: #1.2 read input tags... 
INFO  @ Sat, 02 Jan 2021 11:22:17: Detected format is: BAM 
INFO  @ Sat, 02 Jan 2021 11:22:17: * Input file is gzipped. 
INFO  @ Sat, 02 Jan 2021 11:22:23:  1000000 
INFO  @ Sat, 02 Jan 2021 11:22:30:  2000000 
INFO  @ Sat, 02 Jan 2021 11:22:36:  3000000 
INFO  @ Sat, 02 Jan 2021 11:22:43:  4000000 
INFO  @ Sat, 02 Jan 2021 11:22:49:  5000000 
INFO  @ Sat, 02 Jan 2021 11:22:51: #1 tag size is determined as 45 bps 
INFO  @ Sat, 02 Jan 2021 11:22:51: #1 tag size = 45 
INFO  @ Sat, 02 Jan 2021 11:22:51: #1  total tags in treatment: 9024965 
INFO  @ Sat, 02 Jan 2021 11:22:51: #1 user defined the maximum tags... 
INFO  @ Sat, 02 Jan 2021 11:22:51: #1 filter out redundant tags at the same location and the same strand by allowing at most 1 tag(s) 
INFO  @ Sat, 02 Jan 2021 11:22:51: #1  tags after filtering in treatment: 9024965 
INFO  @ Sat, 02 Jan 2021 11:22:51: #1  Redundant rate of treatment: 0.00 
INFO  @ Sat, 02 Jan 2021 11:22:51: #1  total tags in control: 5165098 
INFO  @ Sat, 02 Jan 2021 11:22:51: #1 user defined the maximum tags... 
INFO  @ Sat, 02 Jan 2021 11:22:51: #1 filter out redundant tags at the same location and the same strand by allowing at most 1 tag(s) 
INFO  @ Sat, 02 Jan 2021 11:22:51: #1  tags after filtering in control: 5165097 
INFO  @ Sat, 02 Jan 2021 11:22:51: #1  Redundant rate of control: 0.00 
INFO  @ Sat, 02 Jan 2021 11:22:51: #1 finished! 
INFO  @ Sat, 02 Jan 2021 11:22:51: #2 Build Peak Model... 
INFO  @ Sat, 02 Jan 2021 11:22:51: #2 Skipped... 
INFO  @ Sat, 02 Jan 2021 11:22:51: #2 Use 147 as fragment length 
INFO  @ Sat, 02 Jan 2021 11:22:51: #3 Call peaks... 
INFO  @ Sat, 02 Jan 2021 11:22:51: #3 Going to call summits inside each peak ... 
INFO  @ Sat, 02 Jan 2021 11:22:51: #3 Pre-compute pvalue-qvalue table... 
INFO  @ Sat, 02 Jan 2021 11:23:31: #3 In the peak calling step, the following will be performed simultaneously: 
INFO  @ Sat, 02 Jan 2021 11:23:31: #3   Write bedGraph files for treatment pileup (after scaling if necessary)... 2017_PNAS_Li___STAT5B_IL2-UP-deletion-CD4_treat_pileup.bdg 
INFO  @ Sat, 02 Jan 2021 11:23:31: #3   Write bedGraph files for control lambda (after scaling if necessary)... 2017_PNAS_Li___STAT5B_IL2-UP-deletion-CD4_control_lambda.bdg 
INFO  @ Sat, 02 Jan 2021 11:23:31: #3   --SPMR is requested, so pileup will be normalized by sequencing depth in million reads. 
INFO  @ Sat, 02 Jan 2021 11:23:31: #3 Call peaks for each chromosome... 
INFO  @ Sat, 02 Jan 2021 11:26:12: #4 Write output xls file... /gpfs/group/pipkin/hdiao/T_Cell_ChIP/2_MACS2/2017_PNAS_Li___STAT5B_IL2-UP-deletion-CD4_peaks.xls 
INFO  @ Sat, 02 Jan 2021 11:26:13: #4 Write peak in narrowPeak format file... /gpfs/group/pipkin/hdiao/T_Cell_ChIP/2_MACS2/2017_PNAS_Li___STAT5B_IL2-UP-deletion-CD4_peaks.narrowPeak 
INFO  @ Sat, 02 Jan 2021 11:26:13: #4 Write summits bed file... /gpfs/group/pipkin/hdiao/T_Cell_ChIP/2_MACS2/2017_PNAS_Li___STAT5B_IL2-UP-deletion-CD4_summits.bed 
INFO  @ Sat, 02 Jan 2021 11:26:13: Done! 
