INFO  @ Sat, 02 Jan 2021 11:20:47: 
# Command line: callpeak -t SRR3203618_srt_dupr_flb.bam -g mm -B --SPMR --nomodel --extsize 147 --call-summits -n 2016_NAT_IMMUNOL_Roychoudhuri___JunD_invitro-stim-CD8-WT --outdir /gpfs/group/pipkin/hdiao/T_Cell_ChIP/2_MACS2
# ARGUMENTS LIST:
# name = 2016_NAT_IMMUNOL_Roychoudhuri___JunD_invitro-stim-CD8-WT
# format = AUTO
# ChIP-seq file = ['SRR3203618_srt_dupr_flb.bam']
# control file = None
# effective genome size = 1.87e+09
# band width = 300
# model fold = [5, 50]
# qvalue cutoff = 5.00e-02
# Larger dataset will be scaled towards smaller dataset.
# Range for calculating regional lambda is: 10000 bps
# Broad region calling is off
# Searching for subpeak summits is on
# MACS will save fragment pileup signal per million reads
 
INFO  @ Sat, 02 Jan 2021 11:20:47: #1 read tag files... 
INFO  @ Sat, 02 Jan 2021 11:20:47: #1 read treatment tags... 
INFO  @ Sat, 02 Jan 2021 11:20:47: Detected format is: BAM 
INFO  @ Sat, 02 Jan 2021 11:20:47: * Input file is gzipped. 
INFO  @ Sat, 02 Jan 2021 11:20:57:  1000000 
INFO  @ Sat, 02 Jan 2021 11:21:05:  2000000 
INFO  @ Sat, 02 Jan 2021 11:21:14:  3000000 
INFO  @ Sat, 02 Jan 2021 11:21:23:  4000000 
INFO  @ Sat, 02 Jan 2021 11:21:32:  5000000 
INFO  @ Sat, 02 Jan 2021 11:21:41:  6000000 
INFO  @ Sat, 02 Jan 2021 11:21:49:  7000000 
INFO  @ Sat, 02 Jan 2021 11:21:58:  8000000 
INFO  @ Sat, 02 Jan 2021 11:22:07:  9000000 
INFO  @ Sat, 02 Jan 2021 11:22:16:  10000000 
INFO  @ Sat, 02 Jan 2021 11:22:25:  11000000 
INFO  @ Sat, 02 Jan 2021 11:22:33:  12000000 
INFO  @ Sat, 02 Jan 2021 11:22:42:  13000000 
INFO  @ Sat, 02 Jan 2021 11:22:50:  14000000 
INFO  @ Sat, 02 Jan 2021 11:22:58:  15000000 
INFO  @ Sat, 02 Jan 2021 11:23:07:  16000000 
INFO  @ Sat, 02 Jan 2021 11:23:15:  17000000 
INFO  @ Sat, 02 Jan 2021 11:23:23:  18000000 
INFO  @ Sat, 02 Jan 2021 11:23:33:  19000000 
INFO  @ Sat, 02 Jan 2021 11:23:41:  20000000 
INFO  @ Sat, 02 Jan 2021 11:23:49:  21000000 
INFO  @ Sat, 02 Jan 2021 11:23:59:  22000000 
INFO  @ Sat, 02 Jan 2021 11:24:07:  23000000 
INFO  @ Sat, 02 Jan 2021 11:24:16:  24000000 
INFO  @ Sat, 02 Jan 2021 11:24:25:  25000000 
INFO  @ Sat, 02 Jan 2021 11:24:33:  26000000 
INFO  @ Sat, 02 Jan 2021 11:24:42:  27000000 
INFO  @ Sat, 02 Jan 2021 11:24:50:  28000000 
INFO  @ Sat, 02 Jan 2021 11:24:58:  29000000 
INFO  @ Sat, 02 Jan 2021 11:25:06:  30000000 
INFO  @ Sat, 02 Jan 2021 11:25:14:  31000000 
INFO  @ Sat, 02 Jan 2021 11:25:22:  32000000 
INFO  @ Sat, 02 Jan 2021 11:25:31:  33000000 
INFO  @ Sat, 02 Jan 2021 11:25:39:  34000000 
INFO  @ Sat, 02 Jan 2021 11:25:47:  35000000 
INFO  @ Sat, 02 Jan 2021 11:25:55:  36000000 
INFO  @ Sat, 02 Jan 2021 11:26:03:  37000000 
INFO  @ Sat, 02 Jan 2021 11:26:11:  38000000 
INFO  @ Sat, 02 Jan 2021 11:26:20:  39000000 
INFO  @ Sat, 02 Jan 2021 11:26:27:  40000000 
INFO  @ Sat, 02 Jan 2021 11:26:35:  41000000 
INFO  @ Sat, 02 Jan 2021 11:26:43:  42000000 
INFO  @ Sat, 02 Jan 2021 11:26:52:  43000000 
INFO  @ Sat, 02 Jan 2021 11:26:59:  44000000 
INFO  @ Sat, 02 Jan 2021 11:27:08:  45000000 
INFO  @ Sat, 02 Jan 2021 11:27:15:  46000000 
INFO  @ Sat, 02 Jan 2021 11:27:24:  47000000 
INFO  @ Sat, 02 Jan 2021 11:27:32:  48000000 
INFO  @ Sat, 02 Jan 2021 11:27:40:  49000000 
INFO  @ Sat, 02 Jan 2021 11:27:45:  50000000 
INFO  @ Sat, 02 Jan 2021 11:27:50:  51000000 
INFO  @ Sat, 02 Jan 2021 11:27:52: #1 tag size is determined as 47 bps 
INFO  @ Sat, 02 Jan 2021 11:27:52: #1 tag size = 47 
INFO  @ Sat, 02 Jan 2021 11:27:52: #1  total tags in treatment: 49198845 
INFO  @ Sat, 02 Jan 2021 11:27:52: #1 user defined the maximum tags... 
INFO  @ Sat, 02 Jan 2021 11:27:52: #1 filter out redundant tags at the same location and the same strand by allowing at most 1 tag(s) 
INFO  @ Sat, 02 Jan 2021 11:27:54: #1  tags after filtering in treatment: 49198845 
INFO  @ Sat, 02 Jan 2021 11:27:54: #1  Redundant rate of treatment: 0.00 
INFO  @ Sat, 02 Jan 2021 11:27:54: #1 finished! 
INFO  @ Sat, 02 Jan 2021 11:27:54: #2 Build Peak Model... 
INFO  @ Sat, 02 Jan 2021 11:27:54: #2 Skipped... 
INFO  @ Sat, 02 Jan 2021 11:27:54: #2 Use 147 as fragment length 
INFO  @ Sat, 02 Jan 2021 11:27:54: #3 Call peaks... 
INFO  @ Sat, 02 Jan 2021 11:27:54: #3 Going to call summits inside each peak ... 
INFO  @ Sat, 02 Jan 2021 11:27:54: #3 Pre-compute pvalue-qvalue table... 
INFO  @ Sat, 02 Jan 2021 11:30:36: #3 In the peak calling step, the following will be performed simultaneously: 
INFO  @ Sat, 02 Jan 2021 11:30:36: #3   Write bedGraph files for treatment pileup (after scaling if necessary)... 2016_NAT_IMMUNOL_Roychoudhuri___JunD_invitro-stim-CD8-WT_treat_pileup.bdg 
INFO  @ Sat, 02 Jan 2021 11:30:36: #3   Write bedGraph files for control lambda (after scaling if necessary)... 2016_NAT_IMMUNOL_Roychoudhuri___JunD_invitro-stim-CD8-WT_control_lambda.bdg 
INFO  @ Sat, 02 Jan 2021 11:30:36: #3   --SPMR is requested, so pileup will be normalized by sequencing depth in million reads. 
INFO  @ Sat, 02 Jan 2021 11:30:36: #3 Call peaks for each chromosome... 
INFO  @ Sat, 02 Jan 2021 11:38:48: #4 Write output xls file... /gpfs/group/pipkin/hdiao/T_Cell_ChIP/2_MACS2/2016_NAT_IMMUNOL_Roychoudhuri___JunD_invitro-stim-CD8-WT_peaks.xls 
INFO  @ Sat, 02 Jan 2021 11:38:48: #4 Write peak in narrowPeak format file... /gpfs/group/pipkin/hdiao/T_Cell_ChIP/2_MACS2/2016_NAT_IMMUNOL_Roychoudhuri___JunD_invitro-stim-CD8-WT_peaks.narrowPeak 
INFO  @ Sat, 02 Jan 2021 11:38:49: #4 Write summits bed file... /gpfs/group/pipkin/hdiao/T_Cell_ChIP/2_MACS2/2016_NAT_IMMUNOL_Roychoudhuri___JunD_invitro-stim-CD8-WT_summits.bed 
INFO  @ Sat, 02 Jan 2021 11:38:49: Done! 
