INFO  @ Sat, 02 Jan 2021 11:20:46: 
# Command line: callpeak -t SRR1124814_srt_dupr_flb.bam -c SRR1124815_srt_dupr_flb.bam SRR1124816_srt_dupr_flb.bam SRR1124817_srt_dupr_flb.bam -g mm -B --SPMR --nomodel --extsize 147 --call-summits -n 2014_NAT_IMMUNOL_Kurachi___IgG-invitro-d3-CD8 --outdir /gpfs/group/pipkin/hdiao/T_Cell_ChIP/2_MACS2
# ARGUMENTS LIST:
# name = 2014_NAT_IMMUNOL_Kurachi___IgG-invitro-d3-CD8
# format = AUTO
# ChIP-seq file = ['SRR1124814_srt_dupr_flb.bam']
# control file = ['SRR1124815_srt_dupr_flb.bam', 'SRR1124816_srt_dupr_flb.bam', 'SRR1124817_srt_dupr_flb.bam']
# effective genome size = 1.87e+09
# band width = 300
# model fold = [5, 50]
# qvalue cutoff = 5.00e-02
# Larger dataset will be scaled towards smaller dataset.
# Range for calculating regional lambda is: 1000 bps and 10000 bps
# Broad region calling is off
# Searching for subpeak summits is on
# MACS will save fragment pileup signal per million reads
 
INFO  @ Sat, 02 Jan 2021 11:20:46: #1 read tag files... 
INFO  @ Sat, 02 Jan 2021 11:20:46: #1 read treatment tags... 
INFO  @ Sat, 02 Jan 2021 11:20:46: Detected format is: BAM 
INFO  @ Sat, 02 Jan 2021 11:20:46: * Input file is gzipped. 
INFO  @ Sat, 02 Jan 2021 11:20:55:  1000000 
INFO  @ Sat, 02 Jan 2021 11:21:04:  2000000 
INFO  @ Sat, 02 Jan 2021 11:21:13:  3000000 
INFO  @ Sat, 02 Jan 2021 11:21:21:  4000000 
INFO  @ Sat, 02 Jan 2021 11:21:29:  5000000 
INFO  @ Sat, 02 Jan 2021 11:21:38:  6000000 
INFO  @ Sat, 02 Jan 2021 11:21:46:  7000000 
INFO  @ Sat, 02 Jan 2021 11:21:55:  8000000 
INFO  @ Sat, 02 Jan 2021 11:22:04:  9000000 
INFO  @ Sat, 02 Jan 2021 11:22:12:  10000000 
INFO  @ Sat, 02 Jan 2021 11:22:21:  11000000 
INFO  @ Sat, 02 Jan 2021 11:22:29:  12000000 
INFO  @ Sat, 02 Jan 2021 11:22:37:  13000000 
INFO  @ Sat, 02 Jan 2021 11:22:45:  14000000 
INFO  @ Sat, 02 Jan 2021 11:22:53:  15000000 
INFO  @ Sat, 02 Jan 2021 11:23:01:  16000000 
INFO  @ Sat, 02 Jan 2021 11:23:09:  17000000 
INFO  @ Sat, 02 Jan 2021 11:23:16:  18000000 
INFO  @ Sat, 02 Jan 2021 11:23:25:  19000000 
INFO  @ Sat, 02 Jan 2021 11:23:33:  20000000 
INFO  @ Sat, 02 Jan 2021 11:23:41:  21000000 
INFO  @ Sat, 02 Jan 2021 11:23:49:  22000000 
INFO  @ Sat, 02 Jan 2021 11:23:57:  23000000 
INFO  @ Sat, 02 Jan 2021 11:24:05:  24000000 
INFO  @ Sat, 02 Jan 2021 11:24:13:  25000000 
INFO  @ Sat, 02 Jan 2021 11:24:21:  26000000 
INFO  @ Sat, 02 Jan 2021 11:24:29:  27000000 
INFO  @ Sat, 02 Jan 2021 11:24:36:  28000000 
INFO  @ Sat, 02 Jan 2021 11:24:42:  29000000 
INFO  @ Sat, 02 Jan 2021 11:24:43: #1.2 read input tags... 
INFO  @ Sat, 02 Jan 2021 11:24:43: Detected format is: BAM 
INFO  @ Sat, 02 Jan 2021 11:24:43: * Input file is gzipped. 
INFO  @ Sat, 02 Jan 2021 11:24:50:  1000000 
INFO  @ Sat, 02 Jan 2021 11:24:58:  2000000 
INFO  @ Sat, 02 Jan 2021 11:25:05:  3000000 
INFO  @ Sat, 02 Jan 2021 11:25:12:  4000000 
INFO  @ Sat, 02 Jan 2021 11:25:19:  5000000 
INFO  @ Sat, 02 Jan 2021 11:25:26:  6000000 
INFO  @ Sat, 02 Jan 2021 11:25:33:  7000000 
INFO  @ Sat, 02 Jan 2021 11:25:40:  8000000 
INFO  @ Sat, 02 Jan 2021 11:25:47:  9000000 
INFO  @ Sat, 02 Jan 2021 11:25:54:  10000000 
INFO  @ Sat, 02 Jan 2021 11:26:02:  11000000 
INFO  @ Sat, 02 Jan 2021 11:26:09:  12000000 
INFO  @ Sat, 02 Jan 2021 11:26:15:  13000000 
INFO  @ Sat, 02 Jan 2021 11:26:22:  14000000 
INFO  @ Sat, 02 Jan 2021 11:26:30:  15000000 
INFO  @ Sat, 02 Jan 2021 11:26:37:  16000000 
INFO  @ Sat, 02 Jan 2021 11:26:43:  17000000 
INFO  @ Sat, 02 Jan 2021 11:26:50:  18000000 
INFO  @ Sat, 02 Jan 2021 11:26:57:  19000000 
INFO  @ Sat, 02 Jan 2021 11:27:04:  20000000 
INFO  @ Sat, 02 Jan 2021 11:27:11:  21000000 
INFO  @ Sat, 02 Jan 2021 11:27:18:  22000000 
INFO  @ Sat, 02 Jan 2021 11:27:25:  23000000 
INFO  @ Sat, 02 Jan 2021 11:27:32:  24000000 
INFO  @ Sat, 02 Jan 2021 11:27:34: Detected format is: BAM 
INFO  @ Sat, 02 Jan 2021 11:27:34: * Input file is gzipped. 
INFO  @ Sat, 02 Jan 2021 11:27:41:  1000000 
INFO  @ Sat, 02 Jan 2021 11:27:47:  2000000 
INFO  @ Sat, 02 Jan 2021 11:27:53:  3000000 
INFO  @ Sat, 02 Jan 2021 11:28:00:  4000000 
INFO  @ Sat, 02 Jan 2021 11:28:07:  5000000 
INFO  @ Sat, 02 Jan 2021 11:28:13:  6000000 
INFO  @ Sat, 02 Jan 2021 11:28:20:  7000000 
INFO  @ Sat, 02 Jan 2021 11:28:27:  8000000 
INFO  @ Sat, 02 Jan 2021 11:28:33:  9000000 
INFO  @ Sat, 02 Jan 2021 11:28:40:  10000000 
INFO  @ Sat, 02 Jan 2021 11:28:46:  11000000 
INFO  @ Sat, 02 Jan 2021 11:28:53:  12000000 
INFO  @ Sat, 02 Jan 2021 11:28:59:  13000000 
INFO  @ Sat, 02 Jan 2021 11:29:06:  14000000 
INFO  @ Sat, 02 Jan 2021 11:29:13:  15000000 
INFO  @ Sat, 02 Jan 2021 11:29:19:  16000000 
INFO  @ Sat, 02 Jan 2021 11:29:25:  17000000 
INFO  @ Sat, 02 Jan 2021 11:29:32:  18000000 
INFO  @ Sat, 02 Jan 2021 11:29:39:  19000000 
INFO  @ Sat, 02 Jan 2021 11:29:45:  20000000 
INFO  @ Sat, 02 Jan 2021 11:29:52:  21000000 
INFO  @ Sat, 02 Jan 2021 11:29:58:  22000000 
INFO  @ Sat, 02 Jan 2021 11:30:05:  23000000 
INFO  @ Sat, 02 Jan 2021 11:30:11:  24000000 
INFO  @ Sat, 02 Jan 2021 11:30:18:  25000000 
INFO  @ Sat, 02 Jan 2021 11:30:24:  26000000 
INFO  @ Sat, 02 Jan 2021 11:30:31:  27000000 
INFO  @ Sat, 02 Jan 2021 11:30:37:  28000000 
INFO  @ Sat, 02 Jan 2021 11:30:44:  29000000 
INFO  @ Sat, 02 Jan 2021 11:30:50:  30000000 
INFO  @ Sat, 02 Jan 2021 11:30:57:  31000000 
INFO  @ Sat, 02 Jan 2021 11:31:03:  32000000 
INFO  @ Sat, 02 Jan 2021 11:31:10:  33000000 
INFO  @ Sat, 02 Jan 2021 11:31:16:  34000000 
INFO  @ Sat, 02 Jan 2021 11:31:23:  35000000 
INFO  @ Sat, 02 Jan 2021 11:31:30:  36000000 
INFO  @ Sat, 02 Jan 2021 11:31:36:  37000000 
INFO  @ Sat, 02 Jan 2021 11:31:42:  38000000 
INFO  @ Sat, 02 Jan 2021 11:31:49:  39000000 
INFO  @ Sat, 02 Jan 2021 11:31:55:  40000000 
INFO  @ Sat, 02 Jan 2021 11:32:02:  41000000 
INFO  @ Sat, 02 Jan 2021 11:32:08:  42000000 
INFO  @ Sat, 02 Jan 2021 11:32:15:  43000000 
INFO  @ Sat, 02 Jan 2021 11:32:17: Detected format is: BAM 
INFO  @ Sat, 02 Jan 2021 11:32:17: * Input file is gzipped. 
INFO  @ Sat, 02 Jan 2021 11:32:24:  1000000 
INFO  @ Sat, 02 Jan 2021 11:32:30:  2000000 
INFO  @ Sat, 02 Jan 2021 11:32:36:  3000000 
INFO  @ Sat, 02 Jan 2021 11:32:43:  4000000 
INFO  @ Sat, 02 Jan 2021 11:32:49:  5000000 
INFO  @ Sat, 02 Jan 2021 11:32:55:  6000000 
INFO  @ Sat, 02 Jan 2021 11:33:02:  7000000 
INFO  @ Sat, 02 Jan 2021 11:33:08:  8000000 
INFO  @ Sat, 02 Jan 2021 11:33:14:  9000000 
INFO  @ Sat, 02 Jan 2021 11:33:21:  10000000 
INFO  @ Sat, 02 Jan 2021 11:33:27:  11000000 
INFO  @ Sat, 02 Jan 2021 11:33:34:  12000000 
INFO  @ Sat, 02 Jan 2021 11:33:40:  13000000 
INFO  @ Sat, 02 Jan 2021 11:33:47:  14000000 
INFO  @ Sat, 02 Jan 2021 11:33:53:  15000000 
INFO  @ Sat, 02 Jan 2021 11:33:59:  16000000 
INFO  @ Sat, 02 Jan 2021 11:34:06:  17000000 
INFO  @ Sat, 02 Jan 2021 11:34:12:  18000000 
INFO  @ Sat, 02 Jan 2021 11:34:18:  19000000 
INFO  @ Sat, 02 Jan 2021 11:34:25:  20000000 
INFO  @ Sat, 02 Jan 2021 11:34:31:  21000000 
INFO  @ Sat, 02 Jan 2021 11:34:38:  22000000 
INFO  @ Sat, 02 Jan 2021 11:34:44:  23000000 
INFO  @ Sat, 02 Jan 2021 11:34:51:  24000000 
INFO  @ Sat, 02 Jan 2021 11:34:57:  25000000 
INFO  @ Sat, 02 Jan 2021 11:35:04:  26000000 
INFO  @ Sat, 02 Jan 2021 11:35:10:  27000000 
INFO  @ Sat, 02 Jan 2021 11:35:17:  28000000 
INFO  @ Sat, 02 Jan 2021 11:35:24:  29000000 
INFO  @ Sat, 02 Jan 2021 11:35:30:  30000000 
INFO  @ Sat, 02 Jan 2021 11:35:37:  31000000 
INFO  @ Sat, 02 Jan 2021 11:35:43:  32000000 
INFO  @ Sat, 02 Jan 2021 11:35:50:  33000000 
INFO  @ Sat, 02 Jan 2021 11:35:57:  34000000 
INFO  @ Sat, 02 Jan 2021 11:36:03:  35000000 
INFO  @ Sat, 02 Jan 2021 11:36:10:  36000000 
INFO  @ Sat, 02 Jan 2021 11:36:16:  37000000 
INFO  @ Sat, 02 Jan 2021 11:36:23:  38000000 
INFO  @ Sat, 02 Jan 2021 11:36:29:  39000000 
INFO  @ Sat, 02 Jan 2021 11:36:36:  40000000 
INFO  @ Sat, 02 Jan 2021 11:36:41:  41000000 
INFO  @ Sat, 02 Jan 2021 11:36:46: #1 tag size is determined as 49 bps 
INFO  @ Sat, 02 Jan 2021 11:36:46: #1 tag size = 49 
INFO  @ Sat, 02 Jan 2021 11:36:46: #1  total tags in treatment: 27854624 
INFO  @ Sat, 02 Jan 2021 11:36:46: #1 user defined the maximum tags... 
INFO  @ Sat, 02 Jan 2021 11:36:46: #1 filter out redundant tags at the same location and the same strand by allowing at most 1 tag(s) 
INFO  @ Sat, 02 Jan 2021 11:36:46: #1  tags after filtering in treatment: 27854624 
INFO  @ Sat, 02 Jan 2021 11:36:46: #1  Redundant rate of treatment: 0.00 
INFO  @ Sat, 02 Jan 2021 11:36:46: #1  total tags in control: 107707849 
INFO  @ Sat, 02 Jan 2021 11:36:46: #1 user defined the maximum tags... 
INFO  @ Sat, 02 Jan 2021 11:36:46: #1 filter out redundant tags at the same location and the same strand by allowing at most 1 tag(s) 
INFO  @ Sat, 02 Jan 2021 11:36:49: #1  tags after filtering in control: 106501475 
INFO  @ Sat, 02 Jan 2021 11:36:49: #1  Redundant rate of control: 0.01 
INFO  @ Sat, 02 Jan 2021 11:36:49: #1 finished! 
INFO  @ Sat, 02 Jan 2021 11:36:49: #2 Build Peak Model... 
INFO  @ Sat, 02 Jan 2021 11:36:49: #2 Skipped... 
INFO  @ Sat, 02 Jan 2021 11:36:49: #2 Use 147 as fragment length 
INFO  @ Sat, 02 Jan 2021 11:36:49: #3 Call peaks... 
INFO  @ Sat, 02 Jan 2021 11:36:49: #3 Going to call summits inside each peak ... 
INFO  @ Sat, 02 Jan 2021 11:36:49: #3 Pre-compute pvalue-qvalue table... 
INFO  @ Sat, 02 Jan 2021 11:46:11: #3 In the peak calling step, the following will be performed simultaneously: 
INFO  @ Sat, 02 Jan 2021 11:46:11: #3   Write bedGraph files for treatment pileup (after scaling if necessary)... 2014_NAT_IMMUNOL_Kurachi___IgG-invitro-d3-CD8_treat_pileup.bdg 
INFO  @ Sat, 02 Jan 2021 11:46:11: #3   Write bedGraph files for control lambda (after scaling if necessary)... 2014_NAT_IMMUNOL_Kurachi___IgG-invitro-d3-CD8_control_lambda.bdg 
INFO  @ Sat, 02 Jan 2021 11:46:11: #3   --SPMR is requested, so pileup will be normalized by sequencing depth in million reads. 
INFO  @ Sat, 02 Jan 2021 11:46:11: #3 Call peaks for each chromosome... 
INFO  @ Sat, 02 Jan 2021 11:57:47: #4 Write output xls file... /gpfs/group/pipkin/hdiao/T_Cell_ChIP/2_MACS2/2014_NAT_IMMUNOL_Kurachi___IgG-invitro-d3-CD8_peaks.xls 
INFO  @ Sat, 02 Jan 2021 11:57:47: #4 Write peak in narrowPeak format file... /gpfs/group/pipkin/hdiao/T_Cell_ChIP/2_MACS2/2014_NAT_IMMUNOL_Kurachi___IgG-invitro-d3-CD8_peaks.narrowPeak 
INFO  @ Sat, 02 Jan 2021 11:57:47: #4 Write summits bed file... /gpfs/group/pipkin/hdiao/T_Cell_ChIP/2_MACS2/2014_NAT_IMMUNOL_Kurachi___IgG-invitro-d3-CD8_summits.bed 
INFO  @ Sat, 02 Jan 2021 11:57:47: Done! 
