INFO  @ Sat, 02 Jan 2021 11:20:47: 
# Command line: callpeak -t SRR5195618_srt_dupr_flb.bam -c SRR5195620_srt_dupr_flb.bam -g mm -B --SPMR --nomodel --extsize 147 --call-summits -n 2018_IMMUNITY_Page___Tox_LCMVova_CNS-OTI-CD8-WT --outdir /gpfs/group/pipkin/hdiao/T_Cell_ChIP/2_MACS2
# ARGUMENTS LIST:
# name = 2018_IMMUNITY_Page___Tox_LCMVova_CNS-OTI-CD8-WT
# format = AUTO
# ChIP-seq file = ['SRR5195618_srt_dupr_flb.bam']
# control file = ['SRR5195620_srt_dupr_flb.bam']
# effective genome size = 1.87e+09
# band width = 300
# model fold = [5, 50]
# qvalue cutoff = 5.00e-02
# Larger dataset will be scaled towards smaller dataset.
# Range for calculating regional lambda is: 1000 bps and 10000 bps
# Broad region calling is off
# Searching for subpeak summits is on
# MACS will save fragment pileup signal per million reads
 
INFO  @ Sat, 02 Jan 2021 11:20:47: #1 read tag files... 
INFO  @ Sat, 02 Jan 2021 11:20:47: #1 read treatment tags... 
INFO  @ Sat, 02 Jan 2021 11:20:47: Detected format is: BAM 
INFO  @ Sat, 02 Jan 2021 11:20:47: * Input file is gzipped. 
INFO  @ Sat, 02 Jan 2021 11:20:57:  1000000 
INFO  @ Sat, 02 Jan 2021 11:21:09:  2000000 
INFO  @ Sat, 02 Jan 2021 11:21:20:  3000000 
INFO  @ Sat, 02 Jan 2021 11:21:30:  4000000 
INFO  @ Sat, 02 Jan 2021 11:21:41:  5000000 
INFO  @ Sat, 02 Jan 2021 11:21:51:  6000000 
INFO  @ Sat, 02 Jan 2021 11:22:02:  7000000 
INFO  @ Sat, 02 Jan 2021 11:22:12:  8000000 
INFO  @ Sat, 02 Jan 2021 11:22:22:  9000000 
INFO  @ Sat, 02 Jan 2021 11:22:33:  10000000 
INFO  @ Sat, 02 Jan 2021 11:22:43:  11000000 
INFO  @ Sat, 02 Jan 2021 11:22:53:  12000000 
INFO  @ Sat, 02 Jan 2021 11:22:59:  13000000 
INFO  @ Sat, 02 Jan 2021 11:23:05: #1.2 read input tags... 
INFO  @ Sat, 02 Jan 2021 11:23:05: Detected format is: BAM 
INFO  @ Sat, 02 Jan 2021 11:23:05: * Input file is gzipped. 
INFO  @ Sat, 02 Jan 2021 11:23:15:  1000000 
INFO  @ Sat, 02 Jan 2021 11:23:24:  2000000 
INFO  @ Sat, 02 Jan 2021 11:23:33:  3000000 
INFO  @ Sat, 02 Jan 2021 11:23:43:  4000000 
INFO  @ Sat, 02 Jan 2021 11:23:53:  5000000 
INFO  @ Sat, 02 Jan 2021 11:24:03:  6000000 
INFO  @ Sat, 02 Jan 2021 11:24:13:  7000000 
INFO  @ Sat, 02 Jan 2021 11:24:22:  8000000 
INFO  @ Sat, 02 Jan 2021 11:24:32:  9000000 
INFO  @ Sat, 02 Jan 2021 11:24:41:  10000000 
INFO  @ Sat, 02 Jan 2021 11:24:50:  11000000 
INFO  @ Sat, 02 Jan 2021 11:25:00:  12000000 
INFO  @ Sat, 02 Jan 2021 11:25:08:  13000000 
INFO  @ Sat, 02 Jan 2021 11:25:17:  14000000 
INFO  @ Sat, 02 Jan 2021 11:25:26:  15000000 
INFO  @ Sat, 02 Jan 2021 11:25:35:  16000000 
INFO  @ Sat, 02 Jan 2021 11:25:44:  17000000 
INFO  @ Sat, 02 Jan 2021 11:25:53:  18000000 
INFO  @ Sat, 02 Jan 2021 11:26:03:  19000000 
INFO  @ Sat, 02 Jan 2021 11:26:11:  20000000 
INFO  @ Sat, 02 Jan 2021 11:26:20:  21000000 
INFO  @ Sat, 02 Jan 2021 11:26:29:  22000000 
INFO  @ Sat, 02 Jan 2021 11:26:38:  23000000 
INFO  @ Sat, 02 Jan 2021 11:26:47:  24000000 
INFO  @ Sat, 02 Jan 2021 11:26:56:  25000000 
INFO  @ Sat, 02 Jan 2021 11:27:05:  26000000 
INFO  @ Sat, 02 Jan 2021 11:27:14:  27000000 
INFO  @ Sat, 02 Jan 2021 11:27:22:  28000000 
INFO  @ Sat, 02 Jan 2021 11:27:31:  29000000 
INFO  @ Sat, 02 Jan 2021 11:27:36:  30000000 
INFO  @ Sat, 02 Jan 2021 11:27:42:  31000000 
INFO  @ Sat, 02 Jan 2021 11:27:47:  32000000 
INFO  @ Sat, 02 Jan 2021 11:27:50: #1 tag size is determined as 75 bps 
INFO  @ Sat, 02 Jan 2021 11:27:50: #1 tag size = 75 
INFO  @ Sat, 02 Jan 2021 11:27:50: #1  total tags in treatment: 11839889 
INFO  @ Sat, 02 Jan 2021 11:27:50: #1 user defined the maximum tags... 
INFO  @ Sat, 02 Jan 2021 11:27:50: #1 filter out redundant tags at the same location and the same strand by allowing at most 1 tag(s) 
INFO  @ Sat, 02 Jan 2021 11:27:50: #1  tags after filtering in treatment: 11839889 
INFO  @ Sat, 02 Jan 2021 11:27:50: #1  Redundant rate of treatment: 0.00 
INFO  @ Sat, 02 Jan 2021 11:27:50: #1  total tags in control: 28949515 
INFO  @ Sat, 02 Jan 2021 11:27:50: #1 user defined the maximum tags... 
INFO  @ Sat, 02 Jan 2021 11:27:50: #1 filter out redundant tags at the same location and the same strand by allowing at most 1 tag(s) 
INFO  @ Sat, 02 Jan 2021 11:27:51: #1  tags after filtering in control: 28949515 
INFO  @ Sat, 02 Jan 2021 11:27:51: #1  Redundant rate of control: 0.00 
INFO  @ Sat, 02 Jan 2021 11:27:51: #1 finished! 
INFO  @ Sat, 02 Jan 2021 11:27:51: #2 Build Peak Model... 
INFO  @ Sat, 02 Jan 2021 11:27:51: #2 Skipped... 
INFO  @ Sat, 02 Jan 2021 11:27:51: #2 Use 147 as fragment length 
INFO  @ Sat, 02 Jan 2021 11:27:51: #3 Call peaks... 
INFO  @ Sat, 02 Jan 2021 11:27:51: #3 Going to call summits inside each peak ... 
INFO  @ Sat, 02 Jan 2021 11:27:51: #3 Pre-compute pvalue-qvalue table... 
INFO  @ Sat, 02 Jan 2021 11:30:27: #3 In the peak calling step, the following will be performed simultaneously: 
INFO  @ Sat, 02 Jan 2021 11:30:27: #3   Write bedGraph files for treatment pileup (after scaling if necessary)... 2018_IMMUNITY_Page___Tox_LCMVova_CNS-OTI-CD8-WT_treat_pileup.bdg 
INFO  @ Sat, 02 Jan 2021 11:30:27: #3   Write bedGraph files for control lambda (after scaling if necessary)... 2018_IMMUNITY_Page___Tox_LCMVova_CNS-OTI-CD8-WT_control_lambda.bdg 
INFO  @ Sat, 02 Jan 2021 11:30:27: #3   --SPMR is requested, so pileup will be normalized by sequencing depth in million reads. 
INFO  @ Sat, 02 Jan 2021 11:30:27: #3 Call peaks for each chromosome... 
INFO  @ Sat, 02 Jan 2021 11:35:09: #4 Write output xls file... /gpfs/group/pipkin/hdiao/T_Cell_ChIP/2_MACS2/2018_IMMUNITY_Page___Tox_LCMVova_CNS-OTI-CD8-WT_peaks.xls 
INFO  @ Sat, 02 Jan 2021 11:35:09: #4 Write peak in narrowPeak format file... /gpfs/group/pipkin/hdiao/T_Cell_ChIP/2_MACS2/2018_IMMUNITY_Page___Tox_LCMVova_CNS-OTI-CD8-WT_peaks.narrowPeak 
INFO  @ Sat, 02 Jan 2021 11:35:09: #4 Write summits bed file... /gpfs/group/pipkin/hdiao/T_Cell_ChIP/2_MACS2/2018_IMMUNITY_Page___Tox_LCMVova_CNS-OTI-CD8-WT_summits.bed 
INFO  @ Sat, 02 Jan 2021 11:35:09: Done! 
