INFO  @ Sat, 02 Jan 2021 11:20:47: 
# Command line: callpeak -t SRR4437321_srt_dupr_flb.bam SRR4437322_srt_dupr_flb.bam -c SRR4437353_srt_dupr_flb.bam SRR4437354_srt_dupr_flb.bam -g mm -B --SPMR --nomodel --extsize 147 --call-summits -n 2017_NAT_IMMUNOL_Yu___H3K4me3_P14-CD8-TN --outdir /gpfs/group/pipkin/hdiao/T_Cell_ChIP/2_MACS2
# ARGUMENTS LIST:
# name = 2017_NAT_IMMUNOL_Yu___H3K4me3_P14-CD8-TN
# format = AUTO
# ChIP-seq file = ['SRR4437321_srt_dupr_flb.bam', 'SRR4437322_srt_dupr_flb.bam']
# control file = ['SRR4437353_srt_dupr_flb.bam', 'SRR4437354_srt_dupr_flb.bam']
# effective genome size = 1.87e+09
# band width = 300
# model fold = [5, 50]
# qvalue cutoff = 5.00e-02
# Larger dataset will be scaled towards smaller dataset.
# Range for calculating regional lambda is: 1000 bps and 10000 bps
# Broad region calling is off
# Searching for subpeak summits is on
# MACS will save fragment pileup signal per million reads
 
INFO  @ Sat, 02 Jan 2021 11:20:47: #1 read tag files... 
INFO  @ Sat, 02 Jan 2021 11:20:47: #1 read treatment tags... 
INFO  @ Sat, 02 Jan 2021 11:20:47: Detected format is: BAM 
INFO  @ Sat, 02 Jan 2021 11:20:47: * Input file is gzipped. 
INFO  @ Sat, 02 Jan 2021 11:20:54:  1000000 
INFO  @ Sat, 02 Jan 2021 11:21:02:  2000000 
INFO  @ Sat, 02 Jan 2021 11:21:10:  3000000 
INFO  @ Sat, 02 Jan 2021 11:21:18:  4000000 
INFO  @ Sat, 02 Jan 2021 11:21:25:  5000000 
INFO  @ Sat, 02 Jan 2021 11:21:33:  6000000 
INFO  @ Sat, 02 Jan 2021 11:21:40:  7000000 
INFO  @ Sat, 02 Jan 2021 11:21:47:  8000000 
INFO  @ Sat, 02 Jan 2021 11:21:54:  9000000 
INFO  @ Sat, 02 Jan 2021 11:22:02:  10000000 
INFO  @ Sat, 02 Jan 2021 11:22:10:  11000000 
INFO  @ Sat, 02 Jan 2021 11:22:18:  12000000 
INFO  @ Sat, 02 Jan 2021 11:22:25:  13000000 
INFO  @ Sat, 02 Jan 2021 11:22:32:  14000000 
INFO  @ Sat, 02 Jan 2021 11:22:39:  15000000 
INFO  @ Sat, 02 Jan 2021 11:22:46:  16000000 
INFO  @ Sat, 02 Jan 2021 11:22:53:  17000000 
INFO  @ Sat, 02 Jan 2021 11:23:00:  18000000 
INFO  @ Sat, 02 Jan 2021 11:23:07:  19000000 
INFO  @ Sat, 02 Jan 2021 11:23:13:  20000000 
INFO  @ Sat, 02 Jan 2021 11:23:20:  21000000 
INFO  @ Sat, 02 Jan 2021 11:23:27:  22000000 
INFO  @ Sat, 02 Jan 2021 11:23:34:  23000000 
INFO  @ Sat, 02 Jan 2021 11:23:41:  24000000 
INFO  @ Sat, 02 Jan 2021 11:23:48:  25000000 
INFO  @ Sat, 02 Jan 2021 11:23:56:  26000000 
INFO  @ Sat, 02 Jan 2021 11:24:03:  27000000 
INFO  @ Sat, 02 Jan 2021 11:24:10:  28000000 
INFO  @ Sat, 02 Jan 2021 11:24:17:  29000000 
INFO  @ Sat, 02 Jan 2021 11:24:24:  30000000 
INFO  @ Sat, 02 Jan 2021 11:24:31:  31000000 
INFO  @ Sat, 02 Jan 2021 11:24:38:  32000000 
INFO  @ Sat, 02 Jan 2021 11:24:46:  33000000 
INFO  @ Sat, 02 Jan 2021 11:24:53:  34000000 
INFO  @ Sat, 02 Jan 2021 11:25:00:  35000000 
INFO  @ Sat, 02 Jan 2021 11:25:07:  36000000 
INFO  @ Sat, 02 Jan 2021 11:25:14:  37000000 
INFO  @ Sat, 02 Jan 2021 11:25:17: Detected format is: BAM 
INFO  @ Sat, 02 Jan 2021 11:25:17: * Input file is gzipped. 
INFO  @ Sat, 02 Jan 2021 11:25:24:  1000000 
INFO  @ Sat, 02 Jan 2021 11:25:30:  2000000 
INFO  @ Sat, 02 Jan 2021 11:25:37:  3000000 
INFO  @ Sat, 02 Jan 2021 11:25:44:  4000000 
INFO  @ Sat, 02 Jan 2021 11:25:51:  5000000 
INFO  @ Sat, 02 Jan 2021 11:25:57:  6000000 
INFO  @ Sat, 02 Jan 2021 11:26:04:  7000000 
INFO  @ Sat, 02 Jan 2021 11:26:11:  8000000 
INFO  @ Sat, 02 Jan 2021 11:26:18:  9000000 
INFO  @ Sat, 02 Jan 2021 11:26:24:  10000000 
INFO  @ Sat, 02 Jan 2021 11:26:31:  11000000 
INFO  @ Sat, 02 Jan 2021 11:26:38:  12000000 
INFO  @ Sat, 02 Jan 2021 11:26:44:  13000000 
INFO  @ Sat, 02 Jan 2021 11:26:51:  14000000 
INFO  @ Sat, 02 Jan 2021 11:26:58:  15000000 
INFO  @ Sat, 02 Jan 2021 11:27:05:  16000000 
INFO  @ Sat, 02 Jan 2021 11:27:11:  17000000 
INFO  @ Sat, 02 Jan 2021 11:27:18:  18000000 
INFO  @ Sat, 02 Jan 2021 11:27:25:  19000000 
INFO  @ Sat, 02 Jan 2021 11:27:32:  20000000 
INFO  @ Sat, 02 Jan 2021 11:27:39:  21000000 
INFO  @ Sat, 02 Jan 2021 11:27:45:  22000000 
INFO  @ Sat, 02 Jan 2021 11:27:52:  23000000 
INFO  @ Sat, 02 Jan 2021 11:27:59:  24000000 
INFO  @ Sat, 02 Jan 2021 11:28:05:  25000000 
INFO  @ Sat, 02 Jan 2021 11:28:12:  26000000 
INFO  @ Sat, 02 Jan 2021 11:28:18:  27000000 
INFO  @ Sat, 02 Jan 2021 11:28:22: #1.2 read input tags... 
INFO  @ Sat, 02 Jan 2021 11:28:23: Detected format is: BAM 
INFO  @ Sat, 02 Jan 2021 11:28:23: * Input file is gzipped. 
INFO  @ Sat, 02 Jan 2021 11:28:29:  1000000 
INFO  @ Sat, 02 Jan 2021 11:28:36:  2000000 
INFO  @ Sat, 02 Jan 2021 11:28:43:  3000000 
INFO  @ Sat, 02 Jan 2021 11:28:49:  4000000 
INFO  @ Sat, 02 Jan 2021 11:28:56:  5000000 
INFO  @ Sat, 02 Jan 2021 11:29:03:  6000000 
INFO  @ Sat, 02 Jan 2021 11:29:10:  7000000 
INFO  @ Sat, 02 Jan 2021 11:29:12: Detected format is: BAM 
INFO  @ Sat, 02 Jan 2021 11:29:12: * Input file is gzipped. 
INFO  @ Sat, 02 Jan 2021 11:29:19:  1000000 
INFO  @ Sat, 02 Jan 2021 11:29:26:  2000000 
INFO  @ Sat, 02 Jan 2021 11:29:32:  3000000 
INFO  @ Sat, 02 Jan 2021 11:29:39:  4000000 
INFO  @ Sat, 02 Jan 2021 11:29:45:  5000000 
INFO  @ Sat, 02 Jan 2021 11:29:52:  6000000 
INFO  @ Sat, 02 Jan 2021 11:29:56: #1 tag size is determined as 49 bps 
INFO  @ Sat, 02 Jan 2021 11:29:56: #1 tag size = 49 
INFO  @ Sat, 02 Jan 2021 11:29:56: #1  total tags in treatment: 63971948 
INFO  @ Sat, 02 Jan 2021 11:29:56: #1 user defined the maximum tags... 
INFO  @ Sat, 02 Jan 2021 11:29:56: #1 filter out redundant tags at the same location and the same strand by allowing at most 1 tag(s) 
INFO  @ Sat, 02 Jan 2021 11:29:57: #1  tags after filtering in treatment: 63508994 
INFO  @ Sat, 02 Jan 2021 11:29:57: #1  Redundant rate of treatment: 0.01 
INFO  @ Sat, 02 Jan 2021 11:29:57: #1  total tags in control: 13420253 
INFO  @ Sat, 02 Jan 2021 11:29:57: #1 user defined the maximum tags... 
INFO  @ Sat, 02 Jan 2021 11:29:57: #1 filter out redundant tags at the same location and the same strand by allowing at most 1 tag(s) 
INFO  @ Sat, 02 Jan 2021 11:29:58: #1  tags after filtering in control: 11101866 
INFO  @ Sat, 02 Jan 2021 11:29:58: #1  Redundant rate of control: 0.17 
INFO  @ Sat, 02 Jan 2021 11:29:58: #1 finished! 
INFO  @ Sat, 02 Jan 2021 11:29:58: #2 Build Peak Model... 
INFO  @ Sat, 02 Jan 2021 11:29:58: #2 Skipped... 
INFO  @ Sat, 02 Jan 2021 11:29:58: #2 Use 147 as fragment length 
INFO  @ Sat, 02 Jan 2021 11:29:58: #3 Call peaks... 
INFO  @ Sat, 02 Jan 2021 11:29:58: #3 Going to call summits inside each peak ... 
INFO  @ Sat, 02 Jan 2021 11:29:58: #3 Pre-compute pvalue-qvalue table... 
INFO  @ Sat, 02 Jan 2021 11:32:18: #3 In the peak calling step, the following will be performed simultaneously: 
INFO  @ Sat, 02 Jan 2021 11:32:18: #3   Write bedGraph files for treatment pileup (after scaling if necessary)... 2017_NAT_IMMUNOL_Yu___H3K4me3_P14-CD8-TN_treat_pileup.bdg 
INFO  @ Sat, 02 Jan 2021 11:32:18: #3   Write bedGraph files for control lambda (after scaling if necessary)... 2017_NAT_IMMUNOL_Yu___H3K4me3_P14-CD8-TN_control_lambda.bdg 
INFO  @ Sat, 02 Jan 2021 11:32:18: #3   --SPMR is requested, so pileup will be normalized by sequencing depth in million reads. 
INFO  @ Sat, 02 Jan 2021 11:32:18: #3 Call peaks for each chromosome... 
INFO  @ Sat, 02 Jan 2021 11:41:20: #4 Write output xls file... /gpfs/group/pipkin/hdiao/T_Cell_ChIP/2_MACS2/2017_NAT_IMMUNOL_Yu___H3K4me3_P14-CD8-TN_peaks.xls 
INFO  @ Sat, 02 Jan 2021 11:41:20: #4 Write peak in narrowPeak format file... /gpfs/group/pipkin/hdiao/T_Cell_ChIP/2_MACS2/2017_NAT_IMMUNOL_Yu___H3K4me3_P14-CD8-TN_peaks.narrowPeak 
INFO  @ Sat, 02 Jan 2021 11:41:20: #4 Write summits bed file... /gpfs/group/pipkin/hdiao/T_Cell_ChIP/2_MACS2/2017_NAT_IMMUNOL_Yu___H3K4me3_P14-CD8-TN_summits.bed 
INFO  @ Sat, 02 Jan 2021 11:41:20: Done! 
INFO  @ Sat, 02 Jan 2021 11:41:21: 
# Command line: callpeak -t SRR4437321_srt_dupr_flb.bam SRR4437322_srt_dupr_flb.bam -c SRR4437353_srt_dupr_flb.bam SRR4437354_srt_dupr_flb.bam -g mm --nomodel --extsize 147 --broad -n 2017_NAT_IMMUNOL_Yu___H3K4me3_P14-CD8-TN --outdir /gpfs/group/pipkin/hdiao/T_Cell_ChIP/2_MACS2_broad
# ARGUMENTS LIST:
# name = 2017_NAT_IMMUNOL_Yu___H3K4me3_P14-CD8-TN
# format = AUTO
# ChIP-seq file = ['SRR4437321_srt_dupr_flb.bam', 'SRR4437322_srt_dupr_flb.bam']
# control file = ['SRR4437353_srt_dupr_flb.bam', 'SRR4437354_srt_dupr_flb.bam']
# effective genome size = 1.87e+09
# band width = 300
# model fold = [5, 50]
# qvalue cutoff for narrow/strong regions = 5.00e-02
# qvalue cutoff for broad/weak regions = 1.00e-01
# Larger dataset will be scaled towards smaller dataset.
# Range for calculating regional lambda is: 1000 bps and 10000 bps
# Broad region calling is on
 
INFO  @ Sat, 02 Jan 2021 11:41:21: #1 read tag files... 
INFO  @ Sat, 02 Jan 2021 11:41:21: #1 read treatment tags... 
INFO  @ Sat, 02 Jan 2021 11:41:21: Detected format is: BAM 
INFO  @ Sat, 02 Jan 2021 11:41:21: * Input file is gzipped. 
INFO  @ Sat, 02 Jan 2021 11:41:27:  1000000 
INFO  @ Sat, 02 Jan 2021 11:41:33:  2000000 
INFO  @ Sat, 02 Jan 2021 11:41:39:  3000000 
INFO  @ Sat, 02 Jan 2021 11:41:45:  4000000 
INFO  @ Sat, 02 Jan 2021 11:41:51:  5000000 
INFO  @ Sat, 02 Jan 2021 11:41:56:  6000000 
INFO  @ Sat, 02 Jan 2021 11:42:02:  7000000 
INFO  @ Sat, 02 Jan 2021 11:42:08:  8000000 
INFO  @ Sat, 02 Jan 2021 11:42:14:  9000000 
INFO  @ Sat, 02 Jan 2021 11:42:20:  10000000 
INFO  @ Sat, 02 Jan 2021 11:42:26:  11000000 
INFO  @ Sat, 02 Jan 2021 11:42:32:  12000000 
INFO  @ Sat, 02 Jan 2021 11:42:37:  13000000 
INFO  @ Sat, 02 Jan 2021 11:42:43:  14000000 
INFO  @ Sat, 02 Jan 2021 11:42:49:  15000000 
INFO  @ Sat, 02 Jan 2021 11:42:55:  16000000 
INFO  @ Sat, 02 Jan 2021 11:43:01:  17000000 
INFO  @ Sat, 02 Jan 2021 11:43:07:  18000000 
INFO  @ Sat, 02 Jan 2021 11:43:13:  19000000 
INFO  @ Sat, 02 Jan 2021 11:43:19:  20000000 
INFO  @ Sat, 02 Jan 2021 11:43:24:  21000000 
INFO  @ Sat, 02 Jan 2021 11:43:30:  22000000 
INFO  @ Sat, 02 Jan 2021 11:43:36:  23000000 
INFO  @ Sat, 02 Jan 2021 11:43:42:  24000000 
INFO  @ Sat, 02 Jan 2021 11:43:48:  25000000 
INFO  @ Sat, 02 Jan 2021 11:43:53:  26000000 
INFO  @ Sat, 02 Jan 2021 11:43:59:  27000000 
INFO  @ Sat, 02 Jan 2021 11:44:05:  28000000 
INFO  @ Sat, 02 Jan 2021 11:44:11:  29000000 
INFO  @ Sat, 02 Jan 2021 11:44:17:  30000000 
INFO  @ Sat, 02 Jan 2021 11:44:22:  31000000 
INFO  @ Sat, 02 Jan 2021 11:44:28:  32000000 
INFO  @ Sat, 02 Jan 2021 11:44:33:  33000000 
INFO  @ Sat, 02 Jan 2021 11:44:39:  34000000 
INFO  @ Sat, 02 Jan 2021 11:44:45:  35000000 
INFO  @ Sat, 02 Jan 2021 11:44:51:  36000000 
INFO  @ Sat, 02 Jan 2021 11:44:57:  37000000 
INFO  @ Sat, 02 Jan 2021 11:44:59: Detected format is: BAM 
INFO  @ Sat, 02 Jan 2021 11:44:59: * Input file is gzipped. 
INFO  @ Sat, 02 Jan 2021 11:45:05:  1000000 
INFO  @ Sat, 02 Jan 2021 11:45:11:  2000000 
INFO  @ Sat, 02 Jan 2021 11:45:17:  3000000 
INFO  @ Sat, 02 Jan 2021 11:45:22:  4000000 
INFO  @ Sat, 02 Jan 2021 11:45:28:  5000000 
INFO  @ Sat, 02 Jan 2021 11:45:34:  6000000 
INFO  @ Sat, 02 Jan 2021 11:45:40:  7000000 
INFO  @ Sat, 02 Jan 2021 11:45:45:  8000000 
INFO  @ Sat, 02 Jan 2021 11:45:51:  9000000 
INFO  @ Sat, 02 Jan 2021 11:45:57:  10000000 
INFO  @ Sat, 02 Jan 2021 11:46:03:  11000000 
INFO  @ Sat, 02 Jan 2021 11:46:08:  12000000 
INFO  @ Sat, 02 Jan 2021 11:46:14:  13000000 
INFO  @ Sat, 02 Jan 2021 11:46:20:  14000000 
INFO  @ Sat, 02 Jan 2021 11:46:25:  15000000 
INFO  @ Sat, 02 Jan 2021 11:46:31:  16000000 
INFO  @ Sat, 02 Jan 2021 11:46:37:  17000000 
INFO  @ Sat, 02 Jan 2021 11:46:43:  18000000 
INFO  @ Sat, 02 Jan 2021 11:46:49:  19000000 
INFO  @ Sat, 02 Jan 2021 11:46:55:  20000000 
INFO  @ Sat, 02 Jan 2021 11:47:01:  21000000 
INFO  @ Sat, 02 Jan 2021 11:47:06:  22000000 
INFO  @ Sat, 02 Jan 2021 11:47:12:  23000000 
INFO  @ Sat, 02 Jan 2021 11:47:18:  24000000 
INFO  @ Sat, 02 Jan 2021 11:47:24:  25000000 
INFO  @ Sat, 02 Jan 2021 11:47:29:  26000000 
INFO  @ Sat, 02 Jan 2021 11:47:35:  27000000 
INFO  @ Sat, 02 Jan 2021 11:47:39: #1.2 read input tags... 
INFO  @ Sat, 02 Jan 2021 11:47:39: Detected format is: BAM 
INFO  @ Sat, 02 Jan 2021 11:47:39: * Input file is gzipped. 
INFO  @ Sat, 02 Jan 2021 11:47:45:  1000000 
INFO  @ Sat, 02 Jan 2021 11:47:51:  2000000 
INFO  @ Sat, 02 Jan 2021 11:47:57:  3000000 
INFO  @ Sat, 02 Jan 2021 11:48:02:  4000000 
INFO  @ Sat, 02 Jan 2021 11:48:08:  5000000 
INFO  @ Sat, 02 Jan 2021 11:48:14:  6000000 
INFO  @ Sat, 02 Jan 2021 11:48:20:  7000000 
INFO  @ Sat, 02 Jan 2021 11:48:22: Detected format is: BAM 
INFO  @ Sat, 02 Jan 2021 11:48:22: * Input file is gzipped. 
INFO  @ Sat, 02 Jan 2021 11:48:28:  1000000 
INFO  @ Sat, 02 Jan 2021 11:48:34:  2000000 
INFO  @ Sat, 02 Jan 2021 11:48:40:  3000000 
INFO  @ Sat, 02 Jan 2021 11:48:46:  4000000 
INFO  @ Sat, 02 Jan 2021 11:48:52:  5000000 
INFO  @ Sat, 02 Jan 2021 11:48:57:  6000000 
INFO  @ Sat, 02 Jan 2021 11:49:01: #1 tag size is determined as 49 bps 
INFO  @ Sat, 02 Jan 2021 11:49:01: #1 tag size = 49 
INFO  @ Sat, 02 Jan 2021 11:49:01: #1  total tags in treatment: 63971948 
INFO  @ Sat, 02 Jan 2021 11:49:01: #1 user defined the maximum tags... 
INFO  @ Sat, 02 Jan 2021 11:49:01: #1 filter out redundant tags at the same location and the same strand by allowing at most 1 tag(s) 
INFO  @ Sat, 02 Jan 2021 11:49:02: #1  tags after filtering in treatment: 63508994 
INFO  @ Sat, 02 Jan 2021 11:49:03: #1  Redundant rate of treatment: 0.01 
INFO  @ Sat, 02 Jan 2021 11:49:03: #1  total tags in control: 13420253 
INFO  @ Sat, 02 Jan 2021 11:49:03: #1 user defined the maximum tags... 
INFO  @ Sat, 02 Jan 2021 11:49:03: #1 filter out redundant tags at the same location and the same strand by allowing at most 1 tag(s) 
INFO  @ Sat, 02 Jan 2021 11:49:03: #1  tags after filtering in control: 11101866 
INFO  @ Sat, 02 Jan 2021 11:49:03: #1  Redundant rate of control: 0.17 
INFO  @ Sat, 02 Jan 2021 11:49:03: #1 finished! 
INFO  @ Sat, 02 Jan 2021 11:49:03: #2 Build Peak Model... 
INFO  @ Sat, 02 Jan 2021 11:49:03: #2 Skipped... 
INFO  @ Sat, 02 Jan 2021 11:49:03: #2 Use 147 as fragment length 
INFO  @ Sat, 02 Jan 2021 11:49:03: #3 Call peaks... 
INFO  @ Sat, 02 Jan 2021 11:49:03: #3 Call broad peaks with given level1 -log10qvalue cutoff and level2: 1.301030, 1.000000... 
INFO  @ Sat, 02 Jan 2021 11:49:03: #3 Pre-compute pvalue-qvalue table... 
INFO  @ Sat, 02 Jan 2021 11:51:19: #3 Call peaks for each chromosome... 
INFO  @ Sat, 02 Jan 2021 11:52:22: #4 Write output xls file... /gpfs/group/pipkin/hdiao/T_Cell_ChIP/2_MACS2_broad/2017_NAT_IMMUNOL_Yu___H3K4me3_P14-CD8-TN_peaks.xls 
INFO  @ Sat, 02 Jan 2021 11:52:22: #4 Write broad peak in broadPeak format file... /gpfs/group/pipkin/hdiao/T_Cell_ChIP/2_MACS2_broad/2017_NAT_IMMUNOL_Yu___H3K4me3_P14-CD8-TN_peaks.broadPeak 
INFO  @ Sat, 02 Jan 2021 11:52:22: #4 Write broad peak in bed12/gappedPeak format file... /gpfs/group/pipkin/hdiao/T_Cell_ChIP/2_MACS2_broad/2017_NAT_IMMUNOL_Yu___H3K4me3_P14-CD8-TN_peaks.gappedPeak 
INFO  @ Sat, 02 Jan 2021 11:52:23: Done! 
