INFO  @ Sat, 02 Jan 2021 11:20:47: 
# Command line: callpeak -t SRR4437337_srt_dupr_flb.bam SRR4437338_srt_dupr_flb.bam -c SRR4437353_srt_dupr_flb.bam SRR4437354_srt_dupr_flb.bam -g mm -B --SPMR --nomodel --extsize 147 --call-summits -n 2017_NAT_IMMUNOL_Yu___H3K27me3_P14-CD8-TN --outdir /gpfs/group/pipkin/hdiao/T_Cell_ChIP/2_MACS2
# ARGUMENTS LIST:
# name = 2017_NAT_IMMUNOL_Yu___H3K27me3_P14-CD8-TN
# format = AUTO
# ChIP-seq file = ['SRR4437337_srt_dupr_flb.bam', 'SRR4437338_srt_dupr_flb.bam']
# control file = ['SRR4437353_srt_dupr_flb.bam', 'SRR4437354_srt_dupr_flb.bam']
# effective genome size = 1.87e+09
# band width = 300
# model fold = [5, 50]
# qvalue cutoff = 5.00e-02
# Larger dataset will be scaled towards smaller dataset.
# Range for calculating regional lambda is: 1000 bps and 10000 bps
# Broad region calling is off
# Searching for subpeak summits is on
# MACS will save fragment pileup signal per million reads
 
INFO  @ Sat, 02 Jan 2021 11:20:47: #1 read tag files... 
INFO  @ Sat, 02 Jan 2021 11:20:47: #1 read treatment tags... 
INFO  @ Sat, 02 Jan 2021 11:20:47: Detected format is: BAM 
INFO  @ Sat, 02 Jan 2021 11:20:47: * Input file is gzipped. 
INFO  @ Sat, 02 Jan 2021 11:20:58:  1000000 
INFO  @ Sat, 02 Jan 2021 11:21:08:  2000000 
INFO  @ Sat, 02 Jan 2021 11:21:18:  3000000 
INFO  @ Sat, 02 Jan 2021 11:21:29:  4000000 
INFO  @ Sat, 02 Jan 2021 11:21:39:  5000000 
INFO  @ Sat, 02 Jan 2021 11:21:48:  6000000 
INFO  @ Sat, 02 Jan 2021 11:21:58:  7000000 
INFO  @ Sat, 02 Jan 2021 11:22:10:  8000000 
INFO  @ Sat, 02 Jan 2021 11:22:18:  9000000 
INFO  @ Sat, 02 Jan 2021 11:22:19: Detected format is: BAM 
INFO  @ Sat, 02 Jan 2021 11:22:19: * Input file is gzipped. 
INFO  @ Sat, 02 Jan 2021 11:22:31:  1000000 
INFO  @ Sat, 02 Jan 2021 11:22:41:  2000000 
INFO  @ Sat, 02 Jan 2021 11:22:52:  3000000 
INFO  @ Sat, 02 Jan 2021 11:23:04:  4000000 
INFO  @ Sat, 02 Jan 2021 11:23:15:  5000000 
INFO  @ Sat, 02 Jan 2021 11:23:27:  6000000 
INFO  @ Sat, 02 Jan 2021 11:23:39:  7000000 
INFO  @ Sat, 02 Jan 2021 11:23:50:  8000000 
INFO  @ Sat, 02 Jan 2021 11:24:02:  9000000 
INFO  @ Sat, 02 Jan 2021 11:24:13:  10000000 
INFO  @ Sat, 02 Jan 2021 11:24:23: #1.2 read input tags... 
INFO  @ Sat, 02 Jan 2021 11:24:23: Detected format is: BAM 
INFO  @ Sat, 02 Jan 2021 11:24:23: * Input file is gzipped. 
INFO  @ Sat, 02 Jan 2021 11:24:32:  1000000 
INFO  @ Sat, 02 Jan 2021 11:24:40:  2000000 
INFO  @ Sat, 02 Jan 2021 11:24:49:  3000000 
INFO  @ Sat, 02 Jan 2021 11:24:58:  4000000 
INFO  @ Sat, 02 Jan 2021 11:25:06:  5000000 
INFO  @ Sat, 02 Jan 2021 11:25:15:  6000000 
INFO  @ Sat, 02 Jan 2021 11:25:24:  7000000 
INFO  @ Sat, 02 Jan 2021 11:25:27: Detected format is: BAM 
INFO  @ Sat, 02 Jan 2021 11:25:27: * Input file is gzipped. 
INFO  @ Sat, 02 Jan 2021 11:25:35:  1000000 
INFO  @ Sat, 02 Jan 2021 11:25:44:  2000000 
INFO  @ Sat, 02 Jan 2021 11:25:52:  3000000 
INFO  @ Sat, 02 Jan 2021 11:26:00:  4000000 
INFO  @ Sat, 02 Jan 2021 11:26:09:  5000000 
INFO  @ Sat, 02 Jan 2021 11:26:17:  6000000 
INFO  @ Sat, 02 Jan 2021 11:26:22: #1 tag size is determined as 47 bps 
INFO  @ Sat, 02 Jan 2021 11:26:22: #1 tag size = 47 
INFO  @ Sat, 02 Jan 2021 11:26:22: #1  total tags in treatment: 19045635 
INFO  @ Sat, 02 Jan 2021 11:26:22: #1 user defined the maximum tags... 
INFO  @ Sat, 02 Jan 2021 11:26:22: #1 filter out redundant tags at the same location and the same strand by allowing at most 1 tag(s) 
INFO  @ Sat, 02 Jan 2021 11:26:23: #1  tags after filtering in treatment: 18932990 
INFO  @ Sat, 02 Jan 2021 11:26:23: #1  Redundant rate of treatment: 0.01 
INFO  @ Sat, 02 Jan 2021 11:26:23: #1  total tags in control: 13420253 
INFO  @ Sat, 02 Jan 2021 11:26:23: #1 user defined the maximum tags... 
INFO  @ Sat, 02 Jan 2021 11:26:23: #1 filter out redundant tags at the same location and the same strand by allowing at most 1 tag(s) 
INFO  @ Sat, 02 Jan 2021 11:26:23: #1  tags after filtering in control: 11101866 
INFO  @ Sat, 02 Jan 2021 11:26:23: #1  Redundant rate of control: 0.17 
INFO  @ Sat, 02 Jan 2021 11:26:23: #1 finished! 
INFO  @ Sat, 02 Jan 2021 11:26:23: #2 Build Peak Model... 
INFO  @ Sat, 02 Jan 2021 11:26:23: #2 Skipped... 
INFO  @ Sat, 02 Jan 2021 11:26:23: #2 Use 147 as fragment length 
INFO  @ Sat, 02 Jan 2021 11:26:23: #3 Call peaks... 
INFO  @ Sat, 02 Jan 2021 11:26:23: #3 Going to call summits inside each peak ... 
INFO  @ Sat, 02 Jan 2021 11:26:23: #3 Pre-compute pvalue-qvalue table... 
INFO  @ Sat, 02 Jan 2021 11:27:46: #3 In the peak calling step, the following will be performed simultaneously: 
INFO  @ Sat, 02 Jan 2021 11:27:46: #3   Write bedGraph files for treatment pileup (after scaling if necessary)... 2017_NAT_IMMUNOL_Yu___H3K27me3_P14-CD8-TN_treat_pileup.bdg 
INFO  @ Sat, 02 Jan 2021 11:27:46: #3   Write bedGraph files for control lambda (after scaling if necessary)... 2017_NAT_IMMUNOL_Yu___H3K27me3_P14-CD8-TN_control_lambda.bdg 
INFO  @ Sat, 02 Jan 2021 11:27:46: #3   --SPMR is requested, so pileup will be normalized by sequencing depth in million reads. 
INFO  @ Sat, 02 Jan 2021 11:27:46: #3 Call peaks for each chromosome... 
INFO  @ Sat, 02 Jan 2021 11:32:52: #4 Write output xls file... /gpfs/group/pipkin/hdiao/T_Cell_ChIP/2_MACS2/2017_NAT_IMMUNOL_Yu___H3K27me3_P14-CD8-TN_peaks.xls 
INFO  @ Sat, 02 Jan 2021 11:32:53: #4 Write peak in narrowPeak format file... /gpfs/group/pipkin/hdiao/T_Cell_ChIP/2_MACS2/2017_NAT_IMMUNOL_Yu___H3K27me3_P14-CD8-TN_peaks.narrowPeak 
INFO  @ Sat, 02 Jan 2021 11:32:53: #4 Write summits bed file... /gpfs/group/pipkin/hdiao/T_Cell_ChIP/2_MACS2/2017_NAT_IMMUNOL_Yu___H3K27me3_P14-CD8-TN_summits.bed 
INFO  @ Sat, 02 Jan 2021 11:32:54: Done! 
INFO  @ Sat, 02 Jan 2021 11:32:54: 
# Command line: callpeak -t SRR4437337_srt_dupr_flb.bam SRR4437338_srt_dupr_flb.bam -c SRR4437353_srt_dupr_flb.bam SRR4437354_srt_dupr_flb.bam -g mm --nomodel --extsize 147 --broad -n 2017_NAT_IMMUNOL_Yu___H3K27me3_P14-CD8-TN --outdir /gpfs/group/pipkin/hdiao/T_Cell_ChIP/2_MACS2_broad
# ARGUMENTS LIST:
# name = 2017_NAT_IMMUNOL_Yu___H3K27me3_P14-CD8-TN
# format = AUTO
# ChIP-seq file = ['SRR4437337_srt_dupr_flb.bam', 'SRR4437338_srt_dupr_flb.bam']
# control file = ['SRR4437353_srt_dupr_flb.bam', 'SRR4437354_srt_dupr_flb.bam']
# effective genome size = 1.87e+09
# band width = 300
# model fold = [5, 50]
# qvalue cutoff for narrow/strong regions = 5.00e-02
# qvalue cutoff for broad/weak regions = 1.00e-01
# Larger dataset will be scaled towards smaller dataset.
# Range for calculating regional lambda is: 1000 bps and 10000 bps
# Broad region calling is on
 
INFO  @ Sat, 02 Jan 2021 11:32:54: #1 read tag files... 
INFO  @ Sat, 02 Jan 2021 11:32:54: #1 read treatment tags... 
INFO  @ Sat, 02 Jan 2021 11:32:54: Detected format is: BAM 
INFO  @ Sat, 02 Jan 2021 11:32:54: * Input file is gzipped. 
INFO  @ Sat, 02 Jan 2021 11:33:02:  1000000 
INFO  @ Sat, 02 Jan 2021 11:33:09:  2000000 
INFO  @ Sat, 02 Jan 2021 11:33:17:  3000000 
INFO  @ Sat, 02 Jan 2021 11:33:24:  4000000 
INFO  @ Sat, 02 Jan 2021 11:33:31:  5000000 
INFO  @ Sat, 02 Jan 2021 11:33:39:  6000000 
INFO  @ Sat, 02 Jan 2021 11:33:46:  7000000 
INFO  @ Sat, 02 Jan 2021 11:33:54:  8000000 
INFO  @ Sat, 02 Jan 2021 11:33:59:  9000000 
INFO  @ Sat, 02 Jan 2021 11:34:00: Detected format is: BAM 
INFO  @ Sat, 02 Jan 2021 11:34:00: * Input file is gzipped. 
INFO  @ Sat, 02 Jan 2021 11:34:07:  1000000 
INFO  @ Sat, 02 Jan 2021 11:34:14:  2000000 
INFO  @ Sat, 02 Jan 2021 11:34:21:  3000000 
INFO  @ Sat, 02 Jan 2021 11:34:28:  4000000 
INFO  @ Sat, 02 Jan 2021 11:34:34:  5000000 
INFO  @ Sat, 02 Jan 2021 11:34:41:  6000000 
INFO  @ Sat, 02 Jan 2021 11:34:48:  7000000 
INFO  @ Sat, 02 Jan 2021 11:34:55:  8000000 
INFO  @ Sat, 02 Jan 2021 11:35:02:  9000000 
INFO  @ Sat, 02 Jan 2021 11:35:09:  10000000 
INFO  @ Sat, 02 Jan 2021 11:35:15: #1.2 read input tags... 
INFO  @ Sat, 02 Jan 2021 11:35:15: Detected format is: BAM 
INFO  @ Sat, 02 Jan 2021 11:35:15: * Input file is gzipped. 
INFO  @ Sat, 02 Jan 2021 11:35:23:  1000000 
INFO  @ Sat, 02 Jan 2021 11:35:30:  2000000 
INFO  @ Sat, 02 Jan 2021 11:35:38:  3000000 
INFO  @ Sat, 02 Jan 2021 11:35:45:  4000000 
INFO  @ Sat, 02 Jan 2021 11:35:53:  5000000 
INFO  @ Sat, 02 Jan 2021 11:36:00:  6000000 
INFO  @ Sat, 02 Jan 2021 11:36:08:  7000000 
INFO  @ Sat, 02 Jan 2021 11:36:10: Detected format is: BAM 
INFO  @ Sat, 02 Jan 2021 11:36:10: * Input file is gzipped. 
INFO  @ Sat, 02 Jan 2021 11:36:18:  1000000 
INFO  @ Sat, 02 Jan 2021 11:36:25:  2000000 
INFO  @ Sat, 02 Jan 2021 11:36:33:  3000000 
INFO  @ Sat, 02 Jan 2021 11:36:40:  4000000 
INFO  @ Sat, 02 Jan 2021 11:36:48:  5000000 
INFO  @ Sat, 02 Jan 2021 11:36:55:  6000000 
INFO  @ Sat, 02 Jan 2021 11:37:00: #1 tag size is determined as 47 bps 
INFO  @ Sat, 02 Jan 2021 11:37:00: #1 tag size = 47 
INFO  @ Sat, 02 Jan 2021 11:37:00: #1  total tags in treatment: 19045635 
INFO  @ Sat, 02 Jan 2021 11:37:00: #1 user defined the maximum tags... 
INFO  @ Sat, 02 Jan 2021 11:37:00: #1 filter out redundant tags at the same location and the same strand by allowing at most 1 tag(s) 
INFO  @ Sat, 02 Jan 2021 11:37:00: #1  tags after filtering in treatment: 18932990 
INFO  @ Sat, 02 Jan 2021 11:37:00: #1  Redundant rate of treatment: 0.01 
INFO  @ Sat, 02 Jan 2021 11:37:00: #1  total tags in control: 13420253 
INFO  @ Sat, 02 Jan 2021 11:37:00: #1 user defined the maximum tags... 
INFO  @ Sat, 02 Jan 2021 11:37:00: #1 filter out redundant tags at the same location and the same strand by allowing at most 1 tag(s) 
INFO  @ Sat, 02 Jan 2021 11:37:01: #1  tags after filtering in control: 11101866 
INFO  @ Sat, 02 Jan 2021 11:37:01: #1  Redundant rate of control: 0.17 
INFO  @ Sat, 02 Jan 2021 11:37:01: #1 finished! 
INFO  @ Sat, 02 Jan 2021 11:37:01: #2 Build Peak Model... 
INFO  @ Sat, 02 Jan 2021 11:37:01: #2 Skipped... 
INFO  @ Sat, 02 Jan 2021 11:37:01: #2 Use 147 as fragment length 
INFO  @ Sat, 02 Jan 2021 11:37:01: #3 Call peaks... 
INFO  @ Sat, 02 Jan 2021 11:37:01: #3 Call broad peaks with given level1 -log10qvalue cutoff and level2: 1.301030, 1.000000... 
INFO  @ Sat, 02 Jan 2021 11:37:01: #3 Pre-compute pvalue-qvalue table... 
INFO  @ Sat, 02 Jan 2021 11:38:24: #3 Call peaks for each chromosome... 
INFO  @ Sat, 02 Jan 2021 11:39:09: #4 Write output xls file... /gpfs/group/pipkin/hdiao/T_Cell_ChIP/2_MACS2_broad/2017_NAT_IMMUNOL_Yu___H3K27me3_P14-CD8-TN_peaks.xls 
INFO  @ Sat, 02 Jan 2021 11:39:09: #4 Write broad peak in broadPeak format file... /gpfs/group/pipkin/hdiao/T_Cell_ChIP/2_MACS2_broad/2017_NAT_IMMUNOL_Yu___H3K27me3_P14-CD8-TN_peaks.broadPeak 
INFO  @ Sat, 02 Jan 2021 11:39:09: #4 Write broad peak in bed12/gappedPeak format file... /gpfs/group/pipkin/hdiao/T_Cell_ChIP/2_MACS2_broad/2017_NAT_IMMUNOL_Yu___H3K27me3_P14-CD8-TN_peaks.gappedPeak 
INFO  @ Sat, 02 Jan 2021 11:39:09: Done! 
