INFO  @ Sat, 02 Jan 2021 11:20:47: 
# Command line: callpeak -t SRR10285313_srt_dupr_flb.bam SRR10285314_srt_dupr_flb.bam -g mm -B --SPMR --nomodel --extsize 147 --call-summits -n 2020_PNAS_KwesiMaliepaard___H3K79me2_naive-CD8 --outdir /gpfs/group/pipkin/hdiao/T_Cell_ChIP/2_MACS2
# ARGUMENTS LIST:
# name = 2020_PNAS_KwesiMaliepaard___H3K79me2_naive-CD8
# format = AUTO
# ChIP-seq file = ['SRR10285313_srt_dupr_flb.bam', 'SRR10285314_srt_dupr_flb.bam']
# control file = None
# effective genome size = 1.87e+09
# band width = 300
# model fold = [5, 50]
# qvalue cutoff = 5.00e-02
# Larger dataset will be scaled towards smaller dataset.
# Range for calculating regional lambda is: 10000 bps
# Broad region calling is off
# Searching for subpeak summits is on
# MACS will save fragment pileup signal per million reads
 
INFO  @ Sat, 02 Jan 2021 11:20:47: #1 read tag files... 
INFO  @ Sat, 02 Jan 2021 11:20:47: #1 read treatment tags... 
INFO  @ Sat, 02 Jan 2021 11:20:47: Detected format is: BAM 
INFO  @ Sat, 02 Jan 2021 11:20:47: * Input file is gzipped. 
INFO  @ Sat, 02 Jan 2021 11:20:55:  1000000 
INFO  @ Sat, 02 Jan 2021 11:21:03:  2000000 
INFO  @ Sat, 02 Jan 2021 11:21:11:  3000000 
INFO  @ Sat, 02 Jan 2021 11:21:18:  4000000 
INFO  @ Sat, 02 Jan 2021 11:21:26:  5000000 
INFO  @ Sat, 02 Jan 2021 11:21:33:  6000000 
INFO  @ Sat, 02 Jan 2021 11:21:41:  7000000 
INFO  @ Sat, 02 Jan 2021 11:21:48:  8000000 
INFO  @ Sat, 02 Jan 2021 11:21:56:  9000000 
INFO  @ Sat, 02 Jan 2021 11:22:03:  10000000 
INFO  @ Sat, 02 Jan 2021 11:22:10:  11000000 
INFO  @ Sat, 02 Jan 2021 11:22:18:  12000000 
INFO  @ Sat, 02 Jan 2021 11:22:25:  13000000 
INFO  @ Sat, 02 Jan 2021 11:22:32:  14000000 
INFO  @ Sat, 02 Jan 2021 11:22:39:  15000000 
INFO  @ Sat, 02 Jan 2021 11:22:46:  16000000 
INFO  @ Sat, 02 Jan 2021 11:22:53:  17000000 
INFO  @ Sat, 02 Jan 2021 11:23:00:  18000000 
INFO  @ Sat, 02 Jan 2021 11:23:07:  19000000 
INFO  @ Sat, 02 Jan 2021 11:23:14:  20000000 
INFO  @ Sat, 02 Jan 2021 11:23:21:  21000000 
INFO  @ Sat, 02 Jan 2021 11:23:29:  22000000 
INFO  @ Sat, 02 Jan 2021 11:23:36:  23000000 
INFO  @ Sat, 02 Jan 2021 11:23:43:  24000000 
INFO  @ Sat, 02 Jan 2021 11:23:49:  25000000 
INFO  @ Sat, 02 Jan 2021 11:23:57:  26000000 
INFO  @ Sat, 02 Jan 2021 11:24:02:  27000000 
INFO  @ Sat, 02 Jan 2021 11:24:07:  28000000 
INFO  @ Sat, 02 Jan 2021 11:24:12:  29000000 
INFO  @ Sat, 02 Jan 2021 11:24:16: Detected format is: BAM 
INFO  @ Sat, 02 Jan 2021 11:24:16: * Input file is gzipped. 
INFO  @ Sat, 02 Jan 2021 11:24:24:  1000000 
INFO  @ Sat, 02 Jan 2021 11:24:31:  2000000 
INFO  @ Sat, 02 Jan 2021 11:24:39:  3000000 
INFO  @ Sat, 02 Jan 2021 11:24:46:  4000000 
INFO  @ Sat, 02 Jan 2021 11:24:54:  5000000 
INFO  @ Sat, 02 Jan 2021 11:25:02:  6000000 
INFO  @ Sat, 02 Jan 2021 11:25:09:  7000000 
INFO  @ Sat, 02 Jan 2021 11:25:15:  8000000 
INFO  @ Sat, 02 Jan 2021 11:25:23:  9000000 
INFO  @ Sat, 02 Jan 2021 11:25:30:  10000000 
INFO  @ Sat, 02 Jan 2021 11:25:37:  11000000 
INFO  @ Sat, 02 Jan 2021 11:25:44:  12000000 
INFO  @ Sat, 02 Jan 2021 11:25:51:  13000000 
INFO  @ Sat, 02 Jan 2021 11:25:58:  14000000 
INFO  @ Sat, 02 Jan 2021 11:26:06:  15000000 
INFO  @ Sat, 02 Jan 2021 11:26:13:  16000000 
INFO  @ Sat, 02 Jan 2021 11:26:20:  17000000 
INFO  @ Sat, 02 Jan 2021 11:26:27:  18000000 
INFO  @ Sat, 02 Jan 2021 11:26:34:  19000000 
INFO  @ Sat, 02 Jan 2021 11:26:41:  20000000 
INFO  @ Sat, 02 Jan 2021 11:26:48:  21000000 
INFO  @ Sat, 02 Jan 2021 11:26:55:  22000000 
INFO  @ Sat, 02 Jan 2021 11:27:03:  23000000 
INFO  @ Sat, 02 Jan 2021 11:27:10:  24000000 
INFO  @ Sat, 02 Jan 2021 11:27:15:  25000000 
INFO  @ Sat, 02 Jan 2021 11:27:20:  26000000 
INFO  @ Sat, 02 Jan 2021 11:27:25:  27000000 
INFO  @ Sat, 02 Jan 2021 11:27:29:  28000000 
INFO  @ Sat, 02 Jan 2021 11:27:33: #1 tag size is determined as 64 bps 
INFO  @ Sat, 02 Jan 2021 11:27:33: #1 tag size = 64 
INFO  @ Sat, 02 Jan 2021 11:27:33: #1  total tags in treatment: 50620193 
INFO  @ Sat, 02 Jan 2021 11:27:33: #1 user defined the maximum tags... 
INFO  @ Sat, 02 Jan 2021 11:27:33: #1 filter out redundant tags at the same location and the same strand by allowing at most 1 tag(s) 
INFO  @ Sat, 02 Jan 2021 11:27:34: #1  tags after filtering in treatment: 49124335 
INFO  @ Sat, 02 Jan 2021 11:27:34: #1  Redundant rate of treatment: 0.03 
INFO  @ Sat, 02 Jan 2021 11:27:34: #1 finished! 
INFO  @ Sat, 02 Jan 2021 11:27:34: #2 Build Peak Model... 
INFO  @ Sat, 02 Jan 2021 11:27:34: #2 Skipped... 
INFO  @ Sat, 02 Jan 2021 11:27:34: #2 Use 147 as fragment length 
INFO  @ Sat, 02 Jan 2021 11:27:34: #3 Call peaks... 
INFO  @ Sat, 02 Jan 2021 11:27:34: #3 Going to call summits inside each peak ... 
INFO  @ Sat, 02 Jan 2021 11:27:34: #3 Pre-compute pvalue-qvalue table... 
INFO  @ Sat, 02 Jan 2021 11:30:00: #3 In the peak calling step, the following will be performed simultaneously: 
INFO  @ Sat, 02 Jan 2021 11:30:00: #3   Write bedGraph files for treatment pileup (after scaling if necessary)... 2020_PNAS_KwesiMaliepaard___H3K79me2_naive-CD8_treat_pileup.bdg 
INFO  @ Sat, 02 Jan 2021 11:30:00: #3   Write bedGraph files for control lambda (after scaling if necessary)... 2020_PNAS_KwesiMaliepaard___H3K79me2_naive-CD8_control_lambda.bdg 
INFO  @ Sat, 02 Jan 2021 11:30:00: #3   --SPMR is requested, so pileup will be normalized by sequencing depth in million reads. 
INFO  @ Sat, 02 Jan 2021 11:30:00: #3 Call peaks for each chromosome... 
INFO  @ Sat, 02 Jan 2021 11:38:42: #4 Write output xls file... /gpfs/group/pipkin/hdiao/T_Cell_ChIP/2_MACS2/2020_PNAS_KwesiMaliepaard___H3K79me2_naive-CD8_peaks.xls 
INFO  @ Sat, 02 Jan 2021 11:38:43: #4 Write peak in narrowPeak format file... /gpfs/group/pipkin/hdiao/T_Cell_ChIP/2_MACS2/2020_PNAS_KwesiMaliepaard___H3K79me2_naive-CD8_peaks.narrowPeak 
INFO  @ Sat, 02 Jan 2021 11:38:43: #4 Write summits bed file... /gpfs/group/pipkin/hdiao/T_Cell_ChIP/2_MACS2/2020_PNAS_KwesiMaliepaard___H3K79me2_naive-CD8_summits.bed 
INFO  @ Sat, 02 Jan 2021 11:38:43: Done! 
INFO  @ Sat, 02 Jan 2021 11:38:44: 
# Command line: callpeak -t SRR10285313_srt_dupr_flb.bam SRR10285314_srt_dupr_flb.bam -g mm --nomodel --extsize 147 --broad -n 2020_PNAS_KwesiMaliepaard___H3K79me2_naive-CD8 --outdir /gpfs/group/pipkin/hdiao/T_Cell_ChIP/2_MACS2_broad
# ARGUMENTS LIST:
# name = 2020_PNAS_KwesiMaliepaard___H3K79me2_naive-CD8
# format = AUTO
# ChIP-seq file = ['SRR10285313_srt_dupr_flb.bam', 'SRR10285314_srt_dupr_flb.bam']
# control file = None
# effective genome size = 1.87e+09
# band width = 300
# model fold = [5, 50]
# qvalue cutoff for narrow/strong regions = 5.00e-02
# qvalue cutoff for broad/weak regions = 1.00e-01
# Larger dataset will be scaled towards smaller dataset.
# Range for calculating regional lambda is: 10000 bps
# Broad region calling is on
 
INFO  @ Sat, 02 Jan 2021 11:38:44: #1 read tag files... 
INFO  @ Sat, 02 Jan 2021 11:38:44: #1 read treatment tags... 
INFO  @ Sat, 02 Jan 2021 11:38:44: Detected format is: BAM 
INFO  @ Sat, 02 Jan 2021 11:38:44: * Input file is gzipped. 
INFO  @ Sat, 02 Jan 2021 11:38:50:  1000000 
INFO  @ Sat, 02 Jan 2021 11:38:56:  2000000 
INFO  @ Sat, 02 Jan 2021 11:39:02:  3000000 
INFO  @ Sat, 02 Jan 2021 11:39:07:  4000000 
INFO  @ Sat, 02 Jan 2021 11:39:13:  5000000 
INFO  @ Sat, 02 Jan 2021 11:39:19:  6000000 
INFO  @ Sat, 02 Jan 2021 11:39:25:  7000000 
INFO  @ Sat, 02 Jan 2021 11:39:31:  8000000 
INFO  @ Sat, 02 Jan 2021 11:39:37:  9000000 
INFO  @ Sat, 02 Jan 2021 11:39:43:  10000000 
INFO  @ Sat, 02 Jan 2021 11:39:49:  11000000 
INFO  @ Sat, 02 Jan 2021 11:39:55:  12000000 
INFO  @ Sat, 02 Jan 2021 11:40:00:  13000000 
INFO  @ Sat, 02 Jan 2021 11:40:06:  14000000 
INFO  @ Sat, 02 Jan 2021 11:40:12:  15000000 
INFO  @ Sat, 02 Jan 2021 11:40:18:  16000000 
INFO  @ Sat, 02 Jan 2021 11:40:24:  17000000 
INFO  @ Sat, 02 Jan 2021 11:40:30:  18000000 
INFO  @ Sat, 02 Jan 2021 11:40:36:  19000000 
INFO  @ Sat, 02 Jan 2021 11:40:42:  20000000 
INFO  @ Sat, 02 Jan 2021 11:40:48:  21000000 
INFO  @ Sat, 02 Jan 2021 11:40:54:  22000000 
INFO  @ Sat, 02 Jan 2021 11:40:59:  23000000 
INFO  @ Sat, 02 Jan 2021 11:41:05:  24000000 
INFO  @ Sat, 02 Jan 2021 11:41:11:  25000000 
INFO  @ Sat, 02 Jan 2021 11:41:17:  26000000 
INFO  @ Sat, 02 Jan 2021 11:41:22:  27000000 
INFO  @ Sat, 02 Jan 2021 11:41:26:  28000000 
INFO  @ Sat, 02 Jan 2021 11:41:29:  29000000 
INFO  @ Sat, 02 Jan 2021 11:41:33: Detected format is: BAM 
INFO  @ Sat, 02 Jan 2021 11:41:33: * Input file is gzipped. 
INFO  @ Sat, 02 Jan 2021 11:41:39:  1000000 
INFO  @ Sat, 02 Jan 2021 11:41:45:  2000000 
INFO  @ Sat, 02 Jan 2021 11:41:51:  3000000 
INFO  @ Sat, 02 Jan 2021 11:41:57:  4000000 
INFO  @ Sat, 02 Jan 2021 11:42:04:  5000000 
INFO  @ Sat, 02 Jan 2021 11:42:10:  6000000 
INFO  @ Sat, 02 Jan 2021 11:42:16:  7000000 
INFO  @ Sat, 02 Jan 2021 11:42:22:  8000000 
INFO  @ Sat, 02 Jan 2021 11:42:28:  9000000 
INFO  @ Sat, 02 Jan 2021 11:42:34:  10000000 
INFO  @ Sat, 02 Jan 2021 11:42:41:  11000000 
INFO  @ Sat, 02 Jan 2021 11:42:47:  12000000 
INFO  @ Sat, 02 Jan 2021 11:42:53:  13000000 
INFO  @ Sat, 02 Jan 2021 11:43:00:  14000000 
INFO  @ Sat, 02 Jan 2021 11:43:06:  15000000 
INFO  @ Sat, 02 Jan 2021 11:43:12:  16000000 
INFO  @ Sat, 02 Jan 2021 11:43:19:  17000000 
INFO  @ Sat, 02 Jan 2021 11:43:25:  18000000 
INFO  @ Sat, 02 Jan 2021 11:43:31:  19000000 
INFO  @ Sat, 02 Jan 2021 11:43:37:  20000000 
INFO  @ Sat, 02 Jan 2021 11:43:44:  21000000 
INFO  @ Sat, 02 Jan 2021 11:43:50:  22000000 
INFO  @ Sat, 02 Jan 2021 11:43:56:  23000000 
INFO  @ Sat, 02 Jan 2021 11:44:02:  24000000 
INFO  @ Sat, 02 Jan 2021 11:44:07:  25000000 
INFO  @ Sat, 02 Jan 2021 11:44:11:  26000000 
INFO  @ Sat, 02 Jan 2021 11:44:14:  27000000 
INFO  @ Sat, 02 Jan 2021 11:44:18:  28000000 
INFO  @ Sat, 02 Jan 2021 11:44:21: #1 tag size is determined as 64 bps 
INFO  @ Sat, 02 Jan 2021 11:44:21: #1 tag size = 64 
INFO  @ Sat, 02 Jan 2021 11:44:21: #1  total tags in treatment: 50620193 
INFO  @ Sat, 02 Jan 2021 11:44:21: #1 user defined the maximum tags... 
INFO  @ Sat, 02 Jan 2021 11:44:21: #1 filter out redundant tags at the same location and the same strand by allowing at most 1 tag(s) 
INFO  @ Sat, 02 Jan 2021 11:44:23: #1  tags after filtering in treatment: 49124335 
INFO  @ Sat, 02 Jan 2021 11:44:23: #1  Redundant rate of treatment: 0.03 
INFO  @ Sat, 02 Jan 2021 11:44:23: #1 finished! 
INFO  @ Sat, 02 Jan 2021 11:44:23: #2 Build Peak Model... 
INFO  @ Sat, 02 Jan 2021 11:44:23: #2 Skipped... 
INFO  @ Sat, 02 Jan 2021 11:44:23: #2 Use 147 as fragment length 
INFO  @ Sat, 02 Jan 2021 11:44:23: #3 Call peaks... 
INFO  @ Sat, 02 Jan 2021 11:44:23: #3 Call broad peaks with given level1 -log10qvalue cutoff and level2: 1.301030, 1.000000... 
INFO  @ Sat, 02 Jan 2021 11:44:23: #3 Pre-compute pvalue-qvalue table... 
INFO  @ Sat, 02 Jan 2021 11:46:44: #3 Call peaks for each chromosome... 
INFO  @ Sat, 02 Jan 2021 11:48:03: #4 Write output xls file... /gpfs/group/pipkin/hdiao/T_Cell_ChIP/2_MACS2_broad/2020_PNAS_KwesiMaliepaard___H3K79me2_naive-CD8_peaks.xls 
INFO  @ Sat, 02 Jan 2021 11:48:04: #4 Write broad peak in broadPeak format file... /gpfs/group/pipkin/hdiao/T_Cell_ChIP/2_MACS2_broad/2020_PNAS_KwesiMaliepaard___H3K79me2_naive-CD8_peaks.broadPeak 
INFO  @ Sat, 02 Jan 2021 11:48:04: #4 Write broad peak in bed12/gappedPeak format file... /gpfs/group/pipkin/hdiao/T_Cell_ChIP/2_MACS2_broad/2020_PNAS_KwesiMaliepaard___H3K79me2_naive-CD8_peaks.gappedPeak 
INFO  @ Sat, 02 Jan 2021 11:48:04: Done! 
