INFO  @ Sat, 02 Jan 2021 11:20:47: 
# Command line: callpeak -t SRR10285315_srt_dupr_flb.bam SRR10285316_srt_dupr_flb.bam -g mm -B --SPMR --nomodel --extsize 147 --call-summits -n 2020_PNAS_KwesiMaliepaard___H3K79me2_mem-CD8 --outdir /gpfs/group/pipkin/hdiao/T_Cell_ChIP/2_MACS2
# ARGUMENTS LIST:
# name = 2020_PNAS_KwesiMaliepaard___H3K79me2_mem-CD8
# format = AUTO
# ChIP-seq file = ['SRR10285315_srt_dupr_flb.bam', 'SRR10285316_srt_dupr_flb.bam']
# control file = None
# effective genome size = 1.87e+09
# band width = 300
# model fold = [5, 50]
# qvalue cutoff = 5.00e-02
# Larger dataset will be scaled towards smaller dataset.
# Range for calculating regional lambda is: 10000 bps
# Broad region calling is off
# Searching for subpeak summits is on
# MACS will save fragment pileup signal per million reads
 
INFO  @ Sat, 02 Jan 2021 11:20:47: #1 read tag files... 
INFO  @ Sat, 02 Jan 2021 11:20:47: #1 read treatment tags... 
INFO  @ Sat, 02 Jan 2021 11:20:47: Detected format is: BAM 
INFO  @ Sat, 02 Jan 2021 11:20:47: * Input file is gzipped. 
INFO  @ Sat, 02 Jan 2021 11:20:55:  1000000 
INFO  @ Sat, 02 Jan 2021 11:21:02:  2000000 
INFO  @ Sat, 02 Jan 2021 11:21:10:  3000000 
INFO  @ Sat, 02 Jan 2021 11:21:17:  4000000 
INFO  @ Sat, 02 Jan 2021 11:21:24:  5000000 
INFO  @ Sat, 02 Jan 2021 11:21:31:  6000000 
INFO  @ Sat, 02 Jan 2021 11:21:39:  7000000 
INFO  @ Sat, 02 Jan 2021 11:21:46:  8000000 
INFO  @ Sat, 02 Jan 2021 11:21:54:  9000000 
INFO  @ Sat, 02 Jan 2021 11:22:00:  10000000 
INFO  @ Sat, 02 Jan 2021 11:22:08:  11000000 
INFO  @ Sat, 02 Jan 2021 11:22:15:  12000000 
INFO  @ Sat, 02 Jan 2021 11:22:23:  13000000 
INFO  @ Sat, 02 Jan 2021 11:22:30:  14000000 
INFO  @ Sat, 02 Jan 2021 11:22:37:  15000000 
INFO  @ Sat, 02 Jan 2021 11:22:44:  16000000 
INFO  @ Sat, 02 Jan 2021 11:22:51:  17000000 
INFO  @ Sat, 02 Jan 2021 11:22:58:  18000000 
INFO  @ Sat, 02 Jan 2021 11:23:05:  19000000 
INFO  @ Sat, 02 Jan 2021 11:23:12:  20000000 
INFO  @ Sat, 02 Jan 2021 11:23:19:  21000000 
INFO  @ Sat, 02 Jan 2021 11:23:26:  22000000 
INFO  @ Sat, 02 Jan 2021 11:23:33:  23000000 
INFO  @ Sat, 02 Jan 2021 11:23:39:  24000000 
INFO  @ Sat, 02 Jan 2021 11:23:44:  25000000 
INFO  @ Sat, 02 Jan 2021 11:23:48:  26000000 
INFO  @ Sat, 02 Jan 2021 11:23:53:  27000000 
INFO  @ Sat, 02 Jan 2021 11:23:57:  28000000 
INFO  @ Sat, 02 Jan 2021 11:24:02:  29000000 
INFO  @ Sat, 02 Jan 2021 11:24:03: Detected format is: BAM 
INFO  @ Sat, 02 Jan 2021 11:24:03: * Input file is gzipped. 
INFO  @ Sat, 02 Jan 2021 11:24:11:  1000000 
INFO  @ Sat, 02 Jan 2021 11:24:17:  2000000 
INFO  @ Sat, 02 Jan 2021 11:24:25:  3000000 
INFO  @ Sat, 02 Jan 2021 11:24:32:  4000000 
INFO  @ Sat, 02 Jan 2021 11:24:40:  5000000 
INFO  @ Sat, 02 Jan 2021 11:24:48:  6000000 
INFO  @ Sat, 02 Jan 2021 11:24:55:  7000000 
INFO  @ Sat, 02 Jan 2021 11:25:02:  8000000 
INFO  @ Sat, 02 Jan 2021 11:25:10:  9000000 
INFO  @ Sat, 02 Jan 2021 11:25:17:  10000000 
INFO  @ Sat, 02 Jan 2021 11:25:24:  11000000 
INFO  @ Sat, 02 Jan 2021 11:25:30:  12000000 
INFO  @ Sat, 02 Jan 2021 11:25:34:  13000000 
INFO  @ Sat, 02 Jan 2021 11:25:39:  14000000 
INFO  @ Sat, 02 Jan 2021 11:25:43:  15000000 
INFO  @ Sat, 02 Jan 2021 11:25:48:  16000000 
INFO  @ Sat, 02 Jan 2021 11:25:52:  17000000 
INFO  @ Sat, 02 Jan 2021 11:25:57:  18000000 
INFO  @ Sat, 02 Jan 2021 11:26:01:  19000000 
INFO  @ Sat, 02 Jan 2021 11:26:06:  20000000 
INFO  @ Sat, 02 Jan 2021 11:26:11:  21000000 
INFO  @ Sat, 02 Jan 2021 11:26:15: #1 tag size is determined as 65 bps 
INFO  @ Sat, 02 Jan 2021 11:26:15: #1 tag size = 65 
INFO  @ Sat, 02 Jan 2021 11:26:15: #1  total tags in treatment: 35001992 
INFO  @ Sat, 02 Jan 2021 11:26:15: #1 user defined the maximum tags... 
INFO  @ Sat, 02 Jan 2021 11:26:15: #1 filter out redundant tags at the same location and the same strand by allowing at most 1 tag(s) 
INFO  @ Sat, 02 Jan 2021 11:26:16: #1  tags after filtering in treatment: 34357911 
INFO  @ Sat, 02 Jan 2021 11:26:16: #1  Redundant rate of treatment: 0.02 
INFO  @ Sat, 02 Jan 2021 11:26:16: #1 finished! 
INFO  @ Sat, 02 Jan 2021 11:26:16: #2 Build Peak Model... 
INFO  @ Sat, 02 Jan 2021 11:26:16: #2 Skipped... 
INFO  @ Sat, 02 Jan 2021 11:26:16: #2 Use 147 as fragment length 
INFO  @ Sat, 02 Jan 2021 11:26:16: #3 Call peaks... 
INFO  @ Sat, 02 Jan 2021 11:26:16: #3 Going to call summits inside each peak ... 
INFO  @ Sat, 02 Jan 2021 11:26:16: #3 Pre-compute pvalue-qvalue table... 
INFO  @ Sat, 02 Jan 2021 11:28:03: #3 In the peak calling step, the following will be performed simultaneously: 
INFO  @ Sat, 02 Jan 2021 11:28:03: #3   Write bedGraph files for treatment pileup (after scaling if necessary)... 2020_PNAS_KwesiMaliepaard___H3K79me2_mem-CD8_treat_pileup.bdg 
INFO  @ Sat, 02 Jan 2021 11:28:03: #3   Write bedGraph files for control lambda (after scaling if necessary)... 2020_PNAS_KwesiMaliepaard___H3K79me2_mem-CD8_control_lambda.bdg 
INFO  @ Sat, 02 Jan 2021 11:28:03: #3   --SPMR is requested, so pileup will be normalized by sequencing depth in million reads. 
INFO  @ Sat, 02 Jan 2021 11:28:03: #3 Call peaks for each chromosome... 
INFO  @ Sat, 02 Jan 2021 11:34:25: #4 Write output xls file... /gpfs/group/pipkin/hdiao/T_Cell_ChIP/2_MACS2/2020_PNAS_KwesiMaliepaard___H3K79me2_mem-CD8_peaks.xls 
INFO  @ Sat, 02 Jan 2021 11:34:25: #4 Write peak in narrowPeak format file... /gpfs/group/pipkin/hdiao/T_Cell_ChIP/2_MACS2/2020_PNAS_KwesiMaliepaard___H3K79me2_mem-CD8_peaks.narrowPeak 
INFO  @ Sat, 02 Jan 2021 11:34:25: #4 Write summits bed file... /gpfs/group/pipkin/hdiao/T_Cell_ChIP/2_MACS2/2020_PNAS_KwesiMaliepaard___H3K79me2_mem-CD8_summits.bed 
INFO  @ Sat, 02 Jan 2021 11:34:25: Done! 
INFO  @ Sat, 02 Jan 2021 11:34:26: 
# Command line: callpeak -t SRR10285315_srt_dupr_flb.bam SRR10285316_srt_dupr_flb.bam -g mm --nomodel --extsize 147 --broad -n 2020_PNAS_KwesiMaliepaard___H3K79me2_mem-CD8 --outdir /gpfs/group/pipkin/hdiao/T_Cell_ChIP/2_MACS2_broad
# ARGUMENTS LIST:
# name = 2020_PNAS_KwesiMaliepaard___H3K79me2_mem-CD8
# format = AUTO
# ChIP-seq file = ['SRR10285315_srt_dupr_flb.bam', 'SRR10285316_srt_dupr_flb.bam']
# control file = None
# effective genome size = 1.87e+09
# band width = 300
# model fold = [5, 50]
# qvalue cutoff for narrow/strong regions = 5.00e-02
# qvalue cutoff for broad/weak regions = 1.00e-01
# Larger dataset will be scaled towards smaller dataset.
# Range for calculating regional lambda is: 10000 bps
# Broad region calling is on
 
INFO  @ Sat, 02 Jan 2021 11:34:26: #1 read tag files... 
INFO  @ Sat, 02 Jan 2021 11:34:26: #1 read treatment tags... 
INFO  @ Sat, 02 Jan 2021 11:34:26: Detected format is: BAM 
INFO  @ Sat, 02 Jan 2021 11:34:26: * Input file is gzipped. 
INFO  @ Sat, 02 Jan 2021 11:34:32:  1000000 
INFO  @ Sat, 02 Jan 2021 11:34:38:  2000000 
INFO  @ Sat, 02 Jan 2021 11:34:44:  3000000 
INFO  @ Sat, 02 Jan 2021 11:34:50:  4000000 
INFO  @ Sat, 02 Jan 2021 11:34:56:  5000000 
INFO  @ Sat, 02 Jan 2021 11:35:02:  6000000 
INFO  @ Sat, 02 Jan 2021 11:35:08:  7000000 
INFO  @ Sat, 02 Jan 2021 11:35:14:  8000000 
INFO  @ Sat, 02 Jan 2021 11:35:20:  9000000 
INFO  @ Sat, 02 Jan 2021 11:35:26:  10000000 
INFO  @ Sat, 02 Jan 2021 11:35:32:  11000000 
INFO  @ Sat, 02 Jan 2021 11:35:38:  12000000 
INFO  @ Sat, 02 Jan 2021 11:35:44:  13000000 
INFO  @ Sat, 02 Jan 2021 11:35:50:  14000000 
INFO  @ Sat, 02 Jan 2021 11:35:56:  15000000 
INFO  @ Sat, 02 Jan 2021 11:36:02:  16000000 
INFO  @ Sat, 02 Jan 2021 11:36:08:  17000000 
INFO  @ Sat, 02 Jan 2021 11:36:14:  18000000 
INFO  @ Sat, 02 Jan 2021 11:36:20:  19000000 
INFO  @ Sat, 02 Jan 2021 11:36:26:  20000000 
INFO  @ Sat, 02 Jan 2021 11:36:32:  21000000 
INFO  @ Sat, 02 Jan 2021 11:36:38:  22000000 
INFO  @ Sat, 02 Jan 2021 11:36:44:  23000000 
INFO  @ Sat, 02 Jan 2021 11:36:49:  24000000 
INFO  @ Sat, 02 Jan 2021 11:36:53:  25000000 
INFO  @ Sat, 02 Jan 2021 11:36:56:  26000000 
INFO  @ Sat, 02 Jan 2021 11:37:00:  27000000 
INFO  @ Sat, 02 Jan 2021 11:37:04:  28000000 
INFO  @ Sat, 02 Jan 2021 11:37:07:  29000000 
INFO  @ Sat, 02 Jan 2021 11:37:08: Detected format is: BAM 
INFO  @ Sat, 02 Jan 2021 11:37:08: * Input file is gzipped. 
INFO  @ Sat, 02 Jan 2021 11:37:15:  1000000 
INFO  @ Sat, 02 Jan 2021 11:37:20:  2000000 
INFO  @ Sat, 02 Jan 2021 11:37:27:  3000000 
INFO  @ Sat, 02 Jan 2021 11:37:33:  4000000 
INFO  @ Sat, 02 Jan 2021 11:37:39:  5000000 
INFO  @ Sat, 02 Jan 2021 11:37:45:  6000000 
INFO  @ Sat, 02 Jan 2021 11:37:51:  7000000 
INFO  @ Sat, 02 Jan 2021 11:37:57:  8000000 
INFO  @ Sat, 02 Jan 2021 11:38:03:  9000000 
INFO  @ Sat, 02 Jan 2021 11:38:09:  10000000 
INFO  @ Sat, 02 Jan 2021 11:38:15:  11000000 
INFO  @ Sat, 02 Jan 2021 11:38:20:  12000000 
INFO  @ Sat, 02 Jan 2021 11:38:24:  13000000 
INFO  @ Sat, 02 Jan 2021 11:38:28:  14000000 
INFO  @ Sat, 02 Jan 2021 11:38:31:  15000000 
INFO  @ Sat, 02 Jan 2021 11:38:35:  16000000 
INFO  @ Sat, 02 Jan 2021 11:38:39:  17000000 
INFO  @ Sat, 02 Jan 2021 11:38:42:  18000000 
INFO  @ Sat, 02 Jan 2021 11:38:46:  19000000 
INFO  @ Sat, 02 Jan 2021 11:38:50:  20000000 
INFO  @ Sat, 02 Jan 2021 11:38:54:  21000000 
INFO  @ Sat, 02 Jan 2021 11:38:57: #1 tag size is determined as 65 bps 
INFO  @ Sat, 02 Jan 2021 11:38:57: #1 tag size = 65 
INFO  @ Sat, 02 Jan 2021 11:38:57: #1  total tags in treatment: 35001992 
INFO  @ Sat, 02 Jan 2021 11:38:57: #1 user defined the maximum tags... 
INFO  @ Sat, 02 Jan 2021 11:38:57: #1 filter out redundant tags at the same location and the same strand by allowing at most 1 tag(s) 
INFO  @ Sat, 02 Jan 2021 11:38:58: #1  tags after filtering in treatment: 34357911 
INFO  @ Sat, 02 Jan 2021 11:38:58: #1  Redundant rate of treatment: 0.02 
INFO  @ Sat, 02 Jan 2021 11:38:58: #1 finished! 
INFO  @ Sat, 02 Jan 2021 11:38:58: #2 Build Peak Model... 
INFO  @ Sat, 02 Jan 2021 11:38:58: #2 Skipped... 
INFO  @ Sat, 02 Jan 2021 11:38:58: #2 Use 147 as fragment length 
INFO  @ Sat, 02 Jan 2021 11:38:58: #3 Call peaks... 
INFO  @ Sat, 02 Jan 2021 11:38:58: #3 Call broad peaks with given level1 -log10qvalue cutoff and level2: 1.301030, 1.000000... 
INFO  @ Sat, 02 Jan 2021 11:38:58: #3 Pre-compute pvalue-qvalue table... 
INFO  @ Sat, 02 Jan 2021 11:40:41: #3 Call peaks for each chromosome... 
INFO  @ Sat, 02 Jan 2021 11:41:42: #4 Write output xls file... /gpfs/group/pipkin/hdiao/T_Cell_ChIP/2_MACS2_broad/2020_PNAS_KwesiMaliepaard___H3K79me2_mem-CD8_peaks.xls 
INFO  @ Sat, 02 Jan 2021 11:41:43: #4 Write broad peak in broadPeak format file... /gpfs/group/pipkin/hdiao/T_Cell_ChIP/2_MACS2_broad/2020_PNAS_KwesiMaliepaard___H3K79me2_mem-CD8_peaks.broadPeak 
INFO  @ Sat, 02 Jan 2021 11:41:43: #4 Write broad peak in bed12/gappedPeak format file... /gpfs/group/pipkin/hdiao/T_Cell_ChIP/2_MACS2_broad/2020_PNAS_KwesiMaliepaard___H3K79me2_mem-CD8_peaks.gappedPeak 
INFO  @ Sat, 02 Jan 2021 11:41:43: Done! 
