INFO  @ Sat, 02 Jan 2021 11:20:47: 
# Command line: callpeak -t SRR6228883_srt_dupr_flb.bam -c SRR6228884_srt_dupr_flb.bam -g mm -B --SPMR --nomodel --extsize 147 --call-summits -n 2018_SCIENCE_Pace_native___H3K9me3_native_invitro-d3-CD8-WT --outdir /gpfs/group/pipkin/hdiao/T_Cell_ChIP/2_MACS2
# ARGUMENTS LIST:
# name = 2018_SCIENCE_Pace_native___H3K9me3_native_invitro-d3-CD8-WT
# format = AUTO
# ChIP-seq file = ['SRR6228883_srt_dupr_flb.bam']
# control file = ['SRR6228884_srt_dupr_flb.bam']
# effective genome size = 1.87e+09
# band width = 300
# model fold = [5, 50]
# qvalue cutoff = 5.00e-02
# Larger dataset will be scaled towards smaller dataset.
# Range for calculating regional lambda is: 1000 bps and 10000 bps
# Broad region calling is off
# Searching for subpeak summits is on
# MACS will save fragment pileup signal per million reads
 
INFO  @ Sat, 02 Jan 2021 11:20:47: #1 read tag files... 
INFO  @ Sat, 02 Jan 2021 11:20:47: #1 read treatment tags... 
INFO  @ Sat, 02 Jan 2021 11:20:47: Detected format is: BAM 
INFO  @ Sat, 02 Jan 2021 11:20:47: * Input file is gzipped. 
INFO  @ Sat, 02 Jan 2021 11:20:58:  1000000 
INFO  @ Sat, 02 Jan 2021 11:21:10:  2000000 
INFO  @ Sat, 02 Jan 2021 11:21:20:  3000000 
INFO  @ Sat, 02 Jan 2021 11:21:31:  4000000 
INFO  @ Sat, 02 Jan 2021 11:21:43:  5000000 
INFO  @ Sat, 02 Jan 2021 11:21:53:  6000000 
INFO  @ Sat, 02 Jan 2021 11:22:03:  7000000 
INFO  @ Sat, 02 Jan 2021 11:22:14:  8000000 
INFO  @ Sat, 02 Jan 2021 11:22:24:  9000000 
INFO  @ Sat, 02 Jan 2021 11:22:35:  10000000 
INFO  @ Sat, 02 Jan 2021 11:22:45:  11000000 
INFO  @ Sat, 02 Jan 2021 11:22:55:  12000000 
INFO  @ Sat, 02 Jan 2021 11:23:05:  13000000 
INFO  @ Sat, 02 Jan 2021 11:23:14:  14000000 
INFO  @ Sat, 02 Jan 2021 11:23:24:  15000000 
INFO  @ Sat, 02 Jan 2021 11:23:34:  16000000 
INFO  @ Sat, 02 Jan 2021 11:23:44:  17000000 
INFO  @ Sat, 02 Jan 2021 11:23:54:  18000000 
INFO  @ Sat, 02 Jan 2021 11:24:04:  19000000 
INFO  @ Sat, 02 Jan 2021 11:24:14:  20000000 
INFO  @ Sat, 02 Jan 2021 11:24:24:  21000000 
INFO  @ Sat, 02 Jan 2021 11:24:32:  22000000 
INFO  @ Sat, 02 Jan 2021 11:24:41:  23000000 
INFO  @ Sat, 02 Jan 2021 11:24:51:  24000000 
INFO  @ Sat, 02 Jan 2021 11:25:00:  25000000 
INFO  @ Sat, 02 Jan 2021 11:25:09:  26000000 
INFO  @ Sat, 02 Jan 2021 11:25:18:  27000000 
INFO  @ Sat, 02 Jan 2021 11:25:26:  28000000 
INFO  @ Sat, 02 Jan 2021 11:25:35:  29000000 
INFO  @ Sat, 02 Jan 2021 11:25:44:  30000000 
INFO  @ Sat, 02 Jan 2021 11:25:52:  31000000 
INFO  @ Sat, 02 Jan 2021 11:26:01:  32000000 
INFO  @ Sat, 02 Jan 2021 11:26:10:  33000000 
INFO  @ Sat, 02 Jan 2021 11:26:19:  34000000 
INFO  @ Sat, 02 Jan 2021 11:26:27:  35000000 
INFO  @ Sat, 02 Jan 2021 11:26:36:  36000000 
INFO  @ Sat, 02 Jan 2021 11:26:45:  37000000 
INFO  @ Sat, 02 Jan 2021 11:26:54:  38000000 
INFO  @ Sat, 02 Jan 2021 11:27:03:  39000000 
INFO  @ Sat, 02 Jan 2021 11:27:11:  40000000 
INFO  @ Sat, 02 Jan 2021 11:27:20:  41000000 
INFO  @ Sat, 02 Jan 2021 11:27:29:  42000000 
INFO  @ Sat, 02 Jan 2021 11:27:37:  43000000 
INFO  @ Sat, 02 Jan 2021 11:27:46:  44000000 
INFO  @ Sat, 02 Jan 2021 11:27:54:  45000000 
INFO  @ Sat, 02 Jan 2021 11:28:02:  46000000 
INFO  @ Sat, 02 Jan 2021 11:28:10:  47000000 
INFO  @ Sat, 02 Jan 2021 11:28:18:  48000000 
INFO  @ Sat, 02 Jan 2021 11:28:26:  49000000 
INFO  @ Sat, 02 Jan 2021 11:28:34:  50000000 
INFO  @ Sat, 02 Jan 2021 11:28:42:  51000000 
INFO  @ Sat, 02 Jan 2021 11:28:50:  52000000 
INFO  @ Sat, 02 Jan 2021 11:28:58:  53000000 
INFO  @ Sat, 02 Jan 2021 11:29:06:  54000000 
INFO  @ Sat, 02 Jan 2021 11:29:14:  55000000 
INFO  @ Sat, 02 Jan 2021 11:29:22:  56000000 
INFO  @ Sat, 02 Jan 2021 11:29:30:  57000000 
INFO  @ Sat, 02 Jan 2021 11:29:38:  58000000 
INFO  @ Sat, 02 Jan 2021 11:29:46:  59000000 
INFO  @ Sat, 02 Jan 2021 11:29:53:  60000000 
INFO  @ Sat, 02 Jan 2021 11:30:01:  61000000 
INFO  @ Sat, 02 Jan 2021 11:30:09:  62000000 
INFO  @ Sat, 02 Jan 2021 11:30:17:  63000000 
INFO  @ Sat, 02 Jan 2021 11:30:25:  64000000 
INFO  @ Sat, 02 Jan 2021 11:30:32:  65000000 
INFO  @ Sat, 02 Jan 2021 11:30:40:  66000000 
INFO  @ Sat, 02 Jan 2021 11:30:48:  67000000 
INFO  @ Sat, 02 Jan 2021 11:30:56:  68000000 
INFO  @ Sat, 02 Jan 2021 11:31:04:  69000000 
INFO  @ Sat, 02 Jan 2021 11:31:11:  70000000 
INFO  @ Sat, 02 Jan 2021 11:31:19:  71000000 
INFO  @ Sat, 02 Jan 2021 11:31:27:  72000000 
INFO  @ Sat, 02 Jan 2021 11:31:35:  73000000 
INFO  @ Sat, 02 Jan 2021 11:31:42:  74000000 
INFO  @ Sat, 02 Jan 2021 11:31:50:  75000000 
INFO  @ Sat, 02 Jan 2021 11:31:57:  76000000 
INFO  @ Sat, 02 Jan 2021 11:32:05:  77000000 
INFO  @ Sat, 02 Jan 2021 11:32:12:  78000000 
INFO  @ Sat, 02 Jan 2021 11:32:20:  79000000 
INFO  @ Sat, 02 Jan 2021 11:32:27:  80000000 
INFO  @ Sat, 02 Jan 2021 11:32:34:  81000000 
INFO  @ Sat, 02 Jan 2021 11:32:41:  82000000 
INFO  @ Sat, 02 Jan 2021 11:32:49:  83000000 
INFO  @ Sat, 02 Jan 2021 11:32:56:  84000000 
INFO  @ Sat, 02 Jan 2021 11:33:04:  85000000 
INFO  @ Sat, 02 Jan 2021 11:33:11:  86000000 
INFO  @ Sat, 02 Jan 2021 11:33:18:  87000000 
INFO  @ Sat, 02 Jan 2021 11:33:25:  88000000 
INFO  @ Sat, 02 Jan 2021 11:33:33:  89000000 
INFO  @ Sat, 02 Jan 2021 11:33:40:  90000000 
INFO  @ Sat, 02 Jan 2021 11:33:47:  91000000 
INFO  @ Sat, 02 Jan 2021 11:33:54:  92000000 
INFO  @ Sat, 02 Jan 2021 11:34:01:  93000000 
INFO  @ Sat, 02 Jan 2021 11:34:09:  94000000 
INFO  @ Sat, 02 Jan 2021 11:34:16:  95000000 
INFO  @ Sat, 02 Jan 2021 11:34:23:  96000000 
INFO  @ Sat, 02 Jan 2021 11:34:30:  97000000 
INFO  @ Sat, 02 Jan 2021 11:34:38:  98000000 
INFO  @ Sat, 02 Jan 2021 11:34:45:  99000000 
INFO  @ Sat, 02 Jan 2021 11:34:52:  100000000 
INFO  @ Sat, 02 Jan 2021 11:34:59:  101000000 
INFO  @ Sat, 02 Jan 2021 11:35:02: #1.2 read input tags... 
INFO  @ Sat, 02 Jan 2021 11:35:02: Detected format is: BAM 
INFO  @ Sat, 02 Jan 2021 11:35:02: * Input file is gzipped. 
INFO  @ Sat, 02 Jan 2021 11:35:09:  1000000 
INFO  @ Sat, 02 Jan 2021 11:35:16:  2000000 
INFO  @ Sat, 02 Jan 2021 11:35:23:  3000000 
INFO  @ Sat, 02 Jan 2021 11:35:31:  4000000 
INFO  @ Sat, 02 Jan 2021 11:35:38:  5000000 
INFO  @ Sat, 02 Jan 2021 11:35:45:  6000000 
INFO  @ Sat, 02 Jan 2021 11:35:52:  7000000 
INFO  @ Sat, 02 Jan 2021 11:35:59:  8000000 
INFO  @ Sat, 02 Jan 2021 11:36:06:  9000000 
INFO  @ Sat, 02 Jan 2021 11:36:13:  10000000 
INFO  @ Sat, 02 Jan 2021 11:36:20:  11000000 
INFO  @ Sat, 02 Jan 2021 11:36:27:  12000000 
INFO  @ Sat, 02 Jan 2021 11:36:34:  13000000 
INFO  @ Sat, 02 Jan 2021 11:36:41:  14000000 
INFO  @ Sat, 02 Jan 2021 11:36:48:  15000000 
INFO  @ Sat, 02 Jan 2021 11:36:55:  16000000 
INFO  @ Sat, 02 Jan 2021 11:37:02:  17000000 
INFO  @ Sat, 02 Jan 2021 11:37:09:  18000000 
INFO  @ Sat, 02 Jan 2021 11:37:16:  19000000 
INFO  @ Sat, 02 Jan 2021 11:37:23:  20000000 
INFO  @ Sat, 02 Jan 2021 11:37:30:  21000000 
INFO  @ Sat, 02 Jan 2021 11:37:37:  22000000 
INFO  @ Sat, 02 Jan 2021 11:37:44:  23000000 
INFO  @ Sat, 02 Jan 2021 11:37:51:  24000000 
INFO  @ Sat, 02 Jan 2021 11:37:58:  25000000 
INFO  @ Sat, 02 Jan 2021 11:38:05:  26000000 
INFO  @ Sat, 02 Jan 2021 11:38:12:  27000000 
INFO  @ Sat, 02 Jan 2021 11:38:19:  28000000 
INFO  @ Sat, 02 Jan 2021 11:38:26:  29000000 
INFO  @ Sat, 02 Jan 2021 11:38:33:  30000000 
INFO  @ Sat, 02 Jan 2021 11:38:40:  31000000 
INFO  @ Sat, 02 Jan 2021 11:38:47:  32000000 
INFO  @ Sat, 02 Jan 2021 11:38:54:  33000000 
INFO  @ Sat, 02 Jan 2021 11:39:01:  34000000 
INFO  @ Sat, 02 Jan 2021 11:39:08:  35000000 
INFO  @ Sat, 02 Jan 2021 11:39:14:  36000000 
INFO  @ Sat, 02 Jan 2021 11:39:21:  37000000 
INFO  @ Sat, 02 Jan 2021 11:39:28:  38000000 
INFO  @ Sat, 02 Jan 2021 11:39:35:  39000000 
INFO  @ Sat, 02 Jan 2021 11:39:42:  40000000 
INFO  @ Sat, 02 Jan 2021 11:39:49:  41000000 
INFO  @ Sat, 02 Jan 2021 11:39:56:  42000000 
INFO  @ Sat, 02 Jan 2021 11:40:03:  43000000 
INFO  @ Sat, 02 Jan 2021 11:40:10:  44000000 
INFO  @ Sat, 02 Jan 2021 11:40:17:  45000000 
INFO  @ Sat, 02 Jan 2021 11:40:24:  46000000 
INFO  @ Sat, 02 Jan 2021 11:40:31:  47000000 
INFO  @ Sat, 02 Jan 2021 11:40:38:  48000000 
INFO  @ Sat, 02 Jan 2021 11:40:45:  49000000 
INFO  @ Sat, 02 Jan 2021 11:40:52:  50000000 
INFO  @ Sat, 02 Jan 2021 11:40:59:  51000000 
INFO  @ Sat, 02 Jan 2021 11:41:06:  52000000 
INFO  @ Sat, 02 Jan 2021 11:41:13:  53000000 
INFO  @ Sat, 02 Jan 2021 11:41:20:  54000000 
INFO  @ Sat, 02 Jan 2021 11:41:27:  55000000 
INFO  @ Sat, 02 Jan 2021 11:41:34:  56000000 
INFO  @ Sat, 02 Jan 2021 11:41:41:  57000000 
INFO  @ Sat, 02 Jan 2021 11:41:48:  58000000 
INFO  @ Sat, 02 Jan 2021 11:41:54:  59000000 
INFO  @ Sat, 02 Jan 2021 11:42:02:  60000000 
INFO  @ Sat, 02 Jan 2021 11:42:09:  61000000 
INFO  @ Sat, 02 Jan 2021 11:42:16:  62000000 
INFO  @ Sat, 02 Jan 2021 11:42:23:  63000000 
INFO  @ Sat, 02 Jan 2021 11:42:30:  64000000 
INFO  @ Sat, 02 Jan 2021 11:42:37:  65000000 
INFO  @ Sat, 02 Jan 2021 11:42:44:  66000000 
INFO  @ Sat, 02 Jan 2021 11:42:51:  67000000 
INFO  @ Sat, 02 Jan 2021 11:42:57:  68000000 
INFO  @ Sat, 02 Jan 2021 11:43:04:  69000000 
INFO  @ Sat, 02 Jan 2021 11:43:11:  70000000 
INFO  @ Sat, 02 Jan 2021 11:43:18:  71000000 
INFO  @ Sat, 02 Jan 2021 11:43:25:  72000000 
INFO  @ Sat, 02 Jan 2021 11:43:32:  73000000 
INFO  @ Sat, 02 Jan 2021 11:43:39:  74000000 
INFO  @ Sat, 02 Jan 2021 11:43:46:  75000000 
INFO  @ Sat, 02 Jan 2021 11:43:53:  76000000 
INFO  @ Sat, 02 Jan 2021 11:44:00:  77000000 
INFO  @ Sat, 02 Jan 2021 11:44:06:  78000000 
INFO  @ Sat, 02 Jan 2021 11:44:13:  79000000 
INFO  @ Sat, 02 Jan 2021 11:44:20:  80000000 
INFO  @ Sat, 02 Jan 2021 11:44:27:  81000000 
INFO  @ Sat, 02 Jan 2021 11:44:34:  82000000 
INFO  @ Sat, 02 Jan 2021 11:44:41:  83000000 
INFO  @ Sat, 02 Jan 2021 11:44:48:  84000000 
INFO  @ Sat, 02 Jan 2021 11:44:55:  85000000 
INFO  @ Sat, 02 Jan 2021 11:45:02:  86000000 
INFO  @ Sat, 02 Jan 2021 11:45:08:  87000000 
INFO  @ Sat, 02 Jan 2021 11:45:15:  88000000 
INFO  @ Sat, 02 Jan 2021 11:45:22:  89000000 
INFO  @ Sat, 02 Jan 2021 11:45:29:  90000000 
INFO  @ Sat, 02 Jan 2021 11:45:36:  91000000 
INFO  @ Sat, 02 Jan 2021 11:45:43:  92000000 
INFO  @ Sat, 02 Jan 2021 11:45:50:  93000000 
INFO  @ Sat, 02 Jan 2021 11:45:57:  94000000 
INFO  @ Sat, 02 Jan 2021 11:46:04:  95000000 
INFO  @ Sat, 02 Jan 2021 11:46:11:  96000000 
INFO  @ Sat, 02 Jan 2021 11:46:18:  97000000 
INFO  @ Sat, 02 Jan 2021 11:46:25:  98000000 
INFO  @ Sat, 02 Jan 2021 11:46:31:  99000000 
INFO  @ Sat, 02 Jan 2021 11:46:32: #1 tag size is determined as 143 bps 
INFO  @ Sat, 02 Jan 2021 11:46:32: #1 tag size = 143 
INFO  @ Sat, 02 Jan 2021 11:46:32: #1  total tags in treatment: 49194341 
INFO  @ Sat, 02 Jan 2021 11:46:32: #1 user defined the maximum tags... 
INFO  @ Sat, 02 Jan 2021 11:46:32: #1 filter out redundant tags at the same location and the same strand by allowing at most 1 tag(s) 
INFO  @ Sat, 02 Jan 2021 11:46:33: #1  tags after filtering in treatment: 49194340 
INFO  @ Sat, 02 Jan 2021 11:46:33: #1  Redundant rate of treatment: 0.00 
INFO  @ Sat, 02 Jan 2021 11:46:33: #1  total tags in control: 48062544 
INFO  @ Sat, 02 Jan 2021 11:46:33: #1 user defined the maximum tags... 
INFO  @ Sat, 02 Jan 2021 11:46:33: #1 filter out redundant tags at the same location and the same strand by allowing at most 1 tag(s) 
INFO  @ Sat, 02 Jan 2021 11:46:34: #1  tags after filtering in control: 48062544 
INFO  @ Sat, 02 Jan 2021 11:46:34: #1  Redundant rate of control: 0.00 
INFO  @ Sat, 02 Jan 2021 11:46:34: #1 finished! 
INFO  @ Sat, 02 Jan 2021 11:46:34: #2 Build Peak Model... 
INFO  @ Sat, 02 Jan 2021 11:46:34: #2 Skipped... 
INFO  @ Sat, 02 Jan 2021 11:46:34: #2 Use 147 as fragment length 
INFO  @ Sat, 02 Jan 2021 11:46:34: #3 Call peaks... 
INFO  @ Sat, 02 Jan 2021 11:46:34: #3 Going to call summits inside each peak ... 
INFO  @ Sat, 02 Jan 2021 11:46:34: #3 Pre-compute pvalue-qvalue table... 
INFO  @ Sat, 02 Jan 2021 11:51:16: #3 In the peak calling step, the following will be performed simultaneously: 
INFO  @ Sat, 02 Jan 2021 11:51:16: #3   Write bedGraph files for treatment pileup (after scaling if necessary)... 2018_SCIENCE_Pace_native___H3K9me3_native_invitro-d3-CD8-WT_treat_pileup.bdg 
INFO  @ Sat, 02 Jan 2021 11:51:16: #3   Write bedGraph files for control lambda (after scaling if necessary)... 2018_SCIENCE_Pace_native___H3K9me3_native_invitro-d3-CD8-WT_control_lambda.bdg 
INFO  @ Sat, 02 Jan 2021 11:51:16: #3   --SPMR is requested, so pileup will be normalized by sequencing depth in million reads. 
INFO  @ Sat, 02 Jan 2021 11:51:16: #3 Call peaks for each chromosome... 
INFO  @ Sat, 02 Jan 2021 12:01:37: #4 Write output xls file... /gpfs/group/pipkin/hdiao/T_Cell_ChIP/2_MACS2/2018_SCIENCE_Pace_native___H3K9me3_native_invitro-d3-CD8-WT_peaks.xls 
INFO  @ Sat, 02 Jan 2021 12:01:37: #4 Write peak in narrowPeak format file... /gpfs/group/pipkin/hdiao/T_Cell_ChIP/2_MACS2/2018_SCIENCE_Pace_native___H3K9me3_native_invitro-d3-CD8-WT_peaks.narrowPeak 
INFO  @ Sat, 02 Jan 2021 12:01:37: #4 Write summits bed file... /gpfs/group/pipkin/hdiao/T_Cell_ChIP/2_MACS2/2018_SCIENCE_Pace_native___H3K9me3_native_invitro-d3-CD8-WT_summits.bed 
INFO  @ Sat, 02 Jan 2021 12:01:37: Done! 
INFO  @ Sat, 02 Jan 2021 12:01:37: 
# Command line: callpeak -t SRR6228883_srt_dupr_flb.bam -c SRR6228884_srt_dupr_flb.bam -g mm --nomodel --extsize 147 --broad -n 2018_SCIENCE_Pace_native___H3K9me3_native_invitro-d3-CD8-WT --outdir /gpfs/group/pipkin/hdiao/T_Cell_ChIP/2_MACS2_broad
# ARGUMENTS LIST:
# name = 2018_SCIENCE_Pace_native___H3K9me3_native_invitro-d3-CD8-WT
# format = AUTO
# ChIP-seq file = ['SRR6228883_srt_dupr_flb.bam']
# control file = ['SRR6228884_srt_dupr_flb.bam']
# effective genome size = 1.87e+09
# band width = 300
# model fold = [5, 50]
# qvalue cutoff for narrow/strong regions = 5.00e-02
# qvalue cutoff for broad/weak regions = 1.00e-01
# Larger dataset will be scaled towards smaller dataset.
# Range for calculating regional lambda is: 1000 bps and 10000 bps
# Broad region calling is on
 
INFO  @ Sat, 02 Jan 2021 12:01:37: #1 read tag files... 
INFO  @ Sat, 02 Jan 2021 12:01:37: #1 read treatment tags... 
INFO  @ Sat, 02 Jan 2021 12:01:37: Detected format is: BAM 
INFO  @ Sat, 02 Jan 2021 12:01:37: * Input file is gzipped. 
INFO  @ Sat, 02 Jan 2021 12:01:44:  1000000 
INFO  @ Sat, 02 Jan 2021 12:01:51:  2000000 
INFO  @ Sat, 02 Jan 2021 12:01:58:  3000000 
INFO  @ Sat, 02 Jan 2021 12:02:05:  4000000 
INFO  @ Sat, 02 Jan 2021 12:02:12:  5000000 
INFO  @ Sat, 02 Jan 2021 12:02:19:  6000000 
INFO  @ Sat, 02 Jan 2021 12:02:26:  7000000 
INFO  @ Sat, 02 Jan 2021 12:02:33:  8000000 
INFO  @ Sat, 02 Jan 2021 12:02:40:  9000000 
INFO  @ Sat, 02 Jan 2021 12:02:47:  10000000 
INFO  @ Sat, 02 Jan 2021 12:02:53:  11000000 
INFO  @ Sat, 02 Jan 2021 12:03:00:  12000000 
INFO  @ Sat, 02 Jan 2021 12:03:07:  13000000 
INFO  @ Sat, 02 Jan 2021 12:03:14:  14000000 
INFO  @ Sat, 02 Jan 2021 12:03:21:  15000000 
INFO  @ Sat, 02 Jan 2021 12:03:28:  16000000 
INFO  @ Sat, 02 Jan 2021 12:03:35:  17000000 
INFO  @ Sat, 02 Jan 2021 12:03:42:  18000000 
INFO  @ Sat, 02 Jan 2021 12:03:49:  19000000 
INFO  @ Sat, 02 Jan 2021 12:03:55:  20000000 
INFO  @ Sat, 02 Jan 2021 12:04:02:  21000000 
INFO  @ Sat, 02 Jan 2021 12:04:09:  22000000 
INFO  @ Sat, 02 Jan 2021 12:04:16:  23000000 
INFO  @ Sat, 02 Jan 2021 12:04:23:  24000000 
INFO  @ Sat, 02 Jan 2021 12:04:30:  25000000 
INFO  @ Sat, 02 Jan 2021 12:04:37:  26000000 
INFO  @ Sat, 02 Jan 2021 12:04:44:  27000000 
INFO  @ Sat, 02 Jan 2021 12:04:51:  28000000 
INFO  @ Sat, 02 Jan 2021 12:04:58:  29000000 
INFO  @ Sat, 02 Jan 2021 12:05:05:  30000000 
INFO  @ Sat, 02 Jan 2021 12:05:11:  31000000 
INFO  @ Sat, 02 Jan 2021 12:05:18:  32000000 
INFO  @ Sat, 02 Jan 2021 12:05:25:  33000000 
INFO  @ Sat, 02 Jan 2021 12:05:32:  34000000 
INFO  @ Sat, 02 Jan 2021 12:05:39:  35000000 
INFO  @ Sat, 02 Jan 2021 12:05:46:  36000000 
INFO  @ Sat, 02 Jan 2021 12:05:53:  37000000 
INFO  @ Sat, 02 Jan 2021 12:06:00:  38000000 
INFO  @ Sat, 02 Jan 2021 12:06:07:  39000000 
INFO  @ Sat, 02 Jan 2021 12:06:14:  40000000 
INFO  @ Sat, 02 Jan 2021 12:06:21:  41000000 
INFO  @ Sat, 02 Jan 2021 12:06:28:  42000000 
INFO  @ Sat, 02 Jan 2021 12:06:35:  43000000 
INFO  @ Sat, 02 Jan 2021 12:06:41:  44000000 
INFO  @ Sat, 02 Jan 2021 12:06:48:  45000000 
INFO  @ Sat, 02 Jan 2021 12:06:55:  46000000 
INFO  @ Sat, 02 Jan 2021 12:07:02:  47000000 
INFO  @ Sat, 02 Jan 2021 12:07:09:  48000000 
INFO  @ Sat, 02 Jan 2021 12:07:16:  49000000 
INFO  @ Sat, 02 Jan 2021 12:07:23:  50000000 
INFO  @ Sat, 02 Jan 2021 12:07:30:  51000000 
INFO  @ Sat, 02 Jan 2021 12:07:37:  52000000 
INFO  @ Sat, 02 Jan 2021 12:07:44:  53000000 
INFO  @ Sat, 02 Jan 2021 12:07:51:  54000000 
INFO  @ Sat, 02 Jan 2021 12:07:58:  55000000 
INFO  @ Sat, 02 Jan 2021 12:08:05:  56000000 
INFO  @ Sat, 02 Jan 2021 12:08:11:  57000000 
INFO  @ Sat, 02 Jan 2021 12:08:19:  58000000 
INFO  @ Sat, 02 Jan 2021 12:08:25:  59000000 
INFO  @ Sat, 02 Jan 2021 12:08:32:  60000000 
INFO  @ Sat, 02 Jan 2021 12:08:39:  61000000 
INFO  @ Sat, 02 Jan 2021 12:08:46:  62000000 
INFO  @ Sat, 02 Jan 2021 12:08:53:  63000000 
INFO  @ Sat, 02 Jan 2021 12:09:00:  64000000 
INFO  @ Sat, 02 Jan 2021 12:09:07:  65000000 
INFO  @ Sat, 02 Jan 2021 12:09:14:  66000000 
INFO  @ Sat, 02 Jan 2021 12:09:21:  67000000 
INFO  @ Sat, 02 Jan 2021 12:09:28:  68000000 
INFO  @ Sat, 02 Jan 2021 12:09:35:  69000000 
INFO  @ Sat, 02 Jan 2021 12:09:42:  70000000 
INFO  @ Sat, 02 Jan 2021 12:09:49:  71000000 
INFO  @ Sat, 02 Jan 2021 12:09:56:  72000000 
INFO  @ Sat, 02 Jan 2021 12:10:03:  73000000 
INFO  @ Sat, 02 Jan 2021 12:10:09:  74000000 
INFO  @ Sat, 02 Jan 2021 12:10:16:  75000000 
INFO  @ Sat, 02 Jan 2021 12:10:23:  76000000 
INFO  @ Sat, 02 Jan 2021 12:10:30:  77000000 
INFO  @ Sat, 02 Jan 2021 12:10:37:  78000000 
INFO  @ Sat, 02 Jan 2021 12:10:44:  79000000 
INFO  @ Sat, 02 Jan 2021 12:10:51:  80000000 
INFO  @ Sat, 02 Jan 2021 12:10:58:  81000000 
INFO  @ Sat, 02 Jan 2021 12:11:05:  82000000 
INFO  @ Sat, 02 Jan 2021 12:11:11:  83000000 
INFO  @ Sat, 02 Jan 2021 12:11:18:  84000000 
INFO  @ Sat, 02 Jan 2021 12:11:25:  85000000 
INFO  @ Sat, 02 Jan 2021 12:11:32:  86000000 
INFO  @ Sat, 02 Jan 2021 12:11:39:  87000000 
INFO  @ Sat, 02 Jan 2021 12:11:46:  88000000 
INFO  @ Sat, 02 Jan 2021 12:11:53:  89000000 
INFO  @ Sat, 02 Jan 2021 12:12:00:  90000000 
INFO  @ Sat, 02 Jan 2021 12:12:07:  91000000 
INFO  @ Sat, 02 Jan 2021 12:12:14:  92000000 
INFO  @ Sat, 02 Jan 2021 12:12:21:  93000000 
INFO  @ Sat, 02 Jan 2021 12:12:28:  94000000 
INFO  @ Sat, 02 Jan 2021 12:12:35:  95000000 
INFO  @ Sat, 02 Jan 2021 12:12:42:  96000000 
INFO  @ Sat, 02 Jan 2021 12:12:49:  97000000 
INFO  @ Sat, 02 Jan 2021 12:12:56:  98000000 
INFO  @ Sat, 02 Jan 2021 12:13:03:  99000000 
INFO  @ Sat, 02 Jan 2021 12:13:10:  100000000 
INFO  @ Sat, 02 Jan 2021 12:13:17:  101000000 
INFO  @ Sat, 02 Jan 2021 12:13:20: #1.2 read input tags... 
INFO  @ Sat, 02 Jan 2021 12:13:20: Detected format is: BAM 
INFO  @ Sat, 02 Jan 2021 12:13:20: * Input file is gzipped. 
INFO  @ Sat, 02 Jan 2021 12:13:27:  1000000 
INFO  @ Sat, 02 Jan 2021 12:13:34:  2000000 
INFO  @ Sat, 02 Jan 2021 12:13:41:  3000000 
INFO  @ Sat, 02 Jan 2021 12:13:48:  4000000 
INFO  @ Sat, 02 Jan 2021 12:13:55:  5000000 
INFO  @ Sat, 02 Jan 2021 12:14:02:  6000000 
INFO  @ Sat, 02 Jan 2021 12:14:09:  7000000 
INFO  @ Sat, 02 Jan 2021 12:14:15:  8000000 
INFO  @ Sat, 02 Jan 2021 12:14:22:  9000000 
INFO  @ Sat, 02 Jan 2021 12:14:29:  10000000 
INFO  @ Sat, 02 Jan 2021 12:14:36:  11000000 
INFO  @ Sat, 02 Jan 2021 12:14:43:  12000000 
INFO  @ Sat, 02 Jan 2021 12:14:50:  13000000 
INFO  @ Sat, 02 Jan 2021 12:14:57:  14000000 
INFO  @ Sat, 02 Jan 2021 12:15:04:  15000000 
INFO  @ Sat, 02 Jan 2021 12:15:11:  16000000 
INFO  @ Sat, 02 Jan 2021 12:15:17:  17000000 
INFO  @ Sat, 02 Jan 2021 12:15:24:  18000000 
INFO  @ Sat, 02 Jan 2021 12:15:31:  19000000 
INFO  @ Sat, 02 Jan 2021 12:15:38:  20000000 
INFO  @ Sat, 02 Jan 2021 12:15:45:  21000000 
INFO  @ Sat, 02 Jan 2021 12:15:52:  22000000 
INFO  @ Sat, 02 Jan 2021 12:15:59:  23000000 
INFO  @ Sat, 02 Jan 2021 12:16:06:  24000000 
INFO  @ Sat, 02 Jan 2021 12:16:12:  25000000 
INFO  @ Sat, 02 Jan 2021 12:16:19:  26000000 
INFO  @ Sat, 02 Jan 2021 12:16:26:  27000000 
INFO  @ Sat, 02 Jan 2021 12:16:33:  28000000 
INFO  @ Sat, 02 Jan 2021 12:16:40:  29000000 
INFO  @ Sat, 02 Jan 2021 12:16:47:  30000000 
INFO  @ Sat, 02 Jan 2021 12:16:54:  31000000 
INFO  @ Sat, 02 Jan 2021 12:17:01:  32000000 
INFO  @ Sat, 02 Jan 2021 12:17:07:  33000000 
INFO  @ Sat, 02 Jan 2021 12:17:14:  34000000 
INFO  @ Sat, 02 Jan 2021 12:17:21:  35000000 
INFO  @ Sat, 02 Jan 2021 12:17:28:  36000000 
INFO  @ Sat, 02 Jan 2021 12:17:35:  37000000 
INFO  @ Sat, 02 Jan 2021 12:17:42:  38000000 
INFO  @ Sat, 02 Jan 2021 12:17:49:  39000000 
INFO  @ Sat, 02 Jan 2021 12:17:56:  40000000 
INFO  @ Sat, 02 Jan 2021 12:18:02:  41000000 
INFO  @ Sat, 02 Jan 2021 12:18:09:  42000000 
INFO  @ Sat, 02 Jan 2021 12:18:16:  43000000 
INFO  @ Sat, 02 Jan 2021 12:18:23:  44000000 
INFO  @ Sat, 02 Jan 2021 12:18:30:  45000000 
INFO  @ Sat, 02 Jan 2021 12:18:37:  46000000 
INFO  @ Sat, 02 Jan 2021 12:18:44:  47000000 
INFO  @ Sat, 02 Jan 2021 12:18:51:  48000000 
INFO  @ Sat, 02 Jan 2021 12:18:58:  49000000 
INFO  @ Sat, 02 Jan 2021 12:19:04:  50000000 
INFO  @ Sat, 02 Jan 2021 12:19:11:  51000000 
INFO  @ Sat, 02 Jan 2021 12:19:18:  52000000 
INFO  @ Sat, 02 Jan 2021 12:19:25:  53000000 
INFO  @ Sat, 02 Jan 2021 12:19:32:  54000000 
INFO  @ Sat, 02 Jan 2021 12:19:39:  55000000 
INFO  @ Sat, 02 Jan 2021 12:19:46:  56000000 
INFO  @ Sat, 02 Jan 2021 12:19:53:  57000000 
INFO  @ Sat, 02 Jan 2021 12:20:00:  58000000 
INFO  @ Sat, 02 Jan 2021 12:20:06:  59000000 
INFO  @ Sat, 02 Jan 2021 12:20:13:  60000000 
INFO  @ Sat, 02 Jan 2021 12:20:20:  61000000 
INFO  @ Sat, 02 Jan 2021 12:20:27:  62000000 
INFO  @ Sat, 02 Jan 2021 12:20:34:  63000000 
INFO  @ Sat, 02 Jan 2021 12:20:41:  64000000 
INFO  @ Sat, 02 Jan 2021 12:20:48:  65000000 
INFO  @ Sat, 02 Jan 2021 12:20:54:  66000000 
INFO  @ Sat, 02 Jan 2021 12:21:01:  67000000 
INFO  @ Sat, 02 Jan 2021 12:21:08:  68000000 
INFO  @ Sat, 02 Jan 2021 12:21:15:  69000000 
INFO  @ Sat, 02 Jan 2021 12:21:22:  70000000 
INFO  @ Sat, 02 Jan 2021 12:21:29:  71000000 
INFO  @ Sat, 02 Jan 2021 12:21:36:  72000000 
INFO  @ Sat, 02 Jan 2021 12:21:43:  73000000 
INFO  @ Sat, 02 Jan 2021 12:21:50:  74000000 
INFO  @ Sat, 02 Jan 2021 12:21:57:  75000000 
INFO  @ Sat, 02 Jan 2021 12:22:04:  76000000 
INFO  @ Sat, 02 Jan 2021 12:22:11:  77000000 
INFO  @ Sat, 02 Jan 2021 12:22:17:  78000000 
INFO  @ Sat, 02 Jan 2021 12:22:24:  79000000 
INFO  @ Sat, 02 Jan 2021 12:22:31:  80000000 
INFO  @ Sat, 02 Jan 2021 12:22:38:  81000000 
INFO  @ Sat, 02 Jan 2021 12:22:45:  82000000 
INFO  @ Sat, 02 Jan 2021 12:22:52:  83000000 
INFO  @ Sat, 02 Jan 2021 12:22:59:  84000000 
INFO  @ Sat, 02 Jan 2021 12:23:06:  85000000 
INFO  @ Sat, 02 Jan 2021 12:23:12:  86000000 
INFO  @ Sat, 02 Jan 2021 12:23:19:  87000000 
INFO  @ Sat, 02 Jan 2021 12:23:26:  88000000 
INFO  @ Sat, 02 Jan 2021 12:23:33:  89000000 
INFO  @ Sat, 02 Jan 2021 12:23:40:  90000000 
INFO  @ Sat, 02 Jan 2021 12:23:47:  91000000 
INFO  @ Sat, 02 Jan 2021 12:23:54:  92000000 
INFO  @ Sat, 02 Jan 2021 12:24:01:  93000000 
INFO  @ Sat, 02 Jan 2021 12:24:08:  94000000 
INFO  @ Sat, 02 Jan 2021 12:24:15:  95000000 
INFO  @ Sat, 02 Jan 2021 12:24:22:  96000000 
INFO  @ Sat, 02 Jan 2021 12:24:29:  97000000 
INFO  @ Sat, 02 Jan 2021 12:24:36:  98000000 
INFO  @ Sat, 02 Jan 2021 12:24:43:  99000000 
INFO  @ Sat, 02 Jan 2021 12:24:43: #1 tag size is determined as 143 bps 
INFO  @ Sat, 02 Jan 2021 12:24:43: #1 tag size = 143 
INFO  @ Sat, 02 Jan 2021 12:24:43: #1  total tags in treatment: 49194341 
INFO  @ Sat, 02 Jan 2021 12:24:43: #1 user defined the maximum tags... 
INFO  @ Sat, 02 Jan 2021 12:24:43: #1 filter out redundant tags at the same location and the same strand by allowing at most 1 tag(s) 
INFO  @ Sat, 02 Jan 2021 12:24:45: #1  tags after filtering in treatment: 49194340 
INFO  @ Sat, 02 Jan 2021 12:24:45: #1  Redundant rate of treatment: 0.00 
INFO  @ Sat, 02 Jan 2021 12:24:45: #1  total tags in control: 48062544 
INFO  @ Sat, 02 Jan 2021 12:24:45: #1 user defined the maximum tags... 
INFO  @ Sat, 02 Jan 2021 12:24:45: #1 filter out redundant tags at the same location and the same strand by allowing at most 1 tag(s) 
INFO  @ Sat, 02 Jan 2021 12:24:46: #1  tags after filtering in control: 48062544 
INFO  @ Sat, 02 Jan 2021 12:24:46: #1  Redundant rate of control: 0.00 
INFO  @ Sat, 02 Jan 2021 12:24:46: #1 finished! 
INFO  @ Sat, 02 Jan 2021 12:24:46: #2 Build Peak Model... 
INFO  @ Sat, 02 Jan 2021 12:24:46: #2 Skipped... 
INFO  @ Sat, 02 Jan 2021 12:24:46: #2 Use 147 as fragment length 
INFO  @ Sat, 02 Jan 2021 12:24:46: #3 Call peaks... 
INFO  @ Sat, 02 Jan 2021 12:24:46: #3 Call broad peaks with given level1 -log10qvalue cutoff and level2: 1.301030, 1.000000... 
INFO  @ Sat, 02 Jan 2021 12:24:46: #3 Pre-compute pvalue-qvalue table... 
INFO  @ Sat, 02 Jan 2021 12:29:21: #3 Call peaks for each chromosome... 
INFO  @ Sat, 02 Jan 2021 12:31:18: #4 Write output xls file... /gpfs/group/pipkin/hdiao/T_Cell_ChIP/2_MACS2_broad/2018_SCIENCE_Pace_native___H3K9me3_native_invitro-d3-CD8-WT_peaks.xls 
INFO  @ Sat, 02 Jan 2021 12:31:18: #4 Write broad peak in broadPeak format file... /gpfs/group/pipkin/hdiao/T_Cell_ChIP/2_MACS2_broad/2018_SCIENCE_Pace_native___H3K9me3_native_invitro-d3-CD8-WT_peaks.broadPeak 
INFO  @ Sat, 02 Jan 2021 12:31:18: #4 Write broad peak in bed12/gappedPeak format file... /gpfs/group/pipkin/hdiao/T_Cell_ChIP/2_MACS2_broad/2018_SCIENCE_Pace_native___H3K9me3_native_invitro-d3-CD8-WT_peaks.gappedPeak 
INFO  @ Sat, 02 Jan 2021 12:31:18: Done! 
