INFO  @ Sat, 02 Jan 2021 11:20:47: 
# Command line: callpeak -t SRR5905851_srt_dupr_flb.bam -c SRR5905836_srt_dupr_flb.bam -g mm -B --SPMR --nomodel --extsize 147 --call-summits -n 2017_PNAS_Li___H3K27Ac_IL2-WT-CD4 --outdir /gpfs/group/pipkin/hdiao/T_Cell_ChIP/2_MACS2
# ARGUMENTS LIST:
# name = 2017_PNAS_Li___H3K27Ac_IL2-WT-CD4
# format = AUTO
# ChIP-seq file = ['SRR5905851_srt_dupr_flb.bam']
# control file = ['SRR5905836_srt_dupr_flb.bam']
# effective genome size = 1.87e+09
# band width = 300
# model fold = [5, 50]
# qvalue cutoff = 5.00e-02
# Larger dataset will be scaled towards smaller dataset.
# Range for calculating regional lambda is: 1000 bps and 10000 bps
# Broad region calling is off
# Searching for subpeak summits is on
# MACS will save fragment pileup signal per million reads
 
INFO  @ Sat, 02 Jan 2021 11:20:47: #1 read tag files... 
INFO  @ Sat, 02 Jan 2021 11:20:47: #1 read treatment tags... 
INFO  @ Sat, 02 Jan 2021 11:20:47: Detected format is: BAM 
INFO  @ Sat, 02 Jan 2021 11:20:47: * Input file is gzipped. 
INFO  @ Sat, 02 Jan 2021 11:20:54:  1000000 
INFO  @ Sat, 02 Jan 2021 11:21:01:  2000000 
INFO  @ Sat, 02 Jan 2021 11:21:08:  3000000 
INFO  @ Sat, 02 Jan 2021 11:21:15:  4000000 
INFO  @ Sat, 02 Jan 2021 11:21:22:  5000000 
INFO  @ Sat, 02 Jan 2021 11:21:28:  6000000 
INFO  @ Sat, 02 Jan 2021 11:21:36:  7000000 
INFO  @ Sat, 02 Jan 2021 11:21:43:  8000000 
INFO  @ Sat, 02 Jan 2021 11:21:50:  9000000 
INFO  @ Sat, 02 Jan 2021 11:21:57:  10000000 
INFO  @ Sat, 02 Jan 2021 11:22:04:  11000000 
INFO  @ Sat, 02 Jan 2021 11:22:11:  12000000 
INFO  @ Sat, 02 Jan 2021 11:22:17:  13000000 
INFO  @ Sat, 02 Jan 2021 11:22:23:  14000000 
INFO  @ Sat, 02 Jan 2021 11:22:25: #1.2 read input tags... 
INFO  @ Sat, 02 Jan 2021 11:22:25: Detected format is: BAM 
INFO  @ Sat, 02 Jan 2021 11:22:25: * Input file is gzipped. 
INFO  @ Sat, 02 Jan 2021 11:22:30:  1000000 
INFO  @ Sat, 02 Jan 2021 11:22:35:  2000000 
INFO  @ Sat, 02 Jan 2021 11:22:40:  3000000 
INFO  @ Sat, 02 Jan 2021 11:22:46:  4000000 
INFO  @ Sat, 02 Jan 2021 11:22:51:  5000000 
INFO  @ Sat, 02 Jan 2021 11:22:52: #1 tag size is determined as 50 bps 
INFO  @ Sat, 02 Jan 2021 11:22:52: #1 tag size = 50 
INFO  @ Sat, 02 Jan 2021 11:22:52: #1  total tags in treatment: 13584815 
INFO  @ Sat, 02 Jan 2021 11:22:52: #1 user defined the maximum tags... 
INFO  @ Sat, 02 Jan 2021 11:22:52: #1 filter out redundant tags at the same location and the same strand by allowing at most 1 tag(s) 
INFO  @ Sat, 02 Jan 2021 11:22:53: #1  tags after filtering in treatment: 13584815 
INFO  @ Sat, 02 Jan 2021 11:22:53: #1  Redundant rate of treatment: 0.00 
INFO  @ Sat, 02 Jan 2021 11:22:53: #1  total tags in control: 5165098 
INFO  @ Sat, 02 Jan 2021 11:22:53: #1 user defined the maximum tags... 
INFO  @ Sat, 02 Jan 2021 11:22:53: #1 filter out redundant tags at the same location and the same strand by allowing at most 1 tag(s) 
INFO  @ Sat, 02 Jan 2021 11:22:53: #1  tags after filtering in control: 5165097 
INFO  @ Sat, 02 Jan 2021 11:22:53: #1  Redundant rate of control: 0.00 
INFO  @ Sat, 02 Jan 2021 11:22:53: #1 finished! 
INFO  @ Sat, 02 Jan 2021 11:22:53: #2 Build Peak Model... 
INFO  @ Sat, 02 Jan 2021 11:22:53: #2 Skipped... 
INFO  @ Sat, 02 Jan 2021 11:22:53: #2 Use 147 as fragment length 
INFO  @ Sat, 02 Jan 2021 11:22:53: #3 Call peaks... 
INFO  @ Sat, 02 Jan 2021 11:22:53: #3 Going to call summits inside each peak ... 
INFO  @ Sat, 02 Jan 2021 11:22:53: #3 Pre-compute pvalue-qvalue table... 
INFO  @ Sat, 02 Jan 2021 11:23:33: #3 In the peak calling step, the following will be performed simultaneously: 
INFO  @ Sat, 02 Jan 2021 11:23:33: #3   Write bedGraph files for treatment pileup (after scaling if necessary)... 2017_PNAS_Li___H3K27Ac_IL2-WT-CD4_treat_pileup.bdg 
INFO  @ Sat, 02 Jan 2021 11:23:33: #3   Write bedGraph files for control lambda (after scaling if necessary)... 2017_PNAS_Li___H3K27Ac_IL2-WT-CD4_control_lambda.bdg 
INFO  @ Sat, 02 Jan 2021 11:23:33: #3   --SPMR is requested, so pileup will be normalized by sequencing depth in million reads. 
INFO  @ Sat, 02 Jan 2021 11:23:33: #3 Call peaks for each chromosome... 
INFO  @ Sat, 02 Jan 2021 11:26:35: #4 Write output xls file... /gpfs/group/pipkin/hdiao/T_Cell_ChIP/2_MACS2/2017_PNAS_Li___H3K27Ac_IL2-WT-CD4_peaks.xls 
INFO  @ Sat, 02 Jan 2021 11:26:35: #4 Write peak in narrowPeak format file... /gpfs/group/pipkin/hdiao/T_Cell_ChIP/2_MACS2/2017_PNAS_Li___H3K27Ac_IL2-WT-CD4_peaks.narrowPeak 
INFO  @ Sat, 02 Jan 2021 11:26:36: #4 Write summits bed file... /gpfs/group/pipkin/hdiao/T_Cell_ChIP/2_MACS2/2017_PNAS_Li___H3K27Ac_IL2-WT-CD4_summits.bed 
INFO  @ Sat, 02 Jan 2021 11:26:36: Done! 
INFO  @ Sat, 02 Jan 2021 11:26:37: 
# Command line: callpeak -t SRR5905851_srt_dupr_flb.bam -c SRR5905836_srt_dupr_flb.bam -g mm --nomodel --extsize 147 --broad -n 2017_PNAS_Li___H3K27Ac_IL2-WT-CD4 --outdir /gpfs/group/pipkin/hdiao/T_Cell_ChIP/2_MACS2_broad
# ARGUMENTS LIST:
# name = 2017_PNAS_Li___H3K27Ac_IL2-WT-CD4
# format = AUTO
# ChIP-seq file = ['SRR5905851_srt_dupr_flb.bam']
# control file = ['SRR5905836_srt_dupr_flb.bam']
# effective genome size = 1.87e+09
# band width = 300
# model fold = [5, 50]
# qvalue cutoff for narrow/strong regions = 5.00e-02
# qvalue cutoff for broad/weak regions = 1.00e-01
# Larger dataset will be scaled towards smaller dataset.
# Range for calculating regional lambda is: 1000 bps and 10000 bps
# Broad region calling is on
 
INFO  @ Sat, 02 Jan 2021 11:26:37: #1 read tag files... 
INFO  @ Sat, 02 Jan 2021 11:26:37: #1 read treatment tags... 
INFO  @ Sat, 02 Jan 2021 11:26:37: Detected format is: BAM 
INFO  @ Sat, 02 Jan 2021 11:26:37: * Input file is gzipped. 
INFO  @ Sat, 02 Jan 2021 11:26:43:  1000000 
INFO  @ Sat, 02 Jan 2021 11:26:48:  2000000 
INFO  @ Sat, 02 Jan 2021 11:26:53:  3000000 
INFO  @ Sat, 02 Jan 2021 11:26:59:  4000000 
INFO  @ Sat, 02 Jan 2021 11:27:04:  5000000 
INFO  @ Sat, 02 Jan 2021 11:27:10:  6000000 
INFO  @ Sat, 02 Jan 2021 11:27:15:  7000000 
INFO  @ Sat, 02 Jan 2021 11:27:21:  8000000 
INFO  @ Sat, 02 Jan 2021 11:27:26:  9000000 
INFO  @ Sat, 02 Jan 2021 11:27:32:  10000000 
INFO  @ Sat, 02 Jan 2021 11:27:37:  11000000 
INFO  @ Sat, 02 Jan 2021 11:27:42:  12000000 
INFO  @ Sat, 02 Jan 2021 11:27:48:  13000000 
INFO  @ Sat, 02 Jan 2021 11:27:52:  14000000 
INFO  @ Sat, 02 Jan 2021 11:27:54: #1.2 read input tags... 
INFO  @ Sat, 02 Jan 2021 11:27:54: Detected format is: BAM 
INFO  @ Sat, 02 Jan 2021 11:27:54: * Input file is gzipped. 
INFO  @ Sat, 02 Jan 2021 11:27:59:  1000000 
INFO  @ Sat, 02 Jan 2021 11:28:04:  2000000 
INFO  @ Sat, 02 Jan 2021 11:28:09:  3000000 
INFO  @ Sat, 02 Jan 2021 11:28:14:  4000000 
INFO  @ Sat, 02 Jan 2021 11:28:20:  5000000 
INFO  @ Sat, 02 Jan 2021 11:28:21: #1 tag size is determined as 50 bps 
INFO  @ Sat, 02 Jan 2021 11:28:21: #1 tag size = 50 
INFO  @ Sat, 02 Jan 2021 11:28:21: #1  total tags in treatment: 13584815 
INFO  @ Sat, 02 Jan 2021 11:28:21: #1 user defined the maximum tags... 
INFO  @ Sat, 02 Jan 2021 11:28:21: #1 filter out redundant tags at the same location and the same strand by allowing at most 1 tag(s) 
INFO  @ Sat, 02 Jan 2021 11:28:21: #1  tags after filtering in treatment: 13584815 
INFO  @ Sat, 02 Jan 2021 11:28:21: #1  Redundant rate of treatment: 0.00 
INFO  @ Sat, 02 Jan 2021 11:28:21: #1  total tags in control: 5165098 
INFO  @ Sat, 02 Jan 2021 11:28:21: #1 user defined the maximum tags... 
INFO  @ Sat, 02 Jan 2021 11:28:21: #1 filter out redundant tags at the same location and the same strand by allowing at most 1 tag(s) 
INFO  @ Sat, 02 Jan 2021 11:28:22: #1  tags after filtering in control: 5165097 
INFO  @ Sat, 02 Jan 2021 11:28:22: #1  Redundant rate of control: 0.00 
INFO  @ Sat, 02 Jan 2021 11:28:22: #1 finished! 
INFO  @ Sat, 02 Jan 2021 11:28:22: #2 Build Peak Model... 
INFO  @ Sat, 02 Jan 2021 11:28:22: #2 Skipped... 
INFO  @ Sat, 02 Jan 2021 11:28:22: #2 Use 147 as fragment length 
INFO  @ Sat, 02 Jan 2021 11:28:22: #3 Call peaks... 
INFO  @ Sat, 02 Jan 2021 11:28:22: #3 Call broad peaks with given level1 -log10qvalue cutoff and level2: 1.301030, 1.000000... 
INFO  @ Sat, 02 Jan 2021 11:28:22: #3 Pre-compute pvalue-qvalue table... 
INFO  @ Sat, 02 Jan 2021 11:29:00: #3 Call peaks for each chromosome... 
INFO  @ Sat, 02 Jan 2021 11:29:48: #4 Write output xls file... /gpfs/group/pipkin/hdiao/T_Cell_ChIP/2_MACS2_broad/2017_PNAS_Li___H3K27Ac_IL2-WT-CD4_peaks.xls 
INFO  @ Sat, 02 Jan 2021 11:29:48: #4 Write broad peak in broadPeak format file... /gpfs/group/pipkin/hdiao/T_Cell_ChIP/2_MACS2_broad/2017_PNAS_Li___H3K27Ac_IL2-WT-CD4_peaks.broadPeak 
INFO  @ Sat, 02 Jan 2021 11:29:49: #4 Write broad peak in bed12/gappedPeak format file... /gpfs/group/pipkin/hdiao/T_Cell_ChIP/2_MACS2_broad/2017_PNAS_Li___H3K27Ac_IL2-WT-CD4_peaks.gappedPeak 
INFO  @ Sat, 02 Jan 2021 11:29:49: Done! 
