INFO  @ Sat, 02 Jan 2021 11:20:46: 
# Command line: callpeak -t SRR5217325_srt_dupr_flb.bam -c SRR5217326_srt_dupr_flb.bam -g mm -B --SPMR --nomodel --extsize 147 --call-summits -n 2017_NAT_IMMUNOL_Shan___H3K27Ac_LCMVarmD4-P14-CD8-Runx3KO --outdir /gpfs/group/pipkin/hdiao/T_Cell_ChIP/2_MACS2
# ARGUMENTS LIST:
# name = 2017_NAT_IMMUNOL_Shan___H3K27Ac_LCMVarmD4-P14-CD8-Runx3KO
# format = AUTO
# ChIP-seq file = ['SRR5217325_srt_dupr_flb.bam']
# control file = ['SRR5217326_srt_dupr_flb.bam']
# effective genome size = 1.87e+09
# band width = 300
# model fold = [5, 50]
# qvalue cutoff = 5.00e-02
# Larger dataset will be scaled towards smaller dataset.
# Range for calculating regional lambda is: 1000 bps and 10000 bps
# Broad region calling is off
# Searching for subpeak summits is on
# MACS will save fragment pileup signal per million reads
 
INFO  @ Sat, 02 Jan 2021 11:20:46: #1 read tag files... 
INFO  @ Sat, 02 Jan 2021 11:20:46: #1 read treatment tags... 
INFO  @ Sat, 02 Jan 2021 11:20:47: Detected format is: BAM 
INFO  @ Sat, 02 Jan 2021 11:20:47: * Input file is gzipped. 
INFO  @ Sat, 02 Jan 2021 11:20:55:  1000000 
INFO  @ Sat, 02 Jan 2021 11:21:04:  2000000 
INFO  @ Sat, 02 Jan 2021 11:21:11:  3000000 
INFO  @ Sat, 02 Jan 2021 11:21:19:  4000000 
INFO  @ Sat, 02 Jan 2021 11:21:26:  5000000 
INFO  @ Sat, 02 Jan 2021 11:21:35:  6000000 
INFO  @ Sat, 02 Jan 2021 11:21:43:  7000000 
INFO  @ Sat, 02 Jan 2021 11:21:50:  8000000 
INFO  @ Sat, 02 Jan 2021 11:21:57:  9000000 
INFO  @ Sat, 02 Jan 2021 11:22:06:  10000000 
INFO  @ Sat, 02 Jan 2021 11:22:13:  11000000 
INFO  @ Sat, 02 Jan 2021 11:22:22:  12000000 
INFO  @ Sat, 02 Jan 2021 11:22:30:  13000000 
INFO  @ Sat, 02 Jan 2021 11:22:38:  14000000 
INFO  @ Sat, 02 Jan 2021 11:22:45:  15000000 
INFO  @ Sat, 02 Jan 2021 11:22:52:  16000000 
INFO  @ Sat, 02 Jan 2021 11:23:00:  17000000 
INFO  @ Sat, 02 Jan 2021 11:23:07:  18000000 
INFO  @ Sat, 02 Jan 2021 11:23:13:  19000000 
INFO  @ Sat, 02 Jan 2021 11:23:21:  20000000 
INFO  @ Sat, 02 Jan 2021 11:23:27:  21000000 
INFO  @ Sat, 02 Jan 2021 11:23:34:  22000000 
INFO  @ Sat, 02 Jan 2021 11:23:41:  23000000 
INFO  @ Sat, 02 Jan 2021 11:23:48:  24000000 
INFO  @ Sat, 02 Jan 2021 11:23:55:  25000000 
INFO  @ Sat, 02 Jan 2021 11:24:02:  26000000 
INFO  @ Sat, 02 Jan 2021 11:24:08:  27000000 
INFO  @ Sat, 02 Jan 2021 11:24:15:  28000000 
INFO  @ Sat, 02 Jan 2021 11:24:22:  29000000 
INFO  @ Sat, 02 Jan 2021 11:24:28:  30000000 
INFO  @ Sat, 02 Jan 2021 11:24:34:  31000000 
INFO  @ Sat, 02 Jan 2021 11:24:42:  32000000 
INFO  @ Sat, 02 Jan 2021 11:24:49:  33000000 
INFO  @ Sat, 02 Jan 2021 11:24:55:  34000000 
INFO  @ Sat, 02 Jan 2021 11:25:02:  35000000 
INFO  @ Sat, 02 Jan 2021 11:25:08:  36000000 
INFO  @ Sat, 02 Jan 2021 11:25:13:  37000000 
INFO  @ Sat, 02 Jan 2021 11:25:19:  38000000 
INFO  @ Sat, 02 Jan 2021 11:25:25:  39000000 
INFO  @ Sat, 02 Jan 2021 11:25:31:  40000000 
INFO  @ Sat, 02 Jan 2021 11:25:37:  41000000 
INFO  @ Sat, 02 Jan 2021 11:25:43:  42000000 
INFO  @ Sat, 02 Jan 2021 11:25:49:  43000000 
INFO  @ Sat, 02 Jan 2021 11:25:56:  44000000 
INFO  @ Sat, 02 Jan 2021 11:26:02:  45000000 
INFO  @ Sat, 02 Jan 2021 11:26:08:  46000000 
INFO  @ Sat, 02 Jan 2021 11:26:14:  47000000 
INFO  @ Sat, 02 Jan 2021 11:26:20:  48000000 
INFO  @ Sat, 02 Jan 2021 11:26:27:  49000000 
INFO  @ Sat, 02 Jan 2021 11:26:32:  50000000 
INFO  @ Sat, 02 Jan 2021 11:26:36:  51000000 
INFO  @ Sat, 02 Jan 2021 11:26:38: #1.2 read input tags... 
INFO  @ Sat, 02 Jan 2021 11:26:38: Detected format is: BAM 
INFO  @ Sat, 02 Jan 2021 11:26:38: * Input file is gzipped. 
INFO  @ Sat, 02 Jan 2021 11:26:42:  1000000 
INFO  @ Sat, 02 Jan 2021 11:26:47:  2000000 
INFO  @ Sat, 02 Jan 2021 11:26:52:  3000000 
INFO  @ Sat, 02 Jan 2021 11:26:57:  4000000 
INFO  @ Sat, 02 Jan 2021 11:27:03:  5000000 
INFO  @ Sat, 02 Jan 2021 11:27:08:  6000000 
INFO  @ Sat, 02 Jan 2021 11:27:14:  7000000 
INFO  @ Sat, 02 Jan 2021 11:27:20:  8000000 
INFO  @ Sat, 02 Jan 2021 11:27:26:  9000000 
INFO  @ Sat, 02 Jan 2021 11:27:32:  10000000 
INFO  @ Sat, 02 Jan 2021 11:27:38:  11000000 
INFO  @ Sat, 02 Jan 2021 11:27:44:  12000000 
INFO  @ Sat, 02 Jan 2021 11:27:50:  13000000 
INFO  @ Sat, 02 Jan 2021 11:27:55:  14000000 
INFO  @ Sat, 02 Jan 2021 11:28:01:  15000000 
INFO  @ Sat, 02 Jan 2021 11:28:07:  16000000 
INFO  @ Sat, 02 Jan 2021 11:28:12:  17000000 
INFO  @ Sat, 02 Jan 2021 11:28:18:  18000000 
INFO  @ Sat, 02 Jan 2021 11:28:24:  19000000 
INFO  @ Sat, 02 Jan 2021 11:28:29:  20000000 
INFO  @ Sat, 02 Jan 2021 11:28:35:  21000000 
INFO  @ Sat, 02 Jan 2021 11:28:41:  22000000 
INFO  @ Sat, 02 Jan 2021 11:28:46:  23000000 
INFO  @ Sat, 02 Jan 2021 11:28:52:  24000000 
INFO  @ Sat, 02 Jan 2021 11:28:58:  25000000 
INFO  @ Sat, 02 Jan 2021 11:29:03:  26000000 
INFO  @ Sat, 02 Jan 2021 11:29:09:  27000000 
INFO  @ Sat, 02 Jan 2021 11:29:14:  28000000 
INFO  @ Sat, 02 Jan 2021 11:29:20:  29000000 
INFO  @ Sat, 02 Jan 2021 11:29:25:  30000000 
INFO  @ Sat, 02 Jan 2021 11:29:31:  31000000 
INFO  @ Sat, 02 Jan 2021 11:29:37:  32000000 
INFO  @ Sat, 02 Jan 2021 11:29:42:  33000000 
INFO  @ Sat, 02 Jan 2021 11:29:48:  34000000 
INFO  @ Sat, 02 Jan 2021 11:29:53:  35000000 
INFO  @ Sat, 02 Jan 2021 11:29:59:  36000000 
INFO  @ Sat, 02 Jan 2021 11:30:04:  37000000 
INFO  @ Sat, 02 Jan 2021 11:30:10:  38000000 
INFO  @ Sat, 02 Jan 2021 11:30:15:  39000000 
INFO  @ Sat, 02 Jan 2021 11:30:21:  40000000 
INFO  @ Sat, 02 Jan 2021 11:30:26:  41000000 
INFO  @ Sat, 02 Jan 2021 11:30:32:  42000000 
INFO  @ Sat, 02 Jan 2021 11:30:37:  43000000 
INFO  @ Sat, 02 Jan 2021 11:30:43:  44000000 
INFO  @ Sat, 02 Jan 2021 11:30:49:  45000000 
INFO  @ Sat, 02 Jan 2021 11:30:51: #1 tag size is determined as 51 bps 
INFO  @ Sat, 02 Jan 2021 11:30:51: #1 tag size = 51 
INFO  @ Sat, 02 Jan 2021 11:30:51: #1  total tags in treatment: 24563060 
INFO  @ Sat, 02 Jan 2021 11:30:51: #1 user defined the maximum tags... 
INFO  @ Sat, 02 Jan 2021 11:30:51: #1 filter out redundant tags at the same location and the same strand by allowing at most 1 tag(s) 
INFO  @ Sat, 02 Jan 2021 11:30:52: #1  tags after filtering in treatment: 24563060 
INFO  @ Sat, 02 Jan 2021 11:30:52: #1  Redundant rate of treatment: 0.00 
INFO  @ Sat, 02 Jan 2021 11:30:52: #1  total tags in control: 22308393 
INFO  @ Sat, 02 Jan 2021 11:30:52: #1 user defined the maximum tags... 
INFO  @ Sat, 02 Jan 2021 11:30:52: #1 filter out redundant tags at the same location and the same strand by allowing at most 1 tag(s) 
INFO  @ Sat, 02 Jan 2021 11:30:52: #1  tags after filtering in control: 22308393 
INFO  @ Sat, 02 Jan 2021 11:30:52: #1  Redundant rate of control: 0.00 
INFO  @ Sat, 02 Jan 2021 11:30:52: #1 finished! 
INFO  @ Sat, 02 Jan 2021 11:30:52: #2 Build Peak Model... 
INFO  @ Sat, 02 Jan 2021 11:30:52: #2 Skipped... 
INFO  @ Sat, 02 Jan 2021 11:30:52: #2 Use 147 as fragment length 
INFO  @ Sat, 02 Jan 2021 11:30:52: #3 Call peaks... 
INFO  @ Sat, 02 Jan 2021 11:30:52: #3 Going to call summits inside each peak ... 
INFO  @ Sat, 02 Jan 2021 11:30:52: #3 Pre-compute pvalue-qvalue table... 
INFO  @ Sat, 02 Jan 2021 11:33:14: #3 In the peak calling step, the following will be performed simultaneously: 
INFO  @ Sat, 02 Jan 2021 11:33:14: #3   Write bedGraph files for treatment pileup (after scaling if necessary)... 2017_NAT_IMMUNOL_Shan___H3K27Ac_LCMVarmD4-P14-CD8-Runx3KO_treat_pileup.bdg 
INFO  @ Sat, 02 Jan 2021 11:33:14: #3   Write bedGraph files for control lambda (after scaling if necessary)... 2017_NAT_IMMUNOL_Shan___H3K27Ac_LCMVarmD4-P14-CD8-Runx3KO_control_lambda.bdg 
INFO  @ Sat, 02 Jan 2021 11:33:14: #3   --SPMR is requested, so pileup will be normalized by sequencing depth in million reads. 
INFO  @ Sat, 02 Jan 2021 11:33:14: #3 Call peaks for each chromosome... 
INFO  @ Sat, 02 Jan 2021 11:39:51: #4 Write output xls file... /gpfs/group/pipkin/hdiao/T_Cell_ChIP/2_MACS2/2017_NAT_IMMUNOL_Shan___H3K27Ac_LCMVarmD4-P14-CD8-Runx3KO_peaks.xls 
INFO  @ Sat, 02 Jan 2021 11:39:52: #4 Write peak in narrowPeak format file... /gpfs/group/pipkin/hdiao/T_Cell_ChIP/2_MACS2/2017_NAT_IMMUNOL_Shan___H3K27Ac_LCMVarmD4-P14-CD8-Runx3KO_peaks.narrowPeak 
INFO  @ Sat, 02 Jan 2021 11:39:52: #4 Write summits bed file... /gpfs/group/pipkin/hdiao/T_Cell_ChIP/2_MACS2/2017_NAT_IMMUNOL_Shan___H3K27Ac_LCMVarmD4-P14-CD8-Runx3KO_summits.bed 
INFO  @ Sat, 02 Jan 2021 11:39:52: Done! 
INFO  @ Sat, 02 Jan 2021 11:39:53: 
# Command line: callpeak -t SRR5217325_srt_dupr_flb.bam -c SRR5217326_srt_dupr_flb.bam -g mm --nomodel --extsize 147 --broad -n 2017_NAT_IMMUNOL_Shan___H3K27Ac_LCMVarmD4-P14-CD8-Runx3KO --outdir /gpfs/group/pipkin/hdiao/T_Cell_ChIP/2_MACS2_broad
# ARGUMENTS LIST:
# name = 2017_NAT_IMMUNOL_Shan___H3K27Ac_LCMVarmD4-P14-CD8-Runx3KO
# format = AUTO
# ChIP-seq file = ['SRR5217325_srt_dupr_flb.bam']
# control file = ['SRR5217326_srt_dupr_flb.bam']
# effective genome size = 1.87e+09
# band width = 300
# model fold = [5, 50]
# qvalue cutoff for narrow/strong regions = 5.00e-02
# qvalue cutoff for broad/weak regions = 1.00e-01
# Larger dataset will be scaled towards smaller dataset.
# Range for calculating regional lambda is: 1000 bps and 10000 bps
# Broad region calling is on
 
INFO  @ Sat, 02 Jan 2021 11:39:53: #1 read tag files... 
INFO  @ Sat, 02 Jan 2021 11:39:53: #1 read treatment tags... 
INFO  @ Sat, 02 Jan 2021 11:39:53: Detected format is: BAM 
INFO  @ Sat, 02 Jan 2021 11:39:53: * Input file is gzipped. 
INFO  @ Sat, 02 Jan 2021 11:39:58:  1000000 
INFO  @ Sat, 02 Jan 2021 11:40:03:  2000000 
INFO  @ Sat, 02 Jan 2021 11:40:08:  3000000 
INFO  @ Sat, 02 Jan 2021 11:40:13:  4000000 
INFO  @ Sat, 02 Jan 2021 11:40:18:  5000000 
INFO  @ Sat, 02 Jan 2021 11:40:23:  6000000 
INFO  @ Sat, 02 Jan 2021 11:40:28:  7000000 
INFO  @ Sat, 02 Jan 2021 11:40:33:  8000000 
INFO  @ Sat, 02 Jan 2021 11:40:38:  9000000 
INFO  @ Sat, 02 Jan 2021 11:40:43:  10000000 
INFO  @ Sat, 02 Jan 2021 11:40:48:  11000000 
INFO  @ Sat, 02 Jan 2021 11:40:53:  12000000 
INFO  @ Sat, 02 Jan 2021 11:40:58:  13000000 
INFO  @ Sat, 02 Jan 2021 11:41:03:  14000000 
INFO  @ Sat, 02 Jan 2021 11:41:08:  15000000 
INFO  @ Sat, 02 Jan 2021 11:41:13:  16000000 
INFO  @ Sat, 02 Jan 2021 11:41:17:  17000000 
INFO  @ Sat, 02 Jan 2021 11:41:22:  18000000 
INFO  @ Sat, 02 Jan 2021 11:41:27:  19000000 
INFO  @ Sat, 02 Jan 2021 11:41:32:  20000000 
INFO  @ Sat, 02 Jan 2021 11:41:37:  21000000 
INFO  @ Sat, 02 Jan 2021 11:41:42:  22000000 
INFO  @ Sat, 02 Jan 2021 11:41:47:  23000000 
INFO  @ Sat, 02 Jan 2021 11:41:52:  24000000 
INFO  @ Sat, 02 Jan 2021 11:41:57:  25000000 
INFO  @ Sat, 02 Jan 2021 11:42:02:  26000000 
INFO  @ Sat, 02 Jan 2021 11:42:07:  27000000 
INFO  @ Sat, 02 Jan 2021 11:42:12:  28000000 
INFO  @ Sat, 02 Jan 2021 11:42:16:  29000000 
INFO  @ Sat, 02 Jan 2021 11:42:21:  30000000 
INFO  @ Sat, 02 Jan 2021 11:42:26:  31000000 
INFO  @ Sat, 02 Jan 2021 11:42:31:  32000000 
INFO  @ Sat, 02 Jan 2021 11:42:36:  33000000 
INFO  @ Sat, 02 Jan 2021 11:42:41:  34000000 
INFO  @ Sat, 02 Jan 2021 11:42:46:  35000000 
INFO  @ Sat, 02 Jan 2021 11:42:51:  36000000 
INFO  @ Sat, 02 Jan 2021 11:42:56:  37000000 
INFO  @ Sat, 02 Jan 2021 11:43:01:  38000000 
INFO  @ Sat, 02 Jan 2021 11:43:05:  39000000 
INFO  @ Sat, 02 Jan 2021 11:43:10:  40000000 
INFO  @ Sat, 02 Jan 2021 11:43:15:  41000000 
INFO  @ Sat, 02 Jan 2021 11:43:20:  42000000 
INFO  @ Sat, 02 Jan 2021 11:43:25:  43000000 
INFO  @ Sat, 02 Jan 2021 11:43:30:  44000000 
INFO  @ Sat, 02 Jan 2021 11:43:35:  45000000 
INFO  @ Sat, 02 Jan 2021 11:43:40:  46000000 
INFO  @ Sat, 02 Jan 2021 11:43:45:  47000000 
INFO  @ Sat, 02 Jan 2021 11:43:50:  48000000 
INFO  @ Sat, 02 Jan 2021 11:43:55:  49000000 
INFO  @ Sat, 02 Jan 2021 11:43:59:  50000000 
INFO  @ Sat, 02 Jan 2021 11:44:02:  51000000 
INFO  @ Sat, 02 Jan 2021 11:44:04: #1.2 read input tags... 
INFO  @ Sat, 02 Jan 2021 11:44:04: Detected format is: BAM 
INFO  @ Sat, 02 Jan 2021 11:44:04: * Input file is gzipped. 
INFO  @ Sat, 02 Jan 2021 11:44:09:  1000000 
INFO  @ Sat, 02 Jan 2021 11:44:14:  2000000 
INFO  @ Sat, 02 Jan 2021 11:44:19:  3000000 
INFO  @ Sat, 02 Jan 2021 11:44:24:  4000000 
INFO  @ Sat, 02 Jan 2021 11:44:28:  5000000 
INFO  @ Sat, 02 Jan 2021 11:44:33:  6000000 
INFO  @ Sat, 02 Jan 2021 11:44:38:  7000000 
INFO  @ Sat, 02 Jan 2021 11:44:43:  8000000 
INFO  @ Sat, 02 Jan 2021 11:44:48:  9000000 
INFO  @ Sat, 02 Jan 2021 11:44:54:  10000000 
INFO  @ Sat, 02 Jan 2021 11:44:58:  11000000 
INFO  @ Sat, 02 Jan 2021 11:45:03:  12000000 
INFO  @ Sat, 02 Jan 2021 11:45:08:  13000000 
INFO  @ Sat, 02 Jan 2021 11:45:13:  14000000 
INFO  @ Sat, 02 Jan 2021 11:45:18:  15000000 
INFO  @ Sat, 02 Jan 2021 11:45:23:  16000000 
INFO  @ Sat, 02 Jan 2021 11:45:28:  17000000 
INFO  @ Sat, 02 Jan 2021 11:45:33:  18000000 
INFO  @ Sat, 02 Jan 2021 11:45:38:  19000000 
INFO  @ Sat, 02 Jan 2021 11:45:43:  20000000 
INFO  @ Sat, 02 Jan 2021 11:45:48:  21000000 
INFO  @ Sat, 02 Jan 2021 11:45:53:  22000000 
INFO  @ Sat, 02 Jan 2021 11:45:58:  23000000 
INFO  @ Sat, 02 Jan 2021 11:46:03:  24000000 
INFO  @ Sat, 02 Jan 2021 11:46:08:  25000000 
INFO  @ Sat, 02 Jan 2021 11:46:13:  26000000 
INFO  @ Sat, 02 Jan 2021 11:46:18:  27000000 
INFO  @ Sat, 02 Jan 2021 11:46:23:  28000000 
INFO  @ Sat, 02 Jan 2021 11:46:28:  29000000 
INFO  @ Sat, 02 Jan 2021 11:46:33:  30000000 
INFO  @ Sat, 02 Jan 2021 11:46:38:  31000000 
INFO  @ Sat, 02 Jan 2021 11:46:43:  32000000 
INFO  @ Sat, 02 Jan 2021 11:46:48:  33000000 
INFO  @ Sat, 02 Jan 2021 11:46:53:  34000000 
INFO  @ Sat, 02 Jan 2021 11:46:58:  35000000 
INFO  @ Sat, 02 Jan 2021 11:47:03:  36000000 
INFO  @ Sat, 02 Jan 2021 11:47:07:  37000000 
INFO  @ Sat, 02 Jan 2021 11:47:12:  38000000 
INFO  @ Sat, 02 Jan 2021 11:47:17:  39000000 
INFO  @ Sat, 02 Jan 2021 11:47:22:  40000000 
INFO  @ Sat, 02 Jan 2021 11:47:27:  41000000 
INFO  @ Sat, 02 Jan 2021 11:47:32:  42000000 
INFO  @ Sat, 02 Jan 2021 11:47:37:  43000000 
INFO  @ Sat, 02 Jan 2021 11:47:42:  44000000 
INFO  @ Sat, 02 Jan 2021 11:47:47:  45000000 
INFO  @ Sat, 02 Jan 2021 11:47:49: #1 tag size is determined as 51 bps 
INFO  @ Sat, 02 Jan 2021 11:47:49: #1 tag size = 51 
INFO  @ Sat, 02 Jan 2021 11:47:49: #1  total tags in treatment: 24563060 
INFO  @ Sat, 02 Jan 2021 11:47:49: #1 user defined the maximum tags... 
INFO  @ Sat, 02 Jan 2021 11:47:49: #1 filter out redundant tags at the same location and the same strand by allowing at most 1 tag(s) 
INFO  @ Sat, 02 Jan 2021 11:47:50: #1  tags after filtering in treatment: 24563060 
INFO  @ Sat, 02 Jan 2021 11:47:50: #1  Redundant rate of treatment: 0.00 
INFO  @ Sat, 02 Jan 2021 11:47:50: #1  total tags in control: 22308393 
INFO  @ Sat, 02 Jan 2021 11:47:50: #1 user defined the maximum tags... 
INFO  @ Sat, 02 Jan 2021 11:47:50: #1 filter out redundant tags at the same location and the same strand by allowing at most 1 tag(s) 
INFO  @ Sat, 02 Jan 2021 11:47:50: #1  tags after filtering in control: 22308393 
INFO  @ Sat, 02 Jan 2021 11:47:50: #1  Redundant rate of control: 0.00 
INFO  @ Sat, 02 Jan 2021 11:47:50: #1 finished! 
INFO  @ Sat, 02 Jan 2021 11:47:50: #2 Build Peak Model... 
INFO  @ Sat, 02 Jan 2021 11:47:50: #2 Skipped... 
INFO  @ Sat, 02 Jan 2021 11:47:50: #2 Use 147 as fragment length 
INFO  @ Sat, 02 Jan 2021 11:47:50: #3 Call peaks... 
INFO  @ Sat, 02 Jan 2021 11:47:50: #3 Call broad peaks with given level1 -log10qvalue cutoff and level2: 1.301030, 1.000000... 
INFO  @ Sat, 02 Jan 2021 11:47:50: #3 Pre-compute pvalue-qvalue table... 
INFO  @ Sat, 02 Jan 2021 11:50:03: #3 Call peaks for each chromosome... 
INFO  @ Sat, 02 Jan 2021 11:51:24: #4 Write output xls file... /gpfs/group/pipkin/hdiao/T_Cell_ChIP/2_MACS2_broad/2017_NAT_IMMUNOL_Shan___H3K27Ac_LCMVarmD4-P14-CD8-Runx3KO_peaks.xls 
INFO  @ Sat, 02 Jan 2021 11:51:24: #4 Write broad peak in broadPeak format file... /gpfs/group/pipkin/hdiao/T_Cell_ChIP/2_MACS2_broad/2017_NAT_IMMUNOL_Shan___H3K27Ac_LCMVarmD4-P14-CD8-Runx3KO_peaks.broadPeak 
INFO  @ Sat, 02 Jan 2021 11:51:24: #4 Write broad peak in bed12/gappedPeak format file... /gpfs/group/pipkin/hdiao/T_Cell_ChIP/2_MACS2_broad/2017_NAT_IMMUNOL_Shan___H3K27Ac_LCMVarmD4-P14-CD8-Runx3KO_peaks.gappedPeak 
INFO  @ Sat, 02 Jan 2021 11:51:25: Done! 
