INFO  @ Sat, 02 Jan 2021 11:20:46: 
# Command line: callpeak -t SRR1124808_srt_dupr_flb.bam SRR1124809_srt_dupr_flb.bam -c SRR1124815_srt_dupr_flb.bam SRR1124816_srt_dupr_flb.bam SRR1124817_srt_dupr_flb.bam -g mm -B --SPMR --nomodel --extsize 147 --call-summits -n 2014_NAT_IMMUNOL_Kurachi___H3K27me3-invitro-d3-CD8 --outdir /gpfs/group/pipkin/hdiao/T_Cell_ChIP/2_MACS2
# ARGUMENTS LIST:
# name = 2014_NAT_IMMUNOL_Kurachi___H3K27me3-invitro-d3-CD8
# format = AUTO
# ChIP-seq file = ['SRR1124808_srt_dupr_flb.bam', 'SRR1124809_srt_dupr_flb.bam']
# control file = ['SRR1124815_srt_dupr_flb.bam', 'SRR1124816_srt_dupr_flb.bam', 'SRR1124817_srt_dupr_flb.bam']
# effective genome size = 1.87e+09
# band width = 300
# model fold = [5, 50]
# qvalue cutoff = 5.00e-02
# Larger dataset will be scaled towards smaller dataset.
# Range for calculating regional lambda is: 1000 bps and 10000 bps
# Broad region calling is off
# Searching for subpeak summits is on
# MACS will save fragment pileup signal per million reads
 
INFO  @ Sat, 02 Jan 2021 11:20:46: #1 read tag files... 
INFO  @ Sat, 02 Jan 2021 11:20:46: #1 read treatment tags... 
INFO  @ Sat, 02 Jan 2021 11:20:46: Detected format is: BAM 
INFO  @ Sat, 02 Jan 2021 11:20:46: * Input file is gzipped. 
INFO  @ Sat, 02 Jan 2021 11:20:54:  1000000 
INFO  @ Sat, 02 Jan 2021 11:21:02:  2000000 
INFO  @ Sat, 02 Jan 2021 11:21:10:  3000000 
INFO  @ Sat, 02 Jan 2021 11:21:18:  4000000 
INFO  @ Sat, 02 Jan 2021 11:21:26:  5000000 
INFO  @ Sat, 02 Jan 2021 11:21:33:  6000000 
INFO  @ Sat, 02 Jan 2021 11:21:41:  7000000 
INFO  @ Sat, 02 Jan 2021 11:21:48:  8000000 
INFO  @ Sat, 02 Jan 2021 11:21:57:  9000000 
INFO  @ Sat, 02 Jan 2021 11:22:05:  10000000 
INFO  @ Sat, 02 Jan 2021 11:22:12:  11000000 
INFO  @ Sat, 02 Jan 2021 11:22:20:  12000000 
INFO  @ Sat, 02 Jan 2021 11:22:28:  13000000 
INFO  @ Sat, 02 Jan 2021 11:22:35:  14000000 
INFO  @ Sat, 02 Jan 2021 11:22:40:  15000000 
INFO  @ Sat, 02 Jan 2021 11:22:44:  16000000 
INFO  @ Sat, 02 Jan 2021 11:22:49: Detected format is: BAM 
INFO  @ Sat, 02 Jan 2021 11:22:49: * Input file is gzipped. 
INFO  @ Sat, 02 Jan 2021 11:22:57:  1000000 
INFO  @ Sat, 02 Jan 2021 11:23:05:  2000000 
INFO  @ Sat, 02 Jan 2021 11:23:12:  3000000 
INFO  @ Sat, 02 Jan 2021 11:23:19:  4000000 
INFO  @ Sat, 02 Jan 2021 11:23:27:  5000000 
INFO  @ Sat, 02 Jan 2021 11:23:34:  6000000 
INFO  @ Sat, 02 Jan 2021 11:23:42:  7000000 
INFO  @ Sat, 02 Jan 2021 11:23:49:  8000000 
INFO  @ Sat, 02 Jan 2021 11:23:57:  9000000 
INFO  @ Sat, 02 Jan 2021 11:24:04:  10000000 
INFO  @ Sat, 02 Jan 2021 11:24:11:  11000000 
INFO  @ Sat, 02 Jan 2021 11:24:19:  12000000 
INFO  @ Sat, 02 Jan 2021 11:24:26:  13000000 
INFO  @ Sat, 02 Jan 2021 11:24:33:  14000000 
INFO  @ Sat, 02 Jan 2021 11:24:40:  15000000 
INFO  @ Sat, 02 Jan 2021 11:24:48:  16000000 
INFO  @ Sat, 02 Jan 2021 11:24:55:  17000000 
INFO  @ Sat, 02 Jan 2021 11:25:02:  18000000 
INFO  @ Sat, 02 Jan 2021 11:25:09:  19000000 
INFO  @ Sat, 02 Jan 2021 11:25:16:  20000000 
INFO  @ Sat, 02 Jan 2021 11:25:23:  21000000 
INFO  @ Sat, 02 Jan 2021 11:25:31:  22000000 
INFO  @ Sat, 02 Jan 2021 11:25:38:  23000000 
INFO  @ Sat, 02 Jan 2021 11:25:46:  24000000 
INFO  @ Sat, 02 Jan 2021 11:25:52:  25000000 
INFO  @ Sat, 02 Jan 2021 11:25:54: #1.2 read input tags... 
INFO  @ Sat, 02 Jan 2021 11:25:54: Detected format is: BAM 
INFO  @ Sat, 02 Jan 2021 11:25:54: * Input file is gzipped. 
INFO  @ Sat, 02 Jan 2021 11:26:02:  1000000 
INFO  @ Sat, 02 Jan 2021 11:26:10:  2000000 
INFO  @ Sat, 02 Jan 2021 11:26:18:  3000000 
INFO  @ Sat, 02 Jan 2021 11:26:26:  4000000 
INFO  @ Sat, 02 Jan 2021 11:26:33:  5000000 
INFO  @ Sat, 02 Jan 2021 11:26:41:  6000000 
INFO  @ Sat, 02 Jan 2021 11:26:48:  7000000 
INFO  @ Sat, 02 Jan 2021 11:26:55:  8000000 
INFO  @ Sat, 02 Jan 2021 11:27:03:  9000000 
INFO  @ Sat, 02 Jan 2021 11:27:10:  10000000 
INFO  @ Sat, 02 Jan 2021 11:27:18:  11000000 
INFO  @ Sat, 02 Jan 2021 11:27:26:  12000000 
INFO  @ Sat, 02 Jan 2021 11:27:34:  13000000 
INFO  @ Sat, 02 Jan 2021 11:27:41:  14000000 
INFO  @ Sat, 02 Jan 2021 11:27:48:  15000000 
INFO  @ Sat, 02 Jan 2021 11:27:56:  16000000 
INFO  @ Sat, 02 Jan 2021 11:28:03:  17000000 
INFO  @ Sat, 02 Jan 2021 11:28:11:  18000000 
INFO  @ Sat, 02 Jan 2021 11:28:18:  19000000 
INFO  @ Sat, 02 Jan 2021 11:28:25:  20000000 
INFO  @ Sat, 02 Jan 2021 11:28:33:  21000000 
INFO  @ Sat, 02 Jan 2021 11:28:41:  22000000 
INFO  @ Sat, 02 Jan 2021 11:28:48:  23000000 
INFO  @ Sat, 02 Jan 2021 11:28:56:  24000000 
INFO  @ Sat, 02 Jan 2021 11:28:58: Detected format is: BAM 
INFO  @ Sat, 02 Jan 2021 11:28:58: * Input file is gzipped. 
INFO  @ Sat, 02 Jan 2021 11:29:05:  1000000 
INFO  @ Sat, 02 Jan 2021 11:29:12:  2000000 
INFO  @ Sat, 02 Jan 2021 11:29:18:  3000000 
INFO  @ Sat, 02 Jan 2021 11:29:25:  4000000 
INFO  @ Sat, 02 Jan 2021 11:29:32:  5000000 
INFO  @ Sat, 02 Jan 2021 11:29:38:  6000000 
INFO  @ Sat, 02 Jan 2021 11:29:45:  7000000 
INFO  @ Sat, 02 Jan 2021 11:29:51:  8000000 
INFO  @ Sat, 02 Jan 2021 11:29:58:  9000000 
INFO  @ Sat, 02 Jan 2021 11:30:05:  10000000 
INFO  @ Sat, 02 Jan 2021 11:30:12:  11000000 
INFO  @ Sat, 02 Jan 2021 11:30:18:  12000000 
INFO  @ Sat, 02 Jan 2021 11:30:25:  13000000 
INFO  @ Sat, 02 Jan 2021 11:30:32:  14000000 
INFO  @ Sat, 02 Jan 2021 11:30:39:  15000000 
INFO  @ Sat, 02 Jan 2021 11:30:47:  16000000 
INFO  @ Sat, 02 Jan 2021 11:30:54:  17000000 
INFO  @ Sat, 02 Jan 2021 11:31:00:  18000000 
INFO  @ Sat, 02 Jan 2021 11:31:08:  19000000 
INFO  @ Sat, 02 Jan 2021 11:31:14:  20000000 
INFO  @ Sat, 02 Jan 2021 11:31:21:  21000000 
INFO  @ Sat, 02 Jan 2021 11:31:28:  22000000 
INFO  @ Sat, 02 Jan 2021 11:31:35:  23000000 
INFO  @ Sat, 02 Jan 2021 11:31:42:  24000000 
INFO  @ Sat, 02 Jan 2021 11:31:49:  25000000 
INFO  @ Sat, 02 Jan 2021 11:31:55:  26000000 
INFO  @ Sat, 02 Jan 2021 11:32:02:  27000000 
INFO  @ Sat, 02 Jan 2021 11:32:09:  28000000 
INFO  @ Sat, 02 Jan 2021 11:32:16:  29000000 
INFO  @ Sat, 02 Jan 2021 11:32:22:  30000000 
INFO  @ Sat, 02 Jan 2021 11:32:29:  31000000 
INFO  @ Sat, 02 Jan 2021 11:32:36:  32000000 
INFO  @ Sat, 02 Jan 2021 11:32:42:  33000000 
INFO  @ Sat, 02 Jan 2021 11:32:49:  34000000 
INFO  @ Sat, 02 Jan 2021 11:32:56:  35000000 
INFO  @ Sat, 02 Jan 2021 11:33:02:  36000000 
INFO  @ Sat, 02 Jan 2021 11:33:09:  37000000 
INFO  @ Sat, 02 Jan 2021 11:33:15:  38000000 
INFO  @ Sat, 02 Jan 2021 11:33:22:  39000000 
INFO  @ Sat, 02 Jan 2021 11:33:29:  40000000 
INFO  @ Sat, 02 Jan 2021 11:33:36:  41000000 
INFO  @ Sat, 02 Jan 2021 11:33:43:  42000000 
INFO  @ Sat, 02 Jan 2021 11:33:49:  43000000 
INFO  @ Sat, 02 Jan 2021 11:33:52: Detected format is: BAM 
INFO  @ Sat, 02 Jan 2021 11:33:52: * Input file is gzipped. 
INFO  @ Sat, 02 Jan 2021 11:33:59:  1000000 
INFO  @ Sat, 02 Jan 2021 11:34:05:  2000000 
INFO  @ Sat, 02 Jan 2021 11:34:12:  3000000 
INFO  @ Sat, 02 Jan 2021 11:34:18:  4000000 
INFO  @ Sat, 02 Jan 2021 11:34:25:  5000000 
INFO  @ Sat, 02 Jan 2021 11:34:31:  6000000 
INFO  @ Sat, 02 Jan 2021 11:34:38:  7000000 
INFO  @ Sat, 02 Jan 2021 11:34:45:  8000000 
INFO  @ Sat, 02 Jan 2021 11:34:51:  9000000 
INFO  @ Sat, 02 Jan 2021 11:34:58:  10000000 
INFO  @ Sat, 02 Jan 2021 11:35:05:  11000000 
INFO  @ Sat, 02 Jan 2021 11:35:11:  12000000 
INFO  @ Sat, 02 Jan 2021 11:35:17:  13000000 
INFO  @ Sat, 02 Jan 2021 11:35:24:  14000000 
INFO  @ Sat, 02 Jan 2021 11:35:30:  15000000 
INFO  @ Sat, 02 Jan 2021 11:35:37:  16000000 
INFO  @ Sat, 02 Jan 2021 11:35:43:  17000000 
INFO  @ Sat, 02 Jan 2021 11:35:50:  18000000 
INFO  @ Sat, 02 Jan 2021 11:35:56:  19000000 
INFO  @ Sat, 02 Jan 2021 11:36:03:  20000000 
INFO  @ Sat, 02 Jan 2021 11:36:10:  21000000 
INFO  @ Sat, 02 Jan 2021 11:36:16:  22000000 
INFO  @ Sat, 02 Jan 2021 11:36:23:  23000000 
INFO  @ Sat, 02 Jan 2021 11:36:29:  24000000 
INFO  @ Sat, 02 Jan 2021 11:36:36:  25000000 
INFO  @ Sat, 02 Jan 2021 11:36:42:  26000000 
INFO  @ Sat, 02 Jan 2021 11:36:49:  27000000 
INFO  @ Sat, 02 Jan 2021 11:36:56:  28000000 
INFO  @ Sat, 02 Jan 2021 11:37:02:  29000000 
INFO  @ Sat, 02 Jan 2021 11:37:09:  30000000 
INFO  @ Sat, 02 Jan 2021 11:37:16:  31000000 
INFO  @ Sat, 02 Jan 2021 11:37:22:  32000000 
INFO  @ Sat, 02 Jan 2021 11:37:29:  33000000 
INFO  @ Sat, 02 Jan 2021 11:37:36:  34000000 
INFO  @ Sat, 02 Jan 2021 11:37:43:  35000000 
INFO  @ Sat, 02 Jan 2021 11:37:49:  36000000 
INFO  @ Sat, 02 Jan 2021 11:37:56:  37000000 
INFO  @ Sat, 02 Jan 2021 11:38:03:  38000000 
INFO  @ Sat, 02 Jan 2021 11:38:09:  39000000 
INFO  @ Sat, 02 Jan 2021 11:38:16:  40000000 
INFO  @ Sat, 02 Jan 2021 11:38:21:  41000000 
INFO  @ Sat, 02 Jan 2021 11:38:26: #1 tag size is determined as 49 bps 
INFO  @ Sat, 02 Jan 2021 11:38:26: #1 tag size = 49 
INFO  @ Sat, 02 Jan 2021 11:38:26: #1  total tags in treatment: 38850090 
INFO  @ Sat, 02 Jan 2021 11:38:26: #1 user defined the maximum tags... 
INFO  @ Sat, 02 Jan 2021 11:38:26: #1 filter out redundant tags at the same location and the same strand by allowing at most 1 tag(s) 
INFO  @ Sat, 02 Jan 2021 11:38:27: #1  tags after filtering in treatment: 38671863 
INFO  @ Sat, 02 Jan 2021 11:38:27: #1  Redundant rate of treatment: 0.00 
INFO  @ Sat, 02 Jan 2021 11:38:27: #1  total tags in control: 107707849 
INFO  @ Sat, 02 Jan 2021 11:38:27: #1 user defined the maximum tags... 
INFO  @ Sat, 02 Jan 2021 11:38:27: #1 filter out redundant tags at the same location and the same strand by allowing at most 1 tag(s) 
INFO  @ Sat, 02 Jan 2021 11:38:30: #1  tags after filtering in control: 106501475 
INFO  @ Sat, 02 Jan 2021 11:38:30: #1  Redundant rate of control: 0.01 
INFO  @ Sat, 02 Jan 2021 11:38:30: #1 finished! 
INFO  @ Sat, 02 Jan 2021 11:38:30: #2 Build Peak Model... 
INFO  @ Sat, 02 Jan 2021 11:38:30: #2 Skipped... 
INFO  @ Sat, 02 Jan 2021 11:38:30: #2 Use 147 as fragment length 
INFO  @ Sat, 02 Jan 2021 11:38:30: #3 Call peaks... 
INFO  @ Sat, 02 Jan 2021 11:38:30: #3 Going to call summits inside each peak ... 
INFO  @ Sat, 02 Jan 2021 11:38:30: #3 Pre-compute pvalue-qvalue table... 
INFO  @ Sat, 02 Jan 2021 11:50:46: #3 In the peak calling step, the following will be performed simultaneously: 
INFO  @ Sat, 02 Jan 2021 11:50:46: #3   Write bedGraph files for treatment pileup (after scaling if necessary)... 2014_NAT_IMMUNOL_Kurachi___H3K27me3-invitro-d3-CD8_treat_pileup.bdg 
INFO  @ Sat, 02 Jan 2021 11:50:46: #3   Write bedGraph files for control lambda (after scaling if necessary)... 2014_NAT_IMMUNOL_Kurachi___H3K27me3-invitro-d3-CD8_control_lambda.bdg 
INFO  @ Sat, 02 Jan 2021 11:50:46: #3   --SPMR is requested, so pileup will be normalized by sequencing depth in million reads. 
INFO  @ Sat, 02 Jan 2021 11:50:46: #3 Call peaks for each chromosome... 
INFO  @ Sat, 02 Jan 2021 12:05:05: #4 Write output xls file... /gpfs/group/pipkin/hdiao/T_Cell_ChIP/2_MACS2/2014_NAT_IMMUNOL_Kurachi___H3K27me3-invitro-d3-CD8_peaks.xls 
INFO  @ Sat, 02 Jan 2021 12:05:06: #4 Write peak in narrowPeak format file... /gpfs/group/pipkin/hdiao/T_Cell_ChIP/2_MACS2/2014_NAT_IMMUNOL_Kurachi___H3K27me3-invitro-d3-CD8_peaks.narrowPeak 
INFO  @ Sat, 02 Jan 2021 12:05:06: #4 Write summits bed file... /gpfs/group/pipkin/hdiao/T_Cell_ChIP/2_MACS2/2014_NAT_IMMUNOL_Kurachi___H3K27me3-invitro-d3-CD8_summits.bed 
INFO  @ Sat, 02 Jan 2021 12:05:07: Done! 
INFO  @ Sat, 02 Jan 2021 12:05:07: 
# Command line: callpeak -t SRR1124808_srt_dupr_flb.bam SRR1124809_srt_dupr_flb.bam -c SRR1124815_srt_dupr_flb.bam SRR1124816_srt_dupr_flb.bam SRR1124817_srt_dupr_flb.bam -g mm --nomodel --extsize 147 --broad -n 2014_NAT_IMMUNOL_Kurachi___H3K27me3-invitro-d3-CD8 --outdir /gpfs/group/pipkin/hdiao/T_Cell_ChIP/2_MACS2_broad
# ARGUMENTS LIST:
# name = 2014_NAT_IMMUNOL_Kurachi___H3K27me3-invitro-d3-CD8
# format = AUTO
# ChIP-seq file = ['SRR1124808_srt_dupr_flb.bam', 'SRR1124809_srt_dupr_flb.bam']
# control file = ['SRR1124815_srt_dupr_flb.bam', 'SRR1124816_srt_dupr_flb.bam', 'SRR1124817_srt_dupr_flb.bam']
# effective genome size = 1.87e+09
# band width = 300
# model fold = [5, 50]
# qvalue cutoff for narrow/strong regions = 5.00e-02
# qvalue cutoff for broad/weak regions = 1.00e-01
# Larger dataset will be scaled towards smaller dataset.
# Range for calculating regional lambda is: 1000 bps and 10000 bps
# Broad region calling is on
 
INFO  @ Sat, 02 Jan 2021 12:05:07: #1 read tag files... 
INFO  @ Sat, 02 Jan 2021 12:05:07: #1 read treatment tags... 
INFO  @ Sat, 02 Jan 2021 12:05:07: Detected format is: BAM 
INFO  @ Sat, 02 Jan 2021 12:05:07: * Input file is gzipped. 
INFO  @ Sat, 02 Jan 2021 12:05:14:  1000000 
INFO  @ Sat, 02 Jan 2021 12:05:20:  2000000 
INFO  @ Sat, 02 Jan 2021 12:05:26:  3000000 
INFO  @ Sat, 02 Jan 2021 12:05:32:  4000000 
INFO  @ Sat, 02 Jan 2021 12:05:39:  5000000 
INFO  @ Sat, 02 Jan 2021 12:05:45:  6000000 
INFO  @ Sat, 02 Jan 2021 12:05:51:  7000000 
INFO  @ Sat, 02 Jan 2021 12:05:57:  8000000 
INFO  @ Sat, 02 Jan 2021 12:06:04:  9000000 
INFO  @ Sat, 02 Jan 2021 12:06:10:  10000000 
INFO  @ Sat, 02 Jan 2021 12:06:16:  11000000 
INFO  @ Sat, 02 Jan 2021 12:06:23:  12000000 
INFO  @ Sat, 02 Jan 2021 12:06:29:  13000000 
INFO  @ Sat, 02 Jan 2021 12:06:35:  14000000 
INFO  @ Sat, 02 Jan 2021 12:06:39:  15000000 
INFO  @ Sat, 02 Jan 2021 12:06:43:  16000000 
INFO  @ Sat, 02 Jan 2021 12:06:46: Detected format is: BAM 
INFO  @ Sat, 02 Jan 2021 12:06:46: * Input file is gzipped. 
INFO  @ Sat, 02 Jan 2021 12:06:53:  1000000 
INFO  @ Sat, 02 Jan 2021 12:06:59:  2000000 
INFO  @ Sat, 02 Jan 2021 12:07:05:  3000000 
INFO  @ Sat, 02 Jan 2021 12:07:12:  4000000 
INFO  @ Sat, 02 Jan 2021 12:07:18:  5000000 
INFO  @ Sat, 02 Jan 2021 12:07:25:  6000000 
INFO  @ Sat, 02 Jan 2021 12:07:31:  7000000 
INFO  @ Sat, 02 Jan 2021 12:07:37:  8000000 
INFO  @ Sat, 02 Jan 2021 12:07:44:  9000000 
INFO  @ Sat, 02 Jan 2021 12:07:50:  10000000 
INFO  @ Sat, 02 Jan 2021 12:07:56:  11000000 
INFO  @ Sat, 02 Jan 2021 12:08:02:  12000000 
INFO  @ Sat, 02 Jan 2021 12:08:09:  13000000 
INFO  @ Sat, 02 Jan 2021 12:08:15:  14000000 
INFO  @ Sat, 02 Jan 2021 12:08:22:  15000000 
INFO  @ Sat, 02 Jan 2021 12:08:28:  16000000 
INFO  @ Sat, 02 Jan 2021 12:08:35:  17000000 
INFO  @ Sat, 02 Jan 2021 12:08:41:  18000000 
INFO  @ Sat, 02 Jan 2021 12:08:47:  19000000 
INFO  @ Sat, 02 Jan 2021 12:08:54:  20000000 
INFO  @ Sat, 02 Jan 2021 12:09:00:  21000000 
INFO  @ Sat, 02 Jan 2021 12:09:07:  22000000 
INFO  @ Sat, 02 Jan 2021 12:09:13:  23000000 
INFO  @ Sat, 02 Jan 2021 12:09:20:  24000000 
INFO  @ Sat, 02 Jan 2021 12:09:26:  25000000 
INFO  @ Sat, 02 Jan 2021 12:09:28: #1.2 read input tags... 
INFO  @ Sat, 02 Jan 2021 12:09:28: Detected format is: BAM 
INFO  @ Sat, 02 Jan 2021 12:09:28: * Input file is gzipped. 
INFO  @ Sat, 02 Jan 2021 12:09:34:  1000000 
INFO  @ Sat, 02 Jan 2021 12:09:41:  2000000 
INFO  @ Sat, 02 Jan 2021 12:09:47:  3000000 
INFO  @ Sat, 02 Jan 2021 12:09:54:  4000000 
INFO  @ Sat, 02 Jan 2021 12:10:00:  5000000 
INFO  @ Sat, 02 Jan 2021 12:10:07:  6000000 
INFO  @ Sat, 02 Jan 2021 12:10:13:  7000000 
INFO  @ Sat, 02 Jan 2021 12:10:20:  8000000 
INFO  @ Sat, 02 Jan 2021 12:10:26:  9000000 
INFO  @ Sat, 02 Jan 2021 12:10:33:  10000000 
INFO  @ Sat, 02 Jan 2021 12:10:40:  11000000 
INFO  @ Sat, 02 Jan 2021 12:10:46:  12000000 
INFO  @ Sat, 02 Jan 2021 12:10:53:  13000000 
INFO  @ Sat, 02 Jan 2021 12:10:59:  14000000 
INFO  @ Sat, 02 Jan 2021 12:11:06:  15000000 
INFO  @ Sat, 02 Jan 2021 12:11:13:  16000000 
INFO  @ Sat, 02 Jan 2021 12:11:20:  17000000 
INFO  @ Sat, 02 Jan 2021 12:11:26:  18000000 
INFO  @ Sat, 02 Jan 2021 12:11:33:  19000000 
INFO  @ Sat, 02 Jan 2021 12:11:39:  20000000 
INFO  @ Sat, 02 Jan 2021 12:11:46:  21000000 
INFO  @ Sat, 02 Jan 2021 12:11:53:  22000000 
INFO  @ Sat, 02 Jan 2021 12:11:59:  23000000 
INFO  @ Sat, 02 Jan 2021 12:12:06:  24000000 
INFO  @ Sat, 02 Jan 2021 12:12:08: Detected format is: BAM 
INFO  @ Sat, 02 Jan 2021 12:12:08: * Input file is gzipped. 
INFO  @ Sat, 02 Jan 2021 12:12:14:  1000000 
INFO  @ Sat, 02 Jan 2021 12:12:20:  2000000 
INFO  @ Sat, 02 Jan 2021 12:12:27:  3000000 
INFO  @ Sat, 02 Jan 2021 12:12:33:  4000000 
INFO  @ Sat, 02 Jan 2021 12:12:39:  5000000 
INFO  @ Sat, 02 Jan 2021 12:12:46:  6000000 
INFO  @ Sat, 02 Jan 2021 12:12:52:  7000000 
INFO  @ Sat, 02 Jan 2021 12:12:58:  8000000 
INFO  @ Sat, 02 Jan 2021 12:13:04:  9000000 
INFO  @ Sat, 02 Jan 2021 12:13:11:  10000000 
INFO  @ Sat, 02 Jan 2021 12:13:17:  11000000 
INFO  @ Sat, 02 Jan 2021 12:13:23:  12000000 
INFO  @ Sat, 02 Jan 2021 12:13:30:  13000000 
INFO  @ Sat, 02 Jan 2021 12:13:36:  14000000 
INFO  @ Sat, 02 Jan 2021 12:13:43:  15000000 
INFO  @ Sat, 02 Jan 2021 12:13:49:  16000000 
INFO  @ Sat, 02 Jan 2021 12:13:55:  17000000 
INFO  @ Sat, 02 Jan 2021 12:14:02:  18000000 
INFO  @ Sat, 02 Jan 2021 12:14:08:  19000000 
INFO  @ Sat, 02 Jan 2021 12:14:15:  20000000 
INFO  @ Sat, 02 Jan 2021 12:14:21:  21000000 
INFO  @ Sat, 02 Jan 2021 12:14:27:  22000000 
INFO  @ Sat, 02 Jan 2021 12:14:34:  23000000 
INFO  @ Sat, 02 Jan 2021 12:14:40:  24000000 
INFO  @ Sat, 02 Jan 2021 12:14:46:  25000000 
INFO  @ Sat, 02 Jan 2021 12:14:53:  26000000 
INFO  @ Sat, 02 Jan 2021 12:14:59:  27000000 
INFO  @ Sat, 02 Jan 2021 12:15:06:  28000000 
INFO  @ Sat, 02 Jan 2021 12:15:12:  29000000 
INFO  @ Sat, 02 Jan 2021 12:15:19:  30000000 
INFO  @ Sat, 02 Jan 2021 12:15:25:  31000000 
INFO  @ Sat, 02 Jan 2021 12:15:32:  32000000 
INFO  @ Sat, 02 Jan 2021 12:15:38:  33000000 
INFO  @ Sat, 02 Jan 2021 12:15:45:  34000000 
INFO  @ Sat, 02 Jan 2021 12:15:51:  35000000 
INFO  @ Sat, 02 Jan 2021 12:15:58:  36000000 
INFO  @ Sat, 02 Jan 2021 12:16:04:  37000000 
INFO  @ Sat, 02 Jan 2021 12:16:11:  38000000 
INFO  @ Sat, 02 Jan 2021 12:16:17:  39000000 
INFO  @ Sat, 02 Jan 2021 12:16:23:  40000000 
INFO  @ Sat, 02 Jan 2021 12:16:30:  41000000 
INFO  @ Sat, 02 Jan 2021 12:16:36:  42000000 
INFO  @ Sat, 02 Jan 2021 12:16:43:  43000000 
INFO  @ Sat, 02 Jan 2021 12:16:46: Detected format is: BAM 
INFO  @ Sat, 02 Jan 2021 12:16:46: * Input file is gzipped. 
INFO  @ Sat, 02 Jan 2021 12:16:52:  1000000 
INFO  @ Sat, 02 Jan 2021 12:16:59:  2000000 
INFO  @ Sat, 02 Jan 2021 12:17:05:  3000000 
INFO  @ Sat, 02 Jan 2021 12:17:11:  4000000 
INFO  @ Sat, 02 Jan 2021 12:17:18:  5000000 
INFO  @ Sat, 02 Jan 2021 12:17:24:  6000000 
INFO  @ Sat, 02 Jan 2021 12:17:30:  7000000 
INFO  @ Sat, 02 Jan 2021 12:17:36:  8000000 
INFO  @ Sat, 02 Jan 2021 12:17:43:  9000000 
INFO  @ Sat, 02 Jan 2021 12:17:49:  10000000 
INFO  @ Sat, 02 Jan 2021 12:17:56:  11000000 
INFO  @ Sat, 02 Jan 2021 12:18:02:  12000000 
INFO  @ Sat, 02 Jan 2021 12:18:08:  13000000 
INFO  @ Sat, 02 Jan 2021 12:18:15:  14000000 
INFO  @ Sat, 02 Jan 2021 12:18:21:  15000000 
INFO  @ Sat, 02 Jan 2021 12:18:28:  16000000 
INFO  @ Sat, 02 Jan 2021 12:18:34:  17000000 
INFO  @ Sat, 02 Jan 2021 12:18:40:  18000000 
INFO  @ Sat, 02 Jan 2021 12:18:47:  19000000 
INFO  @ Sat, 02 Jan 2021 12:18:53:  20000000 
INFO  @ Sat, 02 Jan 2021 12:19:00:  21000000 
INFO  @ Sat, 02 Jan 2021 12:19:06:  22000000 
INFO  @ Sat, 02 Jan 2021 12:19:12:  23000000 
INFO  @ Sat, 02 Jan 2021 12:19:19:  24000000 
INFO  @ Sat, 02 Jan 2021 12:19:25:  25000000 
INFO  @ Sat, 02 Jan 2021 12:19:32:  26000000 
INFO  @ Sat, 02 Jan 2021 12:19:38:  27000000 
INFO  @ Sat, 02 Jan 2021 12:19:45:  28000000 
INFO  @ Sat, 02 Jan 2021 12:19:51:  29000000 
INFO  @ Sat, 02 Jan 2021 12:19:58:  30000000 
INFO  @ Sat, 02 Jan 2021 12:20:04:  31000000 
INFO  @ Sat, 02 Jan 2021 12:20:11:  32000000 
INFO  @ Sat, 02 Jan 2021 12:20:18:  33000000 
INFO  @ Sat, 02 Jan 2021 12:20:24:  34000000 
INFO  @ Sat, 02 Jan 2021 12:20:31:  35000000 
INFO  @ Sat, 02 Jan 2021 12:20:37:  36000000 
INFO  @ Sat, 02 Jan 2021 12:20:44:  37000000 
INFO  @ Sat, 02 Jan 2021 12:20:50:  38000000 
INFO  @ Sat, 02 Jan 2021 12:20:57:  39000000 
INFO  @ Sat, 02 Jan 2021 12:21:03:  40000000 
INFO  @ Sat, 02 Jan 2021 12:21:08:  41000000 
INFO  @ Sat, 02 Jan 2021 12:21:13: #1 tag size is determined as 49 bps 
INFO  @ Sat, 02 Jan 2021 12:21:13: #1 tag size = 49 
INFO  @ Sat, 02 Jan 2021 12:21:13: #1  total tags in treatment: 38850090 
INFO  @ Sat, 02 Jan 2021 12:21:13: #1 user defined the maximum tags... 
INFO  @ Sat, 02 Jan 2021 12:21:13: #1 filter out redundant tags at the same location and the same strand by allowing at most 1 tag(s) 
INFO  @ Sat, 02 Jan 2021 12:21:14: #1  tags after filtering in treatment: 38671863 
INFO  @ Sat, 02 Jan 2021 12:21:14: #1  Redundant rate of treatment: 0.00 
INFO  @ Sat, 02 Jan 2021 12:21:14: #1  total tags in control: 107707849 
INFO  @ Sat, 02 Jan 2021 12:21:14: #1 user defined the maximum tags... 
INFO  @ Sat, 02 Jan 2021 12:21:14: #1 filter out redundant tags at the same location and the same strand by allowing at most 1 tag(s) 
INFO  @ Sat, 02 Jan 2021 12:21:17: #1  tags after filtering in control: 106501475 
INFO  @ Sat, 02 Jan 2021 12:21:17: #1  Redundant rate of control: 0.01 
INFO  @ Sat, 02 Jan 2021 12:21:17: #1 finished! 
INFO  @ Sat, 02 Jan 2021 12:21:17: #2 Build Peak Model... 
INFO  @ Sat, 02 Jan 2021 12:21:17: #2 Skipped... 
INFO  @ Sat, 02 Jan 2021 12:21:17: #2 Use 147 as fragment length 
INFO  @ Sat, 02 Jan 2021 12:21:17: #3 Call peaks... 
INFO  @ Sat, 02 Jan 2021 12:21:17: #3 Call broad peaks with given level1 -log10qvalue cutoff and level2: 1.301030, 1.000000... 
INFO  @ Sat, 02 Jan 2021 12:21:17: #3 Pre-compute pvalue-qvalue table... 
INFO  @ Sat, 02 Jan 2021 12:32:19: #3 Call peaks for each chromosome... 
INFO  @ Sat, 02 Jan 2021 12:36:44: #4 Write output xls file... /gpfs/group/pipkin/hdiao/T_Cell_ChIP/2_MACS2_broad/2014_NAT_IMMUNOL_Kurachi___H3K27me3-invitro-d3-CD8_peaks.xls 
INFO  @ Sat, 02 Jan 2021 12:36:45: #4 Write broad peak in broadPeak format file... /gpfs/group/pipkin/hdiao/T_Cell_ChIP/2_MACS2_broad/2014_NAT_IMMUNOL_Kurachi___H3K27me3-invitro-d3-CD8_peaks.broadPeak 
INFO  @ Sat, 02 Jan 2021 12:36:45: #4 Write broad peak in bed12/gappedPeak format file... /gpfs/group/pipkin/hdiao/T_Cell_ChIP/2_MACS2_broad/2014_NAT_IMMUNOL_Kurachi___H3K27me3-invitro-d3-CD8_peaks.gappedPeak 
INFO  @ Sat, 02 Jan 2021 12:36:45: Done! 
