INFO  @ Sat, 02 Jan 2021 11:20:46: 
# Command line: callpeak -t SRR3233934_srt_dupr_flb.bam -g mm -B --SPMR --nomodel --extsize 147 --call-summits -n 2016_SCIENCE_Mackay___Hobit_invitro-CD8 --outdir /gpfs/group/pipkin/hdiao/T_Cell_ChIP/2_MACS2
# ARGUMENTS LIST:
# name = 2016_SCIENCE_Mackay___Hobit_invitro-CD8
# format = AUTO
# ChIP-seq file = ['SRR3233934_srt_dupr_flb.bam']
# control file = None
# effective genome size = 1.87e+09
# band width = 300
# model fold = [5, 50]
# qvalue cutoff = 5.00e-02
# Larger dataset will be scaled towards smaller dataset.
# Range for calculating regional lambda is: 10000 bps
# Broad region calling is off
# Searching for subpeak summits is on
# MACS will save fragment pileup signal per million reads
 
INFO  @ Sat, 02 Jan 2021 11:20:46: #1 read tag files... 
INFO  @ Sat, 02 Jan 2021 11:20:46: #1 read treatment tags... 
INFO  @ Sat, 02 Jan 2021 11:20:46: Detected format is: BAM 
INFO  @ Sat, 02 Jan 2021 11:20:46: * Input file is gzipped. 
INFO  @ Sat, 02 Jan 2021 11:20:54:  1000000 
INFO  @ Sat, 02 Jan 2021 11:21:01:  2000000 
INFO  @ Sat, 02 Jan 2021 11:21:08:  3000000 
INFO  @ Sat, 02 Jan 2021 11:21:14:  4000000 
INFO  @ Sat, 02 Jan 2021 11:21:21:  5000000 
INFO  @ Sat, 02 Jan 2021 11:21:28:  6000000 
INFO  @ Sat, 02 Jan 2021 11:21:33:  7000000 
INFO  @ Sat, 02 Jan 2021 11:21:38:  8000000 
INFO  @ Sat, 02 Jan 2021 11:21:42:  9000000 
INFO  @ Sat, 02 Jan 2021 11:21:46:  10000000 
INFO  @ Sat, 02 Jan 2021 11:21:51:  11000000 
INFO  @ Sat, 02 Jan 2021 11:21:55:  12000000 
INFO  @ Sat, 02 Jan 2021 11:21:59:  13000000 
INFO  @ Sat, 02 Jan 2021 11:22:04:  14000000 
INFO  @ Sat, 02 Jan 2021 11:22:08:  15000000 
INFO  @ Sat, 02 Jan 2021 11:22:12:  16000000 
INFO  @ Sat, 02 Jan 2021 11:22:17:  17000000 
INFO  @ Sat, 02 Jan 2021 11:22:21:  18000000 
INFO  @ Sat, 02 Jan 2021 11:22:26:  19000000 
INFO  @ Sat, 02 Jan 2021 11:22:30:  20000000 
INFO  @ Sat, 02 Jan 2021 11:22:34:  21000000 
INFO  @ Sat, 02 Jan 2021 11:22:38:  22000000 
INFO  @ Sat, 02 Jan 2021 11:22:40: #1 tag size is determined as 50 bps 
INFO  @ Sat, 02 Jan 2021 11:22:40: #1 tag size = 50 
INFO  @ Sat, 02 Jan 2021 11:22:40: #1  total tags in treatment: 6186879 
INFO  @ Sat, 02 Jan 2021 11:22:40: #1 user defined the maximum tags... 
INFO  @ Sat, 02 Jan 2021 11:22:40: #1 filter out redundant tags at the same location and the same strand by allowing at most 1 tag(s) 
INFO  @ Sat, 02 Jan 2021 11:22:40: #1  tags after filtering in treatment: 6186879 
INFO  @ Sat, 02 Jan 2021 11:22:40: #1  Redundant rate of treatment: 0.00 
INFO  @ Sat, 02 Jan 2021 11:22:40: #1 finished! 
INFO  @ Sat, 02 Jan 2021 11:22:40: #2 Build Peak Model... 
INFO  @ Sat, 02 Jan 2021 11:22:40: #2 Skipped... 
INFO  @ Sat, 02 Jan 2021 11:22:40: #2 Use 147 as fragment length 
INFO  @ Sat, 02 Jan 2021 11:22:40: #3 Call peaks... 
INFO  @ Sat, 02 Jan 2021 11:22:40: #3 Going to call summits inside each peak ... 
INFO  @ Sat, 02 Jan 2021 11:22:40: #3 Pre-compute pvalue-qvalue table... 
INFO  @ Sat, 02 Jan 2021 11:22:58: #3 In the peak calling step, the following will be performed simultaneously: 
INFO  @ Sat, 02 Jan 2021 11:22:58: #3   Write bedGraph files for treatment pileup (after scaling if necessary)... 2016_SCIENCE_Mackay___Hobit_invitro-CD8_treat_pileup.bdg 
INFO  @ Sat, 02 Jan 2021 11:22:58: #3   Write bedGraph files for control lambda (after scaling if necessary)... 2016_SCIENCE_Mackay___Hobit_invitro-CD8_control_lambda.bdg 
INFO  @ Sat, 02 Jan 2021 11:22:58: #3   --SPMR is requested, so pileup will be normalized by sequencing depth in million reads. 
INFO  @ Sat, 02 Jan 2021 11:22:58: #3 Call peaks for each chromosome... 
INFO  @ Sat, 02 Jan 2021 11:23:51: #4 Write output xls file... /gpfs/group/pipkin/hdiao/T_Cell_ChIP/2_MACS2/2016_SCIENCE_Mackay___Hobit_invitro-CD8_peaks.xls 
INFO  @ Sat, 02 Jan 2021 11:23:51: #4 Write peak in narrowPeak format file... /gpfs/group/pipkin/hdiao/T_Cell_ChIP/2_MACS2/2016_SCIENCE_Mackay___Hobit_invitro-CD8_peaks.narrowPeak 
INFO  @ Sat, 02 Jan 2021 11:23:51: #4 Write summits bed file... /gpfs/group/pipkin/hdiao/T_Cell_ChIP/2_MACS2/2016_SCIENCE_Mackay___Hobit_invitro-CD8_summits.bed 
INFO  @ Sat, 02 Jan 2021 11:23:51: Done! 
