INFO  @ Sat, 02 Jan 2021 11:20:47: 
# Command line: callpeak -t SRR4437347_srt_dupr_flb.bam SRR4437348_srt_dupr_flb.bam -c SRR4437355_srt_dupr_flb.bam SRR4437356_srt_dupr_flb.bam -g mm -B --SPMR --nomodel --extsize 147 --call-summits -n 2017_NAT_IMMUNOL_Yu___H3K27ac_P14-CD8-TE --outdir /gpfs/group/pipkin/hdiao/T_Cell_ChIP/2_MACS2
# ARGUMENTS LIST:
# name = 2017_NAT_IMMUNOL_Yu___H3K27ac_P14-CD8-TE
# format = AUTO
# ChIP-seq file = ['SRR4437347_srt_dupr_flb.bam', 'SRR4437348_srt_dupr_flb.bam']
# control file = ['SRR4437355_srt_dupr_flb.bam', 'SRR4437356_srt_dupr_flb.bam']
# effective genome size = 1.87e+09
# band width = 300
# model fold = [5, 50]
# qvalue cutoff = 5.00e-02
# Larger dataset will be scaled towards smaller dataset.
# Range for calculating regional lambda is: 1000 bps and 10000 bps
# Broad region calling is off
# Searching for subpeak summits is on
# MACS will save fragment pileup signal per million reads
 
INFO  @ Sat, 02 Jan 2021 11:20:47: #1 read tag files... 
INFO  @ Sat, 02 Jan 2021 11:20:47: #1 read treatment tags... 
INFO  @ Sat, 02 Jan 2021 11:20:47: Detected format is: BAM 
INFO  @ Sat, 02 Jan 2021 11:20:47: * Input file is gzipped. 
INFO  @ Sat, 02 Jan 2021 11:20:57:  1000000 
INFO  @ Sat, 02 Jan 2021 11:21:07:  2000000 
INFO  @ Sat, 02 Jan 2021 11:21:17:  3000000 
INFO  @ Sat, 02 Jan 2021 11:21:26:  4000000 
INFO  @ Sat, 02 Jan 2021 11:21:37:  5000000 
INFO  @ Sat, 02 Jan 2021 11:21:46:  6000000 
INFO  @ Sat, 02 Jan 2021 11:21:56:  7000000 
INFO  @ Sat, 02 Jan 2021 11:22:06:  8000000 
INFO  @ Sat, 02 Jan 2021 11:22:15:  9000000 
INFO  @ Sat, 02 Jan 2021 11:22:25:  10000000 
INFO  @ Sat, 02 Jan 2021 11:22:34:  11000000 
INFO  @ Sat, 02 Jan 2021 11:22:43:  12000000 
INFO  @ Sat, 02 Jan 2021 11:22:52:  13000000 
INFO  @ Sat, 02 Jan 2021 11:23:01:  14000000 
INFO  @ Sat, 02 Jan 2021 11:23:05: Detected format is: BAM 
INFO  @ Sat, 02 Jan 2021 11:23:05: * Input file is gzipped. 
INFO  @ Sat, 02 Jan 2021 11:23:13:  1000000 
INFO  @ Sat, 02 Jan 2021 11:23:21:  2000000 
INFO  @ Sat, 02 Jan 2021 11:23:29:  3000000 
INFO  @ Sat, 02 Jan 2021 11:23:37:  4000000 
INFO  @ Sat, 02 Jan 2021 11:23:46:  5000000 
INFO  @ Sat, 02 Jan 2021 11:23:54:  6000000 
INFO  @ Sat, 02 Jan 2021 11:24:02:  7000000 
INFO  @ Sat, 02 Jan 2021 11:24:11:  8000000 
INFO  @ Sat, 02 Jan 2021 11:24:19:  9000000 
INFO  @ Sat, 02 Jan 2021 11:24:27:  10000000 
INFO  @ Sat, 02 Jan 2021 11:24:36:  11000000 
INFO  @ Sat, 02 Jan 2021 11:24:44:  12000000 
INFO  @ Sat, 02 Jan 2021 11:24:52:  13000000 
INFO  @ Sat, 02 Jan 2021 11:25:01: #1.2 read input tags... 
INFO  @ Sat, 02 Jan 2021 11:25:01: Detected format is: BAM 
INFO  @ Sat, 02 Jan 2021 11:25:01: * Input file is gzipped. 
INFO  @ Sat, 02 Jan 2021 11:25:10:  1000000 
INFO  @ Sat, 02 Jan 2021 11:25:18:  2000000 
INFO  @ Sat, 02 Jan 2021 11:25:26:  3000000 
INFO  @ Sat, 02 Jan 2021 11:25:34:  4000000 
INFO  @ Sat, 02 Jan 2021 11:25:42:  5000000 
INFO  @ Sat, 02 Jan 2021 11:25:50:  6000000 
INFO  @ Sat, 02 Jan 2021 11:25:57:  7000000 
INFO  @ Sat, 02 Jan 2021 11:26:05:  8000000 
INFO  @ Sat, 02 Jan 2021 11:26:13:  9000000 
INFO  @ Sat, 02 Jan 2021 11:26:21:  10000000 
INFO  @ Sat, 02 Jan 2021 11:26:29:  11000000 
INFO  @ Sat, 02 Jan 2021 11:26:37:  12000000 
INFO  @ Sat, 02 Jan 2021 11:26:44:  13000000 
INFO  @ Sat, 02 Jan 2021 11:26:52:  14000000 
INFO  @ Sat, 02 Jan 2021 11:27:00:  15000000 
INFO  @ Sat, 02 Jan 2021 11:27:08:  16000000 
INFO  @ Sat, 02 Jan 2021 11:27:16:  17000000 
INFO  @ Sat, 02 Jan 2021 11:27:24:  18000000 
INFO  @ Sat, 02 Jan 2021 11:27:32:  19000000 
INFO  @ Sat, 02 Jan 2021 11:27:39:  20000000 
INFO  @ Sat, 02 Jan 2021 11:27:47:  21000000 
INFO  @ Sat, 02 Jan 2021 11:27:55:  22000000 
INFO  @ Sat, 02 Jan 2021 11:28:03:  23000000 
INFO  @ Sat, 02 Jan 2021 11:28:11:  24000000 
INFO  @ Sat, 02 Jan 2021 11:28:18:  25000000 
INFO  @ Sat, 02 Jan 2021 11:28:26:  26000000 
INFO  @ Sat, 02 Jan 2021 11:28:34:  27000000 
INFO  @ Sat, 02 Jan 2021 11:28:41:  28000000 
INFO  @ Sat, 02 Jan 2021 11:28:49:  29000000 
INFO  @ Sat, 02 Jan 2021 11:28:57:  30000000 
INFO  @ Sat, 02 Jan 2021 11:29:04:  31000000 
INFO  @ Sat, 02 Jan 2021 11:29:12:  32000000 
INFO  @ Sat, 02 Jan 2021 11:29:19:  33000000 
INFO  @ Sat, 02 Jan 2021 11:29:27:  34000000 
INFO  @ Sat, 02 Jan 2021 11:29:35:  35000000 
INFO  @ Sat, 02 Jan 2021 11:29:42:  36000000 
INFO  @ Sat, 02 Jan 2021 11:29:45: Detected format is: BAM 
INFO  @ Sat, 02 Jan 2021 11:29:45: * Input file is gzipped. 
INFO  @ Sat, 02 Jan 2021 11:29:52:  1000000 
INFO  @ Sat, 02 Jan 2021 11:30:00:  2000000 
INFO  @ Sat, 02 Jan 2021 11:30:07:  3000000 
INFO  @ Sat, 02 Jan 2021 11:30:15:  4000000 
INFO  @ Sat, 02 Jan 2021 11:30:23:  5000000 
INFO  @ Sat, 02 Jan 2021 11:30:31:  6000000 
INFO  @ Sat, 02 Jan 2021 11:30:38:  7000000 
INFO  @ Sat, 02 Jan 2021 11:30:46: #1 tag size is determined as 49 bps 
INFO  @ Sat, 02 Jan 2021 11:30:46: #1 tag size = 49 
INFO  @ Sat, 02 Jan 2021 11:30:46: #1  total tags in treatment: 28245914 
INFO  @ Sat, 02 Jan 2021 11:30:46: #1 user defined the maximum tags... 
INFO  @ Sat, 02 Jan 2021 11:30:46: #1 filter out redundant tags at the same location and the same strand by allowing at most 1 tag(s) 
INFO  @ Sat, 02 Jan 2021 11:30:47: #1  tags after filtering in treatment: 28073716 
INFO  @ Sat, 02 Jan 2021 11:30:47: #1  Redundant rate of treatment: 0.01 
INFO  @ Sat, 02 Jan 2021 11:30:47: #1  total tags in control: 43585378 
INFO  @ Sat, 02 Jan 2021 11:30:47: #1 user defined the maximum tags... 
INFO  @ Sat, 02 Jan 2021 11:30:47: #1 filter out redundant tags at the same location and the same strand by allowing at most 1 tag(s) 
INFO  @ Sat, 02 Jan 2021 11:30:48: #1  tags after filtering in control: 43454996 
INFO  @ Sat, 02 Jan 2021 11:30:48: #1  Redundant rate of control: 0.00 
INFO  @ Sat, 02 Jan 2021 11:30:48: #1 finished! 
INFO  @ Sat, 02 Jan 2021 11:30:48: #2 Build Peak Model... 
INFO  @ Sat, 02 Jan 2021 11:30:48: #2 Skipped... 
INFO  @ Sat, 02 Jan 2021 11:30:48: #2 Use 147 as fragment length 
INFO  @ Sat, 02 Jan 2021 11:30:48: #3 Call peaks... 
INFO  @ Sat, 02 Jan 2021 11:30:48: #3 Going to call summits inside each peak ... 
INFO  @ Sat, 02 Jan 2021 11:30:48: #3 Pre-compute pvalue-qvalue table... 
INFO  @ Sat, 02 Jan 2021 11:35:23: #3 In the peak calling step, the following will be performed simultaneously: 
INFO  @ Sat, 02 Jan 2021 11:35:23: #3   Write bedGraph files for treatment pileup (after scaling if necessary)... 2017_NAT_IMMUNOL_Yu___H3K27ac_P14-CD8-TE_treat_pileup.bdg 
INFO  @ Sat, 02 Jan 2021 11:35:23: #3   Write bedGraph files for control lambda (after scaling if necessary)... 2017_NAT_IMMUNOL_Yu___H3K27ac_P14-CD8-TE_control_lambda.bdg 
INFO  @ Sat, 02 Jan 2021 11:35:23: #3   --SPMR is requested, so pileup will be normalized by sequencing depth in million reads. 
INFO  @ Sat, 02 Jan 2021 11:35:23: #3 Call peaks for each chromosome... 
INFO  @ Sat, 02 Jan 2021 11:45:19: #4 Write output xls file... /gpfs/group/pipkin/hdiao/T_Cell_ChIP/2_MACS2/2017_NAT_IMMUNOL_Yu___H3K27ac_P14-CD8-TE_peaks.xls 
INFO  @ Sat, 02 Jan 2021 11:45:20: #4 Write peak in narrowPeak format file... /gpfs/group/pipkin/hdiao/T_Cell_ChIP/2_MACS2/2017_NAT_IMMUNOL_Yu___H3K27ac_P14-CD8-TE_peaks.narrowPeak 
INFO  @ Sat, 02 Jan 2021 11:45:20: #4 Write summits bed file... /gpfs/group/pipkin/hdiao/T_Cell_ChIP/2_MACS2/2017_NAT_IMMUNOL_Yu___H3K27ac_P14-CD8-TE_summits.bed 
INFO  @ Sat, 02 Jan 2021 11:45:20: Done! 
INFO  @ Sat, 02 Jan 2021 11:45:21: 
# Command line: callpeak -t SRR4437347_srt_dupr_flb.bam SRR4437348_srt_dupr_flb.bam -c SRR4437355_srt_dupr_flb.bam SRR4437356_srt_dupr_flb.bam -g mm --nomodel --extsize 147 --broad -n 2017_NAT_IMMUNOL_Yu___H3K27ac_P14-CD8-TE --outdir /gpfs/group/pipkin/hdiao/T_Cell_ChIP/2_MACS2_broad
# ARGUMENTS LIST:
# name = 2017_NAT_IMMUNOL_Yu___H3K27ac_P14-CD8-TE
# format = AUTO
# ChIP-seq file = ['SRR4437347_srt_dupr_flb.bam', 'SRR4437348_srt_dupr_flb.bam']
# control file = ['SRR4437355_srt_dupr_flb.bam', 'SRR4437356_srt_dupr_flb.bam']
# effective genome size = 1.87e+09
# band width = 300
# model fold = [5, 50]
# qvalue cutoff for narrow/strong regions = 5.00e-02
# qvalue cutoff for broad/weak regions = 1.00e-01
# Larger dataset will be scaled towards smaller dataset.
# Range for calculating regional lambda is: 1000 bps and 10000 bps
# Broad region calling is on
 
INFO  @ Sat, 02 Jan 2021 11:45:21: #1 read tag files... 
INFO  @ Sat, 02 Jan 2021 11:45:21: #1 read treatment tags... 
INFO  @ Sat, 02 Jan 2021 11:45:21: Detected format is: BAM 
INFO  @ Sat, 02 Jan 2021 11:45:21: * Input file is gzipped. 
INFO  @ Sat, 02 Jan 2021 11:45:29:  1000000 
INFO  @ Sat, 02 Jan 2021 11:45:36:  2000000 
INFO  @ Sat, 02 Jan 2021 11:45:44:  3000000 
INFO  @ Sat, 02 Jan 2021 11:45:51:  4000000 
INFO  @ Sat, 02 Jan 2021 11:45:59:  5000000 
INFO  @ Sat, 02 Jan 2021 11:46:06:  6000000 
INFO  @ Sat, 02 Jan 2021 11:46:13:  7000000 
INFO  @ Sat, 02 Jan 2021 11:46:21:  8000000 
INFO  @ Sat, 02 Jan 2021 11:46:28:  9000000 
INFO  @ Sat, 02 Jan 2021 11:46:35:  10000000 
INFO  @ Sat, 02 Jan 2021 11:46:43:  11000000 
INFO  @ Sat, 02 Jan 2021 11:46:50:  12000000 
INFO  @ Sat, 02 Jan 2021 11:46:57:  13000000 
INFO  @ Sat, 02 Jan 2021 11:47:05:  14000000 
INFO  @ Sat, 02 Jan 2021 11:47:08: Detected format is: BAM 
INFO  @ Sat, 02 Jan 2021 11:47:08: * Input file is gzipped. 
INFO  @ Sat, 02 Jan 2021 11:47:15:  1000000 
INFO  @ Sat, 02 Jan 2021 11:47:23:  2000000 
INFO  @ Sat, 02 Jan 2021 11:47:30:  3000000 
INFO  @ Sat, 02 Jan 2021 11:47:37:  4000000 
INFO  @ Sat, 02 Jan 2021 11:47:44:  5000000 
INFO  @ Sat, 02 Jan 2021 11:47:52:  6000000 
INFO  @ Sat, 02 Jan 2021 11:47:59:  7000000 
INFO  @ Sat, 02 Jan 2021 11:48:06:  8000000 
INFO  @ Sat, 02 Jan 2021 11:48:14:  9000000 
INFO  @ Sat, 02 Jan 2021 11:48:21:  10000000 
INFO  @ Sat, 02 Jan 2021 11:48:28:  11000000 
INFO  @ Sat, 02 Jan 2021 11:48:36:  12000000 
INFO  @ Sat, 02 Jan 2021 11:48:43:  13000000 
INFO  @ Sat, 02 Jan 2021 11:48:51: #1.2 read input tags... 
INFO  @ Sat, 02 Jan 2021 11:48:51: Detected format is: BAM 
INFO  @ Sat, 02 Jan 2021 11:48:51: * Input file is gzipped. 
INFO  @ Sat, 02 Jan 2021 11:48:58:  1000000 
INFO  @ Sat, 02 Jan 2021 11:49:05:  2000000 
INFO  @ Sat, 02 Jan 2021 11:49:13:  3000000 
INFO  @ Sat, 02 Jan 2021 11:49:20:  4000000 
INFO  @ Sat, 02 Jan 2021 11:49:27:  5000000 
INFO  @ Sat, 02 Jan 2021 11:49:34:  6000000 
INFO  @ Sat, 02 Jan 2021 11:49:42:  7000000 
INFO  @ Sat, 02 Jan 2021 11:49:49:  8000000 
INFO  @ Sat, 02 Jan 2021 11:49:56:  9000000 
INFO  @ Sat, 02 Jan 2021 11:50:03:  10000000 
INFO  @ Sat, 02 Jan 2021 11:50:10:  11000000 
INFO  @ Sat, 02 Jan 2021 11:50:18:  12000000 
INFO  @ Sat, 02 Jan 2021 11:50:25:  13000000 
INFO  @ Sat, 02 Jan 2021 11:50:32:  14000000 
INFO  @ Sat, 02 Jan 2021 11:50:39:  15000000 
INFO  @ Sat, 02 Jan 2021 11:50:46:  16000000 
INFO  @ Sat, 02 Jan 2021 11:50:54:  17000000 
INFO  @ Sat, 02 Jan 2021 11:51:01:  18000000 
INFO  @ Sat, 02 Jan 2021 11:51:08:  19000000 
INFO  @ Sat, 02 Jan 2021 11:51:15:  20000000 
INFO  @ Sat, 02 Jan 2021 11:51:22:  21000000 
INFO  @ Sat, 02 Jan 2021 11:51:30:  22000000 
INFO  @ Sat, 02 Jan 2021 11:51:37:  23000000 
INFO  @ Sat, 02 Jan 2021 11:51:44:  24000000 
INFO  @ Sat, 02 Jan 2021 11:51:51:  25000000 
INFO  @ Sat, 02 Jan 2021 11:51:59:  26000000 
INFO  @ Sat, 02 Jan 2021 11:52:06:  27000000 
INFO  @ Sat, 02 Jan 2021 11:52:13:  28000000 
INFO  @ Sat, 02 Jan 2021 11:52:20:  29000000 
INFO  @ Sat, 02 Jan 2021 11:52:27:  30000000 
INFO  @ Sat, 02 Jan 2021 11:52:35:  31000000 
INFO  @ Sat, 02 Jan 2021 11:52:42:  32000000 
INFO  @ Sat, 02 Jan 2021 11:52:49:  33000000 
INFO  @ Sat, 02 Jan 2021 11:52:56:  34000000 
INFO  @ Sat, 02 Jan 2021 11:53:04:  35000000 
INFO  @ Sat, 02 Jan 2021 11:53:11:  36000000 
INFO  @ Sat, 02 Jan 2021 11:53:13: Detected format is: BAM 
INFO  @ Sat, 02 Jan 2021 11:53:13: * Input file is gzipped. 
INFO  @ Sat, 02 Jan 2021 11:53:21:  1000000 
INFO  @ Sat, 02 Jan 2021 11:53:28:  2000000 
INFO  @ Sat, 02 Jan 2021 11:53:35:  3000000 
INFO  @ Sat, 02 Jan 2021 11:53:42:  4000000 
INFO  @ Sat, 02 Jan 2021 11:53:50:  5000000 
INFO  @ Sat, 02 Jan 2021 11:53:58:  6000000 
INFO  @ Sat, 02 Jan 2021 11:54:05:  7000000 
INFO  @ Sat, 02 Jan 2021 11:54:12: #1 tag size is determined as 49 bps 
INFO  @ Sat, 02 Jan 2021 11:54:12: #1 tag size = 49 
INFO  @ Sat, 02 Jan 2021 11:54:12: #1  total tags in treatment: 28245914 
INFO  @ Sat, 02 Jan 2021 11:54:12: #1 user defined the maximum tags... 
INFO  @ Sat, 02 Jan 2021 11:54:12: #1 filter out redundant tags at the same location and the same strand by allowing at most 1 tag(s) 
INFO  @ Sat, 02 Jan 2021 11:54:13: #1  tags after filtering in treatment: 28073716 
INFO  @ Sat, 02 Jan 2021 11:54:13: #1  Redundant rate of treatment: 0.01 
INFO  @ Sat, 02 Jan 2021 11:54:13: #1  total tags in control: 43585378 
INFO  @ Sat, 02 Jan 2021 11:54:13: #1 user defined the maximum tags... 
INFO  @ Sat, 02 Jan 2021 11:54:13: #1 filter out redundant tags at the same location and the same strand by allowing at most 1 tag(s) 
INFO  @ Sat, 02 Jan 2021 11:54:14: #1  tags after filtering in control: 43454996 
INFO  @ Sat, 02 Jan 2021 11:54:14: #1  Redundant rate of control: 0.00 
INFO  @ Sat, 02 Jan 2021 11:54:14: #1 finished! 
INFO  @ Sat, 02 Jan 2021 11:54:14: #2 Build Peak Model... 
INFO  @ Sat, 02 Jan 2021 11:54:14: #2 Skipped... 
INFO  @ Sat, 02 Jan 2021 11:54:14: #2 Use 147 as fragment length 
INFO  @ Sat, 02 Jan 2021 11:54:14: #3 Call peaks... 
INFO  @ Sat, 02 Jan 2021 11:54:14: #3 Call broad peaks with given level1 -log10qvalue cutoff and level2: 1.301030, 1.000000... 
INFO  @ Sat, 02 Jan 2021 11:54:14: #3 Pre-compute pvalue-qvalue table... 
INFO  @ Sat, 02 Jan 2021 11:58:46: #3 Call peaks for each chromosome... 
INFO  @ Sat, 02 Jan 2021 12:01:31: #4 Write output xls file... /gpfs/group/pipkin/hdiao/T_Cell_ChIP/2_MACS2_broad/2017_NAT_IMMUNOL_Yu___H3K27ac_P14-CD8-TE_peaks.xls 
INFO  @ Sat, 02 Jan 2021 12:01:32: #4 Write broad peak in broadPeak format file... /gpfs/group/pipkin/hdiao/T_Cell_ChIP/2_MACS2_broad/2017_NAT_IMMUNOL_Yu___H3K27ac_P14-CD8-TE_peaks.broadPeak 
INFO  @ Sat, 02 Jan 2021 12:01:32: #4 Write broad peak in bed12/gappedPeak format file... /gpfs/group/pipkin/hdiao/T_Cell_ChIP/2_MACS2_broad/2017_NAT_IMMUNOL_Yu___H3K27ac_P14-CD8-TE_peaks.gappedPeak 
INFO  @ Sat, 02 Jan 2021 12:01:32: Done! 
