INFO  @ Sat, 02 Jan 2021 11:20:46: 
# Command line: callpeak -t SRR4437325_srt_dupr_flb.bam SRR4437326_srt_dupr_flb.bam -c SRR4437357_srt_dupr_flb.bam SRR4437358_srt_dupr_flb.bam -g mm -B --SPMR --nomodel --extsize 147 --call-summits -n 2017_NAT_IMMUNOL_Yu___H3K4me3_P14-CD8-MP --outdir /gpfs/group/pipkin/hdiao/T_Cell_ChIP/2_MACS2
# ARGUMENTS LIST:
# name = 2017_NAT_IMMUNOL_Yu___H3K4me3_P14-CD8-MP
# format = AUTO
# ChIP-seq file = ['SRR4437325_srt_dupr_flb.bam', 'SRR4437326_srt_dupr_flb.bam']
# control file = ['SRR4437357_srt_dupr_flb.bam', 'SRR4437358_srt_dupr_flb.bam']
# effective genome size = 1.87e+09
# band width = 300
# model fold = [5, 50]
# qvalue cutoff = 5.00e-02
# Larger dataset will be scaled towards smaller dataset.
# Range for calculating regional lambda is: 1000 bps and 10000 bps
# Broad region calling is off
# Searching for subpeak summits is on
# MACS will save fragment pileup signal per million reads
 
INFO  @ Sat, 02 Jan 2021 11:20:46: #1 read tag files... 
INFO  @ Sat, 02 Jan 2021 11:20:46: #1 read treatment tags... 
INFO  @ Sat, 02 Jan 2021 11:20:47: Detected format is: BAM 
INFO  @ Sat, 02 Jan 2021 11:20:47: * Input file is gzipped. 
INFO  @ Sat, 02 Jan 2021 11:20:54:  1000000 
INFO  @ Sat, 02 Jan 2021 11:21:01:  2000000 
INFO  @ Sat, 02 Jan 2021 11:21:08:  3000000 
INFO  @ Sat, 02 Jan 2021 11:21:16:  4000000 
INFO  @ Sat, 02 Jan 2021 11:21:23:  5000000 
INFO  @ Sat, 02 Jan 2021 11:21:30:  6000000 
INFO  @ Sat, 02 Jan 2021 11:21:37:  7000000 
INFO  @ Sat, 02 Jan 2021 11:21:44:  8000000 
INFO  @ Sat, 02 Jan 2021 11:21:51:  9000000 
INFO  @ Sat, 02 Jan 2021 11:21:58:  10000000 
INFO  @ Sat, 02 Jan 2021 11:22:05:  11000000 
INFO  @ Sat, 02 Jan 2021 11:22:12:  12000000 
INFO  @ Sat, 02 Jan 2021 11:22:19:  13000000 
INFO  @ Sat, 02 Jan 2021 11:22:26:  14000000 
INFO  @ Sat, 02 Jan 2021 11:22:33:  15000000 
INFO  @ Sat, 02 Jan 2021 11:22:41:  16000000 
INFO  @ Sat, 02 Jan 2021 11:22:47:  17000000 
INFO  @ Sat, 02 Jan 2021 11:22:55:  18000000 
INFO  @ Sat, 02 Jan 2021 11:23:02:  19000000 
INFO  @ Sat, 02 Jan 2021 11:23:04: Detected format is: BAM 
INFO  @ Sat, 02 Jan 2021 11:23:04: * Input file is gzipped. 
INFO  @ Sat, 02 Jan 2021 11:23:12:  1000000 
INFO  @ Sat, 02 Jan 2021 11:23:20:  2000000 
INFO  @ Sat, 02 Jan 2021 11:23:28:  3000000 
INFO  @ Sat, 02 Jan 2021 11:23:37:  4000000 
INFO  @ Sat, 02 Jan 2021 11:23:44:  5000000 
INFO  @ Sat, 02 Jan 2021 11:23:53:  6000000 
INFO  @ Sat, 02 Jan 2021 11:24:01:  7000000 
INFO  @ Sat, 02 Jan 2021 11:24:09:  8000000 
INFO  @ Sat, 02 Jan 2021 11:24:17:  9000000 
INFO  @ Sat, 02 Jan 2021 11:24:25:  10000000 
INFO  @ Sat, 02 Jan 2021 11:24:32:  11000000 
INFO  @ Sat, 02 Jan 2021 11:24:40:  12000000 
INFO  @ Sat, 02 Jan 2021 11:24:47:  13000000 
INFO  @ Sat, 02 Jan 2021 11:24:54:  14000000 
INFO  @ Sat, 02 Jan 2021 11:25:01:  15000000 
INFO  @ Sat, 02 Jan 2021 11:25:09:  16000000 
INFO  @ Sat, 02 Jan 2021 11:25:17:  17000000 
INFO  @ Sat, 02 Jan 2021 11:25:24:  18000000 
INFO  @ Sat, 02 Jan 2021 11:25:31:  19000000 
INFO  @ Sat, 02 Jan 2021 11:25:38:  20000000 
INFO  @ Sat, 02 Jan 2021 11:25:44:  21000000 
INFO  @ Sat, 02 Jan 2021 11:25:46: #1.2 read input tags... 
INFO  @ Sat, 02 Jan 2021 11:25:46: Detected format is: BAM 
INFO  @ Sat, 02 Jan 2021 11:25:46: * Input file is gzipped. 
INFO  @ Sat, 02 Jan 2021 11:25:54:  1000000 
INFO  @ Sat, 02 Jan 2021 11:26:01:  2000000 
INFO  @ Sat, 02 Jan 2021 11:26:09:  3000000 
INFO  @ Sat, 02 Jan 2021 11:26:17:  4000000 
INFO  @ Sat, 02 Jan 2021 11:26:24:  5000000 
INFO  @ Sat, 02 Jan 2021 11:26:31:  6000000 
INFO  @ Sat, 02 Jan 2021 11:26:39:  7000000 
INFO  @ Sat, 02 Jan 2021 11:26:46:  8000000 
INFO  @ Sat, 02 Jan 2021 11:26:51: Detected format is: BAM 
INFO  @ Sat, 02 Jan 2021 11:26:51: * Input file is gzipped. 
INFO  @ Sat, 02 Jan 2021 11:26:59:  1000000 
INFO  @ Sat, 02 Jan 2021 11:27:06:  2000000 
INFO  @ Sat, 02 Jan 2021 11:27:13:  3000000 
INFO  @ Sat, 02 Jan 2021 11:27:21:  4000000 
INFO  @ Sat, 02 Jan 2021 11:27:29:  5000000 
INFO  @ Sat, 02 Jan 2021 11:27:36:  6000000 
INFO  @ Sat, 02 Jan 2021 11:27:43:  7000000 
INFO  @ Sat, 02 Jan 2021 11:27:50:  8000000 
INFO  @ Sat, 02 Jan 2021 11:27:57:  9000000 
INFO  @ Sat, 02 Jan 2021 11:28:04:  10000000 
INFO  @ Sat, 02 Jan 2021 11:28:11:  11000000 
INFO  @ Sat, 02 Jan 2021 11:28:18:  12000000 
INFO  @ Sat, 02 Jan 2021 11:28:25:  13000000 
INFO  @ Sat, 02 Jan 2021 11:28:30: #1 tag size is determined as 48 bps 
INFO  @ Sat, 02 Jan 2021 11:28:30: #1 tag size = 48 
INFO  @ Sat, 02 Jan 2021 11:28:30: #1  total tags in treatment: 39666790 
INFO  @ Sat, 02 Jan 2021 11:28:30: #1 user defined the maximum tags... 
INFO  @ Sat, 02 Jan 2021 11:28:30: #1 filter out redundant tags at the same location and the same strand by allowing at most 1 tag(s) 
INFO  @ Sat, 02 Jan 2021 11:28:31: #1  tags after filtering in treatment: 39467628 
INFO  @ Sat, 02 Jan 2021 11:28:31: #1  Redundant rate of treatment: 0.01 
INFO  @ Sat, 02 Jan 2021 11:28:31: #1  total tags in control: 21744326 
INFO  @ Sat, 02 Jan 2021 11:28:31: #1 user defined the maximum tags... 
INFO  @ Sat, 02 Jan 2021 11:28:31: #1 filter out redundant tags at the same location and the same strand by allowing at most 1 tag(s) 
INFO  @ Sat, 02 Jan 2021 11:28:32: #1  tags after filtering in control: 21601403 
INFO  @ Sat, 02 Jan 2021 11:28:32: #1  Redundant rate of control: 0.01 
INFO  @ Sat, 02 Jan 2021 11:28:32: #1 finished! 
INFO  @ Sat, 02 Jan 2021 11:28:32: #2 Build Peak Model... 
INFO  @ Sat, 02 Jan 2021 11:28:32: #2 Skipped... 
INFO  @ Sat, 02 Jan 2021 11:28:32: #2 Use 147 as fragment length 
INFO  @ Sat, 02 Jan 2021 11:28:32: #3 Call peaks... 
INFO  @ Sat, 02 Jan 2021 11:28:32: #3 Going to call summits inside each peak ... 
INFO  @ Sat, 02 Jan 2021 11:28:32: #3 Pre-compute pvalue-qvalue table... 
INFO  @ Sat, 02 Jan 2021 11:31:19: #3 In the peak calling step, the following will be performed simultaneously: 
INFO  @ Sat, 02 Jan 2021 11:31:19: #3   Write bedGraph files for treatment pileup (after scaling if necessary)... 2017_NAT_IMMUNOL_Yu___H3K4me3_P14-CD8-MP_treat_pileup.bdg 
INFO  @ Sat, 02 Jan 2021 11:31:19: #3   Write bedGraph files for control lambda (after scaling if necessary)... 2017_NAT_IMMUNOL_Yu___H3K4me3_P14-CD8-MP_control_lambda.bdg 
INFO  @ Sat, 02 Jan 2021 11:31:19: #3   --SPMR is requested, so pileup will be normalized by sequencing depth in million reads. 
INFO  @ Sat, 02 Jan 2021 11:31:19: #3 Call peaks for each chromosome... 
INFO  @ Sat, 02 Jan 2021 11:39:08: #4 Write output xls file... /gpfs/group/pipkin/hdiao/T_Cell_ChIP/2_MACS2/2017_NAT_IMMUNOL_Yu___H3K4me3_P14-CD8-MP_peaks.xls 
INFO  @ Sat, 02 Jan 2021 11:39:08: #4 Write peak in narrowPeak format file... /gpfs/group/pipkin/hdiao/T_Cell_ChIP/2_MACS2/2017_NAT_IMMUNOL_Yu___H3K4me3_P14-CD8-MP_peaks.narrowPeak 
INFO  @ Sat, 02 Jan 2021 11:39:09: #4 Write summits bed file... /gpfs/group/pipkin/hdiao/T_Cell_ChIP/2_MACS2/2017_NAT_IMMUNOL_Yu___H3K4me3_P14-CD8-MP_summits.bed 
INFO  @ Sat, 02 Jan 2021 11:39:09: Done! 
INFO  @ Sat, 02 Jan 2021 11:39:09: 
# Command line: callpeak -t SRR4437325_srt_dupr_flb.bam SRR4437326_srt_dupr_flb.bam -c SRR4437357_srt_dupr_flb.bam SRR4437358_srt_dupr_flb.bam -g mm --nomodel --extsize 147 --broad -n 2017_NAT_IMMUNOL_Yu___H3K4me3_P14-CD8-MP --outdir /gpfs/group/pipkin/hdiao/T_Cell_ChIP/2_MACS2_broad
# ARGUMENTS LIST:
# name = 2017_NAT_IMMUNOL_Yu___H3K4me3_P14-CD8-MP
# format = AUTO
# ChIP-seq file = ['SRR4437325_srt_dupr_flb.bam', 'SRR4437326_srt_dupr_flb.bam']
# control file = ['SRR4437357_srt_dupr_flb.bam', 'SRR4437358_srt_dupr_flb.bam']
# effective genome size = 1.87e+09
# band width = 300
# model fold = [5, 50]
# qvalue cutoff for narrow/strong regions = 5.00e-02
# qvalue cutoff for broad/weak regions = 1.00e-01
# Larger dataset will be scaled towards smaller dataset.
# Range for calculating regional lambda is: 1000 bps and 10000 bps
# Broad region calling is on
 
INFO  @ Sat, 02 Jan 2021 11:39:09: #1 read tag files... 
INFO  @ Sat, 02 Jan 2021 11:39:09: #1 read treatment tags... 
INFO  @ Sat, 02 Jan 2021 11:39:09: Detected format is: BAM 
INFO  @ Sat, 02 Jan 2021 11:39:09: * Input file is gzipped. 
INFO  @ Sat, 02 Jan 2021 11:39:16:  1000000 
INFO  @ Sat, 02 Jan 2021 11:39:22:  2000000 
INFO  @ Sat, 02 Jan 2021 11:39:28:  3000000 
INFO  @ Sat, 02 Jan 2021 11:39:34:  4000000 
INFO  @ Sat, 02 Jan 2021 11:39:40:  5000000 
INFO  @ Sat, 02 Jan 2021 11:39:46:  6000000 
INFO  @ Sat, 02 Jan 2021 11:39:52:  7000000 
INFO  @ Sat, 02 Jan 2021 11:39:58:  8000000 
INFO  @ Sat, 02 Jan 2021 11:40:05:  9000000 
INFO  @ Sat, 02 Jan 2021 11:40:11:  10000000 
INFO  @ Sat, 02 Jan 2021 11:40:17:  11000000 
INFO  @ Sat, 02 Jan 2021 11:40:23:  12000000 
INFO  @ Sat, 02 Jan 2021 11:40:29:  13000000 
INFO  @ Sat, 02 Jan 2021 11:40:36:  14000000 
INFO  @ Sat, 02 Jan 2021 11:40:42:  15000000 
INFO  @ Sat, 02 Jan 2021 11:40:48:  16000000 
INFO  @ Sat, 02 Jan 2021 11:40:54:  17000000 
INFO  @ Sat, 02 Jan 2021 11:41:00:  18000000 
INFO  @ Sat, 02 Jan 2021 11:41:06:  19000000 
INFO  @ Sat, 02 Jan 2021 11:41:08: Detected format is: BAM 
INFO  @ Sat, 02 Jan 2021 11:41:08: * Input file is gzipped. 
INFO  @ Sat, 02 Jan 2021 11:41:15:  1000000 
INFO  @ Sat, 02 Jan 2021 11:41:21:  2000000 
INFO  @ Sat, 02 Jan 2021 11:41:27:  3000000 
INFO  @ Sat, 02 Jan 2021 11:41:33:  4000000 
INFO  @ Sat, 02 Jan 2021 11:41:40:  5000000 
INFO  @ Sat, 02 Jan 2021 11:41:46:  6000000 
INFO  @ Sat, 02 Jan 2021 11:41:52:  7000000 
INFO  @ Sat, 02 Jan 2021 11:41:59:  8000000 
INFO  @ Sat, 02 Jan 2021 11:42:05:  9000000 
INFO  @ Sat, 02 Jan 2021 11:42:11:  10000000 
INFO  @ Sat, 02 Jan 2021 11:42:18:  11000000 
INFO  @ Sat, 02 Jan 2021 11:42:24:  12000000 
INFO  @ Sat, 02 Jan 2021 11:42:30:  13000000 
INFO  @ Sat, 02 Jan 2021 11:42:37:  14000000 
INFO  @ Sat, 02 Jan 2021 11:42:43:  15000000 
INFO  @ Sat, 02 Jan 2021 11:42:50:  16000000 
INFO  @ Sat, 02 Jan 2021 11:42:56:  17000000 
INFO  @ Sat, 02 Jan 2021 11:43:03:  18000000 
INFO  @ Sat, 02 Jan 2021 11:43:09:  19000000 
INFO  @ Sat, 02 Jan 2021 11:43:15:  20000000 
INFO  @ Sat, 02 Jan 2021 11:43:21:  21000000 
INFO  @ Sat, 02 Jan 2021 11:43:23: #1.2 read input tags... 
INFO  @ Sat, 02 Jan 2021 11:43:23: Detected format is: BAM 
INFO  @ Sat, 02 Jan 2021 11:43:23: * Input file is gzipped. 
INFO  @ Sat, 02 Jan 2021 11:43:30:  1000000 
INFO  @ Sat, 02 Jan 2021 11:43:36:  2000000 
INFO  @ Sat, 02 Jan 2021 11:43:42:  3000000 
INFO  @ Sat, 02 Jan 2021 11:43:49:  4000000 
INFO  @ Sat, 02 Jan 2021 11:43:55:  5000000 
INFO  @ Sat, 02 Jan 2021 11:44:02:  6000000 
INFO  @ Sat, 02 Jan 2021 11:44:08:  7000000 
INFO  @ Sat, 02 Jan 2021 11:44:14:  8000000 
INFO  @ Sat, 02 Jan 2021 11:44:19: Detected format is: BAM 
INFO  @ Sat, 02 Jan 2021 11:44:19: * Input file is gzipped. 
INFO  @ Sat, 02 Jan 2021 11:44:25:  1000000 
INFO  @ Sat, 02 Jan 2021 11:44:32:  2000000 
INFO  @ Sat, 02 Jan 2021 11:44:39:  3000000 
INFO  @ Sat, 02 Jan 2021 11:44:45:  4000000 
INFO  @ Sat, 02 Jan 2021 11:44:52:  5000000 
INFO  @ Sat, 02 Jan 2021 11:44:58:  6000000 
INFO  @ Sat, 02 Jan 2021 11:45:05:  7000000 
INFO  @ Sat, 02 Jan 2021 11:45:11:  8000000 
INFO  @ Sat, 02 Jan 2021 11:45:18:  9000000 
INFO  @ Sat, 02 Jan 2021 11:45:25:  10000000 
INFO  @ Sat, 02 Jan 2021 11:45:31:  11000000 
INFO  @ Sat, 02 Jan 2021 11:45:38:  12000000 
INFO  @ Sat, 02 Jan 2021 11:45:44:  13000000 
INFO  @ Sat, 02 Jan 2021 11:45:49: #1 tag size is determined as 48 bps 
INFO  @ Sat, 02 Jan 2021 11:45:49: #1 tag size = 48 
INFO  @ Sat, 02 Jan 2021 11:45:49: #1  total tags in treatment: 39666790 
INFO  @ Sat, 02 Jan 2021 11:45:49: #1 user defined the maximum tags... 
INFO  @ Sat, 02 Jan 2021 11:45:49: #1 filter out redundant tags at the same location and the same strand by allowing at most 1 tag(s) 
INFO  @ Sat, 02 Jan 2021 11:45:50: #1  tags after filtering in treatment: 39467628 
INFO  @ Sat, 02 Jan 2021 11:45:50: #1  Redundant rate of treatment: 0.01 
INFO  @ Sat, 02 Jan 2021 11:45:50: #1  total tags in control: 21744326 
INFO  @ Sat, 02 Jan 2021 11:45:50: #1 user defined the maximum tags... 
INFO  @ Sat, 02 Jan 2021 11:45:50: #1 filter out redundant tags at the same location and the same strand by allowing at most 1 tag(s) 
INFO  @ Sat, 02 Jan 2021 11:45:51: #1  tags after filtering in control: 21601403 
INFO  @ Sat, 02 Jan 2021 11:45:51: #1  Redundant rate of control: 0.01 
INFO  @ Sat, 02 Jan 2021 11:45:51: #1 finished! 
INFO  @ Sat, 02 Jan 2021 11:45:51: #2 Build Peak Model... 
INFO  @ Sat, 02 Jan 2021 11:45:51: #2 Skipped... 
INFO  @ Sat, 02 Jan 2021 11:45:51: #2 Use 147 as fragment length 
INFO  @ Sat, 02 Jan 2021 11:45:51: #3 Call peaks... 
INFO  @ Sat, 02 Jan 2021 11:45:51: #3 Call broad peaks with given level1 -log10qvalue cutoff and level2: 1.301030, 1.000000... 
INFO  @ Sat, 02 Jan 2021 11:45:51: #3 Pre-compute pvalue-qvalue table... 
INFO  @ Sat, 02 Jan 2021 11:48:32: #3 Call peaks for each chromosome... 
INFO  @ Sat, 02 Jan 2021 11:49:47: #4 Write output xls file... /gpfs/group/pipkin/hdiao/T_Cell_ChIP/2_MACS2_broad/2017_NAT_IMMUNOL_Yu___H3K4me3_P14-CD8-MP_peaks.xls 
INFO  @ Sat, 02 Jan 2021 11:49:47: #4 Write broad peak in broadPeak format file... /gpfs/group/pipkin/hdiao/T_Cell_ChIP/2_MACS2_broad/2017_NAT_IMMUNOL_Yu___H3K4me3_P14-CD8-MP_peaks.broadPeak 
INFO  @ Sat, 02 Jan 2021 11:49:47: #4 Write broad peak in bed12/gappedPeak format file... /gpfs/group/pipkin/hdiao/T_Cell_ChIP/2_MACS2_broad/2017_NAT_IMMUNOL_Yu___H3K4me3_P14-CD8-MP_peaks.gappedPeak 
INFO  @ Sat, 02 Jan 2021 11:49:47: Done! 
