INFO  @ Sat, 02 Jan 2021 11:20:46: 
# Command line: callpeak -t SRR4437327_srt_dupr_flb.bam SRR4437328_srt_dupr_flb.bam -c SRR4437359_srt_dupr_flb.bam SRR4437360_srt_dupr_flb.bam -g mm -B --SPMR --nomodel --extsize 147 --call-summits -n 2017_NAT_IMMUNOL_Yu___H3K4me3_P14-CD8-Memory --outdir /gpfs/group/pipkin/hdiao/T_Cell_ChIP/2_MACS2
# ARGUMENTS LIST:
# name = 2017_NAT_IMMUNOL_Yu___H3K4me3_P14-CD8-Memory
# format = AUTO
# ChIP-seq file = ['SRR4437327_srt_dupr_flb.bam', 'SRR4437328_srt_dupr_flb.bam']
# control file = ['SRR4437359_srt_dupr_flb.bam', 'SRR4437360_srt_dupr_flb.bam']
# effective genome size = 1.87e+09
# band width = 300
# model fold = [5, 50]
# qvalue cutoff = 5.00e-02
# Larger dataset will be scaled towards smaller dataset.
# Range for calculating regional lambda is: 1000 bps and 10000 bps
# Broad region calling is off
# Searching for subpeak summits is on
# MACS will save fragment pileup signal per million reads
 
INFO  @ Sat, 02 Jan 2021 11:20:46: #1 read tag files... 
INFO  @ Sat, 02 Jan 2021 11:20:46: #1 read treatment tags... 
INFO  @ Sat, 02 Jan 2021 11:20:47: Detected format is: BAM 
INFO  @ Sat, 02 Jan 2021 11:20:47: * Input file is gzipped. 
INFO  @ Sat, 02 Jan 2021 11:20:54:  1000000 
INFO  @ Sat, 02 Jan 2021 11:21:01:  2000000 
INFO  @ Sat, 02 Jan 2021 11:21:10:  3000000 
INFO  @ Sat, 02 Jan 2021 11:21:17:  4000000 
INFO  @ Sat, 02 Jan 2021 11:21:25:  5000000 
INFO  @ Sat, 02 Jan 2021 11:21:34:  6000000 
INFO  @ Sat, 02 Jan 2021 11:21:41:  7000000 
INFO  @ Sat, 02 Jan 2021 11:21:49:  8000000 
INFO  @ Sat, 02 Jan 2021 11:21:56:  9000000 
INFO  @ Sat, 02 Jan 2021 11:22:05:  10000000 
INFO  @ Sat, 02 Jan 2021 11:22:12:  11000000 
INFO  @ Sat, 02 Jan 2021 11:22:20:  12000000 
INFO  @ Sat, 02 Jan 2021 11:22:28:  13000000 
INFO  @ Sat, 02 Jan 2021 11:22:35:  14000000 
INFO  @ Sat, 02 Jan 2021 11:22:43:  15000000 
INFO  @ Sat, 02 Jan 2021 11:22:51:  16000000 
INFO  @ Sat, 02 Jan 2021 11:22:58:  17000000 
INFO  @ Sat, 02 Jan 2021 11:23:05:  18000000 
INFO  @ Sat, 02 Jan 2021 11:23:13:  19000000 
INFO  @ Sat, 02 Jan 2021 11:23:20:  20000000 
INFO  @ Sat, 02 Jan 2021 11:23:28:  21000000 
INFO  @ Sat, 02 Jan 2021 11:23:36:  22000000 
INFO  @ Sat, 02 Jan 2021 11:23:39: Detected format is: BAM 
INFO  @ Sat, 02 Jan 2021 11:23:39: * Input file is gzipped. 
INFO  @ Sat, 02 Jan 2021 11:23:46:  1000000 
INFO  @ Sat, 02 Jan 2021 11:23:53:  2000000 
INFO  @ Sat, 02 Jan 2021 11:24:00:  3000000 
INFO  @ Sat, 02 Jan 2021 11:24:07:  4000000 
INFO  @ Sat, 02 Jan 2021 11:24:14:  5000000 
INFO  @ Sat, 02 Jan 2021 11:24:22:  6000000 
INFO  @ Sat, 02 Jan 2021 11:24:29:  7000000 
INFO  @ Sat, 02 Jan 2021 11:24:36:  8000000 
INFO  @ Sat, 02 Jan 2021 11:24:43:  9000000 
INFO  @ Sat, 02 Jan 2021 11:24:50:  10000000 
INFO  @ Sat, 02 Jan 2021 11:24:57:  11000000 
INFO  @ Sat, 02 Jan 2021 11:25:04:  12000000 
INFO  @ Sat, 02 Jan 2021 11:25:12:  13000000 
INFO  @ Sat, 02 Jan 2021 11:25:18:  14000000 
INFO  @ Sat, 02 Jan 2021 11:25:23: #1.2 read input tags... 
INFO  @ Sat, 02 Jan 2021 11:25:24: Detected format is: BAM 
INFO  @ Sat, 02 Jan 2021 11:25:24: * Input file is gzipped. 
INFO  @ Sat, 02 Jan 2021 11:25:31:  1000000 
INFO  @ Sat, 02 Jan 2021 11:25:38:  2000000 
INFO  @ Sat, 02 Jan 2021 11:25:45:  3000000 
INFO  @ Sat, 02 Jan 2021 11:25:53:  4000000 
INFO  @ Sat, 02 Jan 2021 11:26:00:  5000000 
INFO  @ Sat, 02 Jan 2021 11:26:07:  6000000 
INFO  @ Sat, 02 Jan 2021 11:26:14:  7000000 
INFO  @ Sat, 02 Jan 2021 11:26:21:  8000000 
INFO  @ Sat, 02 Jan 2021 11:26:28:  9000000 
INFO  @ Sat, 02 Jan 2021 11:26:35:  10000000 
INFO  @ Sat, 02 Jan 2021 11:26:42:  11000000 
INFO  @ Sat, 02 Jan 2021 11:26:49:  12000000 
INFO  @ Sat, 02 Jan 2021 11:26:57:  13000000 
INFO  @ Sat, 02 Jan 2021 11:27:03: Detected format is: BAM 
INFO  @ Sat, 02 Jan 2021 11:27:03: * Input file is gzipped. 
INFO  @ Sat, 02 Jan 2021 11:27:10:  1000000 
INFO  @ Sat, 02 Jan 2021 11:27:17:  2000000 
INFO  @ Sat, 02 Jan 2021 11:27:23:  3000000 
INFO  @ Sat, 02 Jan 2021 11:27:30:  4000000 
INFO  @ Sat, 02 Jan 2021 11:27:37:  5000000 
INFO  @ Sat, 02 Jan 2021 11:27:43:  6000000 
INFO  @ Sat, 02 Jan 2021 11:27:49:  7000000 
INFO  @ Sat, 02 Jan 2021 11:27:56:  8000000 
INFO  @ Sat, 02 Jan 2021 11:28:02:  9000000 
INFO  @ Sat, 02 Jan 2021 11:28:09:  10000000 
INFO  @ Sat, 02 Jan 2021 11:28:15:  11000000 
INFO  @ Sat, 02 Jan 2021 11:28:21:  12000000 
INFO  @ Sat, 02 Jan 2021 11:28:28:  13000000 
INFO  @ Sat, 02 Jan 2021 11:28:34: #1 tag size is determined as 49 bps 
INFO  @ Sat, 02 Jan 2021 11:28:34: #1 tag size = 49 
INFO  @ Sat, 02 Jan 2021 11:28:34: #1  total tags in treatment: 36729272 
INFO  @ Sat, 02 Jan 2021 11:28:34: #1 user defined the maximum tags... 
INFO  @ Sat, 02 Jan 2021 11:28:34: #1 filter out redundant tags at the same location and the same strand by allowing at most 1 tag(s) 
INFO  @ Sat, 02 Jan 2021 11:28:35: #1  tags after filtering in treatment: 36466006 
INFO  @ Sat, 02 Jan 2021 11:28:35: #1  Redundant rate of treatment: 0.01 
INFO  @ Sat, 02 Jan 2021 11:28:35: #1  total tags in control: 27358654 
INFO  @ Sat, 02 Jan 2021 11:28:35: #1 user defined the maximum tags... 
INFO  @ Sat, 02 Jan 2021 11:28:35: #1 filter out redundant tags at the same location and the same strand by allowing at most 1 tag(s) 
INFO  @ Sat, 02 Jan 2021 11:28:35: #1  tags after filtering in control: 27228338 
INFO  @ Sat, 02 Jan 2021 11:28:35: #1  Redundant rate of control: 0.00 
INFO  @ Sat, 02 Jan 2021 11:28:35: #1 finished! 
INFO  @ Sat, 02 Jan 2021 11:28:35: #2 Build Peak Model... 
INFO  @ Sat, 02 Jan 2021 11:28:35: #2 Skipped... 
INFO  @ Sat, 02 Jan 2021 11:28:35: #2 Use 147 as fragment length 
INFO  @ Sat, 02 Jan 2021 11:28:35: #3 Call peaks... 
INFO  @ Sat, 02 Jan 2021 11:28:35: #3 Going to call summits inside each peak ... 
INFO  @ Sat, 02 Jan 2021 11:28:35: #3 Pre-compute pvalue-qvalue table... 
INFO  @ Sat, 02 Jan 2021 11:31:46: #3 In the peak calling step, the following will be performed simultaneously: 
INFO  @ Sat, 02 Jan 2021 11:31:46: #3   Write bedGraph files for treatment pileup (after scaling if necessary)... 2017_NAT_IMMUNOL_Yu___H3K4me3_P14-CD8-Memory_treat_pileup.bdg 
INFO  @ Sat, 02 Jan 2021 11:31:46: #3   Write bedGraph files for control lambda (after scaling if necessary)... 2017_NAT_IMMUNOL_Yu___H3K4me3_P14-CD8-Memory_control_lambda.bdg 
INFO  @ Sat, 02 Jan 2021 11:31:46: #3   --SPMR is requested, so pileup will be normalized by sequencing depth in million reads. 
INFO  @ Sat, 02 Jan 2021 11:31:46: #3 Call peaks for each chromosome... 
INFO  @ Sat, 02 Jan 2021 11:39:45: #4 Write output xls file... /gpfs/group/pipkin/hdiao/T_Cell_ChIP/2_MACS2/2017_NAT_IMMUNOL_Yu___H3K4me3_P14-CD8-Memory_peaks.xls 
INFO  @ Sat, 02 Jan 2021 11:39:46: #4 Write peak in narrowPeak format file... /gpfs/group/pipkin/hdiao/T_Cell_ChIP/2_MACS2/2017_NAT_IMMUNOL_Yu___H3K4me3_P14-CD8-Memory_peaks.narrowPeak 
INFO  @ Sat, 02 Jan 2021 11:39:46: #4 Write summits bed file... /gpfs/group/pipkin/hdiao/T_Cell_ChIP/2_MACS2/2017_NAT_IMMUNOL_Yu___H3K4me3_P14-CD8-Memory_summits.bed 
INFO  @ Sat, 02 Jan 2021 11:39:46: Done! 
INFO  @ Sat, 02 Jan 2021 11:39:47: 
# Command line: callpeak -t SRR4437327_srt_dupr_flb.bam SRR4437328_srt_dupr_flb.bam -c SRR4437359_srt_dupr_flb.bam SRR4437360_srt_dupr_flb.bam -g mm --nomodel --extsize 147 --broad -n 2017_NAT_IMMUNOL_Yu___H3K4me3_P14-CD8-Memory --outdir /gpfs/group/pipkin/hdiao/T_Cell_ChIP/2_MACS2_broad
# ARGUMENTS LIST:
# name = 2017_NAT_IMMUNOL_Yu___H3K4me3_P14-CD8-Memory
# format = AUTO
# ChIP-seq file = ['SRR4437327_srt_dupr_flb.bam', 'SRR4437328_srt_dupr_flb.bam']
# control file = ['SRR4437359_srt_dupr_flb.bam', 'SRR4437360_srt_dupr_flb.bam']
# effective genome size = 1.87e+09
# band width = 300
# model fold = [5, 50]
# qvalue cutoff for narrow/strong regions = 5.00e-02
# qvalue cutoff for broad/weak regions = 1.00e-01
# Larger dataset will be scaled towards smaller dataset.
# Range for calculating regional lambda is: 1000 bps and 10000 bps
# Broad region calling is on
 
INFO  @ Sat, 02 Jan 2021 11:39:47: #1 read tag files... 
INFO  @ Sat, 02 Jan 2021 11:39:47: #1 read treatment tags... 
INFO  @ Sat, 02 Jan 2021 11:39:47: Detected format is: BAM 
INFO  @ Sat, 02 Jan 2021 11:39:47: * Input file is gzipped. 
INFO  @ Sat, 02 Jan 2021 11:39:53:  1000000 
INFO  @ Sat, 02 Jan 2021 11:39:59:  2000000 
INFO  @ Sat, 02 Jan 2021 11:40:06:  3000000 
INFO  @ Sat, 02 Jan 2021 11:40:12:  4000000 
INFO  @ Sat, 02 Jan 2021 11:40:18:  5000000 
INFO  @ Sat, 02 Jan 2021 11:40:25:  6000000 
INFO  @ Sat, 02 Jan 2021 11:40:31:  7000000 
INFO  @ Sat, 02 Jan 2021 11:40:37:  8000000 
INFO  @ Sat, 02 Jan 2021 11:40:43:  9000000 
INFO  @ Sat, 02 Jan 2021 11:40:50:  10000000 
INFO  @ Sat, 02 Jan 2021 11:40:56:  11000000 
INFO  @ Sat, 02 Jan 2021 11:41:02:  12000000 
INFO  @ Sat, 02 Jan 2021 11:41:08:  13000000 
INFO  @ Sat, 02 Jan 2021 11:41:15:  14000000 
INFO  @ Sat, 02 Jan 2021 11:41:21:  15000000 
INFO  @ Sat, 02 Jan 2021 11:41:27:  16000000 
INFO  @ Sat, 02 Jan 2021 11:41:33:  17000000 
INFO  @ Sat, 02 Jan 2021 11:41:40:  18000000 
INFO  @ Sat, 02 Jan 2021 11:41:46:  19000000 
INFO  @ Sat, 02 Jan 2021 11:41:52:  20000000 
INFO  @ Sat, 02 Jan 2021 11:41:59:  21000000 
INFO  @ Sat, 02 Jan 2021 11:42:05:  22000000 
INFO  @ Sat, 02 Jan 2021 11:42:08: Detected format is: BAM 
INFO  @ Sat, 02 Jan 2021 11:42:08: * Input file is gzipped. 
INFO  @ Sat, 02 Jan 2021 11:42:14:  1000000 
INFO  @ Sat, 02 Jan 2021 11:42:20:  2000000 
INFO  @ Sat, 02 Jan 2021 11:42:26:  3000000 
INFO  @ Sat, 02 Jan 2021 11:42:32:  4000000 
INFO  @ Sat, 02 Jan 2021 11:42:38:  5000000 
INFO  @ Sat, 02 Jan 2021 11:42:44:  6000000 
INFO  @ Sat, 02 Jan 2021 11:42:51:  7000000 
INFO  @ Sat, 02 Jan 2021 11:42:57:  8000000 
INFO  @ Sat, 02 Jan 2021 11:43:03:  9000000 
INFO  @ Sat, 02 Jan 2021 11:43:09:  10000000 
INFO  @ Sat, 02 Jan 2021 11:43:15:  11000000 
INFO  @ Sat, 02 Jan 2021 11:43:22:  12000000 
INFO  @ Sat, 02 Jan 2021 11:43:28:  13000000 
INFO  @ Sat, 02 Jan 2021 11:43:34:  14000000 
INFO  @ Sat, 02 Jan 2021 11:43:39: #1.2 read input tags... 
INFO  @ Sat, 02 Jan 2021 11:43:39: Detected format is: BAM 
INFO  @ Sat, 02 Jan 2021 11:43:39: * Input file is gzipped. 
INFO  @ Sat, 02 Jan 2021 11:43:45:  1000000 
INFO  @ Sat, 02 Jan 2021 11:43:52:  2000000 
INFO  @ Sat, 02 Jan 2021 11:43:58:  3000000 
INFO  @ Sat, 02 Jan 2021 11:44:05:  4000000 
INFO  @ Sat, 02 Jan 2021 11:44:11:  5000000 
INFO  @ Sat, 02 Jan 2021 11:44:18:  6000000 
INFO  @ Sat, 02 Jan 2021 11:44:24:  7000000 
INFO  @ Sat, 02 Jan 2021 11:44:31:  8000000 
INFO  @ Sat, 02 Jan 2021 11:44:37:  9000000 
INFO  @ Sat, 02 Jan 2021 11:44:44:  10000000 
INFO  @ Sat, 02 Jan 2021 11:44:50:  11000000 
INFO  @ Sat, 02 Jan 2021 11:44:57:  12000000 
INFO  @ Sat, 02 Jan 2021 11:45:03:  13000000 
INFO  @ Sat, 02 Jan 2021 11:45:09: Detected format is: BAM 
INFO  @ Sat, 02 Jan 2021 11:45:09: * Input file is gzipped. 
INFO  @ Sat, 02 Jan 2021 11:45:15:  1000000 
INFO  @ Sat, 02 Jan 2021 11:45:21:  2000000 
INFO  @ Sat, 02 Jan 2021 11:45:27:  3000000 
INFO  @ Sat, 02 Jan 2021 11:45:33:  4000000 
INFO  @ Sat, 02 Jan 2021 11:45:38:  5000000 
INFO  @ Sat, 02 Jan 2021 11:45:44:  6000000 
INFO  @ Sat, 02 Jan 2021 11:45:50:  7000000 
INFO  @ Sat, 02 Jan 2021 11:45:56:  8000000 
INFO  @ Sat, 02 Jan 2021 11:46:02:  9000000 
INFO  @ Sat, 02 Jan 2021 11:46:08:  10000000 
INFO  @ Sat, 02 Jan 2021 11:46:14:  11000000 
INFO  @ Sat, 02 Jan 2021 11:46:20:  12000000 
INFO  @ Sat, 02 Jan 2021 11:46:26:  13000000 
INFO  @ Sat, 02 Jan 2021 11:46:31: #1 tag size is determined as 49 bps 
INFO  @ Sat, 02 Jan 2021 11:46:31: #1 tag size = 49 
INFO  @ Sat, 02 Jan 2021 11:46:31: #1  total tags in treatment: 36729272 
INFO  @ Sat, 02 Jan 2021 11:46:31: #1 user defined the maximum tags... 
INFO  @ Sat, 02 Jan 2021 11:46:31: #1 filter out redundant tags at the same location and the same strand by allowing at most 1 tag(s) 
INFO  @ Sat, 02 Jan 2021 11:46:32: #1  tags after filtering in treatment: 36466006 
INFO  @ Sat, 02 Jan 2021 11:46:32: #1  Redundant rate of treatment: 0.01 
INFO  @ Sat, 02 Jan 2021 11:46:32: #1  total tags in control: 27358654 
INFO  @ Sat, 02 Jan 2021 11:46:32: #1 user defined the maximum tags... 
INFO  @ Sat, 02 Jan 2021 11:46:32: #1 filter out redundant tags at the same location and the same strand by allowing at most 1 tag(s) 
INFO  @ Sat, 02 Jan 2021 11:46:33: #1  tags after filtering in control: 27228338 
INFO  @ Sat, 02 Jan 2021 11:46:33: #1  Redundant rate of control: 0.00 
INFO  @ Sat, 02 Jan 2021 11:46:33: #1 finished! 
INFO  @ Sat, 02 Jan 2021 11:46:33: #2 Build Peak Model... 
INFO  @ Sat, 02 Jan 2021 11:46:33: #2 Skipped... 
INFO  @ Sat, 02 Jan 2021 11:46:33: #2 Use 147 as fragment length 
INFO  @ Sat, 02 Jan 2021 11:46:33: #3 Call peaks... 
INFO  @ Sat, 02 Jan 2021 11:46:33: #3 Call broad peaks with given level1 -log10qvalue cutoff and level2: 1.301030, 1.000000... 
INFO  @ Sat, 02 Jan 2021 11:46:33: #3 Pre-compute pvalue-qvalue table... 
INFO  @ Sat, 02 Jan 2021 11:49:38: #3 Call peaks for each chromosome... 
INFO  @ Sat, 02 Jan 2021 11:51:14: #4 Write output xls file... /gpfs/group/pipkin/hdiao/T_Cell_ChIP/2_MACS2_broad/2017_NAT_IMMUNOL_Yu___H3K4me3_P14-CD8-Memory_peaks.xls 
INFO  @ Sat, 02 Jan 2021 11:51:14: #4 Write broad peak in broadPeak format file... /gpfs/group/pipkin/hdiao/T_Cell_ChIP/2_MACS2_broad/2017_NAT_IMMUNOL_Yu___H3K4me3_P14-CD8-Memory_peaks.broadPeak 
INFO  @ Sat, 02 Jan 2021 11:51:14: #4 Write broad peak in bed12/gappedPeak format file... /gpfs/group/pipkin/hdiao/T_Cell_ChIP/2_MACS2_broad/2017_NAT_IMMUNOL_Yu___H3K4me3_P14-CD8-Memory_peaks.gappedPeak 
INFO  @ Sat, 02 Jan 2021 11:51:14: Done! 
