INFO  @ Sat, 02 Jan 2021 11:20:46: 
# Command line: callpeak -t SRR1124802_srt_dupr_flb.bam SRR1124803_srt_dupr_flb.bam -c SRR1124815_srt_dupr_flb.bam SRR1124816_srt_dupr_flb.bam SRR1124817_srt_dupr_flb.bam -g mm -B --SPMR --nomodel --extsize 147 --call-summits -n 2014_NAT_IMMUNOL_Kurachi___H3K4me1-invitro-d3-CD8 --outdir /gpfs/group/pipkin/hdiao/T_Cell_ChIP/2_MACS2
# ARGUMENTS LIST:
# name = 2014_NAT_IMMUNOL_Kurachi___H3K4me1-invitro-d3-CD8
# format = AUTO
# ChIP-seq file = ['SRR1124802_srt_dupr_flb.bam', 'SRR1124803_srt_dupr_flb.bam']
# control file = ['SRR1124815_srt_dupr_flb.bam', 'SRR1124816_srt_dupr_flb.bam', 'SRR1124817_srt_dupr_flb.bam']
# effective genome size = 1.87e+09
# band width = 300
# model fold = [5, 50]
# qvalue cutoff = 5.00e-02
# Larger dataset will be scaled towards smaller dataset.
# Range for calculating regional lambda is: 1000 bps and 10000 bps
# Broad region calling is off
# Searching for subpeak summits is on
# MACS will save fragment pileup signal per million reads
 
INFO  @ Sat, 02 Jan 2021 11:20:46: #1 read tag files... 
INFO  @ Sat, 02 Jan 2021 11:20:46: #1 read treatment tags... 
INFO  @ Sat, 02 Jan 2021 11:20:46: Detected format is: BAM 
INFO  @ Sat, 02 Jan 2021 11:20:46: * Input file is gzipped. 
INFO  @ Sat, 02 Jan 2021 11:20:56:  1000000 
INFO  @ Sat, 02 Jan 2021 11:21:05:  2000000 
INFO  @ Sat, 02 Jan 2021 11:21:13:  3000000 
INFO  @ Sat, 02 Jan 2021 11:21:20:  4000000 
INFO  @ Sat, 02 Jan 2021 11:21:28:  5000000 
INFO  @ Sat, 02 Jan 2021 11:21:37:  6000000 
INFO  @ Sat, 02 Jan 2021 11:21:44:  7000000 
INFO  @ Sat, 02 Jan 2021 11:21:52:  8000000 
INFO  @ Sat, 02 Jan 2021 11:22:00:  9000000 
INFO  @ Sat, 02 Jan 2021 11:22:09:  10000000 
INFO  @ Sat, 02 Jan 2021 11:22:17:  11000000 
INFO  @ Sat, 02 Jan 2021 11:22:26:  12000000 
INFO  @ Sat, 02 Jan 2021 11:22:33:  13000000 
INFO  @ Sat, 02 Jan 2021 11:22:40:  14000000 
INFO  @ Sat, 02 Jan 2021 11:22:49:  15000000 
INFO  @ Sat, 02 Jan 2021 11:22:56:  16000000 
INFO  @ Sat, 02 Jan 2021 11:23:04:  17000000 
INFO  @ Sat, 02 Jan 2021 11:23:12:  18000000 
INFO  @ Sat, 02 Jan 2021 11:23:19:  19000000 
INFO  @ Sat, 02 Jan 2021 11:23:27:  20000000 
INFO  @ Sat, 02 Jan 2021 11:23:35:  21000000 
INFO  @ Sat, 02 Jan 2021 11:23:43:  22000000 
INFO  @ Sat, 02 Jan 2021 11:23:51:  23000000 
INFO  @ Sat, 02 Jan 2021 11:23:59:  24000000 
INFO  @ Sat, 02 Jan 2021 11:24:07:  25000000 
INFO  @ Sat, 02 Jan 2021 11:24:15:  26000000 
INFO  @ Sat, 02 Jan 2021 11:24:22:  27000000 
INFO  @ Sat, 02 Jan 2021 11:24:30:  28000000 
INFO  @ Sat, 02 Jan 2021 11:24:38:  29000000 
INFO  @ Sat, 02 Jan 2021 11:24:46:  30000000 
INFO  @ Sat, 02 Jan 2021 11:24:53:  31000000 
INFO  @ Sat, 02 Jan 2021 11:25:00:  32000000 
INFO  @ Sat, 02 Jan 2021 11:25:07:  33000000 
INFO  @ Sat, 02 Jan 2021 11:25:15:  34000000 
INFO  @ Sat, 02 Jan 2021 11:25:21:  35000000 
INFO  @ Sat, 02 Jan 2021 11:25:21: Detected format is: BAM 
INFO  @ Sat, 02 Jan 2021 11:25:21: * Input file is gzipped. 
INFO  @ Sat, 02 Jan 2021 11:25:28:  1000000 
INFO  @ Sat, 02 Jan 2021 11:25:35:  2000000 
INFO  @ Sat, 02 Jan 2021 11:25:42:  3000000 
INFO  @ Sat, 02 Jan 2021 11:25:49:  4000000 
INFO  @ Sat, 02 Jan 2021 11:25:57:  5000000 
INFO  @ Sat, 02 Jan 2021 11:26:05:  6000000 
INFO  @ Sat, 02 Jan 2021 11:26:12:  7000000 
INFO  @ Sat, 02 Jan 2021 11:26:19:  8000000 
INFO  @ Sat, 02 Jan 2021 11:26:26:  9000000 
INFO  @ Sat, 02 Jan 2021 11:26:33:  10000000 
INFO  @ Sat, 02 Jan 2021 11:26:40:  11000000 
INFO  @ Sat, 02 Jan 2021 11:26:48:  12000000 
INFO  @ Sat, 02 Jan 2021 11:26:55:  13000000 
INFO  @ Sat, 02 Jan 2021 11:27:02:  14000000 
INFO  @ Sat, 02 Jan 2021 11:27:09:  15000000 
INFO  @ Sat, 02 Jan 2021 11:27:16:  16000000 
INFO  @ Sat, 02 Jan 2021 11:27:24:  17000000 
INFO  @ Sat, 02 Jan 2021 11:27:31:  18000000 
INFO  @ Sat, 02 Jan 2021 11:27:38:  19000000 
INFO  @ Sat, 02 Jan 2021 11:27:45:  20000000 
INFO  @ Sat, 02 Jan 2021 11:27:52:  21000000 
INFO  @ Sat, 02 Jan 2021 11:27:59:  22000000 
INFO  @ Sat, 02 Jan 2021 11:28:06:  23000000 
INFO  @ Sat, 02 Jan 2021 11:28:13:  24000000 
INFO  @ Sat, 02 Jan 2021 11:28:20:  25000000 
INFO  @ Sat, 02 Jan 2021 11:28:27:  26000000 
INFO  @ Sat, 02 Jan 2021 11:28:34:  27000000 
INFO  @ Sat, 02 Jan 2021 11:28:37: #1.2 read input tags... 
INFO  @ Sat, 02 Jan 2021 11:28:37: Detected format is: BAM 
INFO  @ Sat, 02 Jan 2021 11:28:37: * Input file is gzipped. 
INFO  @ Sat, 02 Jan 2021 11:28:43:  1000000 
INFO  @ Sat, 02 Jan 2021 11:28:50:  2000000 
INFO  @ Sat, 02 Jan 2021 11:28:57:  3000000 
INFO  @ Sat, 02 Jan 2021 11:29:04:  4000000 
INFO  @ Sat, 02 Jan 2021 11:29:10:  5000000 
INFO  @ Sat, 02 Jan 2021 11:29:17:  6000000 
INFO  @ Sat, 02 Jan 2021 11:29:23:  7000000 
INFO  @ Sat, 02 Jan 2021 11:29:30:  8000000 
INFO  @ Sat, 02 Jan 2021 11:29:36:  9000000 
INFO  @ Sat, 02 Jan 2021 11:29:43:  10000000 
INFO  @ Sat, 02 Jan 2021 11:29:50:  11000000 
INFO  @ Sat, 02 Jan 2021 11:29:56:  12000000 
INFO  @ Sat, 02 Jan 2021 11:30:03:  13000000 
INFO  @ Sat, 02 Jan 2021 11:30:09:  14000000 
INFO  @ Sat, 02 Jan 2021 11:30:16:  15000000 
INFO  @ Sat, 02 Jan 2021 11:30:23:  16000000 
INFO  @ Sat, 02 Jan 2021 11:30:29:  17000000 
INFO  @ Sat, 02 Jan 2021 11:30:36:  18000000 
INFO  @ Sat, 02 Jan 2021 11:30:42:  19000000 
INFO  @ Sat, 02 Jan 2021 11:30:49:  20000000 
INFO  @ Sat, 02 Jan 2021 11:30:55:  21000000 
INFO  @ Sat, 02 Jan 2021 11:31:02:  22000000 
INFO  @ Sat, 02 Jan 2021 11:31:09:  23000000 
INFO  @ Sat, 02 Jan 2021 11:31:15:  24000000 
INFO  @ Sat, 02 Jan 2021 11:31:17: Detected format is: BAM 
INFO  @ Sat, 02 Jan 2021 11:31:17: * Input file is gzipped. 
INFO  @ Sat, 02 Jan 2021 11:31:23:  1000000 
INFO  @ Sat, 02 Jan 2021 11:31:30:  2000000 
INFO  @ Sat, 02 Jan 2021 11:31:36:  3000000 
INFO  @ Sat, 02 Jan 2021 11:31:42:  4000000 
INFO  @ Sat, 02 Jan 2021 11:31:49:  5000000 
INFO  @ Sat, 02 Jan 2021 11:31:55:  6000000 
INFO  @ Sat, 02 Jan 2021 11:32:02:  7000000 
INFO  @ Sat, 02 Jan 2021 11:32:08:  8000000 
INFO  @ Sat, 02 Jan 2021 11:32:14:  9000000 
INFO  @ Sat, 02 Jan 2021 11:32:21:  10000000 
INFO  @ Sat, 02 Jan 2021 11:32:27:  11000000 
INFO  @ Sat, 02 Jan 2021 11:32:33:  12000000 
INFO  @ Sat, 02 Jan 2021 11:32:40:  13000000 
INFO  @ Sat, 02 Jan 2021 11:32:46:  14000000 
INFO  @ Sat, 02 Jan 2021 11:32:52:  15000000 
INFO  @ Sat, 02 Jan 2021 11:32:59:  16000000 
INFO  @ Sat, 02 Jan 2021 11:33:05:  17000000 
INFO  @ Sat, 02 Jan 2021 11:33:12:  18000000 
INFO  @ Sat, 02 Jan 2021 11:33:18:  19000000 
INFO  @ Sat, 02 Jan 2021 11:33:24:  20000000 
INFO  @ Sat, 02 Jan 2021 11:33:31:  21000000 
INFO  @ Sat, 02 Jan 2021 11:33:37:  22000000 
INFO  @ Sat, 02 Jan 2021 11:33:43:  23000000 
INFO  @ Sat, 02 Jan 2021 11:33:50:  24000000 
INFO  @ Sat, 02 Jan 2021 11:33:56:  25000000 
INFO  @ Sat, 02 Jan 2021 11:34:03:  26000000 
INFO  @ Sat, 02 Jan 2021 11:34:09:  27000000 
INFO  @ Sat, 02 Jan 2021 11:34:15:  28000000 
INFO  @ Sat, 02 Jan 2021 11:34:22:  29000000 
INFO  @ Sat, 02 Jan 2021 11:34:28:  30000000 
INFO  @ Sat, 02 Jan 2021 11:34:35:  31000000 
INFO  @ Sat, 02 Jan 2021 11:34:41:  32000000 
INFO  @ Sat, 02 Jan 2021 11:34:47:  33000000 
INFO  @ Sat, 02 Jan 2021 11:34:54:  34000000 
INFO  @ Sat, 02 Jan 2021 11:35:00:  35000000 
INFO  @ Sat, 02 Jan 2021 11:35:07:  36000000 
INFO  @ Sat, 02 Jan 2021 11:35:13:  37000000 
INFO  @ Sat, 02 Jan 2021 11:35:20:  38000000 
INFO  @ Sat, 02 Jan 2021 11:35:26:  39000000 
INFO  @ Sat, 02 Jan 2021 11:35:32:  40000000 
INFO  @ Sat, 02 Jan 2021 11:35:39:  41000000 
INFO  @ Sat, 02 Jan 2021 11:35:45:  42000000 
INFO  @ Sat, 02 Jan 2021 11:35:51:  43000000 
INFO  @ Sat, 02 Jan 2021 11:35:54: Detected format is: BAM 
INFO  @ Sat, 02 Jan 2021 11:35:54: * Input file is gzipped. 
INFO  @ Sat, 02 Jan 2021 11:36:01:  1000000 
INFO  @ Sat, 02 Jan 2021 11:36:07:  2000000 
INFO  @ Sat, 02 Jan 2021 11:36:13:  3000000 
INFO  @ Sat, 02 Jan 2021 11:36:20:  4000000 
INFO  @ Sat, 02 Jan 2021 11:36:26:  5000000 
INFO  @ Sat, 02 Jan 2021 11:36:33:  6000000 
INFO  @ Sat, 02 Jan 2021 11:36:39:  7000000 
INFO  @ Sat, 02 Jan 2021 11:36:46:  8000000 
INFO  @ Sat, 02 Jan 2021 11:36:52:  9000000 
INFO  @ Sat, 02 Jan 2021 11:36:58:  10000000 
INFO  @ Sat, 02 Jan 2021 11:37:05:  11000000 
INFO  @ Sat, 02 Jan 2021 11:37:11:  12000000 
INFO  @ Sat, 02 Jan 2021 11:37:18:  13000000 
INFO  @ Sat, 02 Jan 2021 11:37:24:  14000000 
INFO  @ Sat, 02 Jan 2021 11:37:31:  15000000 
INFO  @ Sat, 02 Jan 2021 11:37:37:  16000000 
INFO  @ Sat, 02 Jan 2021 11:37:44:  17000000 
INFO  @ Sat, 02 Jan 2021 11:37:50:  18000000 
INFO  @ Sat, 02 Jan 2021 11:37:56:  19000000 
INFO  @ Sat, 02 Jan 2021 11:38:03:  20000000 
INFO  @ Sat, 02 Jan 2021 11:38:09:  21000000 
INFO  @ Sat, 02 Jan 2021 11:38:15:  22000000 
INFO  @ Sat, 02 Jan 2021 11:38:22:  23000000 
INFO  @ Sat, 02 Jan 2021 11:38:28:  24000000 
INFO  @ Sat, 02 Jan 2021 11:38:35:  25000000 
INFO  @ Sat, 02 Jan 2021 11:38:41:  26000000 
INFO  @ Sat, 02 Jan 2021 11:38:47:  27000000 
INFO  @ Sat, 02 Jan 2021 11:38:54:  28000000 
INFO  @ Sat, 02 Jan 2021 11:39:00:  29000000 
INFO  @ Sat, 02 Jan 2021 11:39:07:  30000000 
INFO  @ Sat, 02 Jan 2021 11:39:13:  31000000 
INFO  @ Sat, 02 Jan 2021 11:39:20:  32000000 
INFO  @ Sat, 02 Jan 2021 11:39:26:  33000000 
INFO  @ Sat, 02 Jan 2021 11:39:32:  34000000 
INFO  @ Sat, 02 Jan 2021 11:39:38:  35000000 
INFO  @ Sat, 02 Jan 2021 11:39:45:  36000000 
INFO  @ Sat, 02 Jan 2021 11:39:51:  37000000 
INFO  @ Sat, 02 Jan 2021 11:39:57:  38000000 
INFO  @ Sat, 02 Jan 2021 11:40:04:  39000000 
INFO  @ Sat, 02 Jan 2021 11:40:10:  40000000 
INFO  @ Sat, 02 Jan 2021 11:40:15:  41000000 
INFO  @ Sat, 02 Jan 2021 11:40:20: #1 tag size is determined as 50 bps 
INFO  @ Sat, 02 Jan 2021 11:40:20: #1 tag size = 50 
INFO  @ Sat, 02 Jan 2021 11:40:20: #1  total tags in treatment: 61460270 
INFO  @ Sat, 02 Jan 2021 11:40:20: #1 user defined the maximum tags... 
INFO  @ Sat, 02 Jan 2021 11:40:20: #1 filter out redundant tags at the same location and the same strand by allowing at most 1 tag(s) 
INFO  @ Sat, 02 Jan 2021 11:40:21: #1  tags after filtering in treatment: 61012374 
INFO  @ Sat, 02 Jan 2021 11:40:21: #1  Redundant rate of treatment: 0.01 
INFO  @ Sat, 02 Jan 2021 11:40:21: #1  total tags in control: 107707849 
INFO  @ Sat, 02 Jan 2021 11:40:21: #1 user defined the maximum tags... 
INFO  @ Sat, 02 Jan 2021 11:40:21: #1 filter out redundant tags at the same location and the same strand by allowing at most 1 tag(s) 
INFO  @ Sat, 02 Jan 2021 11:40:24: #1  tags after filtering in control: 106501475 
INFO  @ Sat, 02 Jan 2021 11:40:24: #1  Redundant rate of control: 0.01 
INFO  @ Sat, 02 Jan 2021 11:40:24: #1 finished! 
INFO  @ Sat, 02 Jan 2021 11:40:24: #2 Build Peak Model... 
INFO  @ Sat, 02 Jan 2021 11:40:24: #2 Skipped... 
INFO  @ Sat, 02 Jan 2021 11:40:24: #2 Use 147 as fragment length 
INFO  @ Sat, 02 Jan 2021 11:40:24: #3 Call peaks... 
INFO  @ Sat, 02 Jan 2021 11:40:24: #3 Going to call summits inside each peak ... 
INFO  @ Sat, 02 Jan 2021 11:40:24: #3 Pre-compute pvalue-qvalue table... 
INFO  @ Sat, 02 Jan 2021 11:53:35: #3 In the peak calling step, the following will be performed simultaneously: 
INFO  @ Sat, 02 Jan 2021 11:53:35: #3   Write bedGraph files for treatment pileup (after scaling if necessary)... 2014_NAT_IMMUNOL_Kurachi___H3K4me1-invitro-d3-CD8_treat_pileup.bdg 
INFO  @ Sat, 02 Jan 2021 11:53:35: #3   Write bedGraph files for control lambda (after scaling if necessary)... 2014_NAT_IMMUNOL_Kurachi___H3K4me1-invitro-d3-CD8_control_lambda.bdg 
INFO  @ Sat, 02 Jan 2021 11:53:35: #3   --SPMR is requested, so pileup will be normalized by sequencing depth in million reads. 
INFO  @ Sat, 02 Jan 2021 11:53:35: #3 Call peaks for each chromosome... 
INFO  @ Sat, 02 Jan 2021 12:11:14: #4 Write output xls file... /gpfs/group/pipkin/hdiao/T_Cell_ChIP/2_MACS2/2014_NAT_IMMUNOL_Kurachi___H3K4me1-invitro-d3-CD8_peaks.xls 
INFO  @ Sat, 02 Jan 2021 12:11:16: #4 Write peak in narrowPeak format file... /gpfs/group/pipkin/hdiao/T_Cell_ChIP/2_MACS2/2014_NAT_IMMUNOL_Kurachi___H3K4me1-invitro-d3-CD8_peaks.narrowPeak 
INFO  @ Sat, 02 Jan 2021 12:11:17: #4 Write summits bed file... /gpfs/group/pipkin/hdiao/T_Cell_ChIP/2_MACS2/2014_NAT_IMMUNOL_Kurachi___H3K4me1-invitro-d3-CD8_summits.bed 
INFO  @ Sat, 02 Jan 2021 12:11:18: Done! 
INFO  @ Sat, 02 Jan 2021 12:11:19: 
# Command line: callpeak -t SRR1124802_srt_dupr_flb.bam SRR1124803_srt_dupr_flb.bam -c SRR1124815_srt_dupr_flb.bam SRR1124816_srt_dupr_flb.bam SRR1124817_srt_dupr_flb.bam -g mm --nomodel --extsize 147 --broad -n 2014_NAT_IMMUNOL_Kurachi___H3K4me1-invitro-d3-CD8 --outdir /gpfs/group/pipkin/hdiao/T_Cell_ChIP/2_MACS2_broad
# ARGUMENTS LIST:
# name = 2014_NAT_IMMUNOL_Kurachi___H3K4me1-invitro-d3-CD8
# format = AUTO
# ChIP-seq file = ['SRR1124802_srt_dupr_flb.bam', 'SRR1124803_srt_dupr_flb.bam']
# control file = ['SRR1124815_srt_dupr_flb.bam', 'SRR1124816_srt_dupr_flb.bam', 'SRR1124817_srt_dupr_flb.bam']
# effective genome size = 1.87e+09
# band width = 300
# model fold = [5, 50]
# qvalue cutoff for narrow/strong regions = 5.00e-02
# qvalue cutoff for broad/weak regions = 1.00e-01
# Larger dataset will be scaled towards smaller dataset.
# Range for calculating regional lambda is: 1000 bps and 10000 bps
# Broad region calling is on
 
INFO  @ Sat, 02 Jan 2021 12:11:19: #1 read tag files... 
INFO  @ Sat, 02 Jan 2021 12:11:19: #1 read treatment tags... 
INFO  @ Sat, 02 Jan 2021 12:11:19: Detected format is: BAM 
INFO  @ Sat, 02 Jan 2021 12:11:19: * Input file is gzipped. 
INFO  @ Sat, 02 Jan 2021 12:11:25:  1000000 
INFO  @ Sat, 02 Jan 2021 12:11:31:  2000000 
INFO  @ Sat, 02 Jan 2021 12:11:38:  3000000 
INFO  @ Sat, 02 Jan 2021 12:11:44:  4000000 
INFO  @ Sat, 02 Jan 2021 12:11:50:  5000000 
INFO  @ Sat, 02 Jan 2021 12:11:56:  6000000 
INFO  @ Sat, 02 Jan 2021 12:12:03:  7000000 
INFO  @ Sat, 02 Jan 2021 12:12:09:  8000000 
INFO  @ Sat, 02 Jan 2021 12:12:15:  9000000 
INFO  @ Sat, 02 Jan 2021 12:12:22:  10000000 
INFO  @ Sat, 02 Jan 2021 12:12:28:  11000000 
INFO  @ Sat, 02 Jan 2021 12:12:34:  12000000 
INFO  @ Sat, 02 Jan 2021 12:12:41:  13000000 
INFO  @ Sat, 02 Jan 2021 12:12:47:  14000000 
INFO  @ Sat, 02 Jan 2021 12:12:53:  15000000 
INFO  @ Sat, 02 Jan 2021 12:13:00:  16000000 
INFO  @ Sat, 02 Jan 2021 12:13:06:  17000000 
INFO  @ Sat, 02 Jan 2021 12:13:12:  18000000 
INFO  @ Sat, 02 Jan 2021 12:13:18:  19000000 
INFO  @ Sat, 02 Jan 2021 12:13:25:  20000000 
INFO  @ Sat, 02 Jan 2021 12:13:31:  21000000 
INFO  @ Sat, 02 Jan 2021 12:13:37:  22000000 
INFO  @ Sat, 02 Jan 2021 12:13:44:  23000000 
INFO  @ Sat, 02 Jan 2021 12:13:50:  24000000 
INFO  @ Sat, 02 Jan 2021 12:13:56:  25000000 
INFO  @ Sat, 02 Jan 2021 12:14:02:  26000000 
INFO  @ Sat, 02 Jan 2021 12:14:09:  27000000 
INFO  @ Sat, 02 Jan 2021 12:14:15:  28000000 
INFO  @ Sat, 02 Jan 2021 12:14:21:  29000000 
INFO  @ Sat, 02 Jan 2021 12:14:28:  30000000 
INFO  @ Sat, 02 Jan 2021 12:14:34:  31000000 
INFO  @ Sat, 02 Jan 2021 12:14:40:  32000000 
INFO  @ Sat, 02 Jan 2021 12:14:46:  33000000 
INFO  @ Sat, 02 Jan 2021 12:14:53:  34000000 
INFO  @ Sat, 02 Jan 2021 12:14:58:  35000000 
INFO  @ Sat, 02 Jan 2021 12:14:58: Detected format is: BAM 
INFO  @ Sat, 02 Jan 2021 12:14:58: * Input file is gzipped. 
INFO  @ Sat, 02 Jan 2021 12:15:04:  1000000 
INFO  @ Sat, 02 Jan 2021 12:15:11:  2000000 
INFO  @ Sat, 02 Jan 2021 12:15:17:  3000000 
INFO  @ Sat, 02 Jan 2021 12:15:24:  4000000 
INFO  @ Sat, 02 Jan 2021 12:15:30:  5000000 
INFO  @ Sat, 02 Jan 2021 12:15:36:  6000000 
INFO  @ Sat, 02 Jan 2021 12:15:43:  7000000 
INFO  @ Sat, 02 Jan 2021 12:15:49:  8000000 
INFO  @ Sat, 02 Jan 2021 12:15:56:  9000000 
INFO  @ Sat, 02 Jan 2021 12:16:02:  10000000 
INFO  @ Sat, 02 Jan 2021 12:16:08:  11000000 
INFO  @ Sat, 02 Jan 2021 12:16:15:  12000000 
INFO  @ Sat, 02 Jan 2021 12:16:21:  13000000 
INFO  @ Sat, 02 Jan 2021 12:16:27:  14000000 
INFO  @ Sat, 02 Jan 2021 12:16:34:  15000000 
INFO  @ Sat, 02 Jan 2021 12:16:40:  16000000 
INFO  @ Sat, 02 Jan 2021 12:16:46:  17000000 
INFO  @ Sat, 02 Jan 2021 12:16:53:  18000000 
INFO  @ Sat, 02 Jan 2021 12:16:59:  19000000 
INFO  @ Sat, 02 Jan 2021 12:17:06:  20000000 
INFO  @ Sat, 02 Jan 2021 12:17:12:  21000000 
INFO  @ Sat, 02 Jan 2021 12:17:19:  22000000 
INFO  @ Sat, 02 Jan 2021 12:17:25:  23000000 
INFO  @ Sat, 02 Jan 2021 12:17:32:  24000000 
INFO  @ Sat, 02 Jan 2021 12:17:38:  25000000 
INFO  @ Sat, 02 Jan 2021 12:17:45:  26000000 
INFO  @ Sat, 02 Jan 2021 12:17:51:  27000000 
INFO  @ Sat, 02 Jan 2021 12:17:54: #1.2 read input tags... 
INFO  @ Sat, 02 Jan 2021 12:17:54: Detected format is: BAM 
INFO  @ Sat, 02 Jan 2021 12:17:54: * Input file is gzipped. 
INFO  @ Sat, 02 Jan 2021 12:18:00:  1000000 
INFO  @ Sat, 02 Jan 2021 12:18:07:  2000000 
INFO  @ Sat, 02 Jan 2021 12:18:13:  3000000 
INFO  @ Sat, 02 Jan 2021 12:18:19:  4000000 
INFO  @ Sat, 02 Jan 2021 12:18:26:  5000000 
INFO  @ Sat, 02 Jan 2021 12:18:32:  6000000 
INFO  @ Sat, 02 Jan 2021 12:18:38:  7000000 
INFO  @ Sat, 02 Jan 2021 12:18:45:  8000000 
INFO  @ Sat, 02 Jan 2021 12:18:51:  9000000 
INFO  @ Sat, 02 Jan 2021 12:18:58:  10000000 
INFO  @ Sat, 02 Jan 2021 12:19:04:  11000000 
INFO  @ Sat, 02 Jan 2021 12:19:10:  12000000 
INFO  @ Sat, 02 Jan 2021 12:19:17:  13000000 
INFO  @ Sat, 02 Jan 2021 12:19:23:  14000000 
INFO  @ Sat, 02 Jan 2021 12:19:29:  15000000 
INFO  @ Sat, 02 Jan 2021 12:19:36:  16000000 
INFO  @ Sat, 02 Jan 2021 12:19:42:  17000000 
INFO  @ Sat, 02 Jan 2021 12:19:48:  18000000 
INFO  @ Sat, 02 Jan 2021 12:19:55:  19000000 
INFO  @ Sat, 02 Jan 2021 12:20:01:  20000000 
INFO  @ Sat, 02 Jan 2021 12:20:07:  21000000 
INFO  @ Sat, 02 Jan 2021 12:20:14:  22000000 
INFO  @ Sat, 02 Jan 2021 12:20:20:  23000000 
INFO  @ Sat, 02 Jan 2021 12:20:27:  24000000 
INFO  @ Sat, 02 Jan 2021 12:20:28: Detected format is: BAM 
INFO  @ Sat, 02 Jan 2021 12:20:28: * Input file is gzipped. 
INFO  @ Sat, 02 Jan 2021 12:20:35:  1000000 
INFO  @ Sat, 02 Jan 2021 12:20:41:  2000000 
INFO  @ Sat, 02 Jan 2021 12:20:47:  3000000 
INFO  @ Sat, 02 Jan 2021 12:20:53:  4000000 
INFO  @ Sat, 02 Jan 2021 12:20:59:  5000000 
INFO  @ Sat, 02 Jan 2021 12:21:06:  6000000 
INFO  @ Sat, 02 Jan 2021 12:21:12:  7000000 
INFO  @ Sat, 02 Jan 2021 12:21:18:  8000000 
INFO  @ Sat, 02 Jan 2021 12:21:24:  9000000 
INFO  @ Sat, 02 Jan 2021 12:21:30:  10000000 
INFO  @ Sat, 02 Jan 2021 12:21:36:  11000000 
INFO  @ Sat, 02 Jan 2021 12:21:43:  12000000 
INFO  @ Sat, 02 Jan 2021 12:21:49:  13000000 
INFO  @ Sat, 02 Jan 2021 12:21:55:  14000000 
INFO  @ Sat, 02 Jan 2021 12:22:01:  15000000 
INFO  @ Sat, 02 Jan 2021 12:22:07:  16000000 
INFO  @ Sat, 02 Jan 2021 12:22:13:  17000000 
INFO  @ Sat, 02 Jan 2021 12:22:20:  18000000 
INFO  @ Sat, 02 Jan 2021 12:22:26:  19000000 
INFO  @ Sat, 02 Jan 2021 12:22:32:  20000000 
INFO  @ Sat, 02 Jan 2021 12:22:38:  21000000 
INFO  @ Sat, 02 Jan 2021 12:22:44:  22000000 
INFO  @ Sat, 02 Jan 2021 12:22:50:  23000000 
INFO  @ Sat, 02 Jan 2021 12:22:56:  24000000 
INFO  @ Sat, 02 Jan 2021 12:23:03:  25000000 
INFO  @ Sat, 02 Jan 2021 12:23:09:  26000000 
INFO  @ Sat, 02 Jan 2021 12:23:15:  27000000 
INFO  @ Sat, 02 Jan 2021 12:23:21:  28000000 
INFO  @ Sat, 02 Jan 2021 12:23:27:  29000000 
INFO  @ Sat, 02 Jan 2021 12:23:33:  30000000 
INFO  @ Sat, 02 Jan 2021 12:23:40:  31000000 
INFO  @ Sat, 02 Jan 2021 12:23:46:  32000000 
INFO  @ Sat, 02 Jan 2021 12:23:52:  33000000 
INFO  @ Sat, 02 Jan 2021 12:23:58:  34000000 
INFO  @ Sat, 02 Jan 2021 12:24:04:  35000000 
INFO  @ Sat, 02 Jan 2021 12:24:11:  36000000 
INFO  @ Sat, 02 Jan 2021 12:24:17:  37000000 
INFO  @ Sat, 02 Jan 2021 12:24:23:  38000000 
INFO  @ Sat, 02 Jan 2021 12:24:29:  39000000 
INFO  @ Sat, 02 Jan 2021 12:24:36:  40000000 
INFO  @ Sat, 02 Jan 2021 12:24:42:  41000000 
INFO  @ Sat, 02 Jan 2021 12:24:48:  42000000 
INFO  @ Sat, 02 Jan 2021 12:24:54:  43000000 
INFO  @ Sat, 02 Jan 2021 12:24:57: Detected format is: BAM 
INFO  @ Sat, 02 Jan 2021 12:24:57: * Input file is gzipped. 
INFO  @ Sat, 02 Jan 2021 12:25:03:  1000000 
INFO  @ Sat, 02 Jan 2021 12:25:09:  2000000 
INFO  @ Sat, 02 Jan 2021 12:25:15:  3000000 
INFO  @ Sat, 02 Jan 2021 12:25:21:  4000000 
INFO  @ Sat, 02 Jan 2021 12:25:27:  5000000 
INFO  @ Sat, 02 Jan 2021 12:25:33:  6000000 
INFO  @ Sat, 02 Jan 2021 12:25:39:  7000000 
INFO  @ Sat, 02 Jan 2021 12:25:46:  8000000 
INFO  @ Sat, 02 Jan 2021 12:25:52:  9000000 
INFO  @ Sat, 02 Jan 2021 12:25:58:  10000000 
INFO  @ Sat, 02 Jan 2021 12:26:04:  11000000 
INFO  @ Sat, 02 Jan 2021 12:26:10:  12000000 
INFO  @ Sat, 02 Jan 2021 12:26:16:  13000000 
INFO  @ Sat, 02 Jan 2021 12:26:22:  14000000 
INFO  @ Sat, 02 Jan 2021 12:26:28:  15000000 
INFO  @ Sat, 02 Jan 2021 12:26:34:  16000000 
INFO  @ Sat, 02 Jan 2021 12:26:40:  17000000 
INFO  @ Sat, 02 Jan 2021 12:26:46:  18000000 
INFO  @ Sat, 02 Jan 2021 12:26:52:  19000000 
INFO  @ Sat, 02 Jan 2021 12:26:58:  20000000 
INFO  @ Sat, 02 Jan 2021 12:27:05:  21000000 
INFO  @ Sat, 02 Jan 2021 12:27:11:  22000000 
INFO  @ Sat, 02 Jan 2021 12:27:17:  23000000 
INFO  @ Sat, 02 Jan 2021 12:27:23:  24000000 
INFO  @ Sat, 02 Jan 2021 12:27:29:  25000000 
INFO  @ Sat, 02 Jan 2021 12:27:35:  26000000 
INFO  @ Sat, 02 Jan 2021 12:27:41:  27000000 
INFO  @ Sat, 02 Jan 2021 12:27:47:  28000000 
INFO  @ Sat, 02 Jan 2021 12:27:54:  29000000 
INFO  @ Sat, 02 Jan 2021 12:28:00:  30000000 
INFO  @ Sat, 02 Jan 2021 12:28:06:  31000000 
INFO  @ Sat, 02 Jan 2021 12:28:12:  32000000 
INFO  @ Sat, 02 Jan 2021 12:28:18:  33000000 
INFO  @ Sat, 02 Jan 2021 12:28:24:  34000000 
INFO  @ Sat, 02 Jan 2021 12:28:30:  35000000 
INFO  @ Sat, 02 Jan 2021 12:28:37:  36000000 
INFO  @ Sat, 02 Jan 2021 12:28:43:  37000000 
INFO  @ Sat, 02 Jan 2021 12:28:49:  38000000 
INFO  @ Sat, 02 Jan 2021 12:28:55:  39000000 
INFO  @ Sat, 02 Jan 2021 12:29:01:  40000000 
INFO  @ Sat, 02 Jan 2021 12:29:06:  41000000 
INFO  @ Sat, 02 Jan 2021 12:29:11: #1 tag size is determined as 50 bps 
INFO  @ Sat, 02 Jan 2021 12:29:11: #1 tag size = 50 
INFO  @ Sat, 02 Jan 2021 12:29:11: #1  total tags in treatment: 61460270 
INFO  @ Sat, 02 Jan 2021 12:29:11: #1 user defined the maximum tags... 
INFO  @ Sat, 02 Jan 2021 12:29:11: #1 filter out redundant tags at the same location and the same strand by allowing at most 1 tag(s) 
INFO  @ Sat, 02 Jan 2021 12:29:12: #1  tags after filtering in treatment: 61012374 
INFO  @ Sat, 02 Jan 2021 12:29:12: #1  Redundant rate of treatment: 0.01 
INFO  @ Sat, 02 Jan 2021 12:29:12: #1  total tags in control: 107707849 
INFO  @ Sat, 02 Jan 2021 12:29:12: #1 user defined the maximum tags... 
INFO  @ Sat, 02 Jan 2021 12:29:12: #1 filter out redundant tags at the same location and the same strand by allowing at most 1 tag(s) 
INFO  @ Sat, 02 Jan 2021 12:29:15: #1  tags after filtering in control: 106501475 
INFO  @ Sat, 02 Jan 2021 12:29:15: #1  Redundant rate of control: 0.01 
INFO  @ Sat, 02 Jan 2021 12:29:15: #1 finished! 
INFO  @ Sat, 02 Jan 2021 12:29:15: #2 Build Peak Model... 
INFO  @ Sat, 02 Jan 2021 12:29:15: #2 Skipped... 
INFO  @ Sat, 02 Jan 2021 12:29:15: #2 Use 147 as fragment length 
INFO  @ Sat, 02 Jan 2021 12:29:15: #3 Call peaks... 
INFO  @ Sat, 02 Jan 2021 12:29:15: #3 Call broad peaks with given level1 -log10qvalue cutoff and level2: 1.301030, 1.000000... 
INFO  @ Sat, 02 Jan 2021 12:29:15: #3 Pre-compute pvalue-qvalue table... 
INFO  @ Sat, 02 Jan 2021 12:40:51: #3 Call peaks for each chromosome... 
INFO  @ Sat, 02 Jan 2021 12:46:06: #4 Write output xls file... /gpfs/group/pipkin/hdiao/T_Cell_ChIP/2_MACS2_broad/2014_NAT_IMMUNOL_Kurachi___H3K4me1-invitro-d3-CD8_peaks.xls 
INFO  @ Sat, 02 Jan 2021 12:46:07: #4 Write broad peak in broadPeak format file... /gpfs/group/pipkin/hdiao/T_Cell_ChIP/2_MACS2_broad/2014_NAT_IMMUNOL_Kurachi___H3K4me1-invitro-d3-CD8_peaks.broadPeak 
INFO  @ Sat, 02 Jan 2021 12:46:07: #4 Write broad peak in bed12/gappedPeak format file... /gpfs/group/pipkin/hdiao/T_Cell_ChIP/2_MACS2_broad/2014_NAT_IMMUNOL_Kurachi___H3K4me1-invitro-d3-CD8_peaks.gappedPeak 
INFO  @ Sat, 02 Jan 2021 12:46:08: Done! 
