INFO  @ Sat, 02 Jan 2021 11:20:47: 
# Command line: callpeak -t SRR5905849_srt_dupr_flb.bam -c SRR5905836_srt_dupr_flb.bam -g mm -B --SPMR --nomodel --extsize 147 --call-summits -n 2017_PNAS_Li___STAT5B_IL2-IN1-deletion-CD4 --outdir /gpfs/group/pipkin/hdiao/T_Cell_ChIP/2_MACS2
# ARGUMENTS LIST:
# name = 2017_PNAS_Li___STAT5B_IL2-IN1-deletion-CD4
# format = AUTO
# ChIP-seq file = ['SRR5905849_srt_dupr_flb.bam']
# control file = ['SRR5905836_srt_dupr_flb.bam']
# effective genome size = 1.87e+09
# band width = 300
# model fold = [5, 50]
# qvalue cutoff = 5.00e-02
# Larger dataset will be scaled towards smaller dataset.
# Range for calculating regional lambda is: 1000 bps and 10000 bps
# Broad region calling is off
# Searching for subpeak summits is on
# MACS will save fragment pileup signal per million reads
 
INFO  @ Sat, 02 Jan 2021 11:20:47: #1 read tag files... 
INFO  @ Sat, 02 Jan 2021 11:20:47: #1 read treatment tags... 
INFO  @ Sat, 02 Jan 2021 11:20:47: Detected format is: BAM 
INFO  @ Sat, 02 Jan 2021 11:20:47: * Input file is gzipped. 
INFO  @ Sat, 02 Jan 2021 11:20:55:  1000000 
INFO  @ Sat, 02 Jan 2021 11:21:03:  2000000 
INFO  @ Sat, 02 Jan 2021 11:21:11:  3000000 
INFO  @ Sat, 02 Jan 2021 11:21:18:  4000000 
INFO  @ Sat, 02 Jan 2021 11:21:27:  5000000 
INFO  @ Sat, 02 Jan 2021 11:21:34:  6000000 
INFO  @ Sat, 02 Jan 2021 11:21:42:  7000000 
INFO  @ Sat, 02 Jan 2021 11:21:50:  8000000 
INFO  @ Sat, 02 Jan 2021 11:21:58:  9000000 
INFO  @ Sat, 02 Jan 2021 11:22:06:  10000000 
INFO  @ Sat, 02 Jan 2021 11:22:14:  11000000 
INFO  @ Sat, 02 Jan 2021 11:22:22:  12000000 
INFO  @ Sat, 02 Jan 2021 11:22:30:  13000000 
INFO  @ Sat, 02 Jan 2021 11:22:38:  14000000 
INFO  @ Sat, 02 Jan 2021 11:22:45:  15000000 
INFO  @ Sat, 02 Jan 2021 11:22:53:  16000000 
INFO  @ Sat, 02 Jan 2021 11:23:00:  17000000 
INFO  @ Sat, 02 Jan 2021 11:23:08:  18000000 
INFO  @ Sat, 02 Jan 2021 11:23:15:  19000000 
INFO  @ Sat, 02 Jan 2021 11:23:23:  20000000 
INFO  @ Sat, 02 Jan 2021 11:23:31:  21000000 
INFO  @ Sat, 02 Jan 2021 11:23:39:  22000000 
INFO  @ Sat, 02 Jan 2021 11:23:47:  23000000 
INFO  @ Sat, 02 Jan 2021 11:23:54:  24000000 
INFO  @ Sat, 02 Jan 2021 11:24:02:  25000000 
INFO  @ Sat, 02 Jan 2021 11:24:09:  26000000 
INFO  @ Sat, 02 Jan 2021 11:24:17:  27000000 
INFO  @ Sat, 02 Jan 2021 11:24:25:  28000000 
INFO  @ Sat, 02 Jan 2021 11:24:32:  29000000 
INFO  @ Sat, 02 Jan 2021 11:24:40:  30000000 
INFO  @ Sat, 02 Jan 2021 11:24:47:  31000000 
INFO  @ Sat, 02 Jan 2021 11:24:55:  32000000 
INFO  @ Sat, 02 Jan 2021 11:25:02:  33000000 
INFO  @ Sat, 02 Jan 2021 11:25:09:  34000000 
INFO  @ Sat, 02 Jan 2021 11:25:17:  35000000 
INFO  @ Sat, 02 Jan 2021 11:25:24:  36000000 
INFO  @ Sat, 02 Jan 2021 11:25:32:  37000000 
INFO  @ Sat, 02 Jan 2021 11:25:39:  38000000 
INFO  @ Sat, 02 Jan 2021 11:25:46:  39000000 
INFO  @ Sat, 02 Jan 2021 11:25:54:  40000000 
INFO  @ Sat, 02 Jan 2021 11:26:00:  41000000 
INFO  @ Sat, 02 Jan 2021 11:26:05:  42000000 
INFO  @ Sat, 02 Jan 2021 11:26:08: #1.2 read input tags... 
INFO  @ Sat, 02 Jan 2021 11:26:08: Detected format is: BAM 
INFO  @ Sat, 02 Jan 2021 11:26:08: * Input file is gzipped. 
INFO  @ Sat, 02 Jan 2021 11:26:14:  1000000 
INFO  @ Sat, 02 Jan 2021 11:26:22:  2000000 
INFO  @ Sat, 02 Jan 2021 11:26:29:  3000000 
INFO  @ Sat, 02 Jan 2021 11:26:37:  4000000 
INFO  @ Sat, 02 Jan 2021 11:26:44:  5000000 
INFO  @ Sat, 02 Jan 2021 11:26:46: #1 tag size is determined as 49 bps 
INFO  @ Sat, 02 Jan 2021 11:26:46: #1 tag size = 49 
INFO  @ Sat, 02 Jan 2021 11:26:46: #1  total tags in treatment: 40716152 
INFO  @ Sat, 02 Jan 2021 11:26:46: #1 user defined the maximum tags... 
INFO  @ Sat, 02 Jan 2021 11:26:46: #1 filter out redundant tags at the same location and the same strand by allowing at most 1 tag(s) 
INFO  @ Sat, 02 Jan 2021 11:26:47: #1  tags after filtering in treatment: 40716152 
INFO  @ Sat, 02 Jan 2021 11:26:47: #1  Redundant rate of treatment: 0.00 
INFO  @ Sat, 02 Jan 2021 11:26:47: #1  total tags in control: 5165098 
INFO  @ Sat, 02 Jan 2021 11:26:47: #1 user defined the maximum tags... 
INFO  @ Sat, 02 Jan 2021 11:26:47: #1 filter out redundant tags at the same location and the same strand by allowing at most 1 tag(s) 
INFO  @ Sat, 02 Jan 2021 11:26:48: #1  tags after filtering in control: 5165097 
INFO  @ Sat, 02 Jan 2021 11:26:48: #1  Redundant rate of control: 0.00 
INFO  @ Sat, 02 Jan 2021 11:26:48: #1 finished! 
INFO  @ Sat, 02 Jan 2021 11:26:48: #2 Build Peak Model... 
INFO  @ Sat, 02 Jan 2021 11:26:48: #2 Skipped... 
INFO  @ Sat, 02 Jan 2021 11:26:48: #2 Use 147 as fragment length 
INFO  @ Sat, 02 Jan 2021 11:26:48: #3 Call peaks... 
INFO  @ Sat, 02 Jan 2021 11:26:48: #3 Going to call summits inside each peak ... 
INFO  @ Sat, 02 Jan 2021 11:26:48: #3 Pre-compute pvalue-qvalue table... 
INFO  @ Sat, 02 Jan 2021 11:28:09: #3 In the peak calling step, the following will be performed simultaneously: 
INFO  @ Sat, 02 Jan 2021 11:28:09: #3   Write bedGraph files for treatment pileup (after scaling if necessary)... 2017_PNAS_Li___STAT5B_IL2-IN1-deletion-CD4_treat_pileup.bdg 
INFO  @ Sat, 02 Jan 2021 11:28:09: #3   Write bedGraph files for control lambda (after scaling if necessary)... 2017_PNAS_Li___STAT5B_IL2-IN1-deletion-CD4_control_lambda.bdg 
INFO  @ Sat, 02 Jan 2021 11:28:09: #3   --SPMR is requested, so pileup will be normalized by sequencing depth in million reads. 
INFO  @ Sat, 02 Jan 2021 11:28:09: #3 Call peaks for each chromosome... 
INFO  @ Sat, 02 Jan 2021 11:35:10: #4 Write output xls file... /gpfs/group/pipkin/hdiao/T_Cell_ChIP/2_MACS2/2017_PNAS_Li___STAT5B_IL2-IN1-deletion-CD4_peaks.xls 
INFO  @ Sat, 02 Jan 2021 11:35:10: #4 Write peak in narrowPeak format file... /gpfs/group/pipkin/hdiao/T_Cell_ChIP/2_MACS2/2017_PNAS_Li___STAT5B_IL2-IN1-deletion-CD4_peaks.narrowPeak 
INFO  @ Sat, 02 Jan 2021 11:35:10: #4 Write summits bed file... /gpfs/group/pipkin/hdiao/T_Cell_ChIP/2_MACS2/2017_PNAS_Li___STAT5B_IL2-IN1-deletion-CD4_summits.bed 
INFO  @ Sat, 02 Jan 2021 11:35:10: Done! 
