INFO  @ Sat, 02 Jan 2021 11:20:46: 
# Command line: callpeak -t SRR3233933_srt_dupr_flb.bam -g mm -B --SPMR --nomodel --extsize 147 --call-summits -n 2016_SCIENCE_Mackay___Blimp1-Bio_invitro-CD8 --outdir /gpfs/group/pipkin/hdiao/T_Cell_ChIP/2_MACS2
# ARGUMENTS LIST:
# name = 2016_SCIENCE_Mackay___Blimp1-Bio_invitro-CD8
# format = AUTO
# ChIP-seq file = ['SRR3233933_srt_dupr_flb.bam']
# control file = None
# effective genome size = 1.87e+09
# band width = 300
# model fold = [5, 50]
# qvalue cutoff = 5.00e-02
# Larger dataset will be scaled towards smaller dataset.
# Range for calculating regional lambda is: 10000 bps
# Broad region calling is off
# Searching for subpeak summits is on
# MACS will save fragment pileup signal per million reads
 
INFO  @ Sat, 02 Jan 2021 11:20:46: #1 read tag files... 
INFO  @ Sat, 02 Jan 2021 11:20:46: #1 read treatment tags... 
INFO  @ Sat, 02 Jan 2021 11:20:46: Detected format is: BAM 
INFO  @ Sat, 02 Jan 2021 11:20:46: * Input file is gzipped. 
INFO  @ Sat, 02 Jan 2021 11:20:53:  1000000 
INFO  @ Sat, 02 Jan 2021 11:21:00:  2000000 
INFO  @ Sat, 02 Jan 2021 11:21:07:  3000000 
INFO  @ Sat, 02 Jan 2021 11:21:14:  4000000 
INFO  @ Sat, 02 Jan 2021 11:21:21:  5000000 
INFO  @ Sat, 02 Jan 2021 11:21:27:  6000000 
INFO  @ Sat, 02 Jan 2021 11:21:34:  7000000 
INFO  @ Sat, 02 Jan 2021 11:21:41:  8000000 
INFO  @ Sat, 02 Jan 2021 11:21:48:  9000000 
INFO  @ Sat, 02 Jan 2021 11:21:54:  10000000 
INFO  @ Sat, 02 Jan 2021 11:22:01:  11000000 
INFO  @ Sat, 02 Jan 2021 11:22:07:  12000000 
INFO  @ Sat, 02 Jan 2021 11:22:14:  13000000 
INFO  @ Sat, 02 Jan 2021 11:22:21:  14000000 
INFO  @ Sat, 02 Jan 2021 11:22:27:  15000000 
INFO  @ Sat, 02 Jan 2021 11:22:34:  16000000 
INFO  @ Sat, 02 Jan 2021 11:22:40:  17000000 
INFO  @ Sat, 02 Jan 2021 11:22:47:  18000000 
INFO  @ Sat, 02 Jan 2021 11:22:53:  19000000 
INFO  @ Sat, 02 Jan 2021 11:22:59:  20000000 
INFO  @ Sat, 02 Jan 2021 11:23:05:  21000000 
INFO  @ Sat, 02 Jan 2021 11:23:12:  22000000 
INFO  @ Sat, 02 Jan 2021 11:23:18:  23000000 
INFO  @ Sat, 02 Jan 2021 11:23:25:  24000000 
INFO  @ Sat, 02 Jan 2021 11:23:31:  25000000 
INFO  @ Sat, 02 Jan 2021 11:23:37:  26000000 
INFO  @ Sat, 02 Jan 2021 11:23:44:  27000000 
INFO  @ Sat, 02 Jan 2021 11:23:50:  28000000 
INFO  @ Sat, 02 Jan 2021 11:23:56:  29000000 
INFO  @ Sat, 02 Jan 2021 11:24:02:  30000000 
INFO  @ Sat, 02 Jan 2021 11:24:09:  31000000 
INFO  @ Sat, 02 Jan 2021 11:24:15:  32000000 
INFO  @ Sat, 02 Jan 2021 11:24:22:  33000000 
INFO  @ Sat, 02 Jan 2021 11:24:28:  34000000 
INFO  @ Sat, 02 Jan 2021 11:24:33:  35000000 
INFO  @ Sat, 02 Jan 2021 11:24:37:  36000000 
INFO  @ Sat, 02 Jan 2021 11:24:41:  37000000 
INFO  @ Sat, 02 Jan 2021 11:24:45:  38000000 
INFO  @ Sat, 02 Jan 2021 11:24:49:  39000000 
INFO  @ Sat, 02 Jan 2021 11:24:53:  40000000 
INFO  @ Sat, 02 Jan 2021 11:24:57:  41000000 
INFO  @ Sat, 02 Jan 2021 11:25:01:  42000000 
INFO  @ Sat, 02 Jan 2021 11:25:05:  43000000 
INFO  @ Sat, 02 Jan 2021 11:25:07: #1 tag size is determined as 49 bps 
INFO  @ Sat, 02 Jan 2021 11:25:07: #1 tag size = 49 
INFO  @ Sat, 02 Jan 2021 11:25:07: #1  total tags in treatment: 17157580 
INFO  @ Sat, 02 Jan 2021 11:25:07: #1 user defined the maximum tags... 
INFO  @ Sat, 02 Jan 2021 11:25:07: #1 filter out redundant tags at the same location and the same strand by allowing at most 1 tag(s) 
INFO  @ Sat, 02 Jan 2021 11:25:08: #1  tags after filtering in treatment: 17157580 
INFO  @ Sat, 02 Jan 2021 11:25:08: #1  Redundant rate of treatment: 0.00 
INFO  @ Sat, 02 Jan 2021 11:25:08: #1 finished! 
INFO  @ Sat, 02 Jan 2021 11:25:08: #2 Build Peak Model... 
INFO  @ Sat, 02 Jan 2021 11:25:08: #2 Skipped... 
INFO  @ Sat, 02 Jan 2021 11:25:08: #2 Use 147 as fragment length 
INFO  @ Sat, 02 Jan 2021 11:25:08: #3 Call peaks... 
INFO  @ Sat, 02 Jan 2021 11:25:08: #3 Going to call summits inside each peak ... 
INFO  @ Sat, 02 Jan 2021 11:25:08: #3 Pre-compute pvalue-qvalue table... 
INFO  @ Sat, 02 Jan 2021 11:26:01: #3 In the peak calling step, the following will be performed simultaneously: 
INFO  @ Sat, 02 Jan 2021 11:26:01: #3   Write bedGraph files for treatment pileup (after scaling if necessary)... 2016_SCIENCE_Mackay___Blimp1-Bio_invitro-CD8_treat_pileup.bdg 
INFO  @ Sat, 02 Jan 2021 11:26:01: #3   Write bedGraph files for control lambda (after scaling if necessary)... 2016_SCIENCE_Mackay___Blimp1-Bio_invitro-CD8_control_lambda.bdg 
INFO  @ Sat, 02 Jan 2021 11:26:01: #3   --SPMR is requested, so pileup will be normalized by sequencing depth in million reads. 
INFO  @ Sat, 02 Jan 2021 11:26:01: #3 Call peaks for each chromosome... 
INFO  @ Sat, 02 Jan 2021 11:28:32: #4 Write output xls file... /gpfs/group/pipkin/hdiao/T_Cell_ChIP/2_MACS2/2016_SCIENCE_Mackay___Blimp1-Bio_invitro-CD8_peaks.xls 
INFO  @ Sat, 02 Jan 2021 11:28:32: #4 Write peak in narrowPeak format file... /gpfs/group/pipkin/hdiao/T_Cell_ChIP/2_MACS2/2016_SCIENCE_Mackay___Blimp1-Bio_invitro-CD8_peaks.narrowPeak 
INFO  @ Sat, 02 Jan 2021 11:28:32: #4 Write summits bed file... /gpfs/group/pipkin/hdiao/T_Cell_ChIP/2_MACS2/2016_SCIENCE_Mackay___Blimp1-Bio_invitro-CD8_summits.bed 
INFO  @ Sat, 02 Jan 2021 11:28:32: Done! 
