INFO  @ Sat, 02 Jan 2021 11:20:46: 
# Command line: callpeak -t SRR5217329_srt_dupr_flb.bam -g mm -B --SPMR --nomodel --extsize 147 --call-summits -n 2017_NAT_IMMUNOL_Shan___CBFb_LCMVarmD8_P14-CD8-WT --outdir /gpfs/group/pipkin/hdiao/T_Cell_ChIP/2_MACS2
# ARGUMENTS LIST:
# name = 2017_NAT_IMMUNOL_Shan___CBFb_LCMVarmD8_P14-CD8-WT
# format = AUTO
# ChIP-seq file = ['SRR5217329_srt_dupr_flb.bam']
# control file = None
# effective genome size = 1.87e+09
# band width = 300
# model fold = [5, 50]
# qvalue cutoff = 5.00e-02
# Larger dataset will be scaled towards smaller dataset.
# Range for calculating regional lambda is: 10000 bps
# Broad region calling is off
# Searching for subpeak summits is on
# MACS will save fragment pileup signal per million reads
 
INFO  @ Sat, 02 Jan 2021 11:20:46: #1 read tag files... 
INFO  @ Sat, 02 Jan 2021 11:20:46: #1 read treatment tags... 
INFO  @ Sat, 02 Jan 2021 11:20:46: Detected format is: BAM 
INFO  @ Sat, 02 Jan 2021 11:20:46: * Input file is gzipped. 
INFO  @ Sat, 02 Jan 2021 11:20:54:  1000000 
INFO  @ Sat, 02 Jan 2021 11:21:02:  2000000 
INFO  @ Sat, 02 Jan 2021 11:21:10:  3000000 
INFO  @ Sat, 02 Jan 2021 11:21:17:  4000000 
INFO  @ Sat, 02 Jan 2021 11:21:25:  5000000 
INFO  @ Sat, 02 Jan 2021 11:21:33:  6000000 
INFO  @ Sat, 02 Jan 2021 11:21:41:  7000000 
INFO  @ Sat, 02 Jan 2021 11:21:48:  8000000 
INFO  @ Sat, 02 Jan 2021 11:21:55:  9000000 
INFO  @ Sat, 02 Jan 2021 11:22:03:  10000000 
INFO  @ Sat, 02 Jan 2021 11:22:10:  11000000 
INFO  @ Sat, 02 Jan 2021 11:22:19:  12000000 
INFO  @ Sat, 02 Jan 2021 11:22:26:  13000000 
INFO  @ Sat, 02 Jan 2021 11:22:33:  14000000 
INFO  @ Sat, 02 Jan 2021 11:22:41:  15000000 
INFO  @ Sat, 02 Jan 2021 11:22:48:  16000000 
INFO  @ Sat, 02 Jan 2021 11:22:55:  17000000 
INFO  @ Sat, 02 Jan 2021 11:23:02:  18000000 
INFO  @ Sat, 02 Jan 2021 11:23:09:  19000000 
INFO  @ Sat, 02 Jan 2021 11:23:17:  20000000 
INFO  @ Sat, 02 Jan 2021 11:23:24:  21000000 
INFO  @ Sat, 02 Jan 2021 11:23:32:  22000000 
INFO  @ Sat, 02 Jan 2021 11:23:39:  23000000 
INFO  @ Sat, 02 Jan 2021 11:23:46:  24000000 
INFO  @ Sat, 02 Jan 2021 11:23:53:  25000000 
INFO  @ Sat, 02 Jan 2021 11:24:01:  26000000 
INFO  @ Sat, 02 Jan 2021 11:24:09:  27000000 
INFO  @ Sat, 02 Jan 2021 11:24:17:  28000000 
INFO  @ Sat, 02 Jan 2021 11:24:24:  29000000 
INFO  @ Sat, 02 Jan 2021 11:24:31:  30000000 
INFO  @ Sat, 02 Jan 2021 11:24:38:  31000000 
INFO  @ Sat, 02 Jan 2021 11:24:46:  32000000 
INFO  @ Sat, 02 Jan 2021 11:24:53:  33000000 
INFO  @ Sat, 02 Jan 2021 11:24:55: #1 tag size is determined as 50 bps 
INFO  @ Sat, 02 Jan 2021 11:24:55: #1 tag size = 50 
INFO  @ Sat, 02 Jan 2021 11:24:55: #1  total tags in treatment: 32877915 
INFO  @ Sat, 02 Jan 2021 11:24:55: #1 user defined the maximum tags... 
INFO  @ Sat, 02 Jan 2021 11:24:55: #1 filter out redundant tags at the same location and the same strand by allowing at most 1 tag(s) 
INFO  @ Sat, 02 Jan 2021 11:24:56: #1  tags after filtering in treatment: 32877915 
INFO  @ Sat, 02 Jan 2021 11:24:56: #1  Redundant rate of treatment: 0.00 
INFO  @ Sat, 02 Jan 2021 11:24:56: #1 finished! 
INFO  @ Sat, 02 Jan 2021 11:24:56: #2 Build Peak Model... 
INFO  @ Sat, 02 Jan 2021 11:24:56: #2 Skipped... 
INFO  @ Sat, 02 Jan 2021 11:24:56: #2 Use 147 as fragment length 
INFO  @ Sat, 02 Jan 2021 11:24:56: #3 Call peaks... 
INFO  @ Sat, 02 Jan 2021 11:24:56: #3 Going to call summits inside each peak ... 
INFO  @ Sat, 02 Jan 2021 11:24:56: #3 Pre-compute pvalue-qvalue table... 
INFO  @ Sat, 02 Jan 2021 11:26:41: #3 In the peak calling step, the following will be performed simultaneously: 
INFO  @ Sat, 02 Jan 2021 11:26:41: #3   Write bedGraph files for treatment pileup (after scaling if necessary)... 2017_NAT_IMMUNOL_Shan___CBFb_LCMVarmD8_P14-CD8-WT_treat_pileup.bdg 
INFO  @ Sat, 02 Jan 2021 11:26:41: #3   Write bedGraph files for control lambda (after scaling if necessary)... 2017_NAT_IMMUNOL_Shan___CBFb_LCMVarmD8_P14-CD8-WT_control_lambda.bdg 
INFO  @ Sat, 02 Jan 2021 11:26:41: #3   --SPMR is requested, so pileup will be normalized by sequencing depth in million reads. 
INFO  @ Sat, 02 Jan 2021 11:26:41: #3 Call peaks for each chromosome... 
INFO  @ Sat, 02 Jan 2021 11:31:25: #4 Write output xls file... /gpfs/group/pipkin/hdiao/T_Cell_ChIP/2_MACS2/2017_NAT_IMMUNOL_Shan___CBFb_LCMVarmD8_P14-CD8-WT_peaks.xls 
INFO  @ Sat, 02 Jan 2021 11:31:25: #4 Write peak in narrowPeak format file... /gpfs/group/pipkin/hdiao/T_Cell_ChIP/2_MACS2/2017_NAT_IMMUNOL_Shan___CBFb_LCMVarmD8_P14-CD8-WT_peaks.narrowPeak 
INFO  @ Sat, 02 Jan 2021 11:31:25: #4 Write summits bed file... /gpfs/group/pipkin/hdiao/T_Cell_ChIP/2_MACS2/2017_NAT_IMMUNOL_Shan___CBFb_LCMVarmD8_P14-CD8-WT_summits.bed 
INFO  @ Sat, 02 Jan 2021 11:31:25: Done! 
