INFO  @ Sat, 02 Jan 2021 11:20:46: 
# Command line: callpeak -t SRR4437331_srt_dupr_flb.bam SRR4437332_srt_dupr_flb.bam -c SRR4437355_srt_dupr_flb.bam SRR4437356_srt_dupr_flb.bam -g mm -B --SPMR --nomodel --extsize 147 --call-summits -n 2017_NAT_IMMUNOL_Yu___H3K4me1_P14-CD8-TE --outdir /gpfs/group/pipkin/hdiao/T_Cell_ChIP/2_MACS2
# ARGUMENTS LIST:
# name = 2017_NAT_IMMUNOL_Yu___H3K4me1_P14-CD8-TE
# format = AUTO
# ChIP-seq file = ['SRR4437331_srt_dupr_flb.bam', 'SRR4437332_srt_dupr_flb.bam']
# control file = ['SRR4437355_srt_dupr_flb.bam', 'SRR4437356_srt_dupr_flb.bam']
# effective genome size = 1.87e+09
# band width = 300
# model fold = [5, 50]
# qvalue cutoff = 5.00e-02
# Larger dataset will be scaled towards smaller dataset.
# Range for calculating regional lambda is: 1000 bps and 10000 bps
# Broad region calling is off
# Searching for subpeak summits is on
# MACS will save fragment pileup signal per million reads
 
INFO  @ Sat, 02 Jan 2021 11:20:46: #1 read tag files... 
INFO  @ Sat, 02 Jan 2021 11:20:46: #1 read treatment tags... 
INFO  @ Sat, 02 Jan 2021 11:20:47: Detected format is: BAM 
INFO  @ Sat, 02 Jan 2021 11:20:47: * Input file is gzipped. 
INFO  @ Sat, 02 Jan 2021 11:20:54:  1000000 
INFO  @ Sat, 02 Jan 2021 11:21:02:  2000000 
INFO  @ Sat, 02 Jan 2021 11:21:10:  3000000 
INFO  @ Sat, 02 Jan 2021 11:21:18:  4000000 
INFO  @ Sat, 02 Jan 2021 11:21:26:  5000000 
INFO  @ Sat, 02 Jan 2021 11:21:33:  6000000 
INFO  @ Sat, 02 Jan 2021 11:21:41:  7000000 
INFO  @ Sat, 02 Jan 2021 11:21:49:  8000000 
INFO  @ Sat, 02 Jan 2021 11:21:56:  9000000 
INFO  @ Sat, 02 Jan 2021 11:22:05:  10000000 
INFO  @ Sat, 02 Jan 2021 11:22:13:  11000000 
INFO  @ Sat, 02 Jan 2021 11:22:21:  12000000 
INFO  @ Sat, 02 Jan 2021 11:22:28:  13000000 
INFO  @ Sat, 02 Jan 2021 11:22:35:  14000000 
INFO  @ Sat, 02 Jan 2021 11:22:43:  15000000 
INFO  @ Sat, 02 Jan 2021 11:22:51:  16000000 
INFO  @ Sat, 02 Jan 2021 11:22:58:  17000000 
INFO  @ Sat, 02 Jan 2021 11:23:05:  18000000 
INFO  @ Sat, 02 Jan 2021 11:23:12:  19000000 
INFO  @ Sat, 02 Jan 2021 11:23:19:  20000000 
INFO  @ Sat, 02 Jan 2021 11:23:27:  21000000 
INFO  @ Sat, 02 Jan 2021 11:23:35:  22000000 
INFO  @ Sat, 02 Jan 2021 11:23:42:  23000000 
INFO  @ Sat, 02 Jan 2021 11:23:48: Detected format is: BAM 
INFO  @ Sat, 02 Jan 2021 11:23:48: * Input file is gzipped. 
INFO  @ Sat, 02 Jan 2021 11:23:56:  1000000 
INFO  @ Sat, 02 Jan 2021 11:24:03:  2000000 
INFO  @ Sat, 02 Jan 2021 11:24:10:  3000000 
INFO  @ Sat, 02 Jan 2021 11:24:19:  4000000 
INFO  @ Sat, 02 Jan 2021 11:24:26:  5000000 
INFO  @ Sat, 02 Jan 2021 11:24:34:  6000000 
INFO  @ Sat, 02 Jan 2021 11:24:42:  7000000 
INFO  @ Sat, 02 Jan 2021 11:24:49:  8000000 
INFO  @ Sat, 02 Jan 2021 11:24:57:  9000000 
INFO  @ Sat, 02 Jan 2021 11:25:04:  10000000 
INFO  @ Sat, 02 Jan 2021 11:25:11:  11000000 
INFO  @ Sat, 02 Jan 2021 11:25:19:  12000000 
INFO  @ Sat, 02 Jan 2021 11:25:26:  13000000 
INFO  @ Sat, 02 Jan 2021 11:25:32:  14000000 
INFO  @ Sat, 02 Jan 2021 11:25:40:  15000000 
INFO  @ Sat, 02 Jan 2021 11:25:47:  16000000 
INFO  @ Sat, 02 Jan 2021 11:25:54:  17000000 
INFO  @ Sat, 02 Jan 2021 11:26:02:  18000000 
INFO  @ Sat, 02 Jan 2021 11:26:09:  19000000 
INFO  @ Sat, 02 Jan 2021 11:26:16:  20000000 
INFO  @ Sat, 02 Jan 2021 11:26:23:  21000000 
INFO  @ Sat, 02 Jan 2021 11:26:30:  22000000 
INFO  @ Sat, 02 Jan 2021 11:26:37:  23000000 
INFO  @ Sat, 02 Jan 2021 11:26:45:  24000000 
INFO  @ Sat, 02 Jan 2021 11:26:52:  25000000 
INFO  @ Sat, 02 Jan 2021 11:26:59:  26000000 
INFO  @ Sat, 02 Jan 2021 11:27:06:  27000000 
INFO  @ Sat, 02 Jan 2021 11:27:12: #1.2 read input tags... 
INFO  @ Sat, 02 Jan 2021 11:27:12: Detected format is: BAM 
INFO  @ Sat, 02 Jan 2021 11:27:12: * Input file is gzipped. 
INFO  @ Sat, 02 Jan 2021 11:27:19:  1000000 
INFO  @ Sat, 02 Jan 2021 11:27:26:  2000000 
INFO  @ Sat, 02 Jan 2021 11:27:33:  3000000 
INFO  @ Sat, 02 Jan 2021 11:27:40:  4000000 
INFO  @ Sat, 02 Jan 2021 11:27:46:  5000000 
INFO  @ Sat, 02 Jan 2021 11:27:53:  6000000 
INFO  @ Sat, 02 Jan 2021 11:28:00:  7000000 
INFO  @ Sat, 02 Jan 2021 11:28:07:  8000000 
INFO  @ Sat, 02 Jan 2021 11:28:13:  9000000 
INFO  @ Sat, 02 Jan 2021 11:28:20:  10000000 
INFO  @ Sat, 02 Jan 2021 11:28:27:  11000000 
INFO  @ Sat, 02 Jan 2021 11:28:34:  12000000 
INFO  @ Sat, 02 Jan 2021 11:28:40:  13000000 
INFO  @ Sat, 02 Jan 2021 11:28:46:  14000000 
INFO  @ Sat, 02 Jan 2021 11:28:53:  15000000 
INFO  @ Sat, 02 Jan 2021 11:29:00:  16000000 
INFO  @ Sat, 02 Jan 2021 11:29:06:  17000000 
INFO  @ Sat, 02 Jan 2021 11:29:13:  18000000 
INFO  @ Sat, 02 Jan 2021 11:29:20:  19000000 
INFO  @ Sat, 02 Jan 2021 11:29:26:  20000000 
INFO  @ Sat, 02 Jan 2021 11:29:32:  21000000 
INFO  @ Sat, 02 Jan 2021 11:29:39:  22000000 
INFO  @ Sat, 02 Jan 2021 11:29:45:  23000000 
INFO  @ Sat, 02 Jan 2021 11:29:51:  24000000 
INFO  @ Sat, 02 Jan 2021 11:29:58:  25000000 
INFO  @ Sat, 02 Jan 2021 11:30:04:  26000000 
INFO  @ Sat, 02 Jan 2021 11:30:10:  27000000 
INFO  @ Sat, 02 Jan 2021 11:30:17:  28000000 
INFO  @ Sat, 02 Jan 2021 11:30:23:  29000000 
INFO  @ Sat, 02 Jan 2021 11:30:29:  30000000 
INFO  @ Sat, 02 Jan 2021 11:30:35:  31000000 
INFO  @ Sat, 02 Jan 2021 11:30:42:  32000000 
INFO  @ Sat, 02 Jan 2021 11:30:48:  33000000 
INFO  @ Sat, 02 Jan 2021 11:30:55:  34000000 
INFO  @ Sat, 02 Jan 2021 11:31:01:  35000000 
INFO  @ Sat, 02 Jan 2021 11:31:07:  36000000 
INFO  @ Sat, 02 Jan 2021 11:31:09: Detected format is: BAM 
INFO  @ Sat, 02 Jan 2021 11:31:09: * Input file is gzipped. 
INFO  @ Sat, 02 Jan 2021 11:31:16:  1000000 
INFO  @ Sat, 02 Jan 2021 11:31:22:  2000000 
INFO  @ Sat, 02 Jan 2021 11:31:29:  3000000 
INFO  @ Sat, 02 Jan 2021 11:31:35:  4000000 
INFO  @ Sat, 02 Jan 2021 11:31:42:  5000000 
INFO  @ Sat, 02 Jan 2021 11:31:48:  6000000 
INFO  @ Sat, 02 Jan 2021 11:31:55:  7000000 
INFO  @ Sat, 02 Jan 2021 11:32:01: #1 tag size is determined as 50 bps 
INFO  @ Sat, 02 Jan 2021 11:32:01: #1 tag size = 50 
INFO  @ Sat, 02 Jan 2021 11:32:01: #1  total tags in treatment: 50870996 
INFO  @ Sat, 02 Jan 2021 11:32:01: #1 user defined the maximum tags... 
INFO  @ Sat, 02 Jan 2021 11:32:01: #1 filter out redundant tags at the same location and the same strand by allowing at most 1 tag(s) 
INFO  @ Sat, 02 Jan 2021 11:32:03: #1  tags after filtering in treatment: 50213788 
INFO  @ Sat, 02 Jan 2021 11:32:03: #1  Redundant rate of treatment: 0.01 
INFO  @ Sat, 02 Jan 2021 11:32:03: #1  total tags in control: 43585378 
INFO  @ Sat, 02 Jan 2021 11:32:03: #1 user defined the maximum tags... 
INFO  @ Sat, 02 Jan 2021 11:32:03: #1 filter out redundant tags at the same location and the same strand by allowing at most 1 tag(s) 
INFO  @ Sat, 02 Jan 2021 11:32:04: #1  tags after filtering in control: 43454996 
INFO  @ Sat, 02 Jan 2021 11:32:04: #1  Redundant rate of control: 0.00 
INFO  @ Sat, 02 Jan 2021 11:32:04: #1 finished! 
INFO  @ Sat, 02 Jan 2021 11:32:04: #2 Build Peak Model... 
INFO  @ Sat, 02 Jan 2021 11:32:04: #2 Skipped... 
INFO  @ Sat, 02 Jan 2021 11:32:04: #2 Use 147 as fragment length 
INFO  @ Sat, 02 Jan 2021 11:32:04: #3 Call peaks... 
INFO  @ Sat, 02 Jan 2021 11:32:04: #3 Going to call summits inside each peak ... 
INFO  @ Sat, 02 Jan 2021 11:32:04: #3 Pre-compute pvalue-qvalue table... 
INFO  @ Sat, 02 Jan 2021 11:36:39: #3 In the peak calling step, the following will be performed simultaneously: 
INFO  @ Sat, 02 Jan 2021 11:36:39: #3   Write bedGraph files for treatment pileup (after scaling if necessary)... 2017_NAT_IMMUNOL_Yu___H3K4me1_P14-CD8-TE_treat_pileup.bdg 
INFO  @ Sat, 02 Jan 2021 11:36:39: #3   Write bedGraph files for control lambda (after scaling if necessary)... 2017_NAT_IMMUNOL_Yu___H3K4me1_P14-CD8-TE_control_lambda.bdg 
INFO  @ Sat, 02 Jan 2021 11:36:39: #3   --SPMR is requested, so pileup will be normalized by sequencing depth in million reads. 
INFO  @ Sat, 02 Jan 2021 11:36:39: #3 Call peaks for each chromosome... 
INFO  @ Sat, 02 Jan 2021 11:48:52: #4 Write output xls file... /gpfs/group/pipkin/hdiao/T_Cell_ChIP/2_MACS2/2017_NAT_IMMUNOL_Yu___H3K4me1_P14-CD8-TE_peaks.xls 
INFO  @ Sat, 02 Jan 2021 11:48:55: #4 Write peak in narrowPeak format file... /gpfs/group/pipkin/hdiao/T_Cell_ChIP/2_MACS2/2017_NAT_IMMUNOL_Yu___H3K4me1_P14-CD8-TE_peaks.narrowPeak 
INFO  @ Sat, 02 Jan 2021 11:48:57: #4 Write summits bed file... /gpfs/group/pipkin/hdiao/T_Cell_ChIP/2_MACS2/2017_NAT_IMMUNOL_Yu___H3K4me1_P14-CD8-TE_summits.bed 
INFO  @ Sat, 02 Jan 2021 11:48:58: Done! 
INFO  @ Sat, 02 Jan 2021 11:48:58: 
# Command line: callpeak -t SRR4437331_srt_dupr_flb.bam SRR4437332_srt_dupr_flb.bam -c SRR4437355_srt_dupr_flb.bam SRR4437356_srt_dupr_flb.bam -g mm --nomodel --extsize 147 --broad -n 2017_NAT_IMMUNOL_Yu___H3K4me1_P14-CD8-TE --outdir /gpfs/group/pipkin/hdiao/T_Cell_ChIP/2_MACS2_broad
# ARGUMENTS LIST:
# name = 2017_NAT_IMMUNOL_Yu___H3K4me1_P14-CD8-TE
# format = AUTO
# ChIP-seq file = ['SRR4437331_srt_dupr_flb.bam', 'SRR4437332_srt_dupr_flb.bam']
# control file = ['SRR4437355_srt_dupr_flb.bam', 'SRR4437356_srt_dupr_flb.bam']
# effective genome size = 1.87e+09
# band width = 300
# model fold = [5, 50]
# qvalue cutoff for narrow/strong regions = 5.00e-02
# qvalue cutoff for broad/weak regions = 1.00e-01
# Larger dataset will be scaled towards smaller dataset.
# Range for calculating regional lambda is: 1000 bps and 10000 bps
# Broad region calling is on
 
INFO  @ Sat, 02 Jan 2021 11:48:58: #1 read tag files... 
INFO  @ Sat, 02 Jan 2021 11:48:58: #1 read treatment tags... 
INFO  @ Sat, 02 Jan 2021 11:48:58: Detected format is: BAM 
INFO  @ Sat, 02 Jan 2021 11:48:58: * Input file is gzipped. 
INFO  @ Sat, 02 Jan 2021 11:49:05:  1000000 
INFO  @ Sat, 02 Jan 2021 11:49:11:  2000000 
INFO  @ Sat, 02 Jan 2021 11:49:17:  3000000 
INFO  @ Sat, 02 Jan 2021 11:49:23:  4000000 
INFO  @ Sat, 02 Jan 2021 11:49:29:  5000000 
INFO  @ Sat, 02 Jan 2021 11:49:35:  6000000 
INFO  @ Sat, 02 Jan 2021 11:49:40:  7000000 
INFO  @ Sat, 02 Jan 2021 11:49:46:  8000000 
INFO  @ Sat, 02 Jan 2021 11:49:52:  9000000 
INFO  @ Sat, 02 Jan 2021 11:49:58:  10000000 
INFO  @ Sat, 02 Jan 2021 11:50:04:  11000000 
INFO  @ Sat, 02 Jan 2021 11:50:10:  12000000 
INFO  @ Sat, 02 Jan 2021 11:50:16:  13000000 
INFO  @ Sat, 02 Jan 2021 11:50:22:  14000000 
INFO  @ Sat, 02 Jan 2021 11:50:28:  15000000 
INFO  @ Sat, 02 Jan 2021 11:50:34:  16000000 
INFO  @ Sat, 02 Jan 2021 11:50:40:  17000000 
INFO  @ Sat, 02 Jan 2021 11:50:46:  18000000 
INFO  @ Sat, 02 Jan 2021 11:50:51:  19000000 
INFO  @ Sat, 02 Jan 2021 11:50:57:  20000000 
INFO  @ Sat, 02 Jan 2021 11:51:03:  21000000 
INFO  @ Sat, 02 Jan 2021 11:51:09:  22000000 
INFO  @ Sat, 02 Jan 2021 11:51:15:  23000000 
INFO  @ Sat, 02 Jan 2021 11:51:19: Detected format is: BAM 
INFO  @ Sat, 02 Jan 2021 11:51:19: * Input file is gzipped. 
INFO  @ Sat, 02 Jan 2021 11:51:26:  1000000 
INFO  @ Sat, 02 Jan 2021 11:51:32:  2000000 
INFO  @ Sat, 02 Jan 2021 11:51:38:  3000000 
INFO  @ Sat, 02 Jan 2021 11:51:44:  4000000 
INFO  @ Sat, 02 Jan 2021 11:51:50:  5000000 
INFO  @ Sat, 02 Jan 2021 11:51:56:  6000000 
INFO  @ Sat, 02 Jan 2021 11:52:02:  7000000 
INFO  @ Sat, 02 Jan 2021 11:52:08:  8000000 
INFO  @ Sat, 02 Jan 2021 11:52:14:  9000000 
INFO  @ Sat, 02 Jan 2021 11:52:20:  10000000 
INFO  @ Sat, 02 Jan 2021 11:52:26:  11000000 
INFO  @ Sat, 02 Jan 2021 11:52:32:  12000000 
INFO  @ Sat, 02 Jan 2021 11:52:38:  13000000 
INFO  @ Sat, 02 Jan 2021 11:52:44:  14000000 
INFO  @ Sat, 02 Jan 2021 11:52:50:  15000000 
INFO  @ Sat, 02 Jan 2021 11:52:56:  16000000 
INFO  @ Sat, 02 Jan 2021 11:53:02:  17000000 
INFO  @ Sat, 02 Jan 2021 11:53:09:  18000000 
INFO  @ Sat, 02 Jan 2021 11:53:15:  19000000 
INFO  @ Sat, 02 Jan 2021 11:53:21:  20000000 
INFO  @ Sat, 02 Jan 2021 11:53:27:  21000000 
INFO  @ Sat, 02 Jan 2021 11:53:33:  22000000 
INFO  @ Sat, 02 Jan 2021 11:53:39:  23000000 
INFO  @ Sat, 02 Jan 2021 11:53:45:  24000000 
INFO  @ Sat, 02 Jan 2021 11:53:51:  25000000 
INFO  @ Sat, 02 Jan 2021 11:53:58:  26000000 
INFO  @ Sat, 02 Jan 2021 11:54:04:  27000000 
INFO  @ Sat, 02 Jan 2021 11:54:09: #1.2 read input tags... 
INFO  @ Sat, 02 Jan 2021 11:54:09: Detected format is: BAM 
INFO  @ Sat, 02 Jan 2021 11:54:09: * Input file is gzipped. 
INFO  @ Sat, 02 Jan 2021 11:54:15:  1000000 
INFO  @ Sat, 02 Jan 2021 11:54:21:  2000000 
INFO  @ Sat, 02 Jan 2021 11:54:26:  3000000 
INFO  @ Sat, 02 Jan 2021 11:54:32:  4000000 
INFO  @ Sat, 02 Jan 2021 11:54:38:  5000000 
INFO  @ Sat, 02 Jan 2021 11:54:44:  6000000 
INFO  @ Sat, 02 Jan 2021 11:54:50:  7000000 
INFO  @ Sat, 02 Jan 2021 11:54:55:  8000000 
INFO  @ Sat, 02 Jan 2021 11:55:01:  9000000 
INFO  @ Sat, 02 Jan 2021 11:55:07:  10000000 
INFO  @ Sat, 02 Jan 2021 11:55:13:  11000000 
INFO  @ Sat, 02 Jan 2021 11:55:19:  12000000 
INFO  @ Sat, 02 Jan 2021 11:55:24:  13000000 
INFO  @ Sat, 02 Jan 2021 11:55:30:  14000000 
INFO  @ Sat, 02 Jan 2021 11:55:36:  15000000 
INFO  @ Sat, 02 Jan 2021 11:55:42:  16000000 
INFO  @ Sat, 02 Jan 2021 11:55:48:  17000000 
INFO  @ Sat, 02 Jan 2021 11:55:53:  18000000 
INFO  @ Sat, 02 Jan 2021 11:55:59:  19000000 
INFO  @ Sat, 02 Jan 2021 11:56:05:  20000000 
INFO  @ Sat, 02 Jan 2021 11:56:11:  21000000 
INFO  @ Sat, 02 Jan 2021 11:56:17:  22000000 
INFO  @ Sat, 02 Jan 2021 11:56:23:  23000000 
INFO  @ Sat, 02 Jan 2021 11:56:29:  24000000 
INFO  @ Sat, 02 Jan 2021 11:56:35:  25000000 
INFO  @ Sat, 02 Jan 2021 11:56:40:  26000000 
INFO  @ Sat, 02 Jan 2021 11:56:46:  27000000 
INFO  @ Sat, 02 Jan 2021 11:56:52:  28000000 
INFO  @ Sat, 02 Jan 2021 11:56:58:  29000000 
INFO  @ Sat, 02 Jan 2021 11:57:04:  30000000 
INFO  @ Sat, 02 Jan 2021 11:57:10:  31000000 
INFO  @ Sat, 02 Jan 2021 11:57:16:  32000000 
INFO  @ Sat, 02 Jan 2021 11:57:22:  33000000 
INFO  @ Sat, 02 Jan 2021 11:57:28:  34000000 
INFO  @ Sat, 02 Jan 2021 11:57:34:  35000000 
INFO  @ Sat, 02 Jan 2021 11:57:39:  36000000 
INFO  @ Sat, 02 Jan 2021 11:57:41: Detected format is: BAM 
INFO  @ Sat, 02 Jan 2021 11:57:41: * Input file is gzipped. 
INFO  @ Sat, 02 Jan 2021 11:57:47:  1000000 
INFO  @ Sat, 02 Jan 2021 11:57:53:  2000000 
INFO  @ Sat, 02 Jan 2021 11:57:59:  3000000 
INFO  @ Sat, 02 Jan 2021 11:58:05:  4000000 
INFO  @ Sat, 02 Jan 2021 11:58:11:  5000000 
INFO  @ Sat, 02 Jan 2021 11:58:17:  6000000 
INFO  @ Sat, 02 Jan 2021 11:58:23:  7000000 
INFO  @ Sat, 02 Jan 2021 11:58:28: #1 tag size is determined as 50 bps 
INFO  @ Sat, 02 Jan 2021 11:58:28: #1 tag size = 50 
INFO  @ Sat, 02 Jan 2021 11:58:28: #1  total tags in treatment: 50870996 
INFO  @ Sat, 02 Jan 2021 11:58:28: #1 user defined the maximum tags... 
INFO  @ Sat, 02 Jan 2021 11:58:28: #1 filter out redundant tags at the same location and the same strand by allowing at most 1 tag(s) 
INFO  @ Sat, 02 Jan 2021 11:58:30: #1  tags after filtering in treatment: 50213788 
INFO  @ Sat, 02 Jan 2021 11:58:30: #1  Redundant rate of treatment: 0.01 
INFO  @ Sat, 02 Jan 2021 11:58:30: #1  total tags in control: 43585378 
INFO  @ Sat, 02 Jan 2021 11:58:30: #1 user defined the maximum tags... 
INFO  @ Sat, 02 Jan 2021 11:58:30: #1 filter out redundant tags at the same location and the same strand by allowing at most 1 tag(s) 
INFO  @ Sat, 02 Jan 2021 11:58:31: #1  tags after filtering in control: 43454996 
INFO  @ Sat, 02 Jan 2021 11:58:31: #1  Redundant rate of control: 0.00 
INFO  @ Sat, 02 Jan 2021 11:58:31: #1 finished! 
INFO  @ Sat, 02 Jan 2021 11:58:31: #2 Build Peak Model... 
INFO  @ Sat, 02 Jan 2021 11:58:31: #2 Skipped... 
INFO  @ Sat, 02 Jan 2021 11:58:31: #2 Use 147 as fragment length 
INFO  @ Sat, 02 Jan 2021 11:58:31: #3 Call peaks... 
INFO  @ Sat, 02 Jan 2021 11:58:31: #3 Call broad peaks with given level1 -log10qvalue cutoff and level2: 1.301030, 1.000000... 
INFO  @ Sat, 02 Jan 2021 11:58:31: #3 Pre-compute pvalue-qvalue table... 
INFO  @ Sat, 02 Jan 2021 12:02:41: #3 Call peaks for each chromosome... 
INFO  @ Sat, 02 Jan 2021 12:06:36: #4 Write output xls file... /gpfs/group/pipkin/hdiao/T_Cell_ChIP/2_MACS2_broad/2017_NAT_IMMUNOL_Yu___H3K4me1_P14-CD8-TE_peaks.xls 
INFO  @ Sat, 02 Jan 2021 12:06:37: #4 Write broad peak in broadPeak format file... /gpfs/group/pipkin/hdiao/T_Cell_ChIP/2_MACS2_broad/2017_NAT_IMMUNOL_Yu___H3K4me1_P14-CD8-TE_peaks.broadPeak 
INFO  @ Sat, 02 Jan 2021 12:06:37: #4 Write broad peak in bed12/gappedPeak format file... /gpfs/group/pipkin/hdiao/T_Cell_ChIP/2_MACS2_broad/2017_NAT_IMMUNOL_Yu___H3K4me1_P14-CD8-TE_peaks.gappedPeak 
INFO  @ Sat, 02 Jan 2021 12:06:38: Done! 
