INFO  @ Sat, 02 Jan 2021 11:20:47: 
# Command line: callpeak -t SRR5195619_srt_dupr_flb.bam -c SRR5195620_srt_dupr_flb.bam -g mm -B --SPMR --nomodel --extsize 147 --call-summits -n 2018_IMMUNITY_Page___Tox_LCMVova_CNS-OTI-CD8-ToxKO --outdir /gpfs/group/pipkin/hdiao/T_Cell_ChIP/2_MACS2
# ARGUMENTS LIST:
# name = 2018_IMMUNITY_Page___Tox_LCMVova_CNS-OTI-CD8-ToxKO
# format = AUTO
# ChIP-seq file = ['SRR5195619_srt_dupr_flb.bam']
# control file = ['SRR5195620_srt_dupr_flb.bam']
# effective genome size = 1.87e+09
# band width = 300
# model fold = [5, 50]
# qvalue cutoff = 5.00e-02
# Larger dataset will be scaled towards smaller dataset.
# Range for calculating regional lambda is: 1000 bps and 10000 bps
# Broad region calling is off
# Searching for subpeak summits is on
# MACS will save fragment pileup signal per million reads
 
INFO  @ Sat, 02 Jan 2021 11:20:47: #1 read tag files... 
INFO  @ Sat, 02 Jan 2021 11:20:47: #1 read treatment tags... 
INFO  @ Sat, 02 Jan 2021 11:20:47: Detected format is: BAM 
INFO  @ Sat, 02 Jan 2021 11:20:47: * Input file is gzipped. 
INFO  @ Sat, 02 Jan 2021 11:20:58:  1000000 
INFO  @ Sat, 02 Jan 2021 11:21:11:  2000000 
INFO  @ Sat, 02 Jan 2021 11:21:22:  3000000 
INFO  @ Sat, 02 Jan 2021 11:21:34:  4000000 
INFO  @ Sat, 02 Jan 2021 11:21:46:  5000000 
INFO  @ Sat, 02 Jan 2021 11:21:58:  6000000 
INFO  @ Sat, 02 Jan 2021 11:22:10:  7000000 
INFO  @ Sat, 02 Jan 2021 11:22:22:  8000000 
INFO  @ Sat, 02 Jan 2021 11:22:34:  9000000 
INFO  @ Sat, 02 Jan 2021 11:22:46:  10000000 
INFO  @ Sat, 02 Jan 2021 11:22:57:  11000000 
INFO  @ Sat, 02 Jan 2021 11:23:08:  12000000 
INFO  @ Sat, 02 Jan 2021 11:23:19:  13000000 
INFO  @ Sat, 02 Jan 2021 11:23:30:  14000000 
INFO  @ Sat, 02 Jan 2021 11:23:41:  15000000 
INFO  @ Sat, 02 Jan 2021 11:23:51:  16000000 
INFO  @ Sat, 02 Jan 2021 11:23:58:  17000000 
INFO  @ Sat, 02 Jan 2021 11:24:04:  18000000 
INFO  @ Sat, 02 Jan 2021 11:24:08: #1.2 read input tags... 
INFO  @ Sat, 02 Jan 2021 11:24:08: Detected format is: BAM 
INFO  @ Sat, 02 Jan 2021 11:24:08: * Input file is gzipped. 
INFO  @ Sat, 02 Jan 2021 11:24:19:  1000000 
INFO  @ Sat, 02 Jan 2021 11:24:30:  2000000 
INFO  @ Sat, 02 Jan 2021 11:24:41:  3000000 
INFO  @ Sat, 02 Jan 2021 11:24:51:  4000000 
INFO  @ Sat, 02 Jan 2021 11:25:01:  5000000 
INFO  @ Sat, 02 Jan 2021 11:25:10:  6000000 
INFO  @ Sat, 02 Jan 2021 11:25:20:  7000000 
INFO  @ Sat, 02 Jan 2021 11:25:29:  8000000 
INFO  @ Sat, 02 Jan 2021 11:25:39:  9000000 
INFO  @ Sat, 02 Jan 2021 11:25:48:  10000000 
INFO  @ Sat, 02 Jan 2021 11:25:56:  11000000 
INFO  @ Sat, 02 Jan 2021 11:26:06:  12000000 
INFO  @ Sat, 02 Jan 2021 11:26:16:  13000000 
INFO  @ Sat, 02 Jan 2021 11:26:24:  14000000 
INFO  @ Sat, 02 Jan 2021 11:26:33:  15000000 
INFO  @ Sat, 02 Jan 2021 11:26:43:  16000000 
INFO  @ Sat, 02 Jan 2021 11:26:52:  17000000 
INFO  @ Sat, 02 Jan 2021 11:27:02:  18000000 
INFO  @ Sat, 02 Jan 2021 11:27:12:  19000000 
INFO  @ Sat, 02 Jan 2021 11:27:21:  20000000 
INFO  @ Sat, 02 Jan 2021 11:27:30:  21000000 
INFO  @ Sat, 02 Jan 2021 11:27:38:  22000000 
INFO  @ Sat, 02 Jan 2021 11:27:47:  23000000 
INFO  @ Sat, 02 Jan 2021 11:27:56:  24000000 
INFO  @ Sat, 02 Jan 2021 11:28:05:  25000000 
INFO  @ Sat, 02 Jan 2021 11:28:14:  26000000 
INFO  @ Sat, 02 Jan 2021 11:28:22:  27000000 
INFO  @ Sat, 02 Jan 2021 11:28:31:  28000000 
INFO  @ Sat, 02 Jan 2021 11:28:39:  29000000 
INFO  @ Sat, 02 Jan 2021 11:28:44:  30000000 
INFO  @ Sat, 02 Jan 2021 11:28:50:  31000000 
INFO  @ Sat, 02 Jan 2021 11:28:55:  32000000 
INFO  @ Sat, 02 Jan 2021 11:28:58: #1 tag size is determined as 85 bps 
INFO  @ Sat, 02 Jan 2021 11:28:58: #1 tag size = 85 
INFO  @ Sat, 02 Jan 2021 11:28:58: #1  total tags in treatment: 16085286 
INFO  @ Sat, 02 Jan 2021 11:28:58: #1 user defined the maximum tags... 
INFO  @ Sat, 02 Jan 2021 11:28:58: #1 filter out redundant tags at the same location and the same strand by allowing at most 1 tag(s) 
INFO  @ Sat, 02 Jan 2021 11:28:59: #1  tags after filtering in treatment: 16085286 
INFO  @ Sat, 02 Jan 2021 11:28:59: #1  Redundant rate of treatment: 0.00 
INFO  @ Sat, 02 Jan 2021 11:28:59: #1  total tags in control: 28949515 
INFO  @ Sat, 02 Jan 2021 11:28:59: #1 user defined the maximum tags... 
INFO  @ Sat, 02 Jan 2021 11:28:59: #1 filter out redundant tags at the same location and the same strand by allowing at most 1 tag(s) 
INFO  @ Sat, 02 Jan 2021 11:29:00: #1  tags after filtering in control: 28949515 
INFO  @ Sat, 02 Jan 2021 11:29:00: #1  Redundant rate of control: 0.00 
INFO  @ Sat, 02 Jan 2021 11:29:00: #1 finished! 
INFO  @ Sat, 02 Jan 2021 11:29:00: #2 Build Peak Model... 
INFO  @ Sat, 02 Jan 2021 11:29:00: #2 Skipped... 
INFO  @ Sat, 02 Jan 2021 11:29:00: #2 Use 147 as fragment length 
INFO  @ Sat, 02 Jan 2021 11:29:00: #3 Call peaks... 
INFO  @ Sat, 02 Jan 2021 11:29:00: #3 Going to call summits inside each peak ... 
INFO  @ Sat, 02 Jan 2021 11:29:00: #3 Pre-compute pvalue-qvalue table... 
INFO  @ Sat, 02 Jan 2021 11:31:25: #3 In the peak calling step, the following will be performed simultaneously: 
INFO  @ Sat, 02 Jan 2021 11:31:25: #3   Write bedGraph files for treatment pileup (after scaling if necessary)... 2018_IMMUNITY_Page___Tox_LCMVova_CNS-OTI-CD8-ToxKO_treat_pileup.bdg 
INFO  @ Sat, 02 Jan 2021 11:31:25: #3   Write bedGraph files for control lambda (after scaling if necessary)... 2018_IMMUNITY_Page___Tox_LCMVova_CNS-OTI-CD8-ToxKO_control_lambda.bdg 
INFO  @ Sat, 02 Jan 2021 11:31:25: #3   --SPMR is requested, so pileup will be normalized by sequencing depth in million reads. 
INFO  @ Sat, 02 Jan 2021 11:31:25: #3 Call peaks for each chromosome... 
INFO  @ Sat, 02 Jan 2021 11:36:03: #4 Write output xls file... /gpfs/group/pipkin/hdiao/T_Cell_ChIP/2_MACS2/2018_IMMUNITY_Page___Tox_LCMVova_CNS-OTI-CD8-ToxKO_peaks.xls 
INFO  @ Sat, 02 Jan 2021 11:36:03: #4 Write peak in narrowPeak format file... /gpfs/group/pipkin/hdiao/T_Cell_ChIP/2_MACS2/2018_IMMUNITY_Page___Tox_LCMVova_CNS-OTI-CD8-ToxKO_peaks.narrowPeak 
INFO  @ Sat, 02 Jan 2021 11:36:03: #4 Write summits bed file... /gpfs/group/pipkin/hdiao/T_Cell_ChIP/2_MACS2/2018_IMMUNITY_Page___Tox_LCMVova_CNS-OTI-CD8-ToxKO_summits.bed 
INFO  @ Sat, 02 Jan 2021 11:36:03: Done! 
