INFO  @ Sat, 02 Jan 2021 11:20:45: 
# Command line: callpeak -t SRR1731133_srt_dupr_flb.bam -c SRR1731127_srt_dupr_flb.bam -g mm -B --SPMR --nomodel --extsize 147 --call-summits -n 2015_IMMUNITY_Martinez___Nfat1_invitro-CD8-Nfat1KO --outdir /gpfs/group/pipkin/hdiao/T_Cell_ChIP/2_MACS2
# ARGUMENTS LIST:
# name = 2015_IMMUNITY_Martinez___Nfat1_invitro-CD8-Nfat1KO
# format = AUTO
# ChIP-seq file = ['SRR1731133_srt_dupr_flb.bam']
# control file = ['SRR1731127_srt_dupr_flb.bam']
# effective genome size = 1.87e+09
# band width = 300
# model fold = [5, 50]
# qvalue cutoff = 5.00e-02
# Larger dataset will be scaled towards smaller dataset.
# Range for calculating regional lambda is: 1000 bps and 10000 bps
# Broad region calling is off
# Searching for subpeak summits is on
# MACS will save fragment pileup signal per million reads
 
INFO  @ Sat, 02 Jan 2021 11:20:45: #1 read tag files... 
INFO  @ Sat, 02 Jan 2021 11:20:45: #1 read treatment tags... 
INFO  @ Sat, 02 Jan 2021 11:20:45: Detected format is: BAM 
INFO  @ Sat, 02 Jan 2021 11:20:45: * Input file is gzipped. 
INFO  @ Sat, 02 Jan 2021 11:20:57:  1000000 
INFO  @ Sat, 02 Jan 2021 11:21:08:  2000000 
INFO  @ Sat, 02 Jan 2021 11:21:15:  3000000 
INFO  @ Sat, 02 Jan 2021 11:21:21:  4000000 
INFO  @ Sat, 02 Jan 2021 11:21:27:  5000000 
INFO  @ Sat, 02 Jan 2021 11:21:33:  6000000 
INFO  @ Sat, 02 Jan 2021 11:21:40:  7000000 
INFO  @ Sat, 02 Jan 2021 11:21:47:  8000000 
INFO  @ Sat, 02 Jan 2021 11:21:53:  9000000 
INFO  @ Sat, 02 Jan 2021 11:21:58:  10000000 
INFO  @ Sat, 02 Jan 2021 11:22:05:  11000000 
INFO  @ Sat, 02 Jan 2021 11:22:09: #1.2 read input tags... 
INFO  @ Sat, 02 Jan 2021 11:22:09: Detected format is: BAM 
INFO  @ Sat, 02 Jan 2021 11:22:09: * Input file is gzipped. 
INFO  @ Sat, 02 Jan 2021 11:22:18:  1000000 
INFO  @ Sat, 02 Jan 2021 11:22:28:  2000000 
INFO  @ Sat, 02 Jan 2021 11:22:38:  3000000 
INFO  @ Sat, 02 Jan 2021 11:22:47:  4000000 
INFO  @ Sat, 02 Jan 2021 11:22:56:  5000000 
INFO  @ Sat, 02 Jan 2021 11:23:04:  6000000 
INFO  @ Sat, 02 Jan 2021 11:23:09:  7000000 
INFO  @ Sat, 02 Jan 2021 11:23:14:  8000000 
INFO  @ Sat, 02 Jan 2021 11:23:18:  9000000 
INFO  @ Sat, 02 Jan 2021 11:23:23:  10000000 
INFO  @ Sat, 02 Jan 2021 11:23:28:  11000000 
INFO  @ Sat, 02 Jan 2021 11:23:33:  12000000 
INFO  @ Sat, 02 Jan 2021 11:23:38:  13000000 
INFO  @ Sat, 02 Jan 2021 11:23:43:  14000000 
INFO  @ Sat, 02 Jan 2021 11:23:48:  15000000 
INFO  @ Sat, 02 Jan 2021 11:23:52:  16000000 
INFO  @ Sat, 02 Jan 2021 11:23:53: #1 tag size is determined as 46 bps 
INFO  @ Sat, 02 Jan 2021 11:23:53: #1 tag size = 46 
INFO  @ Sat, 02 Jan 2021 11:23:53: #1  total tags in treatment: 2186451 
INFO  @ Sat, 02 Jan 2021 11:23:53: #1 user defined the maximum tags... 
INFO  @ Sat, 02 Jan 2021 11:23:53: #1 filter out redundant tags at the same location and the same strand by allowing at most 1 tag(s) 
INFO  @ Sat, 02 Jan 2021 11:23:53: #1  tags after filtering in treatment: 2186449 
INFO  @ Sat, 02 Jan 2021 11:23:53: #1  Redundant rate of treatment: 0.00 
INFO  @ Sat, 02 Jan 2021 11:23:53: #1  total tags in control: 5585978 
INFO  @ Sat, 02 Jan 2021 11:23:53: #1 user defined the maximum tags... 
INFO  @ Sat, 02 Jan 2021 11:23:53: #1 filter out redundant tags at the same location and the same strand by allowing at most 1 tag(s) 
INFO  @ Sat, 02 Jan 2021 11:23:53: #1  tags after filtering in control: 5585978 
INFO  @ Sat, 02 Jan 2021 11:23:53: #1  Redundant rate of control: 0.00 
INFO  @ Sat, 02 Jan 2021 11:23:53: #1 finished! 
INFO  @ Sat, 02 Jan 2021 11:23:53: #2 Build Peak Model... 
INFO  @ Sat, 02 Jan 2021 11:23:53: #2 Skipped... 
INFO  @ Sat, 02 Jan 2021 11:23:53: #2 Use 147 as fragment length 
INFO  @ Sat, 02 Jan 2021 11:23:53: #3 Call peaks... 
INFO  @ Sat, 02 Jan 2021 11:23:53: #3 Going to call summits inside each peak ... 
INFO  @ Sat, 02 Jan 2021 11:23:53: #3 Pre-compute pvalue-qvalue table... 
INFO  @ Sat, 02 Jan 2021 11:24:24: #3 In the peak calling step, the following will be performed simultaneously: 
INFO  @ Sat, 02 Jan 2021 11:24:24: #3   Write bedGraph files for treatment pileup (after scaling if necessary)... 2015_IMMUNITY_Martinez___Nfat1_invitro-CD8-Nfat1KO_treat_pileup.bdg 
INFO  @ Sat, 02 Jan 2021 11:24:24: #3   Write bedGraph files for control lambda (after scaling if necessary)... 2015_IMMUNITY_Martinez___Nfat1_invitro-CD8-Nfat1KO_control_lambda.bdg 
INFO  @ Sat, 02 Jan 2021 11:24:24: #3   --SPMR is requested, so pileup will be normalized by sequencing depth in million reads. 
INFO  @ Sat, 02 Jan 2021 11:24:24: #3 Call peaks for each chromosome... 
INFO  @ Sat, 02 Jan 2021 11:26:02: #4 Write output xls file... /gpfs/group/pipkin/hdiao/T_Cell_ChIP/2_MACS2/2015_IMMUNITY_Martinez___Nfat1_invitro-CD8-Nfat1KO_peaks.xls 
INFO  @ Sat, 02 Jan 2021 11:26:02: #4 Write peak in narrowPeak format file... /gpfs/group/pipkin/hdiao/T_Cell_ChIP/2_MACS2/2015_IMMUNITY_Martinez___Nfat1_invitro-CD8-Nfat1KO_peaks.narrowPeak 
INFO  @ Sat, 02 Jan 2021 11:26:02: #4 Write summits bed file... /gpfs/group/pipkin/hdiao/T_Cell_ChIP/2_MACS2/2015_IMMUNITY_Martinez___Nfat1_invitro-CD8-Nfat1KO_summits.bed 
INFO  @ Sat, 02 Jan 2021 11:26:02: Done! 
