INFO  @ Sat, 02 Jan 2021 11:20:46: 
# Command line: callpeak -t SRR5217327_srt_dupr_flb.bam -g mm -B --SPMR --nomodel --extsize 147 --call-summits -n 2017_NAT_IMMUNOL_Shan___CBFb_Naive_P14-CD8-WT --outdir /gpfs/group/pipkin/hdiao/T_Cell_ChIP/2_MACS2
# ARGUMENTS LIST:
# name = 2017_NAT_IMMUNOL_Shan___CBFb_Naive_P14-CD8-WT
# format = AUTO
# ChIP-seq file = ['SRR5217327_srt_dupr_flb.bam']
# control file = None
# effective genome size = 1.87e+09
# band width = 300
# model fold = [5, 50]
# qvalue cutoff = 5.00e-02
# Larger dataset will be scaled towards smaller dataset.
# Range for calculating regional lambda is: 10000 bps
# Broad region calling is off
# Searching for subpeak summits is on
# MACS will save fragment pileup signal per million reads
 
INFO  @ Sat, 02 Jan 2021 11:20:46: #1 read tag files... 
INFO  @ Sat, 02 Jan 2021 11:20:46: #1 read treatment tags... 
INFO  @ Sat, 02 Jan 2021 11:20:46: Detected format is: BAM 
INFO  @ Sat, 02 Jan 2021 11:20:46: * Input file is gzipped. 
INFO  @ Sat, 02 Jan 2021 11:20:57:  1000000 
INFO  @ Sat, 02 Jan 2021 11:21:09:  2000000 
INFO  @ Sat, 02 Jan 2021 11:21:20:  3000000 
INFO  @ Sat, 02 Jan 2021 11:21:31:  4000000 
INFO  @ Sat, 02 Jan 2021 11:21:41:  5000000 
INFO  @ Sat, 02 Jan 2021 11:21:52:  6000000 
INFO  @ Sat, 02 Jan 2021 11:22:03:  7000000 
INFO  @ Sat, 02 Jan 2021 11:22:14:  8000000 
INFO  @ Sat, 02 Jan 2021 11:22:24:  9000000 
INFO  @ Sat, 02 Jan 2021 11:22:34:  10000000 
INFO  @ Sat, 02 Jan 2021 11:22:44:  11000000 
INFO  @ Sat, 02 Jan 2021 11:22:54:  12000000 
INFO  @ Sat, 02 Jan 2021 11:23:04:  13000000 
INFO  @ Sat, 02 Jan 2021 11:23:14:  14000000 
INFO  @ Sat, 02 Jan 2021 11:23:24:  15000000 
INFO  @ Sat, 02 Jan 2021 11:23:35:  16000000 
INFO  @ Sat, 02 Jan 2021 11:23:44:  17000000 
INFO  @ Sat, 02 Jan 2021 11:23:53:  18000000 
INFO  @ Sat, 02 Jan 2021 11:24:04:  19000000 
INFO  @ Sat, 02 Jan 2021 11:24:14:  20000000 
INFO  @ Sat, 02 Jan 2021 11:24:24:  21000000 
INFO  @ Sat, 02 Jan 2021 11:24:33:  22000000 
INFO  @ Sat, 02 Jan 2021 11:24:43:  23000000 
INFO  @ Sat, 02 Jan 2021 11:24:53:  24000000 
INFO  @ Sat, 02 Jan 2021 11:25:03:  25000000 
INFO  @ Sat, 02 Jan 2021 11:25:13:  26000000 
INFO  @ Sat, 02 Jan 2021 11:25:22:  27000000 
INFO  @ Sat, 02 Jan 2021 11:25:31:  28000000 
INFO  @ Sat, 02 Jan 2021 11:25:40:  29000000 
INFO  @ Sat, 02 Jan 2021 11:25:50:  30000000 
INFO  @ Sat, 02 Jan 2021 11:25:59:  31000000 
INFO  @ Sat, 02 Jan 2021 11:26:08:  32000000 
INFO  @ Sat, 02 Jan 2021 11:26:18:  33000000 
INFO  @ Sat, 02 Jan 2021 11:26:27:  34000000 
INFO  @ Sat, 02 Jan 2021 11:26:36:  35000000 
INFO  @ Sat, 02 Jan 2021 11:26:45:  36000000 
INFO  @ Sat, 02 Jan 2021 11:26:54:  37000000 
INFO  @ Sat, 02 Jan 2021 11:27:03:  38000000 
INFO  @ Sat, 02 Jan 2021 11:27:12:  39000000 
INFO  @ Sat, 02 Jan 2021 11:27:21:  40000000 
INFO  @ Sat, 02 Jan 2021 11:27:29:  41000000 
INFO  @ Sat, 02 Jan 2021 11:27:38:  42000000 
INFO  @ Sat, 02 Jan 2021 11:27:46:  43000000 
INFO  @ Sat, 02 Jan 2021 11:27:55:  44000000 
INFO  @ Sat, 02 Jan 2021 11:28:04:  45000000 
INFO  @ Sat, 02 Jan 2021 11:28:12:  46000000 
INFO  @ Sat, 02 Jan 2021 11:28:21:  47000000 
INFO  @ Sat, 02 Jan 2021 11:28:29:  48000000 
INFO  @ Sat, 02 Jan 2021 11:28:38:  49000000 
INFO  @ Sat, 02 Jan 2021 11:28:47:  50000000 
INFO  @ Sat, 02 Jan 2021 11:28:55:  51000000 
INFO  @ Sat, 02 Jan 2021 11:29:02:  52000000 
INFO  @ Sat, 02 Jan 2021 11:29:08:  53000000 
INFO  @ Sat, 02 Jan 2021 11:29:14:  54000000 
INFO  @ Sat, 02 Jan 2021 11:29:16: #1 tag size is determined as 150 bps 
INFO  @ Sat, 02 Jan 2021 11:29:16: #1 tag size = 150 
INFO  @ Sat, 02 Jan 2021 11:29:16: #1  total tags in treatment: 51636336 
INFO  @ Sat, 02 Jan 2021 11:29:16: #1 user defined the maximum tags... 
INFO  @ Sat, 02 Jan 2021 11:29:16: #1 filter out redundant tags at the same location and the same strand by allowing at most 1 tag(s) 
INFO  @ Sat, 02 Jan 2021 11:29:17: #1  tags after filtering in treatment: 51636336 
INFO  @ Sat, 02 Jan 2021 11:29:17: #1  Redundant rate of treatment: 0.00 
INFO  @ Sat, 02 Jan 2021 11:29:17: #1 finished! 
INFO  @ Sat, 02 Jan 2021 11:29:17: #2 Build Peak Model... 
INFO  @ Sat, 02 Jan 2021 11:29:17: #2 Skipped... 
INFO  @ Sat, 02 Jan 2021 11:29:17: #2 Use 147 as fragment length 
INFO  @ Sat, 02 Jan 2021 11:29:17: #3 Call peaks... 
INFO  @ Sat, 02 Jan 2021 11:29:17: #3 Going to call summits inside each peak ... 
INFO  @ Sat, 02 Jan 2021 11:29:17: #3 Pre-compute pvalue-qvalue table... 
INFO  @ Sat, 02 Jan 2021 11:32:01: #3 In the peak calling step, the following will be performed simultaneously: 
INFO  @ Sat, 02 Jan 2021 11:32:01: #3   Write bedGraph files for treatment pileup (after scaling if necessary)... 2017_NAT_IMMUNOL_Shan___CBFb_Naive_P14-CD8-WT_treat_pileup.bdg 
INFO  @ Sat, 02 Jan 2021 11:32:01: #3   Write bedGraph files for control lambda (after scaling if necessary)... 2017_NAT_IMMUNOL_Shan___CBFb_Naive_P14-CD8-WT_control_lambda.bdg 
INFO  @ Sat, 02 Jan 2021 11:32:01: #3   --SPMR is requested, so pileup will be normalized by sequencing depth in million reads. 
INFO  @ Sat, 02 Jan 2021 11:32:01: #3 Call peaks for each chromosome... 
INFO  @ Sat, 02 Jan 2021 11:39:16: #4 Write output xls file... /gpfs/group/pipkin/hdiao/T_Cell_ChIP/2_MACS2/2017_NAT_IMMUNOL_Shan___CBFb_Naive_P14-CD8-WT_peaks.xls 
INFO  @ Sat, 02 Jan 2021 11:39:16: #4 Write peak in narrowPeak format file... /gpfs/group/pipkin/hdiao/T_Cell_ChIP/2_MACS2/2017_NAT_IMMUNOL_Shan___CBFb_Naive_P14-CD8-WT_peaks.narrowPeak 
INFO  @ Sat, 02 Jan 2021 11:39:17: #4 Write summits bed file... /gpfs/group/pipkin/hdiao/T_Cell_ChIP/2_MACS2/2017_NAT_IMMUNOL_Shan___CBFb_Naive_P14-CD8-WT_summits.bed 
INFO  @ Sat, 02 Jan 2021 11:39:17: Done! 
