INFO  @ Sat, 02 Jan 2021 11:20:46: 
# Command line: callpeak -t SRR1124812_srt_dupr_flb.bam SRR1124813_srt_dupr_flb.bam -c SRR1124815_srt_dupr_flb.bam SRR1124816_srt_dupr_flb.bam SRR1124817_srt_dupr_flb.bam -g mm -B --SPMR --nomodel --extsize 147 --call-summits -n 2014_NAT_IMMUNOL_Kurachi___H3-invitro-d3-CD8 --outdir /gpfs/group/pipkin/hdiao/T_Cell_ChIP/2_MACS2
# ARGUMENTS LIST:
# name = 2014_NAT_IMMUNOL_Kurachi___H3-invitro-d3-CD8
# format = AUTO
# ChIP-seq file = ['SRR1124812_srt_dupr_flb.bam', 'SRR1124813_srt_dupr_flb.bam']
# control file = ['SRR1124815_srt_dupr_flb.bam', 'SRR1124816_srt_dupr_flb.bam', 'SRR1124817_srt_dupr_flb.bam']
# effective genome size = 1.87e+09
# band width = 300
# model fold = [5, 50]
# qvalue cutoff = 5.00e-02
# Larger dataset will be scaled towards smaller dataset.
# Range for calculating regional lambda is: 1000 bps and 10000 bps
# Broad region calling is off
# Searching for subpeak summits is on
# MACS will save fragment pileup signal per million reads
 
INFO  @ Sat, 02 Jan 2021 11:20:46: #1 read tag files... 
INFO  @ Sat, 02 Jan 2021 11:20:46: #1 read treatment tags... 
INFO  @ Sat, 02 Jan 2021 11:20:46: Detected format is: BAM 
INFO  @ Sat, 02 Jan 2021 11:20:46: * Input file is gzipped. 
INFO  @ Sat, 02 Jan 2021 11:20:55:  1000000 
INFO  @ Sat, 02 Jan 2021 11:21:07:  2000000 
INFO  @ Sat, 02 Jan 2021 11:21:18:  3000000 
INFO  @ Sat, 02 Jan 2021 11:21:28:  4000000 
INFO  @ Sat, 02 Jan 2021 11:21:38:  5000000 
INFO  @ Sat, 02 Jan 2021 11:21:48:  6000000 
INFO  @ Sat, 02 Jan 2021 11:21:57:  7000000 
INFO  @ Sat, 02 Jan 2021 11:22:07:  8000000 
INFO  @ Sat, 02 Jan 2021 11:22:16:  9000000 
INFO  @ Sat, 02 Jan 2021 11:22:28:  10000000 
INFO  @ Sat, 02 Jan 2021 11:22:38:  11000000 
INFO  @ Sat, 02 Jan 2021 11:22:47:  12000000 
INFO  @ Sat, 02 Jan 2021 11:22:57:  13000000 
INFO  @ Sat, 02 Jan 2021 11:23:06:  14000000 
INFO  @ Sat, 02 Jan 2021 11:23:16:  15000000 
INFO  @ Sat, 02 Jan 2021 11:23:24:  16000000 
INFO  @ Sat, 02 Jan 2021 11:23:34:  17000000 
INFO  @ Sat, 02 Jan 2021 11:23:42:  18000000 
INFO  @ Sat, 02 Jan 2021 11:23:51:  19000000 
INFO  @ Sat, 02 Jan 2021 11:24:00:  20000000 
INFO  @ Sat, 02 Jan 2021 11:24:08:  21000000 
INFO  @ Sat, 02 Jan 2021 11:24:17:  22000000 
INFO  @ Sat, 02 Jan 2021 11:24:25:  23000000 
INFO  @ Sat, 02 Jan 2021 11:24:33:  24000000 
INFO  @ Sat, 02 Jan 2021 11:24:42:  25000000 
INFO  @ Sat, 02 Jan 2021 11:24:49:  26000000 
INFO  @ Sat, 02 Jan 2021 11:24:55: Detected format is: BAM 
INFO  @ Sat, 02 Jan 2021 11:24:55: * Input file is gzipped. 
INFO  @ Sat, 02 Jan 2021 11:25:02:  1000000 
INFO  @ Sat, 02 Jan 2021 11:25:09:  2000000 
INFO  @ Sat, 02 Jan 2021 11:25:17:  3000000 
INFO  @ Sat, 02 Jan 2021 11:25:24:  4000000 
INFO  @ Sat, 02 Jan 2021 11:25:31:  5000000 
INFO  @ Sat, 02 Jan 2021 11:25:38:  6000000 
INFO  @ Sat, 02 Jan 2021 11:25:45:  7000000 
INFO  @ Sat, 02 Jan 2021 11:25:52:  8000000 
INFO  @ Sat, 02 Jan 2021 11:25:59:  9000000 
INFO  @ Sat, 02 Jan 2021 11:26:06:  10000000 
INFO  @ Sat, 02 Jan 2021 11:26:14:  11000000 
INFO  @ Sat, 02 Jan 2021 11:26:21:  12000000 
INFO  @ Sat, 02 Jan 2021 11:26:28:  13000000 
INFO  @ Sat, 02 Jan 2021 11:26:35:  14000000 
INFO  @ Sat, 02 Jan 2021 11:26:43:  15000000 
INFO  @ Sat, 02 Jan 2021 11:26:50:  16000000 
INFO  @ Sat, 02 Jan 2021 11:26:58:  17000000 
INFO  @ Sat, 02 Jan 2021 11:27:05:  18000000 
INFO  @ Sat, 02 Jan 2021 11:27:12:  19000000 
INFO  @ Sat, 02 Jan 2021 11:27:20:  20000000 
INFO  @ Sat, 02 Jan 2021 11:27:27:  21000000 
INFO  @ Sat, 02 Jan 2021 11:27:34:  22000000 
INFO  @ Sat, 02 Jan 2021 11:27:41:  23000000 
INFO  @ Sat, 02 Jan 2021 11:27:48:  24000000 
INFO  @ Sat, 02 Jan 2021 11:27:55:  25000000 
INFO  @ Sat, 02 Jan 2021 11:28:02:  26000000 
INFO  @ Sat, 02 Jan 2021 11:28:09:  27000000 
INFO  @ Sat, 02 Jan 2021 11:28:15:  28000000 
INFO  @ Sat, 02 Jan 2021 11:28:18: #1.2 read input tags... 
INFO  @ Sat, 02 Jan 2021 11:28:18: Detected format is: BAM 
INFO  @ Sat, 02 Jan 2021 11:28:18: * Input file is gzipped. 
INFO  @ Sat, 02 Jan 2021 11:28:24:  1000000 
INFO  @ Sat, 02 Jan 2021 11:28:31:  2000000 
INFO  @ Sat, 02 Jan 2021 11:28:38:  3000000 
INFO  @ Sat, 02 Jan 2021 11:28:44:  4000000 
INFO  @ Sat, 02 Jan 2021 11:28:51:  5000000 
INFO  @ Sat, 02 Jan 2021 11:28:58:  6000000 
INFO  @ Sat, 02 Jan 2021 11:29:04:  7000000 
INFO  @ Sat, 02 Jan 2021 11:29:11:  8000000 
INFO  @ Sat, 02 Jan 2021 11:29:18:  9000000 
INFO  @ Sat, 02 Jan 2021 11:29:24:  10000000 
INFO  @ Sat, 02 Jan 2021 11:29:31:  11000000 
INFO  @ Sat, 02 Jan 2021 11:29:37:  12000000 
INFO  @ Sat, 02 Jan 2021 11:29:44:  13000000 
INFO  @ Sat, 02 Jan 2021 11:29:50:  14000000 
INFO  @ Sat, 02 Jan 2021 11:29:57:  15000000 
INFO  @ Sat, 02 Jan 2021 11:30:03:  16000000 
INFO  @ Sat, 02 Jan 2021 11:30:10:  17000000 
INFO  @ Sat, 02 Jan 2021 11:30:16:  18000000 
INFO  @ Sat, 02 Jan 2021 11:30:23:  19000000 
INFO  @ Sat, 02 Jan 2021 11:30:30:  20000000 
INFO  @ Sat, 02 Jan 2021 11:30:36:  21000000 
INFO  @ Sat, 02 Jan 2021 11:30:43:  22000000 
INFO  @ Sat, 02 Jan 2021 11:30:49:  23000000 
INFO  @ Sat, 02 Jan 2021 11:30:56:  24000000 
INFO  @ Sat, 02 Jan 2021 11:30:58: Detected format is: BAM 
INFO  @ Sat, 02 Jan 2021 11:30:58: * Input file is gzipped. 
INFO  @ Sat, 02 Jan 2021 11:31:04:  1000000 
INFO  @ Sat, 02 Jan 2021 11:31:11:  2000000 
INFO  @ Sat, 02 Jan 2021 11:31:17:  3000000 
INFO  @ Sat, 02 Jan 2021 11:31:23:  4000000 
INFO  @ Sat, 02 Jan 2021 11:31:30:  5000000 
INFO  @ Sat, 02 Jan 2021 11:31:36:  6000000 
INFO  @ Sat, 02 Jan 2021 11:31:43:  7000000 
INFO  @ Sat, 02 Jan 2021 11:31:49:  8000000 
INFO  @ Sat, 02 Jan 2021 11:31:56:  9000000 
INFO  @ Sat, 02 Jan 2021 11:32:02:  10000000 
INFO  @ Sat, 02 Jan 2021 11:32:09:  11000000 
INFO  @ Sat, 02 Jan 2021 11:32:15:  12000000 
INFO  @ Sat, 02 Jan 2021 11:32:21:  13000000 
INFO  @ Sat, 02 Jan 2021 11:32:28:  14000000 
INFO  @ Sat, 02 Jan 2021 11:32:34:  15000000 
INFO  @ Sat, 02 Jan 2021 11:32:41:  16000000 
INFO  @ Sat, 02 Jan 2021 11:32:47:  17000000 
INFO  @ Sat, 02 Jan 2021 11:32:53:  18000000 
INFO  @ Sat, 02 Jan 2021 11:33:00:  19000000 
INFO  @ Sat, 02 Jan 2021 11:33:06:  20000000 
INFO  @ Sat, 02 Jan 2021 11:33:13:  21000000 
INFO  @ Sat, 02 Jan 2021 11:33:19:  22000000 
INFO  @ Sat, 02 Jan 2021 11:33:26:  23000000 
INFO  @ Sat, 02 Jan 2021 11:33:32:  24000000 
INFO  @ Sat, 02 Jan 2021 11:33:39:  25000000 
INFO  @ Sat, 02 Jan 2021 11:33:46:  26000000 
INFO  @ Sat, 02 Jan 2021 11:33:52:  27000000 
INFO  @ Sat, 02 Jan 2021 11:33:59:  28000000 
INFO  @ Sat, 02 Jan 2021 11:34:05:  29000000 
INFO  @ Sat, 02 Jan 2021 11:34:12:  30000000 
INFO  @ Sat, 02 Jan 2021 11:34:18:  31000000 
INFO  @ Sat, 02 Jan 2021 11:34:25:  32000000 
INFO  @ Sat, 02 Jan 2021 11:34:31:  33000000 
INFO  @ Sat, 02 Jan 2021 11:34:38:  34000000 
INFO  @ Sat, 02 Jan 2021 11:34:44:  35000000 
INFO  @ Sat, 02 Jan 2021 11:34:51:  36000000 
INFO  @ Sat, 02 Jan 2021 11:34:57:  37000000 
INFO  @ Sat, 02 Jan 2021 11:35:03:  38000000 
INFO  @ Sat, 02 Jan 2021 11:35:10:  39000000 
INFO  @ Sat, 02 Jan 2021 11:35:17:  40000000 
INFO  @ Sat, 02 Jan 2021 11:35:23:  41000000 
INFO  @ Sat, 02 Jan 2021 11:35:29:  42000000 
INFO  @ Sat, 02 Jan 2021 11:35:36:  43000000 
INFO  @ Sat, 02 Jan 2021 11:35:39: Detected format is: BAM 
INFO  @ Sat, 02 Jan 2021 11:35:39: * Input file is gzipped. 
INFO  @ Sat, 02 Jan 2021 11:35:45:  1000000 
INFO  @ Sat, 02 Jan 2021 11:35:52:  2000000 
INFO  @ Sat, 02 Jan 2021 11:35:59:  3000000 
INFO  @ Sat, 02 Jan 2021 11:36:05:  4000000 
INFO  @ Sat, 02 Jan 2021 11:36:12:  5000000 
INFO  @ Sat, 02 Jan 2021 11:36:19:  6000000 
INFO  @ Sat, 02 Jan 2021 11:36:25:  7000000 
INFO  @ Sat, 02 Jan 2021 11:36:32:  8000000 
INFO  @ Sat, 02 Jan 2021 11:36:38:  9000000 
INFO  @ Sat, 02 Jan 2021 11:36:44:  10000000 
INFO  @ Sat, 02 Jan 2021 11:36:50:  11000000 
INFO  @ Sat, 02 Jan 2021 11:36:57:  12000000 
INFO  @ Sat, 02 Jan 2021 11:37:03:  13000000 
INFO  @ Sat, 02 Jan 2021 11:37:09:  14000000 
INFO  @ Sat, 02 Jan 2021 11:37:15:  15000000 
INFO  @ Sat, 02 Jan 2021 11:37:22:  16000000 
INFO  @ Sat, 02 Jan 2021 11:37:28:  17000000 
INFO  @ Sat, 02 Jan 2021 11:37:35:  18000000 
INFO  @ Sat, 02 Jan 2021 11:37:41:  19000000 
INFO  @ Sat, 02 Jan 2021 11:37:48:  20000000 
INFO  @ Sat, 02 Jan 2021 11:37:54:  21000000 
INFO  @ Sat, 02 Jan 2021 11:38:00:  22000000 
INFO  @ Sat, 02 Jan 2021 11:38:06:  23000000 
INFO  @ Sat, 02 Jan 2021 11:38:13:  24000000 
INFO  @ Sat, 02 Jan 2021 11:38:19:  25000000 
INFO  @ Sat, 02 Jan 2021 11:38:25:  26000000 
INFO  @ Sat, 02 Jan 2021 11:38:32:  27000000 
INFO  @ Sat, 02 Jan 2021 11:38:38:  28000000 
INFO  @ Sat, 02 Jan 2021 11:38:44:  29000000 
INFO  @ Sat, 02 Jan 2021 11:38:51:  30000000 
INFO  @ Sat, 02 Jan 2021 11:38:57:  31000000 
INFO  @ Sat, 02 Jan 2021 11:39:03:  32000000 
INFO  @ Sat, 02 Jan 2021 11:39:10:  33000000 
INFO  @ Sat, 02 Jan 2021 11:39:16:  34000000 
INFO  @ Sat, 02 Jan 2021 11:39:22:  35000000 
INFO  @ Sat, 02 Jan 2021 11:39:29:  36000000 
INFO  @ Sat, 02 Jan 2021 11:39:35:  37000000 
INFO  @ Sat, 02 Jan 2021 11:39:42:  38000000 
INFO  @ Sat, 02 Jan 2021 11:39:48:  39000000 
INFO  @ Sat, 02 Jan 2021 11:39:54:  40000000 
INFO  @ Sat, 02 Jan 2021 11:40:00:  41000000 
INFO  @ Sat, 02 Jan 2021 11:40:04: #1 tag size is determined as 50 bps 
INFO  @ Sat, 02 Jan 2021 11:40:04: #1 tag size = 50 
INFO  @ Sat, 02 Jan 2021 11:40:04: #1  total tags in treatment: 53975324 
INFO  @ Sat, 02 Jan 2021 11:40:04: #1 user defined the maximum tags... 
INFO  @ Sat, 02 Jan 2021 11:40:04: #1 filter out redundant tags at the same location and the same strand by allowing at most 1 tag(s) 
INFO  @ Sat, 02 Jan 2021 11:40:06: #1  tags after filtering in treatment: 53692682 
INFO  @ Sat, 02 Jan 2021 11:40:06: #1  Redundant rate of treatment: 0.01 
INFO  @ Sat, 02 Jan 2021 11:40:06: #1  total tags in control: 107707849 
INFO  @ Sat, 02 Jan 2021 11:40:06: #1 user defined the maximum tags... 
INFO  @ Sat, 02 Jan 2021 11:40:06: #1 filter out redundant tags at the same location and the same strand by allowing at most 1 tag(s) 
INFO  @ Sat, 02 Jan 2021 11:40:08: #1  tags after filtering in control: 106501475 
INFO  @ Sat, 02 Jan 2021 11:40:08: #1  Redundant rate of control: 0.01 
INFO  @ Sat, 02 Jan 2021 11:40:08: #1 finished! 
INFO  @ Sat, 02 Jan 2021 11:40:08: #2 Build Peak Model... 
INFO  @ Sat, 02 Jan 2021 11:40:08: #2 Skipped... 
INFO  @ Sat, 02 Jan 2021 11:40:08: #2 Use 147 as fragment length 
INFO  @ Sat, 02 Jan 2021 11:40:08: #3 Call peaks... 
INFO  @ Sat, 02 Jan 2021 11:40:08: #3 Going to call summits inside each peak ... 
INFO  @ Sat, 02 Jan 2021 11:40:08: #3 Pre-compute pvalue-qvalue table... 
INFO  @ Sat, 02 Jan 2021 11:50:05: #3 In the peak calling step, the following will be performed simultaneously: 
INFO  @ Sat, 02 Jan 2021 11:50:05: #3   Write bedGraph files for treatment pileup (after scaling if necessary)... 2014_NAT_IMMUNOL_Kurachi___H3-invitro-d3-CD8_treat_pileup.bdg 
INFO  @ Sat, 02 Jan 2021 11:50:05: #3   Write bedGraph files for control lambda (after scaling if necessary)... 2014_NAT_IMMUNOL_Kurachi___H3-invitro-d3-CD8_control_lambda.bdg 
INFO  @ Sat, 02 Jan 2021 11:50:05: #3   --SPMR is requested, so pileup will be normalized by sequencing depth in million reads. 
INFO  @ Sat, 02 Jan 2021 11:50:05: #3 Call peaks for each chromosome... 
INFO  @ Sat, 02 Jan 2021 12:04:34: #4 Write output xls file... /gpfs/group/pipkin/hdiao/T_Cell_ChIP/2_MACS2/2014_NAT_IMMUNOL_Kurachi___H3-invitro-d3-CD8_peaks.xls 
INFO  @ Sat, 02 Jan 2021 12:04:34: #4 Write peak in narrowPeak format file... /gpfs/group/pipkin/hdiao/T_Cell_ChIP/2_MACS2/2014_NAT_IMMUNOL_Kurachi___H3-invitro-d3-CD8_peaks.narrowPeak 
INFO  @ Sat, 02 Jan 2021 12:04:34: #4 Write summits bed file... /gpfs/group/pipkin/hdiao/T_Cell_ChIP/2_MACS2/2014_NAT_IMMUNOL_Kurachi___H3-invitro-d3-CD8_summits.bed 
INFO  @ Sat, 02 Jan 2021 12:04:34: Done! 
INFO  @ Sat, 02 Jan 2021 12:04:34: 
# Command line: callpeak -t SRR1124812_srt_dupr_flb.bam SRR1124813_srt_dupr_flb.bam -c SRR1124815_srt_dupr_flb.bam SRR1124816_srt_dupr_flb.bam SRR1124817_srt_dupr_flb.bam -g mm --nomodel --extsize 147 --broad -n 2014_NAT_IMMUNOL_Kurachi___H3-invitro-d3-CD8 --outdir /gpfs/group/pipkin/hdiao/T_Cell_ChIP/2_MACS2_broad
# ARGUMENTS LIST:
# name = 2014_NAT_IMMUNOL_Kurachi___H3-invitro-d3-CD8
# format = AUTO
# ChIP-seq file = ['SRR1124812_srt_dupr_flb.bam', 'SRR1124813_srt_dupr_flb.bam']
# control file = ['SRR1124815_srt_dupr_flb.bam', 'SRR1124816_srt_dupr_flb.bam', 'SRR1124817_srt_dupr_flb.bam']
# effective genome size = 1.87e+09
# band width = 300
# model fold = [5, 50]
# qvalue cutoff for narrow/strong regions = 5.00e-02
# qvalue cutoff for broad/weak regions = 1.00e-01
# Larger dataset will be scaled towards smaller dataset.
# Range for calculating regional lambda is: 1000 bps and 10000 bps
# Broad region calling is on
 
INFO  @ Sat, 02 Jan 2021 12:04:34: #1 read tag files... 
INFO  @ Sat, 02 Jan 2021 12:04:34: #1 read treatment tags... 
INFO  @ Sat, 02 Jan 2021 12:04:34: Detected format is: BAM 
INFO  @ Sat, 02 Jan 2021 12:04:34: * Input file is gzipped. 
INFO  @ Sat, 02 Jan 2021 12:04:41:  1000000 
INFO  @ Sat, 02 Jan 2021 12:04:47:  2000000 
INFO  @ Sat, 02 Jan 2021 12:04:53:  3000000 
INFO  @ Sat, 02 Jan 2021 12:04:59:  4000000 
INFO  @ Sat, 02 Jan 2021 12:05:05:  5000000 
INFO  @ Sat, 02 Jan 2021 12:05:11:  6000000 
INFO  @ Sat, 02 Jan 2021 12:05:17:  7000000 
INFO  @ Sat, 02 Jan 2021 12:05:23:  8000000 
INFO  @ Sat, 02 Jan 2021 12:05:29:  9000000 
INFO  @ Sat, 02 Jan 2021 12:05:35:  10000000 
INFO  @ Sat, 02 Jan 2021 12:05:42:  11000000 
INFO  @ Sat, 02 Jan 2021 12:05:48:  12000000 
INFO  @ Sat, 02 Jan 2021 12:05:54:  13000000 
INFO  @ Sat, 02 Jan 2021 12:06:00:  14000000 
INFO  @ Sat, 02 Jan 2021 12:06:06:  15000000 
INFO  @ Sat, 02 Jan 2021 12:06:12:  16000000 
INFO  @ Sat, 02 Jan 2021 12:06:18:  17000000 
INFO  @ Sat, 02 Jan 2021 12:06:24:  18000000 
INFO  @ Sat, 02 Jan 2021 12:06:30:  19000000 
INFO  @ Sat, 02 Jan 2021 12:06:37:  20000000 
INFO  @ Sat, 02 Jan 2021 12:06:43:  21000000 
INFO  @ Sat, 02 Jan 2021 12:06:49:  22000000 
INFO  @ Sat, 02 Jan 2021 12:06:55:  23000000 
INFO  @ Sat, 02 Jan 2021 12:07:01:  24000000 
INFO  @ Sat, 02 Jan 2021 12:07:07:  25000000 
INFO  @ Sat, 02 Jan 2021 12:07:13:  26000000 
INFO  @ Sat, 02 Jan 2021 12:07:17: Detected format is: BAM 
INFO  @ Sat, 02 Jan 2021 12:07:17: * Input file is gzipped. 
INFO  @ Sat, 02 Jan 2021 12:07:23:  1000000 
INFO  @ Sat, 02 Jan 2021 12:07:29:  2000000 
INFO  @ Sat, 02 Jan 2021 12:07:34:  3000000 
INFO  @ Sat, 02 Jan 2021 12:07:40:  4000000 
INFO  @ Sat, 02 Jan 2021 12:07:46:  5000000 
INFO  @ Sat, 02 Jan 2021 12:07:52:  6000000 
INFO  @ Sat, 02 Jan 2021 12:07:58:  7000000 
INFO  @ Sat, 02 Jan 2021 12:08:03:  8000000 
INFO  @ Sat, 02 Jan 2021 12:08:09:  9000000 
INFO  @ Sat, 02 Jan 2021 12:08:15:  10000000 
INFO  @ Sat, 02 Jan 2021 12:08:21:  11000000 
INFO  @ Sat, 02 Jan 2021 12:08:27:  12000000 
INFO  @ Sat, 02 Jan 2021 12:08:33:  13000000 
INFO  @ Sat, 02 Jan 2021 12:08:39:  14000000 
INFO  @ Sat, 02 Jan 2021 12:08:45:  15000000 
INFO  @ Sat, 02 Jan 2021 12:08:51:  16000000 
INFO  @ Sat, 02 Jan 2021 12:08:57:  17000000 
INFO  @ Sat, 02 Jan 2021 12:09:03:  18000000 
INFO  @ Sat, 02 Jan 2021 12:09:08:  19000000 
INFO  @ Sat, 02 Jan 2021 12:09:14:  20000000 
INFO  @ Sat, 02 Jan 2021 12:09:20:  21000000 
INFO  @ Sat, 02 Jan 2021 12:09:26:  22000000 
INFO  @ Sat, 02 Jan 2021 12:09:32:  23000000 
INFO  @ Sat, 02 Jan 2021 12:09:38:  24000000 
INFO  @ Sat, 02 Jan 2021 12:09:44:  25000000 
INFO  @ Sat, 02 Jan 2021 12:09:50:  26000000 
INFO  @ Sat, 02 Jan 2021 12:09:56:  27000000 
INFO  @ Sat, 02 Jan 2021 12:10:01:  28000000 
INFO  @ Sat, 02 Jan 2021 12:10:03: #1.2 read input tags... 
INFO  @ Sat, 02 Jan 2021 12:10:03: Detected format is: BAM 
INFO  @ Sat, 02 Jan 2021 12:10:03: * Input file is gzipped. 
INFO  @ Sat, 02 Jan 2021 12:10:09:  1000000 
INFO  @ Sat, 02 Jan 2021 12:10:15:  2000000 
INFO  @ Sat, 02 Jan 2021 12:10:20:  3000000 
INFO  @ Sat, 02 Jan 2021 12:10:26:  4000000 
INFO  @ Sat, 02 Jan 2021 12:10:32:  5000000 
INFO  @ Sat, 02 Jan 2021 12:10:37:  6000000 
INFO  @ Sat, 02 Jan 2021 12:10:43:  7000000 
INFO  @ Sat, 02 Jan 2021 12:10:49:  8000000 
INFO  @ Sat, 02 Jan 2021 12:10:55:  9000000 
INFO  @ Sat, 02 Jan 2021 12:11:00:  10000000 
INFO  @ Sat, 02 Jan 2021 12:11:06:  11000000 
INFO  @ Sat, 02 Jan 2021 12:11:12:  12000000 
INFO  @ Sat, 02 Jan 2021 12:11:17:  13000000 
INFO  @ Sat, 02 Jan 2021 12:11:23:  14000000 
INFO  @ Sat, 02 Jan 2021 12:11:29:  15000000 
INFO  @ Sat, 02 Jan 2021 12:11:34:  16000000 
INFO  @ Sat, 02 Jan 2021 12:11:40:  17000000 
INFO  @ Sat, 02 Jan 2021 12:11:46:  18000000 
INFO  @ Sat, 02 Jan 2021 12:11:51:  19000000 
INFO  @ Sat, 02 Jan 2021 12:11:57:  20000000 
INFO  @ Sat, 02 Jan 2021 12:12:03:  21000000 
INFO  @ Sat, 02 Jan 2021 12:12:09:  22000000 
INFO  @ Sat, 02 Jan 2021 12:12:14:  23000000 
INFO  @ Sat, 02 Jan 2021 12:12:20:  24000000 
INFO  @ Sat, 02 Jan 2021 12:12:21: Detected format is: BAM 
INFO  @ Sat, 02 Jan 2021 12:12:21: * Input file is gzipped. 
INFO  @ Sat, 02 Jan 2021 12:12:27:  1000000 
INFO  @ Sat, 02 Jan 2021 12:12:33:  2000000 
INFO  @ Sat, 02 Jan 2021 12:12:38:  3000000 
INFO  @ Sat, 02 Jan 2021 12:12:44:  4000000 
INFO  @ Sat, 02 Jan 2021 12:12:49:  5000000 
INFO  @ Sat, 02 Jan 2021 12:12:55:  6000000 
INFO  @ Sat, 02 Jan 2021 12:13:00:  7000000 
INFO  @ Sat, 02 Jan 2021 12:13:06:  8000000 
INFO  @ Sat, 02 Jan 2021 12:13:12:  9000000 
INFO  @ Sat, 02 Jan 2021 12:13:17:  10000000 
INFO  @ Sat, 02 Jan 2021 12:13:23:  11000000 
INFO  @ Sat, 02 Jan 2021 12:13:28:  12000000 
INFO  @ Sat, 02 Jan 2021 12:13:34:  13000000 
INFO  @ Sat, 02 Jan 2021 12:13:40:  14000000 
INFO  @ Sat, 02 Jan 2021 12:13:45:  15000000 
INFO  @ Sat, 02 Jan 2021 12:13:51:  16000000 
INFO  @ Sat, 02 Jan 2021 12:13:56:  17000000 
INFO  @ Sat, 02 Jan 2021 12:14:02:  18000000 
INFO  @ Sat, 02 Jan 2021 12:14:08:  19000000 
INFO  @ Sat, 02 Jan 2021 12:14:13:  20000000 
INFO  @ Sat, 02 Jan 2021 12:14:19:  21000000 
INFO  @ Sat, 02 Jan 2021 12:14:24:  22000000 
INFO  @ Sat, 02 Jan 2021 12:14:30:  23000000 
INFO  @ Sat, 02 Jan 2021 12:14:36:  24000000 
INFO  @ Sat, 02 Jan 2021 12:14:42:  25000000 
INFO  @ Sat, 02 Jan 2021 12:14:47:  26000000 
INFO  @ Sat, 02 Jan 2021 12:14:53:  27000000 
INFO  @ Sat, 02 Jan 2021 12:14:59:  28000000 
INFO  @ Sat, 02 Jan 2021 12:15:05:  29000000 
INFO  @ Sat, 02 Jan 2021 12:15:11:  30000000 
INFO  @ Sat, 02 Jan 2021 12:15:16:  31000000 
INFO  @ Sat, 02 Jan 2021 12:15:22:  32000000 
INFO  @ Sat, 02 Jan 2021 12:15:28:  33000000 
INFO  @ Sat, 02 Jan 2021 12:15:34:  34000000 
INFO  @ Sat, 02 Jan 2021 12:15:39:  35000000 
INFO  @ Sat, 02 Jan 2021 12:15:45:  36000000 
INFO  @ Sat, 02 Jan 2021 12:15:51:  37000000 
INFO  @ Sat, 02 Jan 2021 12:15:57:  38000000 
INFO  @ Sat, 02 Jan 2021 12:16:03:  39000000 
INFO  @ Sat, 02 Jan 2021 12:16:08:  40000000 
INFO  @ Sat, 02 Jan 2021 12:16:14:  41000000 
INFO  @ Sat, 02 Jan 2021 12:16:20:  42000000 
INFO  @ Sat, 02 Jan 2021 12:16:25:  43000000 
INFO  @ Sat, 02 Jan 2021 12:16:28: Detected format is: BAM 
INFO  @ Sat, 02 Jan 2021 12:16:28: * Input file is gzipped. 
INFO  @ Sat, 02 Jan 2021 12:16:34:  1000000 
INFO  @ Sat, 02 Jan 2021 12:16:39:  2000000 
INFO  @ Sat, 02 Jan 2021 12:16:45:  3000000 
INFO  @ Sat, 02 Jan 2021 12:16:51:  4000000 
INFO  @ Sat, 02 Jan 2021 12:16:57:  5000000 
INFO  @ Sat, 02 Jan 2021 12:17:03:  6000000 
INFO  @ Sat, 02 Jan 2021 12:17:08:  7000000 
INFO  @ Sat, 02 Jan 2021 12:17:14:  8000000 
INFO  @ Sat, 02 Jan 2021 12:17:20:  9000000 
INFO  @ Sat, 02 Jan 2021 12:17:25:  10000000 
INFO  @ Sat, 02 Jan 2021 12:17:31:  11000000 
INFO  @ Sat, 02 Jan 2021 12:17:37:  12000000 
INFO  @ Sat, 02 Jan 2021 12:17:43:  13000000 
INFO  @ Sat, 02 Jan 2021 12:17:48:  14000000 
INFO  @ Sat, 02 Jan 2021 12:17:54:  15000000 
INFO  @ Sat, 02 Jan 2021 12:18:00:  16000000 
INFO  @ Sat, 02 Jan 2021 12:18:06:  17000000 
INFO  @ Sat, 02 Jan 2021 12:18:11:  18000000 
INFO  @ Sat, 02 Jan 2021 12:18:17:  19000000 
INFO  @ Sat, 02 Jan 2021 12:18:23:  20000000 
INFO  @ Sat, 02 Jan 2021 12:18:28:  21000000 
INFO  @ Sat, 02 Jan 2021 12:18:34:  22000000 
INFO  @ Sat, 02 Jan 2021 12:18:40:  23000000 
INFO  @ Sat, 02 Jan 2021 12:18:46:  24000000 
INFO  @ Sat, 02 Jan 2021 12:18:52:  25000000 
INFO  @ Sat, 02 Jan 2021 12:18:58:  26000000 
INFO  @ Sat, 02 Jan 2021 12:19:03:  27000000 
INFO  @ Sat, 02 Jan 2021 12:19:09:  28000000 
INFO  @ Sat, 02 Jan 2021 12:19:15:  29000000 
INFO  @ Sat, 02 Jan 2021 12:19:21:  30000000 
INFO  @ Sat, 02 Jan 2021 12:19:27:  31000000 
INFO  @ Sat, 02 Jan 2021 12:19:32:  32000000 
INFO  @ Sat, 02 Jan 2021 12:19:38:  33000000 
INFO  @ Sat, 02 Jan 2021 12:19:44:  34000000 
INFO  @ Sat, 02 Jan 2021 12:19:50:  35000000 
INFO  @ Sat, 02 Jan 2021 12:19:56:  36000000 
INFO  @ Sat, 02 Jan 2021 12:20:02:  37000000 
INFO  @ Sat, 02 Jan 2021 12:20:07:  38000000 
INFO  @ Sat, 02 Jan 2021 12:20:13:  39000000 
INFO  @ Sat, 02 Jan 2021 12:20:19:  40000000 
INFO  @ Sat, 02 Jan 2021 12:20:24:  41000000 
INFO  @ Sat, 02 Jan 2021 12:20:28: #1 tag size is determined as 50 bps 
INFO  @ Sat, 02 Jan 2021 12:20:28: #1 tag size = 50 
INFO  @ Sat, 02 Jan 2021 12:20:28: #1  total tags in treatment: 53975324 
INFO  @ Sat, 02 Jan 2021 12:20:28: #1 user defined the maximum tags... 
INFO  @ Sat, 02 Jan 2021 12:20:28: #1 filter out redundant tags at the same location and the same strand by allowing at most 1 tag(s) 
INFO  @ Sat, 02 Jan 2021 12:20:29: #1  tags after filtering in treatment: 53692682 
INFO  @ Sat, 02 Jan 2021 12:20:29: #1  Redundant rate of treatment: 0.01 
INFO  @ Sat, 02 Jan 2021 12:20:29: #1  total tags in control: 107707849 
INFO  @ Sat, 02 Jan 2021 12:20:29: #1 user defined the maximum tags... 
INFO  @ Sat, 02 Jan 2021 12:20:29: #1 filter out redundant tags at the same location and the same strand by allowing at most 1 tag(s) 
INFO  @ Sat, 02 Jan 2021 12:20:32: #1  tags after filtering in control: 106501475 
INFO  @ Sat, 02 Jan 2021 12:20:32: #1  Redundant rate of control: 0.01 
INFO  @ Sat, 02 Jan 2021 12:20:32: #1 finished! 
INFO  @ Sat, 02 Jan 2021 12:20:32: #2 Build Peak Model... 
INFO  @ Sat, 02 Jan 2021 12:20:32: #2 Skipped... 
INFO  @ Sat, 02 Jan 2021 12:20:32: #2 Use 147 as fragment length 
INFO  @ Sat, 02 Jan 2021 12:20:32: #3 Call peaks... 
INFO  @ Sat, 02 Jan 2021 12:20:32: #3 Call broad peaks with given level1 -log10qvalue cutoff and level2: 1.301030, 1.000000... 
INFO  @ Sat, 02 Jan 2021 12:20:32: #3 Pre-compute pvalue-qvalue table... 
INFO  @ Sat, 02 Jan 2021 12:29:12: #3 Call peaks for each chromosome... 
INFO  @ Sat, 02 Jan 2021 12:32:37: #4 Write output xls file... /gpfs/group/pipkin/hdiao/T_Cell_ChIP/2_MACS2_broad/2014_NAT_IMMUNOL_Kurachi___H3-invitro-d3-CD8_peaks.xls 
INFO  @ Sat, 02 Jan 2021 12:32:37: #4 Write broad peak in broadPeak format file... /gpfs/group/pipkin/hdiao/T_Cell_ChIP/2_MACS2_broad/2014_NAT_IMMUNOL_Kurachi___H3-invitro-d3-CD8_peaks.broadPeak 
INFO  @ Sat, 02 Jan 2021 12:32:37: #4 Write broad peak in bed12/gappedPeak format file... /gpfs/group/pipkin/hdiao/T_Cell_ChIP/2_MACS2_broad/2014_NAT_IMMUNOL_Kurachi___H3-invitro-d3-CD8_peaks.gappedPeak 
INFO  @ Sat, 02 Jan 2021 12:32:37: Done! 
