INFO  @ Sat, 02 Jan 2021 11:20:45: 
# Command line: callpeak -t SRR1731137_srt_dupr_flb.bam -c SRR1731131_srt_dupr_flb.bam -g mm -B --SPMR --nomodel --extsize 147 --call-summits -n 2015_IMMUNITY_Martinez___Nfat1_invitro-CD8-PI-1h-Nfat1KO-CA-RIT-RV --outdir /gpfs/group/pipkin/hdiao/T_Cell_ChIP/2_MACS2
# ARGUMENTS LIST:
# name = 2015_IMMUNITY_Martinez___Nfat1_invitro-CD8-PI-1h-Nfat1KO-CA-RIT-RV
# format = AUTO
# ChIP-seq file = ['SRR1731137_srt_dupr_flb.bam']
# control file = ['SRR1731131_srt_dupr_flb.bam']
# effective genome size = 1.87e+09
# band width = 300
# model fold = [5, 50]
# qvalue cutoff = 5.00e-02
# Larger dataset will be scaled towards smaller dataset.
# Range for calculating regional lambda is: 1000 bps and 10000 bps
# Broad region calling is off
# Searching for subpeak summits is on
# MACS will save fragment pileup signal per million reads
 
INFO  @ Sat, 02 Jan 2021 11:20:45: #1 read tag files... 
INFO  @ Sat, 02 Jan 2021 11:20:45: #1 read treatment tags... 
INFO  @ Sat, 02 Jan 2021 11:20:45: Detected format is: BAM 
INFO  @ Sat, 02 Jan 2021 11:20:45: * Input file is gzipped. 
INFO  @ Sat, 02 Jan 2021 11:20:54:  1000000 
INFO  @ Sat, 02 Jan 2021 11:21:05:  2000000 
INFO  @ Sat, 02 Jan 2021 11:21:15:  3000000 
INFO  @ Sat, 02 Jan 2021 11:21:26:  4000000 
INFO  @ Sat, 02 Jan 2021 11:21:36:  5000000 
INFO  @ Sat, 02 Jan 2021 11:21:46:  6000000 
INFO  @ Sat, 02 Jan 2021 11:21:52:  7000000 
INFO  @ Sat, 02 Jan 2021 11:21:57:  8000000 
INFO  @ Sat, 02 Jan 2021 11:22:03:  9000000 
INFO  @ Sat, 02 Jan 2021 11:22:10:  10000000 
INFO  @ Sat, 02 Jan 2021 11:22:15:  11000000 
INFO  @ Sat, 02 Jan 2021 11:22:21:  12000000 
INFO  @ Sat, 02 Jan 2021 11:22:26:  13000000 
INFO  @ Sat, 02 Jan 2021 11:22:32:  14000000 
INFO  @ Sat, 02 Jan 2021 11:22:37:  15000000 
INFO  @ Sat, 02 Jan 2021 11:22:43:  16000000 
INFO  @ Sat, 02 Jan 2021 11:22:49:  17000000 
INFO  @ Sat, 02 Jan 2021 11:22:54:  18000000 
INFO  @ Sat, 02 Jan 2021 11:23:00:  19000000 
INFO  @ Sat, 02 Jan 2021 11:23:02: #1.2 read input tags... 
INFO  @ Sat, 02 Jan 2021 11:23:02: Detected format is: BAM 
INFO  @ Sat, 02 Jan 2021 11:23:02: * Input file is gzipped. 
INFO  @ Sat, 02 Jan 2021 11:23:10:  1000000 
INFO  @ Sat, 02 Jan 2021 11:23:19:  2000000 
INFO  @ Sat, 02 Jan 2021 11:23:27:  3000000 
INFO  @ Sat, 02 Jan 2021 11:23:36:  4000000 
INFO  @ Sat, 02 Jan 2021 11:23:44:  5000000 
INFO  @ Sat, 02 Jan 2021 11:23:52:  6000000 
INFO  @ Sat, 02 Jan 2021 11:24:01:  7000000 
INFO  @ Sat, 02 Jan 2021 11:24:10:  8000000 
INFO  @ Sat, 02 Jan 2021 11:24:15:  9000000 
INFO  @ Sat, 02 Jan 2021 11:24:21:  10000000 
INFO  @ Sat, 02 Jan 2021 11:24:26:  11000000 
INFO  @ Sat, 02 Jan 2021 11:24:31:  12000000 
INFO  @ Sat, 02 Jan 2021 11:24:37:  13000000 
INFO  @ Sat, 02 Jan 2021 11:24:43:  14000000 
INFO  @ Sat, 02 Jan 2021 11:24:48:  15000000 
INFO  @ Sat, 02 Jan 2021 11:24:54:  16000000 
INFO  @ Sat, 02 Jan 2021 11:24:59:  17000000 
INFO  @ Sat, 02 Jan 2021 11:25:04:  18000000 
INFO  @ Sat, 02 Jan 2021 11:25:06: #1 tag size is determined as 46 bps 
INFO  @ Sat, 02 Jan 2021 11:25:06: #1 tag size = 46 
INFO  @ Sat, 02 Jan 2021 11:25:06: #1  total tags in treatment: 6182536 
INFO  @ Sat, 02 Jan 2021 11:25:06: #1 user defined the maximum tags... 
INFO  @ Sat, 02 Jan 2021 11:25:06: #1 filter out redundant tags at the same location and the same strand by allowing at most 1 tag(s) 
INFO  @ Sat, 02 Jan 2021 11:25:06: #1  tags after filtering in treatment: 6182536 
INFO  @ Sat, 02 Jan 2021 11:25:06: #1  Redundant rate of treatment: 0.00 
INFO  @ Sat, 02 Jan 2021 11:25:06: #1  total tags in control: 7987119 
INFO  @ Sat, 02 Jan 2021 11:25:06: #1 user defined the maximum tags... 
INFO  @ Sat, 02 Jan 2021 11:25:06: #1 filter out redundant tags at the same location and the same strand by allowing at most 1 tag(s) 
INFO  @ Sat, 02 Jan 2021 11:25:06: #1  tags after filtering in control: 7987119 
INFO  @ Sat, 02 Jan 2021 11:25:06: #1  Redundant rate of control: 0.00 
INFO  @ Sat, 02 Jan 2021 11:25:06: #1 finished! 
INFO  @ Sat, 02 Jan 2021 11:25:06: #2 Build Peak Model... 
INFO  @ Sat, 02 Jan 2021 11:25:06: #2 Skipped... 
INFO  @ Sat, 02 Jan 2021 11:25:06: #2 Use 147 as fragment length 
INFO  @ Sat, 02 Jan 2021 11:25:06: #3 Call peaks... 
INFO  @ Sat, 02 Jan 2021 11:25:06: #3 Going to call summits inside each peak ... 
INFO  @ Sat, 02 Jan 2021 11:25:06: #3 Pre-compute pvalue-qvalue table... 
INFO  @ Sat, 02 Jan 2021 11:25:55: #3 In the peak calling step, the following will be performed simultaneously: 
INFO  @ Sat, 02 Jan 2021 11:25:55: #3   Write bedGraph files for treatment pileup (after scaling if necessary)... 2015_IMMUNITY_Martinez___Nfat1_invitro-CD8-PI-1h-Nfat1KO-CA-RIT-RV_treat_pileup.bdg 
INFO  @ Sat, 02 Jan 2021 11:25:55: #3   Write bedGraph files for control lambda (after scaling if necessary)... 2015_IMMUNITY_Martinez___Nfat1_invitro-CD8-PI-1h-Nfat1KO-CA-RIT-RV_control_lambda.bdg 
INFO  @ Sat, 02 Jan 2021 11:25:55: #3   --SPMR is requested, so pileup will be normalized by sequencing depth in million reads. 
INFO  @ Sat, 02 Jan 2021 11:25:55: #3 Call peaks for each chromosome... 
INFO  @ Sat, 02 Jan 2021 11:28:38: #4 Write output xls file... /gpfs/group/pipkin/hdiao/T_Cell_ChIP/2_MACS2/2015_IMMUNITY_Martinez___Nfat1_invitro-CD8-PI-1h-Nfat1KO-CA-RIT-RV_peaks.xls 
INFO  @ Sat, 02 Jan 2021 11:28:38: #4 Write peak in narrowPeak format file... /gpfs/group/pipkin/hdiao/T_Cell_ChIP/2_MACS2/2015_IMMUNITY_Martinez___Nfat1_invitro-CD8-PI-1h-Nfat1KO-CA-RIT-RV_peaks.narrowPeak 
INFO  @ Sat, 02 Jan 2021 11:28:38: #4 Write summits bed file... /gpfs/group/pipkin/hdiao/T_Cell_ChIP/2_MACS2/2015_IMMUNITY_Martinez___Nfat1_invitro-CD8-PI-1h-Nfat1KO-CA-RIT-RV_summits.bed 
INFO  @ Sat, 02 Jan 2021 11:28:38: Done! 
