Started analysis of 2_093A_0182UCSD_Naive-N2_BRD4_mm_i59.fastq
Approx 5% complete for 2_093A_0182UCSD_Naive-N2_BRD4_mm_i59.fastq
Approx 10% complete for 2_093A_0182UCSD_Naive-N2_BRD4_mm_i59.fastq
Approx 15% complete for 2_093A_0182UCSD_Naive-N2_BRD4_mm_i59.fastq
Approx 20% complete for 2_093A_0182UCSD_Naive-N2_BRD4_mm_i59.fastq
Approx 25% complete for 2_093A_0182UCSD_Naive-N2_BRD4_mm_i59.fastq
Approx 30% complete for 2_093A_0182UCSD_Naive-N2_BRD4_mm_i59.fastq
Approx 35% complete for 2_093A_0182UCSD_Naive-N2_BRD4_mm_i59.fastq
Approx 40% complete for 2_093A_0182UCSD_Naive-N2_BRD4_mm_i59.fastq
Approx 45% complete for 2_093A_0182UCSD_Naive-N2_BRD4_mm_i59.fastq
Approx 50% complete for 2_093A_0182UCSD_Naive-N2_BRD4_mm_i59.fastq
Approx 55% complete for 2_093A_0182UCSD_Naive-N2_BRD4_mm_i59.fastq
Approx 60% complete for 2_093A_0182UCSD_Naive-N2_BRD4_mm_i59.fastq
Approx 65% complete for 2_093A_0182UCSD_Naive-N2_BRD4_mm_i59.fastq
Approx 70% complete for 2_093A_0182UCSD_Naive-N2_BRD4_mm_i59.fastq
Approx 75% complete for 2_093A_0182UCSD_Naive-N2_BRD4_mm_i59.fastq
Approx 80% complete for 2_093A_0182UCSD_Naive-N2_BRD4_mm_i59.fastq
Approx 85% complete for 2_093A_0182UCSD_Naive-N2_BRD4_mm_i59.fastq
Approx 90% complete for 2_093A_0182UCSD_Naive-N2_BRD4_mm_i59.fastq
Approx 95% complete for 2_093A_0182UCSD_Naive-N2_BRD4_mm_i59.fastq
Analysis complete for 2_093A_0182UCSD_Naive-N2_BRD4_mm_i59.fastq
Multicore support not enabled. Proceeding with single-core trimming.
Path to Cutadapt set as: 'cutadapt' (default)
Cutadapt seems to be working fine (tested command 'cutadapt --version')
No quality encoding type selected. Assuming that the data provided uses Sanger encoded Phred scores (default)



AUTO-DETECTING ADAPTER TYPE
===========================
Attempting to auto-detect adapter type from the first 1 million sequences of the first file (>> /gpfs/group/pipkin/hdiao/T_Cell_ChIP/0_fastq/2_093A_0182UCSD_Naive-N2_BRD4_mm_i59.fastq <<)

Found perfect matches for the following adapter sequences:
Adapter type	Count	Sequence	Sequences analysed	Percentage
Illumina	11070	AGATCGGAAGAGC	1000000	1.11
Nextera	8	CTGTCTCTTATA	1000000	0.00
smallRNA	0	TGGAATTCTCGG	1000000	0.00
Using Illumina adapter for trimming (count: 11070). Second best hit was Nextera (count: 8)

Writing report to '2_093A_0182UCSD_Naive-N2_BRD4_mm_i59.fastq_trimming_report.txt'

SUMMARISING RUN PARAMETERS
==========================
Input filename: /gpfs/group/pipkin/hdiao/T_Cell_ChIP/0_fastq/2_093A_0182UCSD_Naive-N2_BRD4_mm_i59.fastq
Trimming mode: single-end
Trim Galore version: 0.6.1
Cutadapt version: 1.18
Number of cores used for trimming: 1
Quality Phred score cutoff: 20
Quality encoding type selected: ASCII+33
Adapter sequence: 'AGATCGGAAGAGC' (Illumina TruSeq, Sanger iPCR; auto-detected)
Maximum trimming error rate: 0.1 (default)
Minimum required adapter overlap (stringency): 3 bp
Minimum required sequence length before a sequence gets removed: 24 bp

Writing final adapter and quality trimmed output to 2_093A_0182UCSD_Naive-N2_BRD4_mm_i59_trimmed.fq


  >>> Now performing quality (cutoff '-q 20') and adapter trimming in a single pass for the adapter sequence: 'AGATCGGAAGAGC' from file /gpfs/group/pipkin/hdiao/T_Cell_ChIP/0_fastq/2_093A_0182UCSD_Naive-N2_BRD4_mm_i59.fastq <<< 
10000000 sequences processed
20000000 sequences processed
30000000 sequences processed
This is cutadapt 1.18 with Python 2.7.11
Command line parameters: -j 1 -e 0.1 -q 20 -O 3 -a AGATCGGAAGAGC /gpfs/group/pipkin/hdiao/T_Cell_ChIP/0_fastq/2_093A_0182UCSD_Naive-N2_BRD4_mm_i59.fastq
Processing reads on 1 core in single-end mode ...
Finished in 2144.49 s (57 us/read; 1.05 M reads/minute).

=== Summary ===

Total reads processed:              37,427,244
Reads with adapters:                 1,682,239 (4.5%)
Reads written (passing filters):    37,427,244 (100.0%)

Total basepairs processed: 2,807,043,300 bp
Quality-trimmed:              18,864,234 bp (0.7%)
Total written (filtered):  2,746,022,002 bp (97.8%)

=== Adapter 1 ===

Sequence: AGATCGGAAGAGC; Type: regular 3'; Length: 13; Trimmed: 1682239 times.

No. of allowed errors:
0-9 bp: 0; 10-13 bp: 1

Bases preceding removed adapters:
  A: 16.6%
  C: 14.7%
  G: 38.1%
  T: 10.7%
  none/other: 19.8%

Overview of removed sequences
length	count	expect	max.err	error counts
3	730335	584800.7	0	730335
4	168371	146200.2	0	168371
5	29206	36550.0	0	29206
6	2433	9137.5	0	2433
7	1355	2284.4	0	1355
8	1018	571.1	0	1018
9	1756	142.8	0	1227 529
10	1689	35.7	1	879 810
11	1200	8.9	1	787 413
12	807	2.2	1	691 116
13	1831	0.6	1	1748 83
14	867	0.6	1	805 62
15	911	0.6	1	847 64
16	731	0.6	1	664 67
17	772	0.6	1	706 66
18	655	0.6	1	584 71
19	559	0.6	1	504 55
20	496	0.6	1	441 55
21	563	0.6	1	509 54
22	558	0.6	1	495 63
23	413	0.6	1	363 50
24	464	0.6	1	413 51
25	408	0.6	1	346 62
26	468	0.6	1	386 82
27	390	0.6	1	328 62
28	415	0.6	1	288 127
29	377	0.6	1	300 77
30	407	0.6	1	309 98
31	314	0.6	1	219 95
32	340	0.6	1	216 124
33	401	0.6	1	274 127
34	292	0.6	1	134 158
35	384	0.6	1	245 139
36	723	0.6	1	265 458
37	767	0.6	1	381 386
38	1019	0.6	1	465 554
39	986	0.6	1	627 359
40	1367	0.6	1	483 884
41	3001	0.6	1	1804 1197
42	14141	0.6	1	4864 9277
43	53734	0.6	1	37809 15925
44	149890	0.6	1	132965 16925
45	172007	0.6	1	149753 22254
46	37240	0.6	1	28343 8897
47	15372	0.6	1	6918 8454
48	9472	0.6	1	5656 3816
49	26836	0.6	1	1265 25571
50	23680	0.6	1	6632 17048
51	4175	0.6	1	2843 1332
52	2963	0.6	1	343 2620
53	2854	0.6	1	1883 971
54	2127	0.6	1	1512 615
55	3602	0.6	1	3289 313
56	5754	0.6	1	5051 703
57	943	0.6	1	217 726
58	752	0.6	1	116 636
59	742	0.6	1	64 678
60	353	0.6	1	112 241
61	733	0.6	1	529 204
62	120	0.6	1	2 118
63	382	0.6	1	2 380
64	408	0.6	1	11 397
65	545	0.6	1	10 535
66	364	0.6	1	21 343
67	936	0.6	1	1 935
68	535	0.6	1	6 529
69	216	0.6	1	0 216
70	207	0.6	1	0 207
71	799	0.6	1	0 799
72	7013	0.6	1	0 7013
73	45485	0.6	1	3 45482
74	54900	0.6	1	2 54898
75	83910	0.6	1	11 83899


RUN STATISTICS FOR INPUT FILE: /gpfs/group/pipkin/hdiao/T_Cell_ChIP/0_fastq/2_093A_0182UCSD_Naive-N2_BRD4_mm_i59.fastq
=============================================
37427244 sequences processed in total
Sequences removed because they became shorter than the length cutoff of 24 bp:	406197 (1.1%)

Started analysis of 2_093A_0182UCSD_Naive-N2_BRD4_mm_i59_trimmed.fq
Approx 5% complete for 2_093A_0182UCSD_Naive-N2_BRD4_mm_i59_trimmed.fq
Approx 10% complete for 2_093A_0182UCSD_Naive-N2_BRD4_mm_i59_trimmed.fq
Approx 15% complete for 2_093A_0182UCSD_Naive-N2_BRD4_mm_i59_trimmed.fq
Approx 20% complete for 2_093A_0182UCSD_Naive-N2_BRD4_mm_i59_trimmed.fq
Approx 25% complete for 2_093A_0182UCSD_Naive-N2_BRD4_mm_i59_trimmed.fq
Approx 30% complete for 2_093A_0182UCSD_Naive-N2_BRD4_mm_i59_trimmed.fq
Approx 35% complete for 2_093A_0182UCSD_Naive-N2_BRD4_mm_i59_trimmed.fq
Approx 40% complete for 2_093A_0182UCSD_Naive-N2_BRD4_mm_i59_trimmed.fq
Approx 45% complete for 2_093A_0182UCSD_Naive-N2_BRD4_mm_i59_trimmed.fq
Approx 50% complete for 2_093A_0182UCSD_Naive-N2_BRD4_mm_i59_trimmed.fq
Approx 55% complete for 2_093A_0182UCSD_Naive-N2_BRD4_mm_i59_trimmed.fq
Approx 60% complete for 2_093A_0182UCSD_Naive-N2_BRD4_mm_i59_trimmed.fq
Approx 65% complete for 2_093A_0182UCSD_Naive-N2_BRD4_mm_i59_trimmed.fq
Approx 70% complete for 2_093A_0182UCSD_Naive-N2_BRD4_mm_i59_trimmed.fq
Approx 75% complete for 2_093A_0182UCSD_Naive-N2_BRD4_mm_i59_trimmed.fq
Approx 80% complete for 2_093A_0182UCSD_Naive-N2_BRD4_mm_i59_trimmed.fq
Approx 85% complete for 2_093A_0182UCSD_Naive-N2_BRD4_mm_i59_trimmed.fq
Approx 90% complete for 2_093A_0182UCSD_Naive-N2_BRD4_mm_i59_trimmed.fq
Approx 95% complete for 2_093A_0182UCSD_Naive-N2_BRD4_mm_i59_trimmed.fq
Analysis complete for 2_093A_0182UCSD_Naive-N2_BRD4_mm_i59_trimmed.fq
37021047 reads; of these:
  37021047 (100.00%) were unpaired; of these:
    1848041 (4.99%) aligned 0 times
    24530097 (66.26%) aligned exactly 1 time
    10642909 (28.75%) aligned >1 times
95.01% overall alignment rate
[bam_sort_core] merging from 12 files and 1 in-memory blocks...
[bam_rmdupse_core] 9086248 / 35173006 = 0.2583 in library '	'
