Started analysis of 3_0949_0182UCSD_MP1_BRD4_mm_i60.fastq
Approx 5% complete for 3_0949_0182UCSD_MP1_BRD4_mm_i60.fastq
Approx 10% complete for 3_0949_0182UCSD_MP1_BRD4_mm_i60.fastq
Approx 15% complete for 3_0949_0182UCSD_MP1_BRD4_mm_i60.fastq
Approx 20% complete for 3_0949_0182UCSD_MP1_BRD4_mm_i60.fastq
Approx 25% complete for 3_0949_0182UCSD_MP1_BRD4_mm_i60.fastq
Approx 30% complete for 3_0949_0182UCSD_MP1_BRD4_mm_i60.fastq
Approx 35% complete for 3_0949_0182UCSD_MP1_BRD4_mm_i60.fastq
Approx 40% complete for 3_0949_0182UCSD_MP1_BRD4_mm_i60.fastq
Approx 45% complete for 3_0949_0182UCSD_MP1_BRD4_mm_i60.fastq
Approx 50% complete for 3_0949_0182UCSD_MP1_BRD4_mm_i60.fastq
Approx 55% complete for 3_0949_0182UCSD_MP1_BRD4_mm_i60.fastq
Approx 60% complete for 3_0949_0182UCSD_MP1_BRD4_mm_i60.fastq
Approx 65% complete for 3_0949_0182UCSD_MP1_BRD4_mm_i60.fastq
Approx 70% complete for 3_0949_0182UCSD_MP1_BRD4_mm_i60.fastq
Approx 75% complete for 3_0949_0182UCSD_MP1_BRD4_mm_i60.fastq
Approx 80% complete for 3_0949_0182UCSD_MP1_BRD4_mm_i60.fastq
Approx 85% complete for 3_0949_0182UCSD_MP1_BRD4_mm_i60.fastq
Approx 90% complete for 3_0949_0182UCSD_MP1_BRD4_mm_i60.fastq
Approx 95% complete for 3_0949_0182UCSD_MP1_BRD4_mm_i60.fastq
Analysis complete for 3_0949_0182UCSD_MP1_BRD4_mm_i60.fastq
Multicore support not enabled. Proceeding with single-core trimming.
Path to Cutadapt set as: 'cutadapt' (default)
Cutadapt seems to be working fine (tested command 'cutadapt --version')
No quality encoding type selected. Assuming that the data provided uses Sanger encoded Phred scores (default)



AUTO-DETECTING ADAPTER TYPE
===========================
Attempting to auto-detect adapter type from the first 1 million sequences of the first file (>> /gpfs/group/pipkin/hdiao/T_Cell_ChIP/0_fastq/3_0949_0182UCSD_MP1_BRD4_mm_i60.fastq <<)

Found perfect matches for the following adapter sequences:
Adapter type	Count	Sequence	Sequences analysed	Percentage
Illumina	14047	AGATCGGAAGAGC	1000000	1.40
Nextera	6	CTGTCTCTTATA	1000000	0.00
smallRNA	1	TGGAATTCTCGG	1000000	0.00
Using Illumina adapter for trimming (count: 14047). Second best hit was Nextera (count: 6)

Writing report to '3_0949_0182UCSD_MP1_BRD4_mm_i60.fastq_trimming_report.txt'

SUMMARISING RUN PARAMETERS
==========================
Input filename: /gpfs/group/pipkin/hdiao/T_Cell_ChIP/0_fastq/3_0949_0182UCSD_MP1_BRD4_mm_i60.fastq
Trimming mode: single-end
Trim Galore version: 0.6.1
Cutadapt version: 1.18
Number of cores used for trimming: 1
Quality Phred score cutoff: 20
Quality encoding type selected: ASCII+33
Adapter sequence: 'AGATCGGAAGAGC' (Illumina TruSeq, Sanger iPCR; auto-detected)
Maximum trimming error rate: 0.1 (default)
Minimum required adapter overlap (stringency): 3 bp
Minimum required sequence length before a sequence gets removed: 24 bp

Writing final adapter and quality trimmed output to 3_0949_0182UCSD_MP1_BRD4_mm_i60_trimmed.fq


  >>> Now performing quality (cutoff '-q 20') and adapter trimming in a single pass for the adapter sequence: 'AGATCGGAAGAGC' from file /gpfs/group/pipkin/hdiao/T_Cell_ChIP/0_fastq/3_0949_0182UCSD_MP1_BRD4_mm_i60.fastq <<< 
10000000 sequences processed
20000000 sequences processed
30000000 sequences processed
This is cutadapt 1.18 with Python 2.7.11
Command line parameters: -j 1 -e 0.1 -q 20 -O 3 -a AGATCGGAAGAGC /gpfs/group/pipkin/hdiao/T_Cell_ChIP/0_fastq/3_0949_0182UCSD_MP1_BRD4_mm_i60.fastq
Processing reads on 1 core in single-end mode ...
Finished in 1929.94 s (53 us/read; 1.13 M reads/minute).

=== Summary ===

Total reads processed:              36,207,709
Reads with adapters:                 1,794,103 (5.0%)
Reads written (passing filters):    36,207,709 (100.0%)

Total basepairs processed: 2,715,578,175 bp
Quality-trimmed:              15,794,875 bp (0.6%)
Total written (filtered):  2,647,999,220 bp (97.5%)

=== Adapter 1 ===

Sequence: AGATCGGAAGAGC; Type: regular 3'; Length: 13; Trimmed: 1794103 times.

No. of allowed errors:
0-9 bp: 0; 10-13 bp: 1

Bases preceding removed adapters:
  A: 15.1%
  C: 13.4%
  G: 40.7%
  T: 9.9%
  none/other: 20.9%

Overview of removed sequences
length	count	expect	max.err	error counts
3	703715	565745.5	0	703715
4	165874	141436.4	0	165874
5	28056	35359.1	0	28056
6	2310	8839.8	0	2310
7	1292	2209.9	0	1292
8	876	552.5	0	876
9	1369	138.1	0	927 442
10	1496	34.5	1	744 752
11	1062	8.6	1	650 412
12	1252	2.2	1	1108 144
13	4673	0.5	1	4580 93
14	1279	0.5	1	1223 56
15	793	0.5	1	746 47
16	690	0.5	1	621 69
17	730	0.5	1	663 67
18	549	0.5	1	503 46
19	511	0.5	1	449 62
20	425	0.5	1	370 55
21	421	0.5	1	372 49
22	440	0.5	1	388 52
23	382	0.5	1	339 43
24	413	0.5	1	343 70
25	362	0.5	1	314 48
26	421	0.5	1	359 62
27	359	0.5	1	298 61
28	338	0.5	1	239 99
29	309	0.5	1	245 64
30	380	0.5	1	304 76
31	295	0.5	1	212 83
32	338	0.5	1	223 115
33	403	0.5	1	323 80
34	309	0.5	1	203 106
35	538	0.5	1	383 155
36	675	0.5	1	430 245
37	1859	0.5	1	629 1230
38	1457	0.5	1	808 649
39	1523	0.5	1	836 687
40	2034	0.5	1	1359 675
41	2931	0.5	1	2155 776
42	6756	0.5	1	5128 1628
43	40410	0.5	1	26740 13670
44	328431	0.5	1	322988 5443
45	64997	0.5	1	60161 4836
46	13678	0.5	1	12945 733
47	1146	0.5	1	545 601
48	2402	0.5	1	1482 920
49	3091	0.5	1	533 2558
50	3215	0.5	1	1443 1772
51	1913	0.5	1	1345 568
52	3219	0.5	1	588 2631
53	6316	0.5	1	3952 2364
54	11129	0.5	1	10341 788
55	8666	0.5	1	5486 3180
56	40519	0.5	1	28540 11979
57	3862	0.5	1	1028 2834
58	1161	0.5	1	267 894
59	630	0.5	1	159 471
60	2461	0.5	1	119 2342
61	1263	0.5	1	921 342
62	304	0.5	1	4 300
63	1859	0.5	1	6 1853
64	451	0.5	1	68 383
65	356	0.5	1	23 333
66	828	0.5	1	63 765
67	2692	0.5	1	14 2678
68	491	0.5	1	16 475
69	890	0.5	1	0 890
70	2074	0.5	1	1 2073
71	10424	0.5	1	3 10421
72	43171	0.5	1	2 43169
73	147222	0.5	1	6 147216
74	57863	0.5	1	12 57851
75	47074	0.5	1	15 47059


RUN STATISTICS FOR INPUT FILE: /gpfs/group/pipkin/hdiao/T_Cell_ChIP/0_fastq/3_0949_0182UCSD_MP1_BRD4_mm_i60.fastq
=============================================
36207709 sequences processed in total
Sequences removed because they became shorter than the length cutoff of 24 bp:	444088 (1.2%)

Started analysis of 3_0949_0182UCSD_MP1_BRD4_mm_i60_trimmed.fq
Approx 5% complete for 3_0949_0182UCSD_MP1_BRD4_mm_i60_trimmed.fq
Approx 10% complete for 3_0949_0182UCSD_MP1_BRD4_mm_i60_trimmed.fq
Approx 15% complete for 3_0949_0182UCSD_MP1_BRD4_mm_i60_trimmed.fq
Approx 20% complete for 3_0949_0182UCSD_MP1_BRD4_mm_i60_trimmed.fq
Approx 25% complete for 3_0949_0182UCSD_MP1_BRD4_mm_i60_trimmed.fq
Approx 30% complete for 3_0949_0182UCSD_MP1_BRD4_mm_i60_trimmed.fq
Approx 35% complete for 3_0949_0182UCSD_MP1_BRD4_mm_i60_trimmed.fq
Approx 40% complete for 3_0949_0182UCSD_MP1_BRD4_mm_i60_trimmed.fq
Approx 45% complete for 3_0949_0182UCSD_MP1_BRD4_mm_i60_trimmed.fq
Approx 50% complete for 3_0949_0182UCSD_MP1_BRD4_mm_i60_trimmed.fq
Approx 55% complete for 3_0949_0182UCSD_MP1_BRD4_mm_i60_trimmed.fq
Approx 60% complete for 3_0949_0182UCSD_MP1_BRD4_mm_i60_trimmed.fq
Approx 65% complete for 3_0949_0182UCSD_MP1_BRD4_mm_i60_trimmed.fq
Approx 70% complete for 3_0949_0182UCSD_MP1_BRD4_mm_i60_trimmed.fq
Approx 75% complete for 3_0949_0182UCSD_MP1_BRD4_mm_i60_trimmed.fq
Approx 80% complete for 3_0949_0182UCSD_MP1_BRD4_mm_i60_trimmed.fq
Approx 85% complete for 3_0949_0182UCSD_MP1_BRD4_mm_i60_trimmed.fq
Approx 90% complete for 3_0949_0182UCSD_MP1_BRD4_mm_i60_trimmed.fq
Approx 95% complete for 3_0949_0182UCSD_MP1_BRD4_mm_i60_trimmed.fq
Analysis complete for 3_0949_0182UCSD_MP1_BRD4_mm_i60_trimmed.fq
35763621 reads; of these:
  35763621 (100.00%) were unpaired; of these:
    1354865 (3.79%) aligned 0 times
    23876356 (66.76%) aligned exactly 1 time
    10532400 (29.45%) aligned >1 times
96.21% overall alignment rate
[bam_sort_core] merging from 12 files and 1 in-memory blocks...
[bam_rmdupse_core] 10465266 / 34408756 = 0.3041 in library '	'
