Started analysis of 3_07HT_00ZRUCSD_Pooled_Input_mm_i82.fastq
Approx 5% complete for 3_07HT_00ZRUCSD_Pooled_Input_mm_i82.fastq
Approx 10% complete for 3_07HT_00ZRUCSD_Pooled_Input_mm_i82.fastq
Approx 15% complete for 3_07HT_00ZRUCSD_Pooled_Input_mm_i82.fastq
Approx 20% complete for 3_07HT_00ZRUCSD_Pooled_Input_mm_i82.fastq
Approx 25% complete for 3_07HT_00ZRUCSD_Pooled_Input_mm_i82.fastq
Approx 30% complete for 3_07HT_00ZRUCSD_Pooled_Input_mm_i82.fastq
Approx 35% complete for 3_07HT_00ZRUCSD_Pooled_Input_mm_i82.fastq
Approx 40% complete for 3_07HT_00ZRUCSD_Pooled_Input_mm_i82.fastq
Approx 45% complete for 3_07HT_00ZRUCSD_Pooled_Input_mm_i82.fastq
Approx 50% complete for 3_07HT_00ZRUCSD_Pooled_Input_mm_i82.fastq
Approx 55% complete for 3_07HT_00ZRUCSD_Pooled_Input_mm_i82.fastq
Approx 60% complete for 3_07HT_00ZRUCSD_Pooled_Input_mm_i82.fastq
Approx 65% complete for 3_07HT_00ZRUCSD_Pooled_Input_mm_i82.fastq
Approx 70% complete for 3_07HT_00ZRUCSD_Pooled_Input_mm_i82.fastq
Approx 75% complete for 3_07HT_00ZRUCSD_Pooled_Input_mm_i82.fastq
Approx 80% complete for 3_07HT_00ZRUCSD_Pooled_Input_mm_i82.fastq
Approx 85% complete for 3_07HT_00ZRUCSD_Pooled_Input_mm_i82.fastq
Approx 90% complete for 3_07HT_00ZRUCSD_Pooled_Input_mm_i82.fastq
Approx 95% complete for 3_07HT_00ZRUCSD_Pooled_Input_mm_i82.fastq
Analysis complete for 3_07HT_00ZRUCSD_Pooled_Input_mm_i82.fastq
Multicore support not enabled. Proceeding with single-core trimming.
Path to Cutadapt set as: 'cutadapt' (default)
Cutadapt seems to be working fine (tested command 'cutadapt --version')
No quality encoding type selected. Assuming that the data provided uses Sanger encoded Phred scores (default)



AUTO-DETECTING ADAPTER TYPE
===========================
Attempting to auto-detect adapter type from the first 1 million sequences of the first file (>> /gpfs/group/pipkin/hdiao/T_Cell_ChIP/0_fastq/3_07HT_00ZRUCSD_Pooled_Input_mm_i82.fastq <<)

Found perfect matches for the following adapter sequences:
Adapter type	Count	Sequence	Sequences analysed	Percentage
Illumina	1573	AGATCGGAAGAGC	1000000	0.16
Nextera	4	CTGTCTCTTATA	1000000	0.00
smallRNA	0	TGGAATTCTCGG	1000000	0.00
Using Illumina adapter for trimming (count: 1573). Second best hit was Nextera (count: 4)

Writing report to '3_07HT_00ZRUCSD_Pooled_Input_mm_i82.fastq_trimming_report.txt'

SUMMARISING RUN PARAMETERS
==========================
Input filename: /gpfs/group/pipkin/hdiao/T_Cell_ChIP/0_fastq/3_07HT_00ZRUCSD_Pooled_Input_mm_i82.fastq
Trimming mode: single-end
Trim Galore version: 0.6.1
Cutadapt version: 1.18
Number of cores used for trimming: 1
Quality Phred score cutoff: 20
Quality encoding type selected: ASCII+33
Adapter sequence: 'AGATCGGAAGAGC' (Illumina TruSeq, Sanger iPCR; auto-detected)
Maximum trimming error rate: 0.1 (default)
Minimum required adapter overlap (stringency): 3 bp
Minimum required sequence length before a sequence gets removed: 24 bp

Writing final adapter and quality trimmed output to 3_07HT_00ZRUCSD_Pooled_Input_mm_i82_trimmed.fq


  >>> Now performing quality (cutoff '-q 20') and adapter trimming in a single pass for the adapter sequence: 'AGATCGGAAGAGC' from file /gpfs/group/pipkin/hdiao/T_Cell_ChIP/0_fastq/3_07HT_00ZRUCSD_Pooled_Input_mm_i82.fastq <<< 
10000000 sequences processed
20000000 sequences processed
30000000 sequences processed
This is cutadapt 1.18 with Python 2.7.11
Command line parameters: -j 1 -e 0.1 -q 20 -O 3 -a AGATCGGAAGAGC /gpfs/group/pipkin/hdiao/T_Cell_ChIP/0_fastq/3_07HT_00ZRUCSD_Pooled_Input_mm_i82.fastq
Processing reads on 1 core in single-end mode ...
Finished in 914.28 s (27 us/read; 2.23 M reads/minute).

=== Summary ===

Total reads processed:              34,013,070
Reads with adapters:                 1,015,609 (3.0%)
Reads written (passing filters):    34,013,070 (100.0%)

Total basepairs processed: 2,550,980,250 bp
Quality-trimmed:               8,253,413 bp (0.3%)
Total written (filtered):  2,535,205,474 bp (99.4%)

=== Adapter 1 ===

Sequence: AGATCGGAAGAGC; Type: regular 3'; Length: 13; Trimmed: 1015609 times.

No. of allowed errors:
0-9 bp: 0; 10-13 bp: 1

Bases preceding removed adapters:
  A: 26.8%
  C: 24.6%
  G: 27.3%
  T: 18.0%
  none/other: 3.3%

Overview of removed sequences
length	count	expect	max.err	error counts
3	717700	531454.2	0	717700
4	159995	132863.6	0	159995
5	29980	33215.9	0	29980
6	3617	8304.0	0	3617
7	2746	2076.0	0	2746
8	2323	519.0	0	2323
9	3014	129.7	0	2519 495
10	2801	32.4	1	2065 736
11	2318	8.1	1	1904 414
12	1838	2.0	1	1693 145
13	2031	0.5	1	1937 94
14	1627	0.5	1	1569 58
15	1831	0.5	1	1753 78
16	1522	0.5	1	1454 68
17	1554	0.5	1	1479 75
18	1410	0.5	1	1345 65
19	1336	0.5	1	1264 72
20	1035	0.5	1	972 63
21	1144	0.5	1	1087 57
22	1120	0.5	1	1051 69
23	841	0.5	1	793 48
24	991	0.5	1	933 58
25	799	0.5	1	739 60
26	873	0.5	1	809 64
27	761	0.5	1	716 45
28	631	0.5	1	583 48
29	564	0.5	1	516 48
30	609	0.5	1	570 39
31	580	0.5	1	536 44
32	317	0.5	1	287 30
33	495	0.5	1	449 46
34	171	0.5	1	145 26
35	343	0.5	1	293 50
36	289	0.5	1	239 50
37	294	0.5	1	216 78
38	337	0.5	1	261 76
39	268	0.5	1	184 84
40	421	0.5	1	326 95
41	562	0.5	1	331 231
42	1694	0.5	1	1465 229
43	2909	0.5	1	2512 397
44	8654	0.5	1	8258 396
45	7412	0.5	1	6938 474
46	2046	0.5	1	1824 222
47	481	0.5	1	392 89
48	243	0.5	1	180 63
49	260	0.5	1	89 171
50	429	0.5	1	341 88
51	236	0.5	1	174 62
52	265	0.5	1	90 175
53	1053	0.5	1	925 128
54	1300	0.5	1	1242 58
55	652	0.5	1	503 149
56	5636	0.5	1	5158 478
57	237	0.5	1	183 54
58	62	0.5	1	21 41
59	47	0.5	1	22 25
60	101	0.5	1	16 85
61	290	0.5	1	252 38
62	45	0.5	1	0 45
63	78	0.5	1	0 78
64	54	0.5	1	18 36
65	43	0.5	1	3 40
66	50	0.5	1	1 49
67	170	0.5	1	7 163
68	48	0.5	1	15 33
69	74	0.5	1	1 73
70	149	0.5	1	7 142
71	725	0.5	1	10 715
72	2670	0.5	1	11 2659
73	10436	0.5	1	8 10428
74	7645	0.5	1	7 7638
75	8327	0.5	1	8 8319


RUN STATISTICS FOR INPUT FILE: /gpfs/group/pipkin/hdiao/T_Cell_ChIP/0_fastq/3_07HT_00ZRUCSD_Pooled_Input_mm_i82.fastq
=============================================
34013070 sequences processed in total
Sequences removed because they became shorter than the length cutoff of 24 bp:	48749 (0.1%)

Started analysis of 3_07HT_00ZRUCSD_Pooled_Input_mm_i82_trimmed.fq
Approx 5% complete for 3_07HT_00ZRUCSD_Pooled_Input_mm_i82_trimmed.fq
Approx 10% complete for 3_07HT_00ZRUCSD_Pooled_Input_mm_i82_trimmed.fq
Approx 15% complete for 3_07HT_00ZRUCSD_Pooled_Input_mm_i82_trimmed.fq
Approx 20% complete for 3_07HT_00ZRUCSD_Pooled_Input_mm_i82_trimmed.fq
Approx 25% complete for 3_07HT_00ZRUCSD_Pooled_Input_mm_i82_trimmed.fq
Approx 30% complete for 3_07HT_00ZRUCSD_Pooled_Input_mm_i82_trimmed.fq
Approx 35% complete for 3_07HT_00ZRUCSD_Pooled_Input_mm_i82_trimmed.fq
Approx 40% complete for 3_07HT_00ZRUCSD_Pooled_Input_mm_i82_trimmed.fq
Approx 45% complete for 3_07HT_00ZRUCSD_Pooled_Input_mm_i82_trimmed.fq
Approx 50% complete for 3_07HT_00ZRUCSD_Pooled_Input_mm_i82_trimmed.fq
Approx 55% complete for 3_07HT_00ZRUCSD_Pooled_Input_mm_i82_trimmed.fq
Approx 60% complete for 3_07HT_00ZRUCSD_Pooled_Input_mm_i82_trimmed.fq
Approx 65% complete for 3_07HT_00ZRUCSD_Pooled_Input_mm_i82_trimmed.fq
Approx 70% complete for 3_07HT_00ZRUCSD_Pooled_Input_mm_i82_trimmed.fq
Approx 75% complete for 3_07HT_00ZRUCSD_Pooled_Input_mm_i82_trimmed.fq
Approx 80% complete for 3_07HT_00ZRUCSD_Pooled_Input_mm_i82_trimmed.fq
Approx 85% complete for 3_07HT_00ZRUCSD_Pooled_Input_mm_i82_trimmed.fq
Approx 90% complete for 3_07HT_00ZRUCSD_Pooled_Input_mm_i82_trimmed.fq
Approx 95% complete for 3_07HT_00ZRUCSD_Pooled_Input_mm_i82_trimmed.fq
Analysis complete for 3_07HT_00ZRUCSD_Pooled_Input_mm_i82_trimmed.fq
33964321 reads; of these:
  33964321 (100.00%) were unpaired; of these:
    371001 (1.09%) aligned 0 times
    23589186 (69.45%) aligned exactly 1 time
    10004134 (29.45%) aligned >1 times
98.91% overall alignment rate
[bam_sort_core] merging from 11 files and 1 in-memory blocks...
[bam_rmdupse_core] 4375931 / 33593320 = 0.1303 in library '	'
