Started analysis of SRR8591884_1.fastq
Approx 5% complete for SRR8591884_1.fastq
Approx 10% complete for SRR8591884_1.fastq
Approx 15% complete for SRR8591884_1.fastq
Approx 20% complete for SRR8591884_1.fastq
Approx 25% complete for SRR8591884_1.fastq
Approx 30% complete for SRR8591884_1.fastq
Approx 35% complete for SRR8591884_1.fastq
Approx 40% complete for SRR8591884_1.fastq
Approx 45% complete for SRR8591884_1.fastq
Approx 50% complete for SRR8591884_1.fastq
Approx 55% complete for SRR8591884_1.fastq
Approx 60% complete for SRR8591884_1.fastq
Approx 65% complete for SRR8591884_1.fastq
Approx 70% complete for SRR8591884_1.fastq
Approx 75% complete for SRR8591884_1.fastq
Approx 80% complete for SRR8591884_1.fastq
Approx 85% complete for SRR8591884_1.fastq
Approx 90% complete for SRR8591884_1.fastq
Approx 95% complete for SRR8591884_1.fastq
Analysis complete for SRR8591884_1.fastq
Started analysis of SRR8591884_2.fastq
Approx 5% complete for SRR8591884_2.fastq
Approx 10% complete for SRR8591884_2.fastq
Approx 15% complete for SRR8591884_2.fastq
Approx 20% complete for SRR8591884_2.fastq
Approx 25% complete for SRR8591884_2.fastq
Approx 30% complete for SRR8591884_2.fastq
Approx 35% complete for SRR8591884_2.fastq
Approx 40% complete for SRR8591884_2.fastq
Approx 45% complete for SRR8591884_2.fastq
Approx 50% complete for SRR8591884_2.fastq
Approx 55% complete for SRR8591884_2.fastq
Approx 60% complete for SRR8591884_2.fastq
Approx 65% complete for SRR8591884_2.fastq
Approx 70% complete for SRR8591884_2.fastq
Approx 75% complete for SRR8591884_2.fastq
Approx 80% complete for SRR8591884_2.fastq
Approx 85% complete for SRR8591884_2.fastq
Approx 90% complete for SRR8591884_2.fastq
Approx 95% complete for SRR8591884_2.fastq
Analysis complete for SRR8591884_2.fastq
Multicore support not enabled. Proceeding with single-core trimming.
Path to Cutadapt set as: 'cutadapt' (default)
Cutadapt seems to be working fine (tested command 'cutadapt --version')
No quality encoding type selected. Assuming that the data provided uses Sanger encoded Phred scores (default)



AUTO-DETECTING ADAPTER TYPE
===========================
Attempting to auto-detect adapter type from the first 1 million sequences of the first file (>> /gpfs/group/pipkin/hdiao/T_Cell_ChIP/0_fastq/SRR8591884_1.fastq <<)

Found perfect matches for the following adapter sequences:
Adapter type	Count	Sequence	Sequences analysed	Percentage
Illumina	30	AGATCGGAAGAGC	1000000	0.00
Nextera	5	CTGTCTCTTATA	1000000	0.00
smallRNA	0	TGGAATTCTCGG	1000000	0.00
Using Illumina adapter for trimming (count: 30). Second best hit was Nextera (count: 5)

Writing report to 'SRR8591884_1.fastq_trimming_report.txt'

SUMMARISING RUN PARAMETERS
==========================
Input filename: /gpfs/group/pipkin/hdiao/T_Cell_ChIP/0_fastq/SRR8591884_1.fastq
Trimming mode: paired-end
Trim Galore version: 0.6.1
Cutadapt version: 1.18
Number of cores used for trimming: 1
Quality Phred score cutoff: 20
Quality encoding type selected: ASCII+33
Adapter sequence: 'AGATCGGAAGAGC' (Illumina TruSeq, Sanger iPCR; auto-detected)
Maximum trimming error rate: 0.1 (default)
Minimum required adapter overlap (stringency): 3 bp
Minimum required sequence length for both reads before a sequence pair gets removed: 24 bp

Writing final adapter and quality trimmed output to SRR8591884_1_trimmed.fq


  >>> Now performing quality (cutoff '-q 20') and adapter trimming in a single pass for the adapter sequence: 'AGATCGGAAGAGC' from file /gpfs/group/pipkin/hdiao/T_Cell_ChIP/0_fastq/SRR8591884_1.fastq <<< 
This is cutadapt 1.18 with Python 2.7.11
Command line parameters: -j 1 -e 0.1 -q 20 -O 3 -a AGATCGGAAGAGC /gpfs/group/pipkin/hdiao/T_Cell_ChIP/0_fastq/SRR8591884_1.fastq
Processing reads on 1 core in single-end mode ...
Finished in 21.10 s (16 us/read; 3.86 M reads/minute).

=== Summary ===

Total reads processed:               1,356,800
Reads with adapters:                    38,126 (2.8%)
Reads written (passing filters):     1,356,800 (100.0%)

Total basepairs processed:    69,196,800 bp
Quality-trimmed:                  71,343 bp (0.1%)
Total written (filtered):     68,982,602 bp (99.7%)

=== Adapter 1 ===

Sequence: AGATCGGAAGAGC; Type: regular 3'; Length: 13; Trimmed: 38126 times.

No. of allowed errors:
0-9 bp: 0; 10-13 bp: 1

Bases preceding removed adapters:
  A: 29.1%
  C: 24.4%
  G: 26.1%
  T: 19.4%
  none/other: 1.0%

Overview of removed sequences
length	count	expect	max.err	error counts
3	30389	21200.0	0	30389
4	6012	5300.0	0	6012
5	1141	1325.0	0	1141
6	43	331.2	0	43
7	17	82.8	0	17
8	9	20.7	0	9
9	17	5.2	0	3 14
10	23	1.3	1	6 17
11	17	0.3	1	3 14
12	12	0.1	1	4 8
13	5	0.0	1	3 2
14	5	0.0	1	3 2
15	5	0.0	1	3 2
16	2	0.0	1	1 1
17	4	0.0	1	2 2
18	4	0.0	1	2 2
19	6	0.0	1	5 1
20	5	0.0	1	4 1
21	3	0.0	1	2 1
22	5	0.0	1	2 3
23	3	0.0	1	2 1
24	2	0.0	1	1 1
25	3	0.0	1	2 1
26	1	0.0	1	0 1
27	2	0.0	1	2
28	1	0.0	1	0 1
29	1	0.0	1	0 1
31	1	0.0	1	0 1
32	3	0.0	1	2 1
34	3	0.0	1	3
35	1	0.0	1	1
38	1	0.0	1	0 1
48	1	0.0	1	0 1
50	5	0.0	1	0 5
51	374	0.0	1	0 374


RUN STATISTICS FOR INPUT FILE: /gpfs/group/pipkin/hdiao/T_Cell_ChIP/0_fastq/SRR8591884_1.fastq
=============================================
1356800 sequences processed in total
The length threshold of paired-end sequences gets evaluated later on (in the validation step)

Writing report to 'SRR8591884_2.fastq_trimming_report.txt'

SUMMARISING RUN PARAMETERS
==========================
Input filename: /gpfs/group/pipkin/hdiao/T_Cell_ChIP/0_fastq/SRR8591884_2.fastq
Trimming mode: paired-end
Trim Galore version: 0.6.1
Cutadapt version: 1.18
Number of cores used for trimming: 1
Quality Phred score cutoff: 20
Quality encoding type selected: ASCII+33
Adapter sequence: 'AGATCGGAAGAGC' (Illumina TruSeq, Sanger iPCR; auto-detected)
Maximum trimming error rate: 0.1 (default)
Minimum required adapter overlap (stringency): 3 bp
Minimum required sequence length for both reads before a sequence pair gets removed: 24 bp

Writing final adapter and quality trimmed output to SRR8591884_2_trimmed.fq


  >>> Now performing quality (cutoff '-q 20') and adapter trimming in a single pass for the adapter sequence: 'AGATCGGAAGAGC' from file /gpfs/group/pipkin/hdiao/T_Cell_ChIP/0_fastq/SRR8591884_2.fastq <<< 
This is cutadapt 1.18 with Python 2.7.11
Command line parameters: -j 1 -e 0.1 -q 20 -O 3 -a AGATCGGAAGAGC /gpfs/group/pipkin/hdiao/T_Cell_ChIP/0_fastq/SRR8591884_2.fastq
Processing reads on 1 core in single-end mode ...
Finished in 20.59 s (15 us/read; 3.95 M reads/minute).

=== Summary ===

Total reads processed:               1,356,800
Reads with adapters:                    39,998 (2.9%)
Reads written (passing filters):     1,356,800 (100.0%)

Total basepairs processed:    69,196,800 bp
Quality-trimmed:               1,702,917 bp (2.5%)
Total written (filtered):     67,329,691 bp (97.3%)

=== Adapter 1 ===

Sequence: AGATCGGAAGAGC; Type: regular 3'; Length: 13; Trimmed: 39998 times.

No. of allowed errors:
0-9 bp: 0; 10-13 bp: 1

Bases preceding removed adapters:
  A: 29.8%
  C: 23.6%
  G: 26.1%
  T: 19.5%
  none/other: 1.1%

Overview of removed sequences
length	count	expect	max.err	error counts
3	31051	21200.0	0	31051
4	5965	5300.0	0	5965
5	1133	1325.0	0	1133
6	116	331.2	0	116
7	84	82.8	0	84
8	74	20.7	0	74
9	105	5.2	0	85 20
10	113	1.3	1	52 61
11	144	0.3	1	73 71
12	85	0.1	1	61 24
13	68	0.0	1	50 18
14	56	0.0	1	38 18
15	60	0.0	1	42 18
16	37	0.0	1	25 12
17	61	0.0	1	44 17
18	34	0.0	1	23 11
19	43	0.0	1	34 9
20	57	0.0	1	34 23
21	44	0.0	1	29 15
22	37	0.0	1	24 13
23	41	0.0	1	29 12
24	33	0.0	1	19 14
25	19	0.0	1	10 9
26	26	0.0	1	16 10
27	23	0.0	1	16 7
28	26	0.0	1	19 7
29	8	0.0	1	6 2
30	12	0.0	1	5 7
31	15	0.0	1	9 6
32	8	0.0	1	3 5
33	4	0.0	1	3 1
34	9	0.0	1	5 4
35	3	0.0	1	2 1
36	4	0.0	1	1 3
37	2	0.0	1	1 1
38	1	0.0	1	1
39	2	0.0	1	1 1
40	2	0.0	1	0 2
42	1	0.0	1	0 1
43	1	0.0	1	0 1
44	2	0.0	1	0 2
46	1	0.0	1	0 1
47	1	0.0	1	0 1
49	2	0.0	1	0 2
50	49	0.0	1	0 49
51	336	0.0	1	0 336


RUN STATISTICS FOR INPUT FILE: /gpfs/group/pipkin/hdiao/T_Cell_ChIP/0_fastq/SRR8591884_2.fastq
=============================================
1356800 sequences processed in total
The length threshold of paired-end sequences gets evaluated later on (in the validation step)

Validate paired-end files SRR8591884_1_trimmed.fq and SRR8591884_2_trimmed.fq
file_1: SRR8591884_1_trimmed.fq, file_2: SRR8591884_2_trimmed.fq


>>>>> Now validing the length of the 2 paired-end infiles: SRR8591884_1_trimmed.fq and SRR8591884_2_trimmed.fq <<<<<
Writing validated paired-end read 1 reads to SRR8591884_1_val_1.fq
Writing validated paired-end read 2 reads to SRR8591884_2_val_2.fq

Total number of sequences analysed: 1356800

Number of sequence pairs removed because at least one read was shorter than the length cutoff (24 bp): 25111 (1.85%)

Deleting both intermediate output files SRR8591884_1_trimmed.fq and SRR8591884_2_trimmed.fq

====================================================================================================

Started analysis of SRR8591884_1_val_1.fq
Approx 5% complete for SRR8591884_1_val_1.fq
Approx 10% complete for SRR8591884_1_val_1.fq
Approx 15% complete for SRR8591884_1_val_1.fq
Approx 20% complete for SRR8591884_1_val_1.fq
Approx 25% complete for SRR8591884_1_val_1.fq
Approx 30% complete for SRR8591884_1_val_1.fq
Approx 35% complete for SRR8591884_1_val_1.fq
Approx 40% complete for SRR8591884_1_val_1.fq
Approx 45% complete for SRR8591884_1_val_1.fq
Approx 50% complete for SRR8591884_1_val_1.fq
Approx 55% complete for SRR8591884_1_val_1.fq
Approx 60% complete for SRR8591884_1_val_1.fq
Approx 65% complete for SRR8591884_1_val_1.fq
Approx 70% complete for SRR8591884_1_val_1.fq
Approx 75% complete for SRR8591884_1_val_1.fq
Approx 80% complete for SRR8591884_1_val_1.fq
Approx 85% complete for SRR8591884_1_val_1.fq
Approx 90% complete for SRR8591884_1_val_1.fq
Approx 95% complete for SRR8591884_1_val_1.fq
Analysis complete for SRR8591884_1_val_1.fq
Started analysis of SRR8591884_2_val_2.fq
Approx 5% complete for SRR8591884_2_val_2.fq
Approx 10% complete for SRR8591884_2_val_2.fq
Approx 15% complete for SRR8591884_2_val_2.fq
Approx 20% complete for SRR8591884_2_val_2.fq
Approx 25% complete for SRR8591884_2_val_2.fq
Approx 30% complete for SRR8591884_2_val_2.fq
Approx 35% complete for SRR8591884_2_val_2.fq
Approx 40% complete for SRR8591884_2_val_2.fq
Approx 45% complete for SRR8591884_2_val_2.fq
Approx 50% complete for SRR8591884_2_val_2.fq
Approx 55% complete for SRR8591884_2_val_2.fq
Approx 60% complete for SRR8591884_2_val_2.fq
Approx 65% complete for SRR8591884_2_val_2.fq
Approx 70% complete for SRR8591884_2_val_2.fq
Approx 75% complete for SRR8591884_2_val_2.fq
Approx 80% complete for SRR8591884_2_val_2.fq
Approx 85% complete for SRR8591884_2_val_2.fq
Approx 90% complete for SRR8591884_2_val_2.fq
Approx 95% complete for SRR8591884_2_val_2.fq
Analysis complete for SRR8591884_2_val_2.fq
1331689 reads; of these:
  1331689 (100.00%) were paired; of these:
    113253 (8.50%) aligned concordantly 0 times
    875105 (65.71%) aligned concordantly exactly 1 time
    343331 (25.78%) aligned concordantly >1 times
    ----
    113253 pairs aligned concordantly 0 times; of these:
      7952 (7.02%) aligned discordantly 1 time
    ----
    105301 pairs aligned 0 times concordantly or discordantly; of these:
      210602 mates make up the pairs; of these:
        116932 (55.52%) aligned 0 times
        54920 (26.08%) aligned exactly 1 time
        38750 (18.40%) aligned >1 times
95.61% overall alignment rate
[bam_rmdupse_core] 462140 / 2546446 = 0.1815 in library '	'
