Started analysis of SRR3233933_1.fastq
Approx 5% complete for SRR3233933_1.fastq
Approx 10% complete for SRR3233933_1.fastq
Approx 15% complete for SRR3233933_1.fastq
Approx 20% complete for SRR3233933_1.fastq
Approx 25% complete for SRR3233933_1.fastq
Approx 30% complete for SRR3233933_1.fastq
Approx 35% complete for SRR3233933_1.fastq
Approx 40% complete for SRR3233933_1.fastq
Approx 45% complete for SRR3233933_1.fastq
Approx 50% complete for SRR3233933_1.fastq
Approx 55% complete for SRR3233933_1.fastq
Approx 60% complete for SRR3233933_1.fastq
Approx 65% complete for SRR3233933_1.fastq
Approx 70% complete for SRR3233933_1.fastq
Approx 75% complete for SRR3233933_1.fastq
Approx 80% complete for SRR3233933_1.fastq
Approx 85% complete for SRR3233933_1.fastq
Approx 90% complete for SRR3233933_1.fastq
Approx 95% complete for SRR3233933_1.fastq
Analysis complete for SRR3233933_1.fastq
Started analysis of SRR3233933_2.fastq
Approx 5% complete for SRR3233933_2.fastq
Approx 10% complete for SRR3233933_2.fastq
Approx 15% complete for SRR3233933_2.fastq
Approx 20% complete for SRR3233933_2.fastq
Approx 25% complete for SRR3233933_2.fastq
Approx 30% complete for SRR3233933_2.fastq
Approx 35% complete for SRR3233933_2.fastq
Approx 40% complete for SRR3233933_2.fastq
Approx 45% complete for SRR3233933_2.fastq
Approx 50% complete for SRR3233933_2.fastq
Approx 55% complete for SRR3233933_2.fastq
Approx 60% complete for SRR3233933_2.fastq
Approx 65% complete for SRR3233933_2.fastq
Approx 70% complete for SRR3233933_2.fastq
Approx 75% complete for SRR3233933_2.fastq
Approx 80% complete for SRR3233933_2.fastq
Approx 85% complete for SRR3233933_2.fastq
Approx 90% complete for SRR3233933_2.fastq
Approx 95% complete for SRR3233933_2.fastq
Analysis complete for SRR3233933_2.fastq
Multicore support not enabled. Proceeding with single-core trimming.
Path to Cutadapt set as: 'cutadapt' (default)
Cutadapt seems to be working fine (tested command 'cutadapt --version')
No quality encoding type selected. Assuming that the data provided uses Sanger encoded Phred scores (default)



AUTO-DETECTING ADAPTER TYPE
===========================
Attempting to auto-detect adapter type from the first 1 million sequences of the first file (>> /gpfs/group/pipkin/hdiao/T_Cell_ChIP/0_fastq/SRR3233933_1.fastq <<)

Found perfect matches for the following adapter sequences:
Adapter type	Count	Sequence	Sequences analysed	Percentage
Illumina	2839	AGATCGGAAGAGC	1000000	0.28
Nextera	6	CTGTCTCTTATA	1000000	0.00
smallRNA	0	TGGAATTCTCGG	1000000	0.00
Using Illumina adapter for trimming (count: 2839). Second best hit was Nextera (count: 6)

Writing report to 'SRR3233933_1.fastq_trimming_report.txt'

SUMMARISING RUN PARAMETERS
==========================
Input filename: /gpfs/group/pipkin/hdiao/T_Cell_ChIP/0_fastq/SRR3233933_1.fastq
Trimming mode: paired-end
Trim Galore version: 0.6.1
Cutadapt version: 1.18
Number of cores used for trimming: 1
Quality Phred score cutoff: 20
Quality encoding type selected: ASCII+33
Adapter sequence: 'AGATCGGAAGAGC' (Illumina TruSeq, Sanger iPCR; auto-detected)
Maximum trimming error rate: 0.1 (default)
Minimum required adapter overlap (stringency): 3 bp
Minimum required sequence length for both reads before a sequence pair gets removed: 24 bp

Writing final adapter and quality trimmed output to SRR3233933_1_trimmed.fq


  >>> Now performing quality (cutoff '-q 20') and adapter trimming in a single pass for the adapter sequence: 'AGATCGGAAGAGC' from file /gpfs/group/pipkin/hdiao/T_Cell_ChIP/0_fastq/SRR3233933_1.fastq <<< 
10000000 sequences processed
20000000 sequences processed
This is cutadapt 1.18 with Python 2.7.11
Command line parameters: -j 1 -e 0.1 -q 20 -O 3 -a AGATCGGAAGAGC /gpfs/group/pipkin/hdiao/T_Cell_ChIP/0_fastq/SRR3233933_1.fastq
Processing reads on 1 core in single-end mode ...
Finished in 551.56 s (20 us/read; 3.00 M reads/minute).

=== Summary ===

Total reads processed:              27,619,644
Reads with adapters:                   974,520 (3.5%)
Reads written (passing filters):    27,619,644 (100.0%)

Total basepairs processed: 1,380,982,200 bp
Quality-trimmed:               1,280,487 bp (0.1%)
Total written (filtered):  1,371,523,728 bp (99.3%)

=== Adapter 1 ===

Sequence: AGATCGGAAGAGC; Type: regular 3'; Length: 13; Trimmed: 974520 times.

No. of allowed errors:
0-9 bp: 0; 10-13 bp: 1

Bases preceding removed adapters:
  A: 24.1%
  C: 24.3%
  G: 27.0%
  T: 16.9%
  none/other: 7.6%

Overview of removed sequences
length	count	expect	max.err	error counts
3	621332	431556.9	0	621332
4	131096	107889.2	0	131096
5	30231	26972.3	0	30231
6	7471	6743.1	0	7471
7	5887	1685.8	0	5887
8	5220	421.4	0	5220
9	5194	105.4	0	4793 401
10	5153	26.3	1	4522 631
11	4786	6.6	1	4423 363
12	4485	1.6	1	4349 136
13	4111	0.4	1	4019 92
14	3352	0.4	1	3271 81
15	2776	0.4	1	2728 48
16	2220	0.4	1	2175 45
17	1892	0.4	1	1840 52
18	1770	0.4	1	1692 78
19	5178	0.4	1	5064 114
20	2634	0.4	1	2530 104
21	39051	0.4	1	38444 607
22	3114	0.4	1	3013 101
23	1818	0.4	1	1762 56
24	634	0.4	1	607 27
25	467	0.4	1	439 28
26	753	0.4	1	708 45
27	269	0.4	1	245 24
28	383	0.4	1	347 36
29	203	0.4	1	180 23
30	258	0.4	1	202 56
31	1084	0.4	1	136 948
32	1512	0.4	1	1393 119
33	292	0.4	1	105 187
34	326	0.4	1	296 30
35	1580	0.4	1	1524 56
36	192	0.4	1	147 45
37	1001	0.4	1	961 40
38	560	0.4	1	505 55
39	411	0.4	1	381 30
40	445	0.4	1	419 26
41	830	0.4	1	786 44
42	244	0.4	1	197 47
43	147	0.4	1	112 35
44	15861	0.4	1	292 15569
45	859	0.4	1	80 779
46	1795	0.4	1	311 1484
47	304	0.4	1	51 253
48	471	0.4	1	144 327
49	2250	0.4	1	77 2173
50	52618	0.4	1	1504 51114


RUN STATISTICS FOR INPUT FILE: /gpfs/group/pipkin/hdiao/T_Cell_ChIP/0_fastq/SRR3233933_1.fastq
=============================================
27619644 sequences processed in total
The length threshold of paired-end sequences gets evaluated later on (in the validation step)

Writing report to 'SRR3233933_2.fastq_trimming_report.txt'

SUMMARISING RUN PARAMETERS
==========================
Input filename: /gpfs/group/pipkin/hdiao/T_Cell_ChIP/0_fastq/SRR3233933_2.fastq
Trimming mode: paired-end
Trim Galore version: 0.6.1
Cutadapt version: 1.18
Number of cores used for trimming: 1
Quality Phred score cutoff: 20
Quality encoding type selected: ASCII+33
Adapter sequence: 'AGATCGGAAGAGC' (Illumina TruSeq, Sanger iPCR; auto-detected)
Maximum trimming error rate: 0.1 (default)
Minimum required adapter overlap (stringency): 3 bp
Minimum required sequence length for both reads before a sequence pair gets removed: 24 bp

Writing final adapter and quality trimmed output to SRR3233933_2_trimmed.fq


  >>> Now performing quality (cutoff '-q 20') and adapter trimming in a single pass for the adapter sequence: 'AGATCGGAAGAGC' from file /gpfs/group/pipkin/hdiao/T_Cell_ChIP/0_fastq/SRR3233933_2.fastq <<< 
10000000 sequences processed
20000000 sequences processed
This is cutadapt 1.18 with Python 2.7.11
Command line parameters: -j 1 -e 0.1 -q 20 -O 3 -a AGATCGGAAGAGC /gpfs/group/pipkin/hdiao/T_Cell_ChIP/0_fastq/SRR3233933_2.fastq
Processing reads on 1 core in single-end mode ...
Finished in 544.24 s (20 us/read; 3.04 M reads/minute).

=== Summary ===

Total reads processed:              27,619,644
Reads with adapters:                   974,904 (3.5%)
Reads written (passing filters):    27,619,644 (100.0%)

Total basepairs processed: 1,380,982,200 bp
Quality-trimmed:               3,556,207 bp (0.3%)
Total written (filtered):  1,369,557,379 bp (99.2%)

=== Adapter 1 ===

Sequence: AGATCGGAAGAGC; Type: regular 3'; Length: 13; Trimmed: 974904 times.

No. of allowed errors:
0-9 bp: 0; 10-13 bp: 1

Bases preceding removed adapters:
  A: 24.1%
  C: 24.1%
  G: 23.1%
  T: 21.4%
  none/other: 7.2%

Overview of removed sequences
length	count	expect	max.err	error counts
3	627394	431556.9	0	627394
4	130160	107889.2	0	130160
5	30558	26972.3	0	30558
6	7506	6743.1	0	7506
7	5822	1685.8	0	5822
8	5187	421.4	0	5187
9	5260	105.4	0	4832 428
10	5157	26.3	1	4519 638
11	4728	6.6	1	4367 361
12	4625	1.6	1	4471 154
13	3937	0.4	1	3848 89
14	3543	0.4	1	3459 84
15	2667	0.4	1	2603 64
16	2360	0.4	1	2282 78
17	2050	0.4	1	1978 72
18	1714	0.4	1	1642 72
19	5416	0.4	1	5265 151
20	4010	0.4	1	3808 202
21	36146	0.4	1	35412 734
22	3054	0.4	1	2952 102
23	1831	0.4	1	1771 60
24	634	0.4	1	604 30
25	453	0.4	1	423 30
26	838	0.4	1	764 74
27	288	0.4	1	259 29
28	379	0.4	1	338 41
29	248	0.4	1	189 59
30	316	0.4	1	230 86
31	254	0.4	1	206 48
32	1395	0.4	1	1326 69
33	142	0.4	1	114 28
34	716	0.4	1	579 137
35	13766	0.4	1	1222 12544
36	559	0.4	1	175 384
37	1036	0.4	1	904 132
38	572	0.4	1	534 38
39	416	0.4	1	376 40
40	411	0.4	1	377 34
41	780	0.4	1	737 43
42	2278	0.4	1	251 2027
43	776	0.4	1	148 628
44	439	0.4	1	309 130
45	194	0.4	1	92 102
46	351	0.4	1	290 61
47	432	0.4	1	49 383
48	2467	0.4	1	141 2326
49	1908	0.4	1	128 1780
50	49731	0.4	1	1447 48284


RUN STATISTICS FOR INPUT FILE: /gpfs/group/pipkin/hdiao/T_Cell_ChIP/0_fastq/SRR3233933_2.fastq
=============================================
27619644 sequences processed in total
The length threshold of paired-end sequences gets evaluated later on (in the validation step)

Validate paired-end files SRR3233933_1_trimmed.fq and SRR3233933_2_trimmed.fq
file_1: SRR3233933_1_trimmed.fq, file_2: SRR3233933_2_trimmed.fq


>>>>> Now validing the length of the 2 paired-end infiles: SRR3233933_1_trimmed.fq and SRR3233933_2_trimmed.fq <<<<<
Writing validated paired-end read 1 reads to SRR3233933_1_val_1.fq
Writing validated paired-end read 2 reads to SRR3233933_2_val_2.fq

Total number of sequences analysed: 27619644

Number of sequence pairs removed because at least one read was shorter than the length cutoff (24 bp): 130714 (0.47%)

Deleting both intermediate output files SRR3233933_1_trimmed.fq and SRR3233933_2_trimmed.fq

====================================================================================================

Started analysis of SRR3233933_1_val_1.fq
Approx 5% complete for SRR3233933_1_val_1.fq
Approx 10% complete for SRR3233933_1_val_1.fq
Approx 15% complete for SRR3233933_1_val_1.fq
Approx 20% complete for SRR3233933_1_val_1.fq
Approx 25% complete for SRR3233933_1_val_1.fq
Approx 30% complete for SRR3233933_1_val_1.fq
Approx 35% complete for SRR3233933_1_val_1.fq
Approx 40% complete for SRR3233933_1_val_1.fq
Approx 45% complete for SRR3233933_1_val_1.fq
Approx 50% complete for SRR3233933_1_val_1.fq
Approx 55% complete for SRR3233933_1_val_1.fq
Approx 60% complete for SRR3233933_1_val_1.fq
Approx 65% complete for SRR3233933_1_val_1.fq
Approx 70% complete for SRR3233933_1_val_1.fq
Approx 75% complete for SRR3233933_1_val_1.fq
Approx 80% complete for SRR3233933_1_val_1.fq
Approx 85% complete for SRR3233933_1_val_1.fq
Approx 90% complete for SRR3233933_1_val_1.fq
Approx 95% complete for SRR3233933_1_val_1.fq
Analysis complete for SRR3233933_1_val_1.fq
Started analysis of SRR3233933_2_val_2.fq
Approx 5% complete for SRR3233933_2_val_2.fq
Approx 10% complete for SRR3233933_2_val_2.fq
Approx 15% complete for SRR3233933_2_val_2.fq
Approx 20% complete for SRR3233933_2_val_2.fq
Approx 25% complete for SRR3233933_2_val_2.fq
Approx 30% complete for SRR3233933_2_val_2.fq
Approx 35% complete for SRR3233933_2_val_2.fq
Approx 40% complete for SRR3233933_2_val_2.fq
Approx 45% complete for SRR3233933_2_val_2.fq
Approx 50% complete for SRR3233933_2_val_2.fq
Approx 55% complete for SRR3233933_2_val_2.fq
Approx 60% complete for SRR3233933_2_val_2.fq
Approx 65% complete for SRR3233933_2_val_2.fq
Approx 70% complete for SRR3233933_2_val_2.fq
Approx 75% complete for SRR3233933_2_val_2.fq
Approx 80% complete for SRR3233933_2_val_2.fq
Approx 85% complete for SRR3233933_2_val_2.fq
Approx 90% complete for SRR3233933_2_val_2.fq
Approx 95% complete for SRR3233933_2_val_2.fq
Analysis complete for SRR3233933_2_val_2.fq
27488930 reads; of these:
  27488930 (100.00%) were paired; of these:
    4665800 (16.97%) aligned concordantly 0 times
    16947293 (61.65%) aligned concordantly exactly 1 time
    5875837 (21.38%) aligned concordantly >1 times
    ----
    4665800 pairs aligned concordantly 0 times; of these:
      31482 (0.67%) aligned discordantly 1 time
    ----
    4634318 pairs aligned 0 times concordantly or discordantly; of these:
      9268636 mates make up the pairs; of these:
        9016592 (97.28%) aligned 0 times
        112266 (1.21%) aligned exactly 1 time
        139778 (1.51%) aligned >1 times
83.60% overall alignment rate
[bam_sort_core] merging from 15 files and 1 in-memory blocks...
[bam_rmdupse_core] 11313920 / 45961268 = 0.2462 in library '	'
