Started analysis of SRR8591882_1.fastq
Approx 5% complete for SRR8591882_1.fastq
Approx 10% complete for SRR8591882_1.fastq
Approx 15% complete for SRR8591882_1.fastq
Approx 20% complete for SRR8591882_1.fastq
Approx 25% complete for SRR8591882_1.fastq
Approx 30% complete for SRR8591882_1.fastq
Approx 35% complete for SRR8591882_1.fastq
Approx 40% complete for SRR8591882_1.fastq
Approx 45% complete for SRR8591882_1.fastq
Approx 50% complete for SRR8591882_1.fastq
Approx 55% complete for SRR8591882_1.fastq
Approx 60% complete for SRR8591882_1.fastq
Approx 65% complete for SRR8591882_1.fastq
Approx 70% complete for SRR8591882_1.fastq
Approx 75% complete for SRR8591882_1.fastq
Approx 80% complete for SRR8591882_1.fastq
Approx 85% complete for SRR8591882_1.fastq
Approx 90% complete for SRR8591882_1.fastq
Approx 95% complete for SRR8591882_1.fastq
Analysis complete for SRR8591882_1.fastq
Started analysis of SRR8591882_2.fastq
Approx 5% complete for SRR8591882_2.fastq
Approx 10% complete for SRR8591882_2.fastq
Approx 15% complete for SRR8591882_2.fastq
Approx 20% complete for SRR8591882_2.fastq
Approx 25% complete for SRR8591882_2.fastq
Approx 30% complete for SRR8591882_2.fastq
Approx 35% complete for SRR8591882_2.fastq
Approx 40% complete for SRR8591882_2.fastq
Approx 45% complete for SRR8591882_2.fastq
Approx 50% complete for SRR8591882_2.fastq
Approx 55% complete for SRR8591882_2.fastq
Approx 60% complete for SRR8591882_2.fastq
Approx 65% complete for SRR8591882_2.fastq
Approx 70% complete for SRR8591882_2.fastq
Approx 75% complete for SRR8591882_2.fastq
Approx 80% complete for SRR8591882_2.fastq
Approx 85% complete for SRR8591882_2.fastq
Approx 90% complete for SRR8591882_2.fastq
Approx 95% complete for SRR8591882_2.fastq
Analysis complete for SRR8591882_2.fastq
Multicore support not enabled. Proceeding with single-core trimming.
Path to Cutadapt set as: 'cutadapt' (default)
Cutadapt seems to be working fine (tested command 'cutadapt --version')
No quality encoding type selected. Assuming that the data provided uses Sanger encoded Phred scores (default)



AUTO-DETECTING ADAPTER TYPE
===========================
Attempting to auto-detect adapter type from the first 1 million sequences of the first file (>> /gpfs/group/pipkin/hdiao/T_Cell_ChIP/0_fastq/SRR8591882_1.fastq <<)

Found perfect matches for the following adapter sequences:
Adapter type	Count	Sequence	Sequences analysed	Percentage
Illumina	29	AGATCGGAAGAGC	1000000	0.00
Nextera	4	CTGTCTCTTATA	1000000	0.00
smallRNA	1	TGGAATTCTCGG	1000000	0.00
Using Illumina adapter for trimming (count: 29). Second best hit was Nextera (count: 4)

Writing report to 'SRR8591882_1.fastq_trimming_report.txt'

SUMMARISING RUN PARAMETERS
==========================
Input filename: /gpfs/group/pipkin/hdiao/T_Cell_ChIP/0_fastq/SRR8591882_1.fastq
Trimming mode: paired-end
Trim Galore version: 0.6.1
Cutadapt version: 1.18
Number of cores used for trimming: 1
Quality Phred score cutoff: 20
Quality encoding type selected: ASCII+33
Adapter sequence: 'AGATCGGAAGAGC' (Illumina TruSeq, Sanger iPCR; auto-detected)
Maximum trimming error rate: 0.1 (default)
Minimum required adapter overlap (stringency): 3 bp
Minimum required sequence length for both reads before a sequence pair gets removed: 24 bp

Writing final adapter and quality trimmed output to SRR8591882_1_trimmed.fq


  >>> Now performing quality (cutoff '-q 20') and adapter trimming in a single pass for the adapter sequence: 'AGATCGGAAGAGC' from file /gpfs/group/pipkin/hdiao/T_Cell_ChIP/0_fastq/SRR8591882_1.fastq <<< 
10000000 sequences processed
20000000 sequences processed
30000000 sequences processed
40000000 sequences processed
50000000 sequences processed
This is cutadapt 1.18 with Python 2.7.11
Command line parameters: -j 1 -e 0.1 -q 20 -O 3 -a AGATCGGAAGAGC /gpfs/group/pipkin/hdiao/T_Cell_ChIP/0_fastq/SRR8591882_1.fastq
Processing reads on 1 core in single-end mode ...
Finished in 853.72 s (16 us/read; 3.77 M reads/minute).

=== Summary ===

Total reads processed:              53,662,672
Reads with adapters:                 1,505,728 (2.8%)
Reads written (passing filters):    53,662,672 (100.0%)

Total basepairs processed: 2,736,796,272 bp
Quality-trimmed:               2,232,873 bp (0.1%)
Total written (filtered):  2,729,095,405 bp (99.7%)

=== Adapter 1 ===

Sequence: AGATCGGAAGAGC; Type: regular 3'; Length: 13; Trimmed: 1505728 times.

No. of allowed errors:
0-9 bp: 0; 10-13 bp: 1

Bases preceding removed adapters:
  A: 28.9%
  C: 25.2%
  G: 26.2%
  T: 19.0%
  none/other: 0.7%

Overview of removed sequences
length	count	expect	max.err	error counts
3	1202383	838479.2	0	1202383
4	239381	209619.8	0	239381
5	44255	52405.0	0	44255
6	2311	13101.2	0	2311
7	526	3275.3	0	526
8	195	818.8	0	195
9	919	204.7	0	146 773
10	1149	51.2	1	116 1033
11	608	12.8	1	95 513
12	231	3.2	1	87 144
13	153	0.8	1	99 54
14	150	0.8	1	104 46
15	165	0.8	1	99 66
16	127	0.8	1	76 51
17	139	0.8	1	74 65
18	112	0.8	1	64 48
19	112	0.8	1	76 36
20	119	0.8	1	60 59
21	130	0.8	1	71 59
22	97	0.8	1	60 37
23	79	0.8	1	45 34
24	91	0.8	1	54 37
25	98	0.8	1	57 41
26	79	0.8	1	39 40
27	78	0.8	1	55 23
28	81	0.8	1	37 44
29	62	0.8	1	34 28
30	54	0.8	1	27 27
31	47	0.8	1	17 30
32	54	0.8	1	23 31
33	51	0.8	1	16 35
34	65	0.8	1	22 43
35	51	0.8	1	25 26
36	35	0.8	1	11 24
37	38	0.8	1	7 31
38	41	0.8	1	15 26
39	42	0.8	1	5 37
40	32	0.8	1	3 29
41	28	0.8	1	2 26
42	29	0.8	1	0 29
43	21	0.8	1	0 21
44	31	0.8	1	0 31
45	34	0.8	1	2 32
46	20	0.8	1	0 20
47	33	0.8	1	0 33
48	53	0.8	1	0 53
49	36	0.8	1	0 36
50	127	0.8	1	0 127
51	10976	0.8	1	2 10974


RUN STATISTICS FOR INPUT FILE: /gpfs/group/pipkin/hdiao/T_Cell_ChIP/0_fastq/SRR8591882_1.fastq
=============================================
53662672 sequences processed in total
The length threshold of paired-end sequences gets evaluated later on (in the validation step)

Writing report to 'SRR8591882_2.fastq_trimming_report.txt'

SUMMARISING RUN PARAMETERS
==========================
Input filename: /gpfs/group/pipkin/hdiao/T_Cell_ChIP/0_fastq/SRR8591882_2.fastq
Trimming mode: paired-end
Trim Galore version: 0.6.1
Cutadapt version: 1.18
Number of cores used for trimming: 1
Quality Phred score cutoff: 20
Quality encoding type selected: ASCII+33
Adapter sequence: 'AGATCGGAAGAGC' (Illumina TruSeq, Sanger iPCR; auto-detected)
Maximum trimming error rate: 0.1 (default)
Minimum required adapter overlap (stringency): 3 bp
Minimum required sequence length for both reads before a sequence pair gets removed: 24 bp

Writing final adapter and quality trimmed output to SRR8591882_2_trimmed.fq


  >>> Now performing quality (cutoff '-q 20') and adapter trimming in a single pass for the adapter sequence: 'AGATCGGAAGAGC' from file /gpfs/group/pipkin/hdiao/T_Cell_ChIP/0_fastq/SRR8591882_2.fastq <<< 
10000000 sequences processed
20000000 sequences processed
30000000 sequences processed
40000000 sequences processed
50000000 sequences processed
This is cutadapt 1.18 with Python 2.7.11
Command line parameters: -j 1 -e 0.1 -q 20 -O 3 -a AGATCGGAAGAGC /gpfs/group/pipkin/hdiao/T_Cell_ChIP/0_fastq/SRR8591882_2.fastq
Processing reads on 1 core in single-end mode ...
Finished in 880.52 s (16 us/read; 3.66 M reads/minute).

=== Summary ===

Total reads processed:              53,662,672
Reads with adapters:                 1,522,811 (2.8%)
Reads written (passing filters):    53,662,672 (100.0%)

Total basepairs processed: 2,736,796,272 bp
Quality-trimmed:              42,724,507 bp (1.6%)
Total written (filtered):  2,688,181,821 bp (98.2%)

=== Adapter 1 ===

Sequence: AGATCGGAAGAGC; Type: regular 3'; Length: 13; Trimmed: 1522811 times.

No. of allowed errors:
0-9 bp: 0; 10-13 bp: 1

Bases preceding removed adapters:
  A: 29.4%
  C: 24.6%
  G: 25.9%
  T: 19.2%
  none/other: 0.8%

Overview of removed sequences
length	count	expect	max.err	error counts
3	1193045	838479.2	0	1193045
4	234383	209619.8	0	234383
5	45760	52405.0	0	45760
6	4788	13101.2	0	4788
7	2301	3275.3	0	2301
8	1701	818.8	0	1701
9	2759	204.7	0	2001 758
10	3141	51.2	1	1296 1845
11	3068	12.8	1	1320 1748
12	2099	3.2	1	1213 886
13	1419	0.8	1	870 549
14	1728	0.8	1	1188 540
15	1228	0.8	1	709 519
16	1185	0.8	1	764 421
17	1349	0.8	1	945 404
18	912	0.8	1	536 376
19	1115	0.8	1	749 366
20	1022	0.8	1	591 431
21	1046	0.8	1	641 405
22	886	0.8	1	559 327
23	873	0.8	1	554 319
24	821	0.8	1	571 250
25	621	0.8	1	376 245
26	609	0.8	1	381 228
27	632	0.8	1	383 249
28	452	0.8	1	278 174
29	349	0.8	1	198 151
30	300	0.8	1	175 125
31	207	0.8	1	108 99
32	186	0.8	1	100 86
33	170	0.8	1	91 79
34	155	0.8	1	79 76
35	120	0.8	1	49 71
36	117	0.8	1	47 70
37	89	0.8	1	27 62
38	85	0.8	1	33 52
39	69	0.8	1	17 52
40	69	0.8	1	15 54
41	59	0.8	1	9 50
42	40	0.8	1	2 38
43	61	0.8	1	1 60
44	58	0.8	1	0 58
45	51	0.8	1	5 46
46	39	0.8	1	1 38
47	87	0.8	1	0 87
48	93	0.8	1	4 89
49	36	0.8	1	0 36
50	1720	0.8	1	1 1719
51	9708	0.8	1	4 9704


RUN STATISTICS FOR INPUT FILE: /gpfs/group/pipkin/hdiao/T_Cell_ChIP/0_fastq/SRR8591882_2.fastq
=============================================
53662672 sequences processed in total
The length threshold of paired-end sequences gets evaluated later on (in the validation step)

Validate paired-end files SRR8591882_1_trimmed.fq and SRR8591882_2_trimmed.fq
file_1: SRR8591882_1_trimmed.fq, file_2: SRR8591882_2_trimmed.fq


>>>>> Now validing the length of the 2 paired-end infiles: SRR8591882_1_trimmed.fq and SRR8591882_2_trimmed.fq <<<<<
Writing validated paired-end read 1 reads to SRR8591882_1_val_1.fq
Writing validated paired-end read 2 reads to SRR8591882_2_val_2.fq

Total number of sequences analysed: 53662672

Number of sequence pairs removed because at least one read was shorter than the length cutoff (24 bp): 570992 (1.06%)

Deleting both intermediate output files SRR8591882_1_trimmed.fq and SRR8591882_2_trimmed.fq

====================================================================================================

Started analysis of SRR8591882_1_val_1.fq
Approx 5% complete for SRR8591882_1_val_1.fq
Approx 10% complete for SRR8591882_1_val_1.fq
Approx 15% complete for SRR8591882_1_val_1.fq
Approx 20% complete for SRR8591882_1_val_1.fq
Approx 25% complete for SRR8591882_1_val_1.fq
Approx 30% complete for SRR8591882_1_val_1.fq
Approx 35% complete for SRR8591882_1_val_1.fq
Approx 40% complete for SRR8591882_1_val_1.fq
Approx 45% complete for SRR8591882_1_val_1.fq
Approx 50% complete for SRR8591882_1_val_1.fq
Approx 55% complete for SRR8591882_1_val_1.fq
Approx 60% complete for SRR8591882_1_val_1.fq
Approx 65% complete for SRR8591882_1_val_1.fq
Approx 70% complete for SRR8591882_1_val_1.fq
Approx 75% complete for SRR8591882_1_val_1.fq
Approx 80% complete for SRR8591882_1_val_1.fq
Approx 85% complete for SRR8591882_1_val_1.fq
Approx 90% complete for SRR8591882_1_val_1.fq
Approx 95% complete for SRR8591882_1_val_1.fq
Analysis complete for SRR8591882_1_val_1.fq
Started analysis of SRR8591882_2_val_2.fq
Approx 5% complete for SRR8591882_2_val_2.fq
Approx 10% complete for SRR8591882_2_val_2.fq
Approx 15% complete for SRR8591882_2_val_2.fq
Approx 20% complete for SRR8591882_2_val_2.fq
Approx 25% complete for SRR8591882_2_val_2.fq
Approx 30% complete for SRR8591882_2_val_2.fq
Approx 35% complete for SRR8591882_2_val_2.fq
Approx 40% complete for SRR8591882_2_val_2.fq
Approx 45% complete for SRR8591882_2_val_2.fq
Approx 50% complete for SRR8591882_2_val_2.fq
Approx 55% complete for SRR8591882_2_val_2.fq
Approx 60% complete for SRR8591882_2_val_2.fq
Approx 65% complete for SRR8591882_2_val_2.fq
Approx 70% complete for SRR8591882_2_val_2.fq
Approx 75% complete for SRR8591882_2_val_2.fq
Approx 80% complete for SRR8591882_2_val_2.fq
Approx 85% complete for SRR8591882_2_val_2.fq
Approx 90% complete for SRR8591882_2_val_2.fq
Approx 95% complete for SRR8591882_2_val_2.fq
Analysis complete for SRR8591882_2_val_2.fq
53091680 reads; of these:
  53091680 (100.00%) were paired; of these:
    7533784 (14.19%) aligned concordantly 0 times
    33644386 (63.37%) aligned concordantly exactly 1 time
    11913510 (22.44%) aligned concordantly >1 times
    ----
    7533784 pairs aligned concordantly 0 times; of these:
      250905 (3.33%) aligned discordantly 1 time
    ----
    7282879 pairs aligned 0 times concordantly or discordantly; of these:
      14565758 mates make up the pairs; of these:
        11535662 (79.20%) aligned 0 times
        1713915 (11.77%) aligned exactly 1 time
        1316181 (9.04%) aligned >1 times
89.14% overall alignment rate
[bam_sort_core] merging from 30 files and 1 in-memory blocks...
[bam_rmdupse_core] 36669048 / 94647698 = 0.3874 in library '	'
