Started analysis of SRR8591885_1.fastq
Approx 5% complete for SRR8591885_1.fastq
Approx 10% complete for SRR8591885_1.fastq
Approx 15% complete for SRR8591885_1.fastq
Approx 20% complete for SRR8591885_1.fastq
Approx 25% complete for SRR8591885_1.fastq
Approx 30% complete for SRR8591885_1.fastq
Approx 35% complete for SRR8591885_1.fastq
Approx 40% complete for SRR8591885_1.fastq
Approx 45% complete for SRR8591885_1.fastq
Approx 50% complete for SRR8591885_1.fastq
Approx 55% complete for SRR8591885_1.fastq
Approx 60% complete for SRR8591885_1.fastq
Approx 65% complete for SRR8591885_1.fastq
Approx 70% complete for SRR8591885_1.fastq
Approx 75% complete for SRR8591885_1.fastq
Approx 80% complete for SRR8591885_1.fastq
Approx 85% complete for SRR8591885_1.fastq
Approx 90% complete for SRR8591885_1.fastq
Approx 95% complete for SRR8591885_1.fastq
Analysis complete for SRR8591885_1.fastq
Started analysis of SRR8591885_2.fastq
Approx 5% complete for SRR8591885_2.fastq
Approx 10% complete for SRR8591885_2.fastq
Approx 15% complete for SRR8591885_2.fastq
Approx 20% complete for SRR8591885_2.fastq
Approx 25% complete for SRR8591885_2.fastq
Approx 30% complete for SRR8591885_2.fastq
Approx 35% complete for SRR8591885_2.fastq
Approx 40% complete for SRR8591885_2.fastq
Approx 45% complete for SRR8591885_2.fastq
Approx 50% complete for SRR8591885_2.fastq
Approx 55% complete for SRR8591885_2.fastq
Approx 60% complete for SRR8591885_2.fastq
Approx 65% complete for SRR8591885_2.fastq
Approx 70% complete for SRR8591885_2.fastq
Approx 75% complete for SRR8591885_2.fastq
Approx 80% complete for SRR8591885_2.fastq
Approx 85% complete for SRR8591885_2.fastq
Approx 90% complete for SRR8591885_2.fastq
Approx 95% complete for SRR8591885_2.fastq
Analysis complete for SRR8591885_2.fastq
Multicore support not enabled. Proceeding with single-core trimming.
Path to Cutadapt set as: 'cutadapt' (default)
Cutadapt seems to be working fine (tested command 'cutadapt --version')
No quality encoding type selected. Assuming that the data provided uses Sanger encoded Phred scores (default)



AUTO-DETECTING ADAPTER TYPE
===========================
Attempting to auto-detect adapter type from the first 1 million sequences of the first file (>> /gpfs/group/pipkin/hdiao/T_Cell_ChIP/0_fastq/SRR8591885_1.fastq <<)

Found perfect matches for the following adapter sequences:
Adapter type	Count	Sequence	Sequences analysed	Percentage
Illumina	41	AGATCGGAAGAGC	1000000	0.00
Nextera	1	CTGTCTCTTATA	1000000	0.00
smallRNA	0	TGGAATTCTCGG	1000000	0.00
Using Illumina adapter for trimming (count: 41). Second best hit was Nextera (count: 1)

Writing report to 'SRR8591885_1.fastq_trimming_report.txt'

SUMMARISING RUN PARAMETERS
==========================
Input filename: /gpfs/group/pipkin/hdiao/T_Cell_ChIP/0_fastq/SRR8591885_1.fastq
Trimming mode: paired-end
Trim Galore version: 0.6.1
Cutadapt version: 1.18
Number of cores used for trimming: 1
Quality Phred score cutoff: 20
Quality encoding type selected: ASCII+33
Adapter sequence: 'AGATCGGAAGAGC' (Illumina TruSeq, Sanger iPCR; auto-detected)
Maximum trimming error rate: 0.1 (default)
Minimum required adapter overlap (stringency): 3 bp
Minimum required sequence length for both reads before a sequence pair gets removed: 24 bp

Writing final adapter and quality trimmed output to SRR8591885_1_trimmed.fq


  >>> Now performing quality (cutoff '-q 20') and adapter trimming in a single pass for the adapter sequence: 'AGATCGGAAGAGC' from file /gpfs/group/pipkin/hdiao/T_Cell_ChIP/0_fastq/SRR8591885_1.fastq <<< 
10000000 sequences processed
20000000 sequences processed
30000000 sequences processed
40000000 sequences processed
This is cutadapt 1.18 with Python 2.7.11
Command line parameters: -j 1 -e 0.1 -q 20 -O 3 -a AGATCGGAAGAGC /gpfs/group/pipkin/hdiao/T_Cell_ChIP/0_fastq/SRR8591885_1.fastq
Processing reads on 1 core in single-end mode ...
Finished in 663.45 s (15 us/read; 3.92 M reads/minute).

=== Summary ===

Total reads processed:              43,354,495
Reads with adapters:                 1,229,408 (2.8%)
Reads written (passing filters):    43,354,495 (100.0%)

Total basepairs processed: 2,211,079,245 bp
Quality-trimmed:               1,856,233 bp (0.1%)
Total written (filtered):  2,203,297,555 bp (99.6%)

=== Adapter 1 ===

Sequence: AGATCGGAAGAGC; Type: regular 3'; Length: 13; Trimmed: 1229408 times.

No. of allowed errors:
0-9 bp: 0; 10-13 bp: 1

Bases preceding removed adapters:
  A: 28.0%
  C: 24.9%
  G: 25.9%
  T: 18.0%
  none/other: 3.2%

Overview of removed sequences
length	count	expect	max.err	error counts
3	960020	677414.0	0	960020
4	187427	169353.5	0	187427
5	35035	42338.4	0	35035
6	1850	10584.6	0	1850
7	506	2646.1	0	506
8	151	661.5	0	151
9	767	165.4	0	141 626
10	996	41.3	1	95 901
11	478	10.3	1	78 400
12	184	2.6	1	93 91
13	126	0.6	1	76 50
14	112	0.6	1	73 39
15	132	0.6	1	79 53
16	118	0.6	1	79 39
17	117	0.6	1	77 40
18	118	0.6	1	66 52
19	103	0.6	1	68 35
20	106	0.6	1	64 42
21	110	0.6	1	81 29
22	91	0.6	1	55 36
23	91	0.6	1	49 42
24	105	0.6	1	57 48
25	85	0.6	1	57 28
26	82	0.6	1	40 42
27	64	0.6	1	36 28
28	76	0.6	1	39 37
29	60	0.6	1	31 29
30	60	0.6	1	39 21
31	50	0.6	1	24 26
32	54	0.6	1	21 33
33	29	0.6	1	19 10
34	34	0.6	1	15 19
35	23	0.6	1	9 14
36	31	0.6	1	5 26
37	25	0.6	1	9 16
38	33	0.6	1	8 25
39	48	0.6	1	9 39
40	27	0.6	1	2 25
41	20	0.6	1	0 20
42	30	0.6	1	2 28
43	24	0.6	1	1 23
44	16	0.6	1	0 16
45	31	0.6	1	0 31
46	30	0.6	1	0 30
47	39	0.6	1	1 38
48	49	0.6	1	0 49
49	61	0.6	1	0 61
50	499	0.6	1	0 499
51	39085	0.6	1	2 39083


RUN STATISTICS FOR INPUT FILE: /gpfs/group/pipkin/hdiao/T_Cell_ChIP/0_fastq/SRR8591885_1.fastq
=============================================
43354495 sequences processed in total
The length threshold of paired-end sequences gets evaluated later on (in the validation step)

Writing report to 'SRR8591885_2.fastq_trimming_report.txt'

SUMMARISING RUN PARAMETERS
==========================
Input filename: /gpfs/group/pipkin/hdiao/T_Cell_ChIP/0_fastq/SRR8591885_2.fastq
Trimming mode: paired-end
Trim Galore version: 0.6.1
Cutadapt version: 1.18
Number of cores used for trimming: 1
Quality Phred score cutoff: 20
Quality encoding type selected: ASCII+33
Adapter sequence: 'AGATCGGAAGAGC' (Illumina TruSeq, Sanger iPCR; auto-detected)
Maximum trimming error rate: 0.1 (default)
Minimum required adapter overlap (stringency): 3 bp
Minimum required sequence length for both reads before a sequence pair gets removed: 24 bp

Writing final adapter and quality trimmed output to SRR8591885_2_trimmed.fq


  >>> Now performing quality (cutoff '-q 20') and adapter trimming in a single pass for the adapter sequence: 'AGATCGGAAGAGC' from file /gpfs/group/pipkin/hdiao/T_Cell_ChIP/0_fastq/SRR8591885_2.fastq <<< 
10000000 sequences processed
20000000 sequences processed
30000000 sequences processed
40000000 sequences processed
This is cutadapt 1.18 with Python 2.7.11
Command line parameters: -j 1 -e 0.1 -q 20 -O 3 -a AGATCGGAAGAGC /gpfs/group/pipkin/hdiao/T_Cell_ChIP/0_fastq/SRR8591885_2.fastq
Processing reads on 1 core in single-end mode ...
Finished in 653.58 s (15 us/read; 3.98 M reads/minute).

=== Summary ===

Total reads processed:              43,354,495
Reads with adapters:                 1,259,269 (2.9%)
Reads written (passing filters):    43,354,495 (100.0%)

Total basepairs processed: 2,211,079,245 bp
Quality-trimmed:              22,464,718 bp (1.0%)
Total written (filtered):  2,182,342,384 bp (98.7%)

=== Adapter 1 ===

Sequence: AGATCGGAAGAGC; Type: regular 3'; Length: 13; Trimmed: 1259269 times.

No. of allowed errors:
0-9 bp: 0; 10-13 bp: 1

Bases preceding removed adapters:
  A: 28.4%
  C: 24.5%
  G: 25.7%
  T: 18.1%
  none/other: 3.2%

Overview of removed sequences
length	count	expect	max.err	error counts
3	970287	677414.0	0	970287
4	184572	169353.5	0	184572
5	36076	42338.4	0	36076
6	3612	10584.6	0	3612
7	1755	2646.1	0	1755
8	1159	661.5	0	1159
9	2179	165.4	0	1482 697
10	2369	41.3	1	938 1431
11	2278	10.3	1	1027 1251
12	1545	2.6	1	916 629
13	1044	0.6	1	701 343
14	1349	0.6	1	941 408
15	954	0.6	1	577 377
16	795	0.6	1	529 266
17	967	0.6	1	655 312
18	709	0.6	1	413 296
19	809	0.6	1	537 272
20	762	0.6	1	449 313
21	708	0.6	1	436 272
22	640	0.6	1	423 217
23	680	0.6	1	429 251
24	680	0.6	1	454 226
25	434	0.6	1	278 156
26	485	0.6	1	290 195
27	454	0.6	1	289 165
28	402	0.6	1	262 140
29	286	0.6	1	162 124
30	261	0.6	1	168 93
31	165	0.6	1	88 77
32	159	0.6	1	82 77
33	115	0.6	1	62 53
34	100	0.6	1	60 40
35	77	0.6	1	38 39
36	88	0.6	1	22 66
37	60	0.6	1	20 40
38	47	0.6	1	17 30
39	49	0.6	1	15 34
40	73	0.6	1	6 67
41	58	0.6	1	3 55
42	48	0.6	1	5 43
43	66	0.6	1	1 65
44	70	0.6	1	4 66
45	50	0.6	1	4 46
46	38	0.6	1	0 38
47	111	0.6	1	0 111
48	210	0.6	1	1 209
49	69	0.6	1	0 69
50	3521	0.6	1	0 3521
51	35844	0.6	1	8 35836


RUN STATISTICS FOR INPUT FILE: /gpfs/group/pipkin/hdiao/T_Cell_ChIP/0_fastq/SRR8591885_2.fastq
=============================================
43354495 sequences processed in total
The length threshold of paired-end sequences gets evaluated later on (in the validation step)

Validate paired-end files SRR8591885_1_trimmed.fq and SRR8591885_2_trimmed.fq
file_1: SRR8591885_1_trimmed.fq, file_2: SRR8591885_2_trimmed.fq


>>>>> Now validing the length of the 2 paired-end infiles: SRR8591885_1_trimmed.fq and SRR8591885_2_trimmed.fq <<<<<
Writing validated paired-end read 1 reads to SRR8591885_1_val_1.fq
Writing validated paired-end read 2 reads to SRR8591885_2_val_2.fq

Total number of sequences analysed: 43354495

Number of sequence pairs removed because at least one read was shorter than the length cutoff (24 bp): 296339 (0.68%)

Deleting both intermediate output files SRR8591885_1_trimmed.fq and SRR8591885_2_trimmed.fq

====================================================================================================

Started analysis of SRR8591885_1_val_1.fq
Approx 5% complete for SRR8591885_1_val_1.fq
Approx 10% complete for SRR8591885_1_val_1.fq
Approx 15% complete for SRR8591885_1_val_1.fq
Approx 20% complete for SRR8591885_1_val_1.fq
Approx 25% complete for SRR8591885_1_val_1.fq
Approx 30% complete for SRR8591885_1_val_1.fq
Approx 35% complete for SRR8591885_1_val_1.fq
Approx 40% complete for SRR8591885_1_val_1.fq
Approx 45% complete for SRR8591885_1_val_1.fq
Approx 50% complete for SRR8591885_1_val_1.fq
Approx 55% complete for SRR8591885_1_val_1.fq
Approx 60% complete for SRR8591885_1_val_1.fq
Approx 65% complete for SRR8591885_1_val_1.fq
Approx 70% complete for SRR8591885_1_val_1.fq
Approx 75% complete for SRR8591885_1_val_1.fq
Approx 80% complete for SRR8591885_1_val_1.fq
Approx 85% complete for SRR8591885_1_val_1.fq
Approx 90% complete for SRR8591885_1_val_1.fq
Approx 95% complete for SRR8591885_1_val_1.fq
Analysis complete for SRR8591885_1_val_1.fq
Started analysis of SRR8591885_2_val_2.fq
Approx 5% complete for SRR8591885_2_val_2.fq
Approx 10% complete for SRR8591885_2_val_2.fq
Approx 15% complete for SRR8591885_2_val_2.fq
Approx 20% complete for SRR8591885_2_val_2.fq
Approx 25% complete for SRR8591885_2_val_2.fq
Approx 30% complete for SRR8591885_2_val_2.fq
Approx 35% complete for SRR8591885_2_val_2.fq
Approx 40% complete for SRR8591885_2_val_2.fq
Approx 45% complete for SRR8591885_2_val_2.fq
Approx 50% complete for SRR8591885_2_val_2.fq
Approx 55% complete for SRR8591885_2_val_2.fq
Approx 60% complete for SRR8591885_2_val_2.fq
Approx 65% complete for SRR8591885_2_val_2.fq
Approx 70% complete for SRR8591885_2_val_2.fq
Approx 75% complete for SRR8591885_2_val_2.fq
Approx 80% complete for SRR8591885_2_val_2.fq
Approx 85% complete for SRR8591885_2_val_2.fq
Approx 90% complete for SRR8591885_2_val_2.fq
Approx 95% complete for SRR8591885_2_val_2.fq
Analysis complete for SRR8591885_2_val_2.fq
43058156 reads; of these:
  43058156 (100.00%) were paired; of these:
    4829590 (11.22%) aligned concordantly 0 times
    28439501 (66.05%) aligned concordantly exactly 1 time
    9789065 (22.73%) aligned concordantly >1 times
    ----
    4829590 pairs aligned concordantly 0 times; of these:
      108891 (2.25%) aligned discordantly 1 time
    ----
    4720699 pairs aligned 0 times concordantly or discordantly; of these:
      9441398 mates make up the pairs; of these:
        7472762 (79.15%) aligned 0 times
        1066673 (11.30%) aligned exactly 1 time
        901963 (9.55%) aligned >1 times
91.32% overall alignment rate
[bam_sort_core] merging from 24 files and 1 in-memory blocks...
[bam_rmdupse_core] 44635166 / 78643550 = 0.5676 in library '	'
