Started analysis of SRR8591891_1.fastq
Approx 5% complete for SRR8591891_1.fastq
Approx 10% complete for SRR8591891_1.fastq
Approx 15% complete for SRR8591891_1.fastq
Approx 20% complete for SRR8591891_1.fastq
Approx 25% complete for SRR8591891_1.fastq
Approx 30% complete for SRR8591891_1.fastq
Approx 35% complete for SRR8591891_1.fastq
Approx 40% complete for SRR8591891_1.fastq
Approx 45% complete for SRR8591891_1.fastq
Approx 50% complete for SRR8591891_1.fastq
Approx 55% complete for SRR8591891_1.fastq
Approx 60% complete for SRR8591891_1.fastq
Approx 65% complete for SRR8591891_1.fastq
Approx 70% complete for SRR8591891_1.fastq
Approx 75% complete for SRR8591891_1.fastq
Approx 80% complete for SRR8591891_1.fastq
Approx 85% complete for SRR8591891_1.fastq
Approx 90% complete for SRR8591891_1.fastq
Approx 95% complete for SRR8591891_1.fastq
Analysis complete for SRR8591891_1.fastq
Started analysis of SRR8591891_2.fastq
Approx 5% complete for SRR8591891_2.fastq
Approx 10% complete for SRR8591891_2.fastq
Approx 15% complete for SRR8591891_2.fastq
Approx 20% complete for SRR8591891_2.fastq
Approx 25% complete for SRR8591891_2.fastq
Approx 30% complete for SRR8591891_2.fastq
Approx 35% complete for SRR8591891_2.fastq
Approx 40% complete for SRR8591891_2.fastq
Approx 45% complete for SRR8591891_2.fastq
Approx 50% complete for SRR8591891_2.fastq
Approx 55% complete for SRR8591891_2.fastq
Approx 60% complete for SRR8591891_2.fastq
Approx 65% complete for SRR8591891_2.fastq
Approx 70% complete for SRR8591891_2.fastq
Approx 75% complete for SRR8591891_2.fastq
Approx 80% complete for SRR8591891_2.fastq
Approx 85% complete for SRR8591891_2.fastq
Approx 90% complete for SRR8591891_2.fastq
Approx 95% complete for SRR8591891_2.fastq
Analysis complete for SRR8591891_2.fastq
Multicore support not enabled. Proceeding with single-core trimming.
Path to Cutadapt set as: 'cutadapt' (default)
Cutadapt seems to be working fine (tested command 'cutadapt --version')
No quality encoding type selected. Assuming that the data provided uses Sanger encoded Phred scores (default)



AUTO-DETECTING ADAPTER TYPE
===========================
Attempting to auto-detect adapter type from the first 1 million sequences of the first file (>> /gpfs/group/pipkin/hdiao/T_Cell_ChIP/0_fastq/SRR8591891_1.fastq <<)

Found perfect matches for the following adapter sequences:
Adapter type	Count	Sequence	Sequences analysed	Percentage
Illumina	18	AGATCGGAAGAGC	1000000	0.00
Nextera	5	CTGTCTCTTATA	1000000	0.00
smallRNA	2	TGGAATTCTCGG	1000000	0.00
Using Illumina adapter for trimming (count: 18). Second best hit was Nextera (count: 5)

Writing report to 'SRR8591891_1.fastq_trimming_report.txt'

SUMMARISING RUN PARAMETERS
==========================
Input filename: /gpfs/group/pipkin/hdiao/T_Cell_ChIP/0_fastq/SRR8591891_1.fastq
Trimming mode: paired-end
Trim Galore version: 0.6.1
Cutadapt version: 1.18
Number of cores used for trimming: 1
Quality Phred score cutoff: 20
Quality encoding type selected: ASCII+33
Adapter sequence: 'AGATCGGAAGAGC' (Illumina TruSeq, Sanger iPCR; auto-detected)
Maximum trimming error rate: 0.1 (default)
Minimum required adapter overlap (stringency): 3 bp
Minimum required sequence length for both reads before a sequence pair gets removed: 24 bp

Writing final adapter and quality trimmed output to SRR8591891_1_trimmed.fq


  >>> Now performing quality (cutoff '-q 20') and adapter trimming in a single pass for the adapter sequence: 'AGATCGGAAGAGC' from file /gpfs/group/pipkin/hdiao/T_Cell_ChIP/0_fastq/SRR8591891_1.fastq <<< 
10000000 sequences processed
This is cutadapt 1.18 with Python 2.7.11
Command line parameters: -j 1 -e 0.1 -q 20 -O 3 -a AGATCGGAAGAGC /gpfs/group/pipkin/hdiao/T_Cell_ChIP/0_fastq/SRR8591891_1.fastq
Processing reads on 1 core in single-end mode ...
Finished in 323.87 s (20 us/read; 3.00 M reads/minute).

=== Summary ===

Total reads processed:              16,214,641
Reads with adapters:                   469,104 (2.9%)
Reads written (passing filters):    16,214,641 (100.0%)

Total basepairs processed:   826,946,691 bp
Quality-trimmed:                 555,804 bp (0.1%)
Total written (filtered):    823,465,971 bp (99.6%)

=== Adapter 1 ===

Sequence: AGATCGGAAGAGC; Type: regular 3'; Length: 13; Trimmed: 469104 times.

No. of allowed errors:
0-9 bp: 0; 10-13 bp: 1

Bases preceding removed adapters:
  A: 27.6%
  C: 24.2%
  G: 24.5%
  T: 17.5%
  none/other: 6.2%

Overview of removed sequences
length	count	expect	max.err	error counts
3	351497	253353.8	0	351497
4	71826	63338.4	0	71826
5	13601	15834.6	0	13601
6	1228	3958.7	0	1228
7	238	989.7	0	238
8	72	247.4	0	72
9	290	61.9	0	41 249
10	371	15.5	1	31 340
11	196	3.9	1	23 173
12	58	1.0	1	17 41
13	44	0.2	1	25 19
14	36	0.2	1	19 17
15	42	0.2	1	20 22
16	39	0.2	1	16 23
17	33	0.2	1	25 8
18	39	0.2	1	23 16
19	29	0.2	1	17 12
20	30	0.2	1	22 8
21	24	0.2	1	11 13
22	34	0.2	1	23 11
23	20	0.2	1	7 13
24	30	0.2	1	14 16
25	29	0.2	1	14 15
26	24	0.2	1	10 14
27	21	0.2	1	12 9
28	26	0.2	1	15 11
29	10	0.2	1	5 5
30	24	0.2	1	10 14
31	13	0.2	1	7 6
32	19	0.2	1	9 10
33	22	0.2	1	11 11
34	13	0.2	1	5 8
35	18	0.2	1	4 14
36	9	0.2	1	3 6
37	16	0.2	1	2 14
38	9	0.2	1	0 9
39	8	0.2	1	3 5
40	12	0.2	1	0 12
41	14	0.2	1	1 13
42	12	0.2	1	0 12
43	14	0.2	1	1 13
44	7	0.2	1	0 7
45	7	0.2	1	0 7
46	19	0.2	1	0 19
47	22	0.2	1	0 22
48	31	0.2	1	0 31
49	35	0.2	1	1 34
50	312	0.2	1	0 312
51	28581	0.2	1	2 28579


RUN STATISTICS FOR INPUT FILE: /gpfs/group/pipkin/hdiao/T_Cell_ChIP/0_fastq/SRR8591891_1.fastq
=============================================
16214641 sequences processed in total
The length threshold of paired-end sequences gets evaluated later on (in the validation step)

Writing report to 'SRR8591891_2.fastq_trimming_report.txt'

SUMMARISING RUN PARAMETERS
==========================
Input filename: /gpfs/group/pipkin/hdiao/T_Cell_ChIP/0_fastq/SRR8591891_2.fastq
Trimming mode: paired-end
Trim Galore version: 0.6.1
Cutadapt version: 1.18
Number of cores used for trimming: 1
Quality Phred score cutoff: 20
Quality encoding type selected: ASCII+33
Adapter sequence: 'AGATCGGAAGAGC' (Illumina TruSeq, Sanger iPCR; auto-detected)
Maximum trimming error rate: 0.1 (default)
Minimum required adapter overlap (stringency): 3 bp
Minimum required sequence length for both reads before a sequence pair gets removed: 24 bp

Writing final adapter and quality trimmed output to SRR8591891_2_trimmed.fq


  >>> Now performing quality (cutoff '-q 20') and adapter trimming in a single pass for the adapter sequence: 'AGATCGGAAGAGC' from file /gpfs/group/pipkin/hdiao/T_Cell_ChIP/0_fastq/SRR8591891_2.fastq <<< 
10000000 sequences processed
This is cutadapt 1.18 with Python 2.7.11
Command line parameters: -j 1 -e 0.1 -q 20 -O 3 -a AGATCGGAAGAGC /gpfs/group/pipkin/hdiao/T_Cell_ChIP/0_fastq/SRR8591891_2.fastq
Processing reads on 1 core in single-end mode ...
Finished in 323.15 s (20 us/read; 3.01 M reads/minute).

=== Summary ===

Total reads processed:              16,214,641
Reads with adapters:                   467,207 (2.9%)
Reads written (passing filters):    16,214,641 (100.0%)

Total basepairs processed:   826,946,691 bp
Quality-trimmed:               9,044,614 bp (1.1%)
Total written (filtered):    814,952,375 bp (98.5%)

=== Adapter 1 ===

Sequence: AGATCGGAAGAGC; Type: regular 3'; Length: 13; Trimmed: 467207 times.

No. of allowed errors:
0-9 bp: 0; 10-13 bp: 1

Bases preceding removed adapters:
  A: 27.7%
  C: 24.1%
  G: 24.3%
  T: 17.6%
  none/other: 6.3%

Overview of removed sequences
length	count	expect	max.err	error counts
3	348894	253353.8	0	348894
4	69553	63338.4	0	69553
5	13863	15834.6	0	13863
6	1353	3958.7	0	1353
7	409	989.7	0	409
8	192	247.4	0	192
9	433	61.9	0	181 252
10	544	15.5	1	137 407
11	371	3.9	1	119 252
12	255	1.0	1	123 132
13	161	0.2	1	95 66
14	177	0.2	1	115 62
15	115	0.2	1	71 44
16	118	0.2	1	70 48
17	158	0.2	1	109 49
18	99	0.2	1	57 42
19	119	0.2	1	79 40
20	101	0.2	1	68 33
21	93	0.2	1	53 40
22	103	0.2	1	63 40
23	78	0.2	1	44 34
24	101	0.2	1	80 21
25	78	0.2	1	42 36
26	74	0.2	1	47 27
27	63	0.2	1	38 25
28	65	0.2	1	41 24
29	58	0.2	1	23 35
30	45	0.2	1	23 22
31	38	0.2	1	16 22
32	31	0.2	1	14 17
33	30	0.2	1	14 16
34	32	0.2	1	12 20
35	30	0.2	1	6 24
36	34	0.2	1	7 27
37	34	0.2	1	3 31
38	28	0.2	1	3 25
39	21	0.2	1	4 17
40	22	0.2	1	0 22
41	43	0.2	1	6 37
42	20	0.2	1	2 18
43	96	0.2	1	1 95
44	112	0.2	1	0 112
45	35	0.2	1	1 34
46	32	0.2	1	0 32
47	89	0.2	1	0 89
48	295	0.2	1	0 295
49	80	0.2	1	0 80
50	6843	0.2	1	0 6843
51	21589	0.2	1	5 21584


RUN STATISTICS FOR INPUT FILE: /gpfs/group/pipkin/hdiao/T_Cell_ChIP/0_fastq/SRR8591891_2.fastq
=============================================
16214641 sequences processed in total
The length threshold of paired-end sequences gets evaluated later on (in the validation step)

Validate paired-end files SRR8591891_1_trimmed.fq and SRR8591891_2_trimmed.fq
file_1: SRR8591891_1_trimmed.fq, file_2: SRR8591891_2_trimmed.fq


>>>>> Now validing the length of the 2 paired-end infiles: SRR8591891_1_trimmed.fq and SRR8591891_2_trimmed.fq <<<<<
Writing validated paired-end read 1 reads to SRR8591891_1_val_1.fq
Writing validated paired-end read 2 reads to SRR8591891_2_val_2.fq

Total number of sequences analysed: 16214641

Number of sequence pairs removed because at least one read was shorter than the length cutoff (24 bp): 157818 (0.97%)

Deleting both intermediate output files SRR8591891_1_trimmed.fq and SRR8591891_2_trimmed.fq

====================================================================================================

Started analysis of SRR8591891_1_val_1.fq
Approx 5% complete for SRR8591891_1_val_1.fq
Approx 10% complete for SRR8591891_1_val_1.fq
Approx 15% complete for SRR8591891_1_val_1.fq
Approx 20% complete for SRR8591891_1_val_1.fq
Approx 25% complete for SRR8591891_1_val_1.fq
Approx 30% complete for SRR8591891_1_val_1.fq
Approx 35% complete for SRR8591891_1_val_1.fq
Approx 40% complete for SRR8591891_1_val_1.fq
Approx 45% complete for SRR8591891_1_val_1.fq
Approx 50% complete for SRR8591891_1_val_1.fq
Approx 55% complete for SRR8591891_1_val_1.fq
Approx 60% complete for SRR8591891_1_val_1.fq
Approx 65% complete for SRR8591891_1_val_1.fq
Approx 70% complete for SRR8591891_1_val_1.fq
Approx 75% complete for SRR8591891_1_val_1.fq
Approx 80% complete for SRR8591891_1_val_1.fq
Approx 85% complete for SRR8591891_1_val_1.fq
Approx 90% complete for SRR8591891_1_val_1.fq
Approx 95% complete for SRR8591891_1_val_1.fq
Analysis complete for SRR8591891_1_val_1.fq
Started analysis of SRR8591891_2_val_2.fq
Approx 5% complete for SRR8591891_2_val_2.fq
Approx 10% complete for SRR8591891_2_val_2.fq
Approx 15% complete for SRR8591891_2_val_2.fq
Approx 20% complete for SRR8591891_2_val_2.fq
Approx 25% complete for SRR8591891_2_val_2.fq
Approx 30% complete for SRR8591891_2_val_2.fq
Approx 35% complete for SRR8591891_2_val_2.fq
Approx 40% complete for SRR8591891_2_val_2.fq
Approx 45% complete for SRR8591891_2_val_2.fq
Approx 50% complete for SRR8591891_2_val_2.fq
Approx 55% complete for SRR8591891_2_val_2.fq
Approx 60% complete for SRR8591891_2_val_2.fq
Approx 65% complete for SRR8591891_2_val_2.fq
Approx 70% complete for SRR8591891_2_val_2.fq
Approx 75% complete for SRR8591891_2_val_2.fq
Approx 80% complete for SRR8591891_2_val_2.fq
Approx 85% complete for SRR8591891_2_val_2.fq
Approx 90% complete for SRR8591891_2_val_2.fq
Approx 95% complete for SRR8591891_2_val_2.fq
Analysis complete for SRR8591891_2_val_2.fq
16056823 reads; of these:
  16056823 (100.00%) were paired; of these:
    4463724 (27.80%) aligned concordantly 0 times
    8871267 (55.25%) aligned concordantly exactly 1 time
    2721832 (16.95%) aligned concordantly >1 times
    ----
    4463724 pairs aligned concordantly 0 times; of these:
      51410 (1.15%) aligned discordantly 1 time
    ----
    4412314 pairs aligned 0 times concordantly or discordantly; of these:
      8824628 mates make up the pairs; of these:
        8089793 (91.67%) aligned 0 times
        432654 (4.90%) aligned exactly 1 time
        302181 (3.42%) aligned >1 times
74.81% overall alignment rate
[bam_sort_core] merging from 8 files and 1 in-memory blocks...
[bam_rmdupse_core] 8338495 / 24023853 = 0.3471 in library '	'
