Started analysis of SRR8591883_1.fastq
Approx 5% complete for SRR8591883_1.fastq
Approx 10% complete for SRR8591883_1.fastq
Approx 15% complete for SRR8591883_1.fastq
Approx 20% complete for SRR8591883_1.fastq
Approx 25% complete for SRR8591883_1.fastq
Approx 30% complete for SRR8591883_1.fastq
Approx 35% complete for SRR8591883_1.fastq
Approx 40% complete for SRR8591883_1.fastq
Approx 45% complete for SRR8591883_1.fastq
Approx 50% complete for SRR8591883_1.fastq
Approx 55% complete for SRR8591883_1.fastq
Approx 60% complete for SRR8591883_1.fastq
Approx 65% complete for SRR8591883_1.fastq
Approx 70% complete for SRR8591883_1.fastq
Approx 75% complete for SRR8591883_1.fastq
Approx 80% complete for SRR8591883_1.fastq
Approx 85% complete for SRR8591883_1.fastq
Approx 90% complete for SRR8591883_1.fastq
Approx 95% complete for SRR8591883_1.fastq
Analysis complete for SRR8591883_1.fastq
Started analysis of SRR8591883_2.fastq
Approx 5% complete for SRR8591883_2.fastq
Approx 10% complete for SRR8591883_2.fastq
Approx 15% complete for SRR8591883_2.fastq
Approx 20% complete for SRR8591883_2.fastq
Approx 25% complete for SRR8591883_2.fastq
Approx 30% complete for SRR8591883_2.fastq
Approx 35% complete for SRR8591883_2.fastq
Approx 40% complete for SRR8591883_2.fastq
Approx 45% complete for SRR8591883_2.fastq
Approx 50% complete for SRR8591883_2.fastq
Approx 55% complete for SRR8591883_2.fastq
Approx 60% complete for SRR8591883_2.fastq
Approx 65% complete for SRR8591883_2.fastq
Approx 70% complete for SRR8591883_2.fastq
Approx 75% complete for SRR8591883_2.fastq
Approx 80% complete for SRR8591883_2.fastq
Approx 85% complete for SRR8591883_2.fastq
Approx 90% complete for SRR8591883_2.fastq
Approx 95% complete for SRR8591883_2.fastq
Analysis complete for SRR8591883_2.fastq
Multicore support not enabled. Proceeding with single-core trimming.
Path to Cutadapt set as: 'cutadapt' (default)
Cutadapt seems to be working fine (tested command 'cutadapt --version')
No quality encoding type selected. Assuming that the data provided uses Sanger encoded Phred scores (default)



AUTO-DETECTING ADAPTER TYPE
===========================
Attempting to auto-detect adapter type from the first 1 million sequences of the first file (>> /gpfs/group/pipkin/hdiao/T_Cell_ChIP/0_fastq/SRR8591883_1.fastq <<)

Found perfect matches for the following adapter sequences:
Adapter type	Count	Sequence	Sequences analysed	Percentage
Illumina	34	AGATCGGAAGAGC	1000000	0.00
Nextera	3	CTGTCTCTTATA	1000000	0.00
smallRNA	2	TGGAATTCTCGG	1000000	0.00
Using Illumina adapter for trimming (count: 34). Second best hit was Nextera (count: 3)

Writing report to 'SRR8591883_1.fastq_trimming_report.txt'

SUMMARISING RUN PARAMETERS
==========================
Input filename: /gpfs/group/pipkin/hdiao/T_Cell_ChIP/0_fastq/SRR8591883_1.fastq
Trimming mode: paired-end
Trim Galore version: 0.6.1
Cutadapt version: 1.18
Number of cores used for trimming: 1
Quality Phred score cutoff: 20
Quality encoding type selected: ASCII+33
Adapter sequence: 'AGATCGGAAGAGC' (Illumina TruSeq, Sanger iPCR; auto-detected)
Maximum trimming error rate: 0.1 (default)
Minimum required adapter overlap (stringency): 3 bp
Minimum required sequence length for both reads before a sequence pair gets removed: 24 bp

Writing final adapter and quality trimmed output to SRR8591883_1_trimmed.fq


  >>> Now performing quality (cutoff '-q 20') and adapter trimming in a single pass for the adapter sequence: 'AGATCGGAAGAGC' from file /gpfs/group/pipkin/hdiao/T_Cell_ChIP/0_fastq/SRR8591883_1.fastq <<< 
This is cutadapt 1.18 with Python 2.7.11
Command line parameters: -j 1 -e 0.1 -q 20 -O 3 -a AGATCGGAAGAGC /gpfs/group/pipkin/hdiao/T_Cell_ChIP/0_fastq/SRR8591883_1.fastq
Processing reads on 1 core in single-end mode ...
Finished in 22.15 s (16 us/read; 3.65 M reads/minute).

=== Summary ===

Total reads processed:               1,347,584
Reads with adapters:                    38,018 (2.8%)
Reads written (passing filters):     1,347,584 (100.0%)

Total basepairs processed:    68,726,784 bp
Quality-trimmed:                  69,499 bp (0.1%)
Total written (filtered):     68,473,038 bp (99.6%)

=== Adapter 1 ===

Sequence: AGATCGGAAGAGC; Type: regular 3'; Length: 13; Trimmed: 38018 times.

No. of allowed errors:
0-9 bp: 0; 10-13 bp: 1

Bases preceding removed adapters:
  A: 28.3%
  C: 24.7%
  G: 25.6%
  T: 18.1%
  none/other: 3.3%

Overview of removed sequences
length	count	expect	max.err	error counts
3	29599	21056.0	0	29599
4	5840	5264.0	0	5840
5	1094	1316.0	0	1094
6	60	329.0	0	60
7	11	82.2	0	11
8	7	20.6	0	7
9	26	5.1	0	6 20
10	27	1.3	1	2 25
11	13	0.3	1	2 11
12	10	0.1	1	3 7
13	9	0.0	1	2 7
14	9	0.0	1	6 3
15	8	0.0	1	5 3
16	2	0.0	1	1 1
17	4	0.0	1	4
18	3	0.0	1	2 1
19	4	0.0	1	2 2
20	5	0.0	1	4 1
21	2	0.0	1	1 1
22	3	0.0	1	0 3
23	1	0.0	1	1
24	6	0.0	1	4 2
25	2	0.0	1	1 1
26	4	0.0	1	2 2
27	3	0.0	1	1 2
28	6	0.0	1	4 2
30	2	0.0	1	1 1
31	2	0.0	1	1 1
32	2	0.0	1	1 1
33	2	0.0	1	1 1
39	1	0.0	1	0 1
40	2	0.0	1	0 2
43	2	0.0	1	1 1
47	6	0.0	1	0 6
48	5	0.0	1	0 5
49	1	0.0	1	0 1
50	24	0.0	1	0 24
51	1211	0.0	1	0 1211


RUN STATISTICS FOR INPUT FILE: /gpfs/group/pipkin/hdiao/T_Cell_ChIP/0_fastq/SRR8591883_1.fastq
=============================================
1347584 sequences processed in total
The length threshold of paired-end sequences gets evaluated later on (in the validation step)

Writing report to 'SRR8591883_2.fastq_trimming_report.txt'

SUMMARISING RUN PARAMETERS
==========================
Input filename: /gpfs/group/pipkin/hdiao/T_Cell_ChIP/0_fastq/SRR8591883_2.fastq
Trimming mode: paired-end
Trim Galore version: 0.6.1
Cutadapt version: 1.18
Number of cores used for trimming: 1
Quality Phred score cutoff: 20
Quality encoding type selected: ASCII+33
Adapter sequence: 'AGATCGGAAGAGC' (Illumina TruSeq, Sanger iPCR; auto-detected)
Maximum trimming error rate: 0.1 (default)
Minimum required adapter overlap (stringency): 3 bp
Minimum required sequence length for both reads before a sequence pair gets removed: 24 bp

Writing final adapter and quality trimmed output to SRR8591883_2_trimmed.fq


  >>> Now performing quality (cutoff '-q 20') and adapter trimming in a single pass for the adapter sequence: 'AGATCGGAAGAGC' from file /gpfs/group/pipkin/hdiao/T_Cell_ChIP/0_fastq/SRR8591883_2.fastq <<< 
This is cutadapt 1.18 with Python 2.7.11
Command line parameters: -j 1 -e 0.1 -q 20 -O 3 -a AGATCGGAAGAGC /gpfs/group/pipkin/hdiao/T_Cell_ChIP/0_fastq/SRR8591883_2.fastq
Processing reads on 1 core in single-end mode ...
Finished in 20.62 s (15 us/read; 3.92 M reads/minute).

=== Summary ===

Total reads processed:               1,347,584
Reads with adapters:                    38,250 (2.8%)
Reads written (passing filters):     1,347,584 (100.0%)

Total basepairs processed:    68,726,784 bp
Quality-trimmed:               1,956,683 bp (2.8%)
Total written (filtered):     66,580,389 bp (96.9%)

=== Adapter 1 ===

Sequence: AGATCGGAAGAGC; Type: regular 3'; Length: 13; Trimmed: 38250 times.

No. of allowed errors:
0-9 bp: 0; 10-13 bp: 1

Bases preceding removed adapters:
  A: 28.5%
  C: 24.0%
  G: 25.5%
  T: 18.6%
  none/other: 3.4%

Overview of removed sequences
length	count	expect	max.err	error counts
3	29423	21056.0	0	29423
4	5797	5264.0	0	5797
5	1099	1316.0	0	1099
6	102	329.0	0	102
7	42	82.2	0	42
8	41	20.6	0	41
9	51	5.1	0	36 15
10	57	1.3	1	17 40
11	45	0.3	1	20 25
12	40	0.1	1	20 20
13	36	0.0	1	22 14
14	33	0.0	1	21 12
15	24	0.0	1	12 12
16	15	0.0	1	7 8
17	23	0.0	1	17 6
18	16	0.0	1	8 8
19	19	0.0	1	12 7
20	17	0.0	1	12 5
21	13	0.0	1	9 4
22	3	0.0	1	3
23	10	0.0	1	8 2
24	17	0.0	1	9 8
25	6	0.0	1	4 2
26	7	0.0	1	5 2
27	11	0.0	1	9 2
28	10	0.0	1	7 3
29	8	0.0	1	3 5
30	7	0.0	1	3 4
31	6	0.0	1	2 4
32	1	0.0	1	1
33	4	0.0	1	2 2
34	7	0.0	1	2 5
35	1	0.0	1	0 1
36	3	0.0	1	1 2
37	2	0.0	1	0 2
39	3	0.0	1	1 2
40	2	0.0	1	0 2
41	2	0.0	1	0 2
42	2	0.0	1	0 2
43	3	0.0	1	0 3
44	2	0.0	1	1 1
45	2	0.0	1	0 2
47	6	0.0	1	0 6
48	12	0.0	1	0 12
49	6	0.0	1	0 6
50	257	0.0	1	0 257
51	957	0.0	1	0 957


RUN STATISTICS FOR INPUT FILE: /gpfs/group/pipkin/hdiao/T_Cell_ChIP/0_fastq/SRR8591883_2.fastq
=============================================
1347584 sequences processed in total
The length threshold of paired-end sequences gets evaluated later on (in the validation step)

Validate paired-end files SRR8591883_1_trimmed.fq and SRR8591883_2_trimmed.fq
file_1: SRR8591883_1_trimmed.fq, file_2: SRR8591883_2_trimmed.fq


>>>>> Now validing the length of the 2 paired-end infiles: SRR8591883_1_trimmed.fq and SRR8591883_2_trimmed.fq <<<<<
Writing validated paired-end read 1 reads to SRR8591883_1_val_1.fq
Writing validated paired-end read 2 reads to SRR8591883_2_val_2.fq

Total number of sequences analysed: 1347584

Number of sequence pairs removed because at least one read was shorter than the length cutoff (24 bp): 30651 (2.27%)

Deleting both intermediate output files SRR8591883_1_trimmed.fq and SRR8591883_2_trimmed.fq

====================================================================================================

Started analysis of SRR8591883_1_val_1.fq
Approx 5% complete for SRR8591883_1_val_1.fq
Approx 10% complete for SRR8591883_1_val_1.fq
Approx 15% complete for SRR8591883_1_val_1.fq
Approx 20% complete for SRR8591883_1_val_1.fq
Approx 25% complete for SRR8591883_1_val_1.fq
Approx 30% complete for SRR8591883_1_val_1.fq
Approx 35% complete for SRR8591883_1_val_1.fq
Approx 40% complete for SRR8591883_1_val_1.fq
Approx 45% complete for SRR8591883_1_val_1.fq
Approx 50% complete for SRR8591883_1_val_1.fq
Approx 55% complete for SRR8591883_1_val_1.fq
Approx 60% complete for SRR8591883_1_val_1.fq
Approx 65% complete for SRR8591883_1_val_1.fq
Approx 70% complete for SRR8591883_1_val_1.fq
Approx 75% complete for SRR8591883_1_val_1.fq
Approx 80% complete for SRR8591883_1_val_1.fq
Approx 85% complete for SRR8591883_1_val_1.fq
Approx 90% complete for SRR8591883_1_val_1.fq
Approx 95% complete for SRR8591883_1_val_1.fq
Analysis complete for SRR8591883_1_val_1.fq
Started analysis of SRR8591883_2_val_2.fq
Approx 5% complete for SRR8591883_2_val_2.fq
Approx 10% complete for SRR8591883_2_val_2.fq
Approx 15% complete for SRR8591883_2_val_2.fq
Approx 20% complete for SRR8591883_2_val_2.fq
Approx 25% complete for SRR8591883_2_val_2.fq
Approx 30% complete for SRR8591883_2_val_2.fq
Approx 35% complete for SRR8591883_2_val_2.fq
Approx 40% complete for SRR8591883_2_val_2.fq
Approx 45% complete for SRR8591883_2_val_2.fq
Approx 50% complete for SRR8591883_2_val_2.fq
Approx 55% complete for SRR8591883_2_val_2.fq
Approx 60% complete for SRR8591883_2_val_2.fq
Approx 65% complete for SRR8591883_2_val_2.fq
Approx 70% complete for SRR8591883_2_val_2.fq
Approx 75% complete for SRR8591883_2_val_2.fq
Approx 80% complete for SRR8591883_2_val_2.fq
Approx 85% complete for SRR8591883_2_val_2.fq
Approx 90% complete for SRR8591883_2_val_2.fq
Approx 95% complete for SRR8591883_2_val_2.fq
Analysis complete for SRR8591883_2_val_2.fq
1316933 reads; of these:
  1316933 (100.00%) were paired; of these:
    215738 (16.38%) aligned concordantly 0 times
    818126 (62.12%) aligned concordantly exactly 1 time
    283069 (21.49%) aligned concordantly >1 times
    ----
    215738 pairs aligned concordantly 0 times; of these:
      4316 (2.00%) aligned discordantly 1 time
    ----
    211422 pairs aligned 0 times concordantly or discordantly; of these:
      422844 mates make up the pairs; of these:
        339046 (80.18%) aligned 0 times
        50198 (11.87%) aligned exactly 1 time
        33600 (7.95%) aligned >1 times
87.13% overall alignment rate
[bam_rmdupse_core] 458944 / 2294820 = 0.2000 in library '	'
