Started analysis of SRR8591888_1.fastq
Approx 5% complete for SRR8591888_1.fastq
Approx 10% complete for SRR8591888_1.fastq
Approx 15% complete for SRR8591888_1.fastq
Approx 20% complete for SRR8591888_1.fastq
Approx 25% complete for SRR8591888_1.fastq
Approx 30% complete for SRR8591888_1.fastq
Approx 35% complete for SRR8591888_1.fastq
Approx 40% complete for SRR8591888_1.fastq
Approx 45% complete for SRR8591888_1.fastq
Approx 50% complete for SRR8591888_1.fastq
Approx 55% complete for SRR8591888_1.fastq
Approx 60% complete for SRR8591888_1.fastq
Approx 65% complete for SRR8591888_1.fastq
Approx 70% complete for SRR8591888_1.fastq
Approx 75% complete for SRR8591888_1.fastq
Approx 80% complete for SRR8591888_1.fastq
Approx 85% complete for SRR8591888_1.fastq
Approx 90% complete for SRR8591888_1.fastq
Approx 95% complete for SRR8591888_1.fastq
Analysis complete for SRR8591888_1.fastq
Started analysis of SRR8591888_2.fastq
Approx 5% complete for SRR8591888_2.fastq
Approx 10% complete for SRR8591888_2.fastq
Approx 15% complete for SRR8591888_2.fastq
Approx 20% complete for SRR8591888_2.fastq
Approx 25% complete for SRR8591888_2.fastq
Approx 30% complete for SRR8591888_2.fastq
Approx 35% complete for SRR8591888_2.fastq
Approx 40% complete for SRR8591888_2.fastq
Approx 45% complete for SRR8591888_2.fastq
Approx 50% complete for SRR8591888_2.fastq
Approx 55% complete for SRR8591888_2.fastq
Approx 60% complete for SRR8591888_2.fastq
Approx 65% complete for SRR8591888_2.fastq
Approx 70% complete for SRR8591888_2.fastq
Approx 75% complete for SRR8591888_2.fastq
Approx 80% complete for SRR8591888_2.fastq
Approx 85% complete for SRR8591888_2.fastq
Approx 90% complete for SRR8591888_2.fastq
Approx 95% complete for SRR8591888_2.fastq
Analysis complete for SRR8591888_2.fastq
Multicore support not enabled. Proceeding with single-core trimming.
Path to Cutadapt set as: 'cutadapt' (default)
Cutadapt seems to be working fine (tested command 'cutadapt --version')
No quality encoding type selected. Assuming that the data provided uses Sanger encoded Phred scores (default)



AUTO-DETECTING ADAPTER TYPE
===========================
Attempting to auto-detect adapter type from the first 1 million sequences of the first file (>> /gpfs/group/pipkin/hdiao/T_Cell_ChIP/0_fastq/SRR8591888_1.fastq <<)

Found perfect matches for the following adapter sequences:
Adapter type	Count	Sequence	Sequences analysed	Percentage
Illumina	63	AGATCGGAAGAGC	1000000	0.01
Nextera	3	CTGTCTCTTATA	1000000	0.00
smallRNA	1	TGGAATTCTCGG	1000000	0.00
Using Illumina adapter for trimming (count: 63). Second best hit was Nextera (count: 3)

Writing report to 'SRR8591888_1.fastq_trimming_report.txt'

SUMMARISING RUN PARAMETERS
==========================
Input filename: /gpfs/group/pipkin/hdiao/T_Cell_ChIP/0_fastq/SRR8591888_1.fastq
Trimming mode: paired-end
Trim Galore version: 0.6.1
Cutadapt version: 1.18
Number of cores used for trimming: 1
Quality Phred score cutoff: 20
Quality encoding type selected: ASCII+33
Adapter sequence: 'AGATCGGAAGAGC' (Illumina TruSeq, Sanger iPCR; auto-detected)
Maximum trimming error rate: 0.1 (default)
Minimum required adapter overlap (stringency): 3 bp
Minimum required sequence length for both reads before a sequence pair gets removed: 24 bp

Writing final adapter and quality trimmed output to SRR8591888_1_trimmed.fq


  >>> Now performing quality (cutoff '-q 20') and adapter trimming in a single pass for the adapter sequence: 'AGATCGGAAGAGC' from file /gpfs/group/pipkin/hdiao/T_Cell_ChIP/0_fastq/SRR8591888_1.fastq <<< 
10000000 sequences processed
20000000 sequences processed
30000000 sequences processed
40000000 sequences processed
This is cutadapt 1.18 with Python 2.7.11
Command line parameters: -j 1 -e 0.1 -q 20 -O 3 -a AGATCGGAAGAGC /gpfs/group/pipkin/hdiao/T_Cell_ChIP/0_fastq/SRR8591888_1.fastq
Processing reads on 1 core in single-end mode ...
Finished in 878.17 s (20 us/read; 2.98 M reads/minute).

=== Summary ===

Total reads processed:              43,556,043
Reads with adapters:                 1,600,666 (3.7%)
Reads written (passing filters):    43,556,043 (100.0%)

Total basepairs processed: 2,221,358,193 bp
Quality-trimmed:               1,969,099 bp (0.1%)
Total written (filtered):  2,194,381,235 bp (98.8%)

=== Adapter 1 ===

Sequence: AGATCGGAAGAGC; Type: regular 3'; Length: 13; Trimmed: 1600666 times.

No. of allowed errors:
0-9 bp: 0; 10-13 bp: 1

Bases preceding removed adapters:
  A: 21.4%
  C: 19.0%
  G: 19.9%
  T: 13.9%
  none/other: 25.8%

Overview of removed sequences
length	count	expect	max.err	error counts
3	957066	680563.2	0	957066
4	186199	170140.8	0	186199
5	35368	42535.2	0	35368
6	1756	10633.8	0	1756
7	473	2658.4	0	473
8	237	664.6	0	237
9	828	166.2	0	175 653
10	1005	41.5	1	136 869
11	578	10.4	1	131 447
12	244	2.6	1	120 124
13	178	0.6	1	125 53
14	176	0.6	1	119 57
15	181	0.6	1	130 51
16	145	0.6	1	81 64
17	153	0.6	1	97 56
18	181	0.6	1	117 64
19	128	0.6	1	79 49
20	131	0.6	1	87 44
21	150	0.6	1	89 61
22	136	0.6	1	84 52
23	114	0.6	1	72 42
24	118	0.6	1	74 44
25	115	0.6	1	70 45
26	92	0.6	1	67 25
27	100	0.6	1	66 34
28	107	0.6	1	58 49
29	82	0.6	1	56 26
30	78	0.6	1	55 23
31	73	0.6	1	41 32
32	59	0.6	1	30 29
33	51	0.6	1	36 15
34	62	0.6	1	31 31
35	50	0.6	1	31 19
36	57	0.6	1	22 35
37	39	0.6	1	10 29
38	36	0.6	1	14 22
39	161	0.6	1	29 132
40	40	0.6	1	6 34
41	42	0.6	1	6 36
42	98	0.6	1	27 71
43	43	0.6	1	2 41
44	31	0.6	1	3 28
45	34	0.6	1	0 34
46	50	0.6	1	2 48
47	77	0.6	1	2 75
48	237	0.6	1	0 237
49	275	0.6	1	2 273
50	3924	0.6	1	1 3923
51	409108	0.6	1	1 409107


RUN STATISTICS FOR INPUT FILE: /gpfs/group/pipkin/hdiao/T_Cell_ChIP/0_fastq/SRR8591888_1.fastq
=============================================
43556043 sequences processed in total
The length threshold of paired-end sequences gets evaluated later on (in the validation step)

Writing report to 'SRR8591888_2.fastq_trimming_report.txt'

SUMMARISING RUN PARAMETERS
==========================
Input filename: /gpfs/group/pipkin/hdiao/T_Cell_ChIP/0_fastq/SRR8591888_2.fastq
Trimming mode: paired-end
Trim Galore version: 0.6.1
Cutadapt version: 1.18
Number of cores used for trimming: 1
Quality Phred score cutoff: 20
Quality encoding type selected: ASCII+33
Adapter sequence: 'AGATCGGAAGAGC' (Illumina TruSeq, Sanger iPCR; auto-detected)
Maximum trimming error rate: 0.1 (default)
Minimum required adapter overlap (stringency): 3 bp
Minimum required sequence length for both reads before a sequence pair gets removed: 24 bp

Writing final adapter and quality trimmed output to SRR8591888_2_trimmed.fq


  >>> Now performing quality (cutoff '-q 20') and adapter trimming in a single pass for the adapter sequence: 'AGATCGGAAGAGC' from file /gpfs/group/pipkin/hdiao/T_Cell_ChIP/0_fastq/SRR8591888_2.fastq <<< 
10000000 sequences processed
20000000 sequences processed
30000000 sequences processed
40000000 sequences processed
This is cutadapt 1.18 with Python 2.7.11
Command line parameters: -j 1 -e 0.1 -q 20 -O 3 -a AGATCGGAAGAGC /gpfs/group/pipkin/hdiao/T_Cell_ChIP/0_fastq/SRR8591888_2.fastq
Processing reads on 1 core in single-end mode ...
Finished in 883.76 s (20 us/read; 2.96 M reads/minute).

=== Summary ===

Total reads processed:              43,556,043
Reads with adapters:                 1,616,002 (3.7%)
Reads written (passing filters):    43,556,043 (100.0%)

Total basepairs processed: 2,221,358,193 bp
Quality-trimmed:              40,919,142 bp (1.8%)
Total written (filtered):  2,155,116,949 bp (97.0%)

=== Adapter 1 ===

Sequence: AGATCGGAAGAGC; Type: regular 3'; Length: 13; Trimmed: 1616002 times.

No. of allowed errors:
0-9 bp: 0; 10-13 bp: 1

Bases preceding removed adapters:
  A: 21.9%
  C: 18.5%
  G: 19.8%
  T: 14.2%
  none/other: 25.6%

Overview of removed sequences
length	count	expect	max.err	error counts
3	948087	680563.2	0	948087
4	182102	170140.8	0	182102
5	36042	42535.2	0	36042
6	4004	10633.8	0	4004
7	2147	2658.4	0	2147
8	1587	664.6	0	1587
9	2621	166.2	0	1937 684
10	3018	41.5	1	1273 1745
11	2946	10.4	1	1429 1517
12	2018	2.6	1	1220 798
13	1378	0.6	1	860 518
14	1718	0.6	1	1160 558
15	1163	0.6	1	713 450
16	1046	0.6	1	643 403
17	1287	0.6	1	872 415
18	892	0.6	1	556 336
19	1077	0.6	1	688 389
20	1017	0.6	1	639 378
21	1042	0.6	1	653 389
22	860	0.6	1	573 287
23	867	0.6	1	583 284
24	860	0.6	1	589 271
25	587	0.6	1	351 236
26	645	0.6	1	433 212
27	645	0.6	1	408 237
28	444	0.6	1	301 143
29	365	0.6	1	219 146
30	363	0.6	1	232 131
31	212	0.6	1	113 99
32	197	0.6	1	98 99
33	180	0.6	1	89 91
34	153	0.6	1	85 68
35	117	0.6	1	60 57
36	99	0.6	1	48 51
37	102	0.6	1	36 66
38	74	0.6	1	24 50
39	183	0.6	1	147 36
40	64	0.6	1	16 48
41	90	0.6	1	14 76
42	76	0.6	1	37 39
43	90	0.6	1	3 87
44	173	0.6	1	7 166
45	97	0.6	1	1 96
46	76	0.6	1	0 76
47	426	0.6	1	3 423
48	454	0.6	1	3 451
49	312	0.6	1	1 311
50	55188	0.6	1	0 55188
51	356811	0.6	1	15 356796


RUN STATISTICS FOR INPUT FILE: /gpfs/group/pipkin/hdiao/T_Cell_ChIP/0_fastq/SRR8591888_2.fastq
=============================================
43556043 sequences processed in total
The length threshold of paired-end sequences gets evaluated later on (in the validation step)

Validate paired-end files SRR8591888_1_trimmed.fq and SRR8591888_2_trimmed.fq
file_1: SRR8591888_1_trimmed.fq, file_2: SRR8591888_2_trimmed.fq


>>>>> Now validing the length of the 2 paired-end infiles: SRR8591888_1_trimmed.fq and SRR8591888_2_trimmed.fq <<<<<
Writing validated paired-end read 1 reads to SRR8591888_1_val_1.fq
Writing validated paired-end read 2 reads to SRR8591888_2_val_2.fq

Total number of sequences analysed: 43556043

Number of sequence pairs removed because at least one read was shorter than the length cutoff (24 bp): 968150 (2.22%)

Deleting both intermediate output files SRR8591888_1_trimmed.fq and SRR8591888_2_trimmed.fq

====================================================================================================

Started analysis of SRR8591888_1_val_1.fq
Approx 5% complete for SRR8591888_1_val_1.fq
Approx 10% complete for SRR8591888_1_val_1.fq
Approx 15% complete for SRR8591888_1_val_1.fq
Approx 20% complete for SRR8591888_1_val_1.fq
Approx 25% complete for SRR8591888_1_val_1.fq
Approx 30% complete for SRR8591888_1_val_1.fq
Approx 35% complete for SRR8591888_1_val_1.fq
Approx 40% complete for SRR8591888_1_val_1.fq
Approx 45% complete for SRR8591888_1_val_1.fq
Approx 50% complete for SRR8591888_1_val_1.fq
Approx 55% complete for SRR8591888_1_val_1.fq
Approx 60% complete for SRR8591888_1_val_1.fq
Approx 65% complete for SRR8591888_1_val_1.fq
Approx 70% complete for SRR8591888_1_val_1.fq
Approx 75% complete for SRR8591888_1_val_1.fq
Approx 80% complete for SRR8591888_1_val_1.fq
Approx 85% complete for SRR8591888_1_val_1.fq
Approx 90% complete for SRR8591888_1_val_1.fq
Approx 95% complete for SRR8591888_1_val_1.fq
Analysis complete for SRR8591888_1_val_1.fq
Started analysis of SRR8591888_2_val_2.fq
Approx 5% complete for SRR8591888_2_val_2.fq
Approx 10% complete for SRR8591888_2_val_2.fq
Approx 15% complete for SRR8591888_2_val_2.fq
Approx 20% complete for SRR8591888_2_val_2.fq
Approx 25% complete for SRR8591888_2_val_2.fq
Approx 30% complete for SRR8591888_2_val_2.fq
Approx 35% complete for SRR8591888_2_val_2.fq
Approx 40% complete for SRR8591888_2_val_2.fq
Approx 45% complete for SRR8591888_2_val_2.fq
Approx 50% complete for SRR8591888_2_val_2.fq
Approx 55% complete for SRR8591888_2_val_2.fq
Approx 60% complete for SRR8591888_2_val_2.fq
Approx 65% complete for SRR8591888_2_val_2.fq
Approx 70% complete for SRR8591888_2_val_2.fq
Approx 75% complete for SRR8591888_2_val_2.fq
Approx 80% complete for SRR8591888_2_val_2.fq
Approx 85% complete for SRR8591888_2_val_2.fq
Approx 90% complete for SRR8591888_2_val_2.fq
Approx 95% complete for SRR8591888_2_val_2.fq
Analysis complete for SRR8591888_2_val_2.fq
42587893 reads; of these:
  42587893 (100.00%) were paired; of these:
    4482954 (10.53%) aligned concordantly 0 times
    28060429 (65.89%) aligned concordantly exactly 1 time
    10044510 (23.59%) aligned concordantly >1 times
    ----
    4482954 pairs aligned concordantly 0 times; of these:
      258928 (5.78%) aligned discordantly 1 time
    ----
    4224026 pairs aligned 0 times concordantly or discordantly; of these:
      8448052 mates make up the pairs; of these:
        5717703 (67.68%) aligned 0 times
        1563676 (18.51%) aligned exactly 1 time
        1166673 (13.81%) aligned >1 times
93.29% overall alignment rate
[bam_sort_core] merging from 24 files and 1 in-memory blocks...
[bam_rmdupse_core] 25972157 / 79458083 = 0.3269 in library '	'
