Started analysis of SRR1731127_1_solidCvt.fastq
Approx 5% complete for SRR1731127_1_solidCvt.fastq
Approx 10% complete for SRR1731127_1_solidCvt.fastq
Approx 15% complete for SRR1731127_1_solidCvt.fastq
Approx 20% complete for SRR1731127_1_solidCvt.fastq
Approx 25% complete for SRR1731127_1_solidCvt.fastq
Approx 30% complete for SRR1731127_1_solidCvt.fastq
Approx 35% complete for SRR1731127_1_solidCvt.fastq
Approx 40% complete for SRR1731127_1_solidCvt.fastq
Approx 45% complete for SRR1731127_1_solidCvt.fastq
Approx 50% complete for SRR1731127_1_solidCvt.fastq
Approx 55% complete for SRR1731127_1_solidCvt.fastq
Approx 60% complete for SRR1731127_1_solidCvt.fastq
Approx 65% complete for SRR1731127_1_solidCvt.fastq
Approx 70% complete for SRR1731127_1_solidCvt.fastq
Approx 75% complete for SRR1731127_1_solidCvt.fastq
Approx 80% complete for SRR1731127_1_solidCvt.fastq
Approx 85% complete for SRR1731127_1_solidCvt.fastq
Approx 90% complete for SRR1731127_1_solidCvt.fastq
Approx 95% complete for SRR1731127_1_solidCvt.fastq
Analysis complete for SRR1731127_1_solidCvt.fastq
Multicore support not enabled. Proceeding with single-core trimming.
Path to Cutadapt set as: 'cutadapt' (default)
Cutadapt seems to be working fine (tested command 'cutadapt --version')
No quality encoding type selected. Assuming that the data provided uses Sanger encoded Phred scores (default)



AUTO-DETECTING ADAPTER TYPE
===========================
Attempting to auto-detect adapter type from the first 1 million sequences of the first file (>> /gpfs/group/pipkin/hdiao/T_Cell_ChIP/0_fastq/SRR1731127_1_solidCvt.fastq <<)

Found perfect matches for the following adapter sequences:
Adapter type	Count	Sequence	Sequences analysed	Percentage
smallRNA	4	TGGAATTCTCGG	1000000	0.00
Illumina	2	AGATCGGAAGAGC	1000000	0.00
Nextera	2	CTGTCTCTTATA	1000000	0.00
Using smallRNA adapter for trimming (count: 4). Second best hit was Illumina (count: 2)

Writing report to 'SRR1731127_1_solidCvt.fastq_trimming_report.txt'

SUMMARISING RUN PARAMETERS
==========================
Input filename: /gpfs/group/pipkin/hdiao/T_Cell_ChIP/0_fastq/SRR1731127_1_solidCvt.fastq
Trimming mode: single-end
Trim Galore version: 0.6.1
Cutadapt version: 1.18
Number of cores used for trimming: 1
Quality Phred score cutoff: 20
Quality encoding type selected: ASCII+33
Adapter sequence: 'TGGAATTCTCGG' (Illumina small RNA adapter; auto-detected)
Maximum trimming error rate: 0.1 (default)
Minimum required adapter overlap (stringency): 3 bp
Minimum required sequence length before a sequence gets removed: 24 bp

Writing final adapter and quality trimmed output to SRR1731127_1_solidCvt_trimmed.fq


  >>> Now performing quality (cutoff '-q 20') and adapter trimming in a single pass for the adapter sequence: 'TGGAATTCTCGG' from file /gpfs/group/pipkin/hdiao/T_Cell_ChIP/0_fastq/SRR1731127_1_solidCvt.fastq <<< 
10000000 sequences processed
20000000 sequences processed
This is cutadapt 1.18 with Python 2.7.11
Command line parameters: -j 1 -e 0.1 -q 20 -O 3 -a TGGAATTCTCGG /gpfs/group/pipkin/hdiao/T_Cell_ChIP/0_fastq/SRR1731127_1_solidCvt.fastq
Processing reads on 1 core in single-end mode ...
Finished in 495.64 s (20 us/read; 3.04 M reads/minute).

=== Summary ===

Total reads processed:              25,153,059
Reads with adapters:                   388,561 (1.5%)
Reads written (passing filters):    25,153,059 (100.0%)

Total basepairs processed: 1,257,652,950 bp
Quality-trimmed:             366,431,127 bp (29.1%)
Total written (filtered):    889,833,630 bp (70.8%)

=== Adapter 1 ===

Sequence: TGGAATTCTCGG; Type: regular 3'; Length: 12; Trimmed: 388561 times.

No. of allowed errors:
0-9 bp: 0; 10-12 bp: 1

Bases preceding removed adapters:
  A: 22.3%
  C: 29.3%
  G: 26.0%
  T: 22.4%
  none/other: 0.0%

Overview of removed sequences
length	count	expect	max.err	error counts
3	260843	393016.5	0	260843
4	95686	98254.1	0	95686
5	21549	24563.5	0	21549
6	4725	6140.9	0	4725
7	1036	1535.2	0	1036
8	311	383.8	0	311
9	963	96.0	0	182 781
10	976	24.0	1	29 947
11	355	6.0	1	9 346
12	111	1.5	1	3 108
13	102	1.5	1	2 100
14	85	1.5	1	2 83
15	85	1.5	1	4 81
16	68	1.5	1	2 66
17	97	1.5	1	2 95
18	76	1.5	1	1 75
19	81	1.5	1	2 79
20	77	1.5	1	3 74
21	60	1.5	1	0 60
22	67	1.5	1	1 66
23	55	1.5	1	0 55
24	66	1.5	1	0 66
25	73	1.5	1	0 73
26	61	1.5	1	0 61
27	64	1.5	1	0 64
28	46	1.5	1	2 44
29	71	1.5	1	0 71
30	52	1.5	1	1 51
31	60	1.5	1	0 60
32	62	1.5	1	0 62
33	47	1.5	1	0 47
34	58	1.5	1	0 58
35	54	1.5	1	1 53
36	45	1.5	1	0 45
37	54	1.5	1	2 52
38	33	1.5	1	0 33
39	56	1.5	1	0 56
40	58	1.5	1	0 58
41	38	1.5	1	2 36
42	87	1.5	1	1 86
43	32	1.5	1	0 32
44	29	1.5	1	0 29
45	2	1.5	1	0 2
46	5	1.5	1	0 5


RUN STATISTICS FOR INPUT FILE: /gpfs/group/pipkin/hdiao/T_Cell_ChIP/0_fastq/SRR1731127_1_solidCvt.fastq
=============================================
25153059 sequences processed in total
Sequences removed because they became shorter than the length cutoff of 24 bp:	7459480 (29.7%)

Started analysis of SRR1731127_1_solidCvt_trimmed.fq
Approx 5% complete for SRR1731127_1_solidCvt_trimmed.fq
Approx 10% complete for SRR1731127_1_solidCvt_trimmed.fq
Approx 15% complete for SRR1731127_1_solidCvt_trimmed.fq
Approx 20% complete for SRR1731127_1_solidCvt_trimmed.fq
Approx 25% complete for SRR1731127_1_solidCvt_trimmed.fq
Approx 30% complete for SRR1731127_1_solidCvt_trimmed.fq
Approx 35% complete for SRR1731127_1_solidCvt_trimmed.fq
Approx 40% complete for SRR1731127_1_solidCvt_trimmed.fq
Approx 45% complete for SRR1731127_1_solidCvt_trimmed.fq
Approx 50% complete for SRR1731127_1_solidCvt_trimmed.fq
Approx 55% complete for SRR1731127_1_solidCvt_trimmed.fq
Approx 60% complete for SRR1731127_1_solidCvt_trimmed.fq
Approx 65% complete for SRR1731127_1_solidCvt_trimmed.fq
Approx 70% complete for SRR1731127_1_solidCvt_trimmed.fq
Approx 75% complete for SRR1731127_1_solidCvt_trimmed.fq
Approx 80% complete for SRR1731127_1_solidCvt_trimmed.fq
Approx 85% complete for SRR1731127_1_solidCvt_trimmed.fq
Approx 90% complete for SRR1731127_1_solidCvt_trimmed.fq
Approx 95% complete for SRR1731127_1_solidCvt_trimmed.fq
Analysis complete for SRR1731127_1_solidCvt_trimmed.fq
17693579 reads; of these:
  17693579 (100.00%) were unpaired; of these:
    10525861 (59.49%) aligned 0 times
    5616655 (31.74%) aligned exactly 1 time
    1551063 (8.77%) aligned >1 times
40.51% overall alignment rate
[bam_sort_core] merging from 4 files and 1 in-memory blocks...
[bam_rmdupse_core] 1574060 / 7167718 = 0.2196 in library '	'
