Started analysis of SRR1731134_1_solidCvt.fastq
Approx 5% complete for SRR1731134_1_solidCvt.fastq
Approx 10% complete for SRR1731134_1_solidCvt.fastq
Approx 15% complete for SRR1731134_1_solidCvt.fastq
Approx 20% complete for SRR1731134_1_solidCvt.fastq
Approx 25% complete for SRR1731134_1_solidCvt.fastq
Approx 30% complete for SRR1731134_1_solidCvt.fastq
Approx 35% complete for SRR1731134_1_solidCvt.fastq
Approx 40% complete for SRR1731134_1_solidCvt.fastq
Approx 45% complete for SRR1731134_1_solidCvt.fastq
Approx 50% complete for SRR1731134_1_solidCvt.fastq
Approx 55% complete for SRR1731134_1_solidCvt.fastq
Approx 60% complete for SRR1731134_1_solidCvt.fastq
Approx 65% complete for SRR1731134_1_solidCvt.fastq
Approx 70% complete for SRR1731134_1_solidCvt.fastq
Approx 75% complete for SRR1731134_1_solidCvt.fastq
Approx 80% complete for SRR1731134_1_solidCvt.fastq
Approx 85% complete for SRR1731134_1_solidCvt.fastq
Approx 90% complete for SRR1731134_1_solidCvt.fastq
Approx 95% complete for SRR1731134_1_solidCvt.fastq
Analysis complete for SRR1731134_1_solidCvt.fastq
Multicore support not enabled. Proceeding with single-core trimming.
Path to Cutadapt set as: 'cutadapt' (default)
Cutadapt seems to be working fine (tested command 'cutadapt --version')
No quality encoding type selected. Assuming that the data provided uses Sanger encoded Phred scores (default)



AUTO-DETECTING ADAPTER TYPE
===========================
Attempting to auto-detect adapter type from the first 1 million sequences of the first file (>> /gpfs/group/pipkin/hdiao/T_Cell_ChIP/0_fastq/SRR1731134_1_solidCvt.fastq <<)

Found perfect matches for the following adapter sequences:
Adapter type	Count	Sequence	Sequences analysed	Percentage
smallRNA	4	TGGAATTCTCGG	1000000	0.00
Illumina	2	AGATCGGAAGAGC	1000000	0.00
Nextera	2	CTGTCTCTTATA	1000000	0.00
Using smallRNA adapter for trimming (count: 4). Second best hit was Illumina (count: 2)

Writing report to 'SRR1731134_1_solidCvt.fastq_trimming_report.txt'

SUMMARISING RUN PARAMETERS
==========================
Input filename: /gpfs/group/pipkin/hdiao/T_Cell_ChIP/0_fastq/SRR1731134_1_solidCvt.fastq
Trimming mode: single-end
Trim Galore version: 0.6.1
Cutadapt version: 1.18
Number of cores used for trimming: 1
Quality Phred score cutoff: 20
Quality encoding type selected: ASCII+33
Adapter sequence: 'TGGAATTCTCGG' (Illumina small RNA adapter; auto-detected)
Maximum trimming error rate: 0.1 (default)
Minimum required adapter overlap (stringency): 3 bp
Minimum required sequence length before a sequence gets removed: 24 bp

Writing final adapter and quality trimmed output to SRR1731134_1_solidCvt_trimmed.fq


  >>> Now performing quality (cutoff '-q 20') and adapter trimming in a single pass for the adapter sequence: 'TGGAATTCTCGG' from file /gpfs/group/pipkin/hdiao/T_Cell_ChIP/0_fastq/SRR1731134_1_solidCvt.fastq <<< 
10000000 sequences processed
20000000 sequences processed
This is cutadapt 1.18 with Python 2.7.11
Command line parameters: -j 1 -e 0.1 -q 20 -O 3 -a TGGAATTCTCGG /gpfs/group/pipkin/hdiao/T_Cell_ChIP/0_fastq/SRR1731134_1_solidCvt.fastq
Processing reads on 1 core in single-end mode ...
Finished in 531.96 s (19 us/read; 3.11 M reads/minute).

=== Summary ===

Total reads processed:              27,581,612
Reads with adapters:                   465,273 (1.7%)
Reads written (passing filters):    27,581,612 (100.0%)

Total basepairs processed: 1,379,080,600 bp
Quality-trimmed:             341,281,280 bp (24.7%)
Total written (filtered):  1,036,153,534 bp (75.1%)

=== Adapter 1 ===

Sequence: TGGAATTCTCGG; Type: regular 3'; Length: 12; Trimmed: 465273 times.

No. of allowed errors:
0-9 bp: 0; 10-12 bp: 1

Bases preceding removed adapters:
  A: 23.7%
  C: 28.8%
  G: 25.7%
  T: 21.9%
  none/other: 0.0%

Overview of removed sequences
length	count	expect	max.err	error counts
3	320254	430962.7	0	320254
4	103100	107740.7	0	103100
5	29582	26935.2	0	29582
6	6208	6733.8	0	6208
7	1333	1683.4	0	1333
8	307	420.9	0	307
9	995	105.2	0	203 792
10	1130	26.3	1	27 1103
11	328	6.6	1	4 324
12	89	1.6	1	0 89
13	95	1.6	1	3 92
14	127	1.6	1	3 124
15	111	1.6	1	2 109
16	68	1.6	1	2 66
17	78	1.6	1	0 78
18	63	1.6	1	0 63
19	94	1.6	1	1 93
20	56	1.6	1	0 56
21	63	1.6	1	2 61
22	56	1.6	1	1 55
23	81	1.6	1	1 80
24	57	1.6	1	0 57
25	71	1.6	1	0 71
26	57	1.6	1	1 56
27	41	1.6	1	2 39
28	60	1.6	1	0 60
29	50	1.6	1	1 49
30	58	1.6	1	0 58
31	59	1.6	1	0 59
32	52	1.6	1	0 52
33	49	1.6	1	0 49
34	49	1.6	1	0 49
35	49	1.6	1	0 49
36	65	1.6	1	0 65
37	38	1.6	1	1 37
38	38	1.6	1	0 38
39	54	1.6	1	1 53
40	42	1.6	1	1 41
41	46	1.6	1	0 46
42	27	1.6	1	0 27
43	33	1.6	1	0 33
44	39	1.6	1	0 39
45	1	1.6	1	0 1
46	11	1.6	1	0 11
47	9	1.6	1	0 9


RUN STATISTICS FOR INPUT FILE: /gpfs/group/pipkin/hdiao/T_Cell_ChIP/0_fastq/SRR1731134_1_solidCvt.fastq
=============================================
27581612 sequences processed in total
Sequences removed because they became shorter than the length cutoff of 24 bp:	6835208 (24.8%)

Started analysis of SRR1731134_1_solidCvt_trimmed.fq
Approx 5% complete for SRR1731134_1_solidCvt_trimmed.fq
Approx 10% complete for SRR1731134_1_solidCvt_trimmed.fq
Approx 15% complete for SRR1731134_1_solidCvt_trimmed.fq
Approx 20% complete for SRR1731134_1_solidCvt_trimmed.fq
Approx 25% complete for SRR1731134_1_solidCvt_trimmed.fq
Approx 30% complete for SRR1731134_1_solidCvt_trimmed.fq
Approx 35% complete for SRR1731134_1_solidCvt_trimmed.fq
Approx 40% complete for SRR1731134_1_solidCvt_trimmed.fq
Approx 45% complete for SRR1731134_1_solidCvt_trimmed.fq
Approx 50% complete for SRR1731134_1_solidCvt_trimmed.fq
Approx 55% complete for SRR1731134_1_solidCvt_trimmed.fq
Approx 60% complete for SRR1731134_1_solidCvt_trimmed.fq
Approx 65% complete for SRR1731134_1_solidCvt_trimmed.fq
Approx 70% complete for SRR1731134_1_solidCvt_trimmed.fq
Approx 75% complete for SRR1731134_1_solidCvt_trimmed.fq
Approx 80% complete for SRR1731134_1_solidCvt_trimmed.fq
Approx 85% complete for SRR1731134_1_solidCvt_trimmed.fq
Approx 90% complete for SRR1731134_1_solidCvt_trimmed.fq
Approx 95% complete for SRR1731134_1_solidCvt_trimmed.fq
Analysis complete for SRR1731134_1_solidCvt_trimmed.fq
20746404 reads; of these:
  20746404 (100.00%) were unpaired; of these:
    10802771 (52.07%) aligned 0 times
    7759260 (37.40%) aligned exactly 1 time
    2184373 (10.53%) aligned >1 times
47.93% overall alignment rate
[bam_sort_core] merging from 5 files and 1 in-memory blocks...
[bam_rmdupse_core] 3667091 / 9943633 = 0.3688 in library '	'
