Started analysis of SRR6228881_1.fastq
Approx 5% complete for SRR6228881_1.fastq
Approx 10% complete for SRR6228881_1.fastq
Approx 15% complete for SRR6228881_1.fastq
Approx 20% complete for SRR6228881_1.fastq
Approx 25% complete for SRR6228881_1.fastq
Approx 30% complete for SRR6228881_1.fastq
Approx 35% complete for SRR6228881_1.fastq
Approx 40% complete for SRR6228881_1.fastq
Approx 45% complete for SRR6228881_1.fastq
Approx 50% complete for SRR6228881_1.fastq
Approx 55% complete for SRR6228881_1.fastq
Approx 60% complete for SRR6228881_1.fastq
Approx 65% complete for SRR6228881_1.fastq
Approx 70% complete for SRR6228881_1.fastq
Approx 75% complete for SRR6228881_1.fastq
Approx 80% complete for SRR6228881_1.fastq
Approx 85% complete for SRR6228881_1.fastq
Approx 90% complete for SRR6228881_1.fastq
Approx 95% complete for SRR6228881_1.fastq
Analysis complete for SRR6228881_1.fastq
Started analysis of SRR6228881_2.fastq
Approx 5% complete for SRR6228881_2.fastq
Approx 10% complete for SRR6228881_2.fastq
Approx 15% complete for SRR6228881_2.fastq
Approx 20% complete for SRR6228881_2.fastq
Approx 25% complete for SRR6228881_2.fastq
Approx 30% complete for SRR6228881_2.fastq
Approx 35% complete for SRR6228881_2.fastq
Approx 40% complete for SRR6228881_2.fastq
Approx 45% complete for SRR6228881_2.fastq
Approx 50% complete for SRR6228881_2.fastq
Approx 55% complete for SRR6228881_2.fastq
Approx 60% complete for SRR6228881_2.fastq
Approx 65% complete for SRR6228881_2.fastq
Approx 70% complete for SRR6228881_2.fastq
Approx 75% complete for SRR6228881_2.fastq
Approx 80% complete for SRR6228881_2.fastq
Approx 85% complete for SRR6228881_2.fastq
Approx 90% complete for SRR6228881_2.fastq
Approx 95% complete for SRR6228881_2.fastq
Analysis complete for SRR6228881_2.fastq
Multicore support not enabled. Proceeding with single-core trimming.
Path to Cutadapt set as: 'cutadapt' (default)
Cutadapt seems to be working fine (tested command 'cutadapt --version')
No quality encoding type selected. Assuming that the data provided uses Sanger encoded Phred scores (default)



AUTO-DETECTING ADAPTER TYPE
===========================
Attempting to auto-detect adapter type from the first 1 million sequences of the first file (>> SRR6228881_1.fastq <<)

Found perfect matches for the following adapter sequences:
Adapter type	Count	Sequence	Sequences analysed	Percentage
Illumina	41119	AGATCGGAAGAGC	1000000	4.11
Nextera	10	CTGTCTCTTATA	1000000	0.00
smallRNA	1	TGGAATTCTCGG	1000000	0.00
Using Illumina adapter for trimming (count: 41119). Second best hit was Nextera (count: 10)

Writing report to 'SRR6228881_1.fastq_trimming_report.txt'

SUMMARISING RUN PARAMETERS
==========================
Input filename: SRR6228881_1.fastq
Trimming mode: paired-end
Trim Galore version: 0.6.1
Cutadapt version: 1.18
Number of cores used for trimming: 1
Quality Phred score cutoff: 20
Quality encoding type selected: ASCII+33
Adapter sequence: 'AGATCGGAAGAGC' (Illumina TruSeq, Sanger iPCR; auto-detected)
Maximum trimming error rate: 0.1 (default)
Minimum required adapter overlap (stringency): 3 bp
Minimum required sequence length for both reads before a sequence pair gets removed: 24 bp

Writing final adapter and quality trimmed output to SRR6228881_1_trimmed.fq


  >>> Now performing quality (cutoff '-q 20') and adapter trimming in a single pass for the adapter sequence: 'AGATCGGAAGAGC' from file SRR6228881_1.fastq <<< 
10000000 sequences processed
20000000 sequences processed
30000000 sequences processed
40000000 sequences processed
This is cutadapt 1.18 with Python 2.7.11
Command line parameters: -j 1 -e 0.1 -q 20 -O 3 -a AGATCGGAAGAGC SRR6228881_1.fastq
Processing reads on 1 core in single-end mode ...
Finished in 3867.40 s (82 us/read; 0.73 M reads/minute).

=== Summary ===

Total reads processed:              47,184,481
Reads with adapters:                10,969,559 (23.2%)
Reads written (passing filters):    47,184,481 (100.0%)

Total basepairs processed: 7,124,856,631 bp
Quality-trimmed:              17,978,721 bp (0.3%)
Total written (filtered):  7,016,694,300 bp (98.5%)

=== Adapter 1 ===

Sequence: AGATCGGAAGAGC; Type: regular 3'; Length: 13; Trimmed: 10969559 times.

No. of allowed errors:
0-9 bp: 0; 10-13 bp: 1

Bases preceding removed adapters:
  A: 42.0%
  C: 2.6%
  G: 5.8%
  T: 49.5%
  none/other: 0.0%

Overview of removed sequences
length	count	expect	max.err	error counts
3	2752732	737257.5	0	2752732
4	1825256	184314.4	0	1825256
5	1382311	46078.6	0	1382311
6	1006971	11519.6	0	1006971
7	681933	2879.9	0	681933
8	428335	720.0	0	428335
9	327241	180.0	0	325808 1433
10	225985	45.0	1	221583 4402
11	192030	11.2	1	188969 3061
12	170750	2.8	1	168662 2088
13	159197	0.7	1	157190 2007
14	158119	0.7	1	155744 2375
15	150314	0.7	1	148076 2238
16	157088	0.7	1	154741 2347
17	150917	0.7	1	148584 2333
18	137984	0.7	1	136155 1829
19	109767	0.7	1	108269 1498
20	102011	0.7	1	100676 1335
21	86313	0.7	1	85155 1158
22	81380	0.7	1	80405 975
23	76578	0.7	1	75582 996
24	72135	0.7	1	70970 1165
25	63258	0.7	1	62313 945
26	54317	0.7	1	53588 729
27	50205	0.7	1	49490 715
28	42792	0.7	1	42118 674
29	31310	0.7	1	30841 469
30	22893	0.7	1	22583 310
31	19372	0.7	1	19022 350
32	16679	0.7	1	16408 271
33	12489	0.7	1	12297 192
34	15319	0.7	1	15022 297
35	13694	0.7	1	13486 208
36	13879	0.7	1	13704 175
37	13786	0.7	1	13579 207
38	12678	0.7	1	12521 157
39	11327	0.7	1	11151 176
40	11424	0.7	1	11253 171
41	14982	0.7	1	14776 206
42	4598	0.7	1	4487 111
43	8279	0.7	1	8161 118
44	7503	0.7	1	7388 115
45	8922	0.7	1	8784 138
46	7485	0.7	1	7369 116
47	8264	0.7	1	8114 150
48	6731	0.7	1	6617 114
49	6589	0.7	1	6468 121
50	4844	0.7	1	4762 82
51	4483	0.7	1	4410 73
52	4592	0.7	1	4498 94
53	4020	0.7	1	3935 85
54	2987	0.7	1	2919 68
55	3545	0.7	1	3480 65
56	3053	0.7	1	2975 78
57	3570	0.7	1	3494 76
58	2962	0.7	1	2899 63
59	2724	0.7	1	2643 81
60	1926	0.7	1	1864 62
61	1799	0.7	1	1689 110
62	1131	0.7	1	1063 68
63	776	0.7	1	717 59
64	563	0.7	1	514 49
65	443	0.7	1	394 49
66	503	0.7	1	445 58
67	467	0.7	1	419 48
68	359	0.7	1	307 52
69	383	0.7	1	335 48
70	384	0.7	1	326 58
71	329	0.7	1	294 35
72	425	0.7	1	368 57
73	602	0.7	1	491 111
74	3059	0.7	1	2994 65
75	580	0.7	1	536 44
76	224	0.7	1	187 37
77	133	0.7	1	95 38
78	106	0.7	1	66 40
79	116	0.7	1	86 30
80	113	0.7	1	85 28
81	111	0.7	1	71 40
82	91	0.7	1	61 30
83	104	0.7	1	78 26
84	106	0.7	1	76 30
85	103	0.7	1	78 25
86	103	0.7	1	62 41
87	95	0.7	1	62 33
88	74	0.7	1	46 28
89	88	0.7	1	61 27
90	83	0.7	1	52 31
91	87	0.7	1	54 33
92	82	0.7	1	56 26
93	76	0.7	1	50 26
94	76	0.7	1	49 27
95	71	0.7	1	39 32
96	70	0.7	1	42 28
97	74	0.7	1	49 25
98	79	0.7	1	54 25
99	59	0.7	1	47 12
100	51	0.7	1	32 19
101	57	0.7	1	41 16
102	60	0.7	1	34 26
103	49	0.7	1	26 23
104	53	0.7	1	32 21
105	49	0.7	1	30 19
106	51	0.7	1	22 29
107	77	0.7	1	34 43
108	58	0.7	1	31 27
109	56	0.7	1	32 24
110	54	0.7	1	32 22
111	49	0.7	1	15 34
112	42	0.7	1	21 21
113	58	0.7	1	27 31
114	62	0.7	1	36 26
115	58	0.7	1	30 28
116	64	0.7	1	28 36
117	50	0.7	1	20 30
118	45	0.7	1	18 27
119	43	0.7	1	16 27
120	54	0.7	1	23 31
121	42	0.7	1	18 24
122	52	0.7	1	20 32
123	40	0.7	1	13 27
124	40	0.7	1	9 31
125	48	0.7	1	18 30
126	57	0.7	1	29 28
127	34	0.7	1	19 15
128	29	0.7	1	4 25
129	44	0.7	1	10 34
130	53	0.7	1	22 31
131	50	0.7	1	14 36
132	33	0.7	1	14 19
133	41	0.7	1	13 28
134	47	0.7	1	18 29
135	55	0.7	1	18 37
136	33	0.7	1	17 16
137	51	0.7	1	28 23
138	52	0.7	1	19 33
139	55	0.7	1	18 37
140	53	0.7	1	20 33
141	41	0.7	1	16 25
142	49	0.7	1	6 43
143	37	0.7	1	8 29
144	45	0.7	1	20 25
145	32	0.7	1	11 21
146	47	0.7	1	11 36
147	35	0.7	1	7 28
148	55	0.7	1	16 39
149	49	0.7	1	12 37
150	35	0.7	1	8 27
151	130	0.7	1	22 108


RUN STATISTICS FOR INPUT FILE: SRR6228881_1.fastq
=============================================
47184481 sequences processed in total
The length threshold of paired-end sequences gets evaluated later on (in the validation step)

Writing report to 'SRR6228881_2.fastq_trimming_report.txt'

SUMMARISING RUN PARAMETERS
==========================
Input filename: SRR6228881_2.fastq
Trimming mode: paired-end
Trim Galore version: 0.6.1
Cutadapt version: 1.18
Number of cores used for trimming: 1
Quality Phred score cutoff: 20
Quality encoding type selected: ASCII+33
Adapter sequence: 'AGATCGGAAGAGC' (Illumina TruSeq, Sanger iPCR; auto-detected)
Maximum trimming error rate: 0.1 (default)
Minimum required adapter overlap (stringency): 3 bp
Minimum required sequence length for both reads before a sequence pair gets removed: 24 bp

Writing final adapter and quality trimmed output to SRR6228881_2_trimmed.fq


  >>> Now performing quality (cutoff '-q 20') and adapter trimming in a single pass for the adapter sequence: 'AGATCGGAAGAGC' from file SRR6228881_2.fastq <<< 
10000000 sequences processed
20000000 sequences processed
30000000 sequences processed
40000000 sequences processed
This is cutadapt 1.18 with Python 2.7.11
Command line parameters: -j 1 -e 0.1 -q 20 -O 3 -a AGATCGGAAGAGC SRR6228881_2.fastq
Processing reads on 1 core in single-end mode ...
Finished in 1402.91 s (30 us/read; 2.02 M reads/minute).

=== Summary ===

Total reads processed:              47,184,481
Reads with adapters:                 9,098,521 (19.3%)
Reads written (passing filters):    47,184,481 (100.0%)

Total basepairs processed: 7,124,856,631 bp
Quality-trimmed:              37,138,494 bp (0.5%)
Total written (filtered):  7,011,705,198 bp (98.4%)

=== Adapter 1 ===

Sequence: AGATCGGAAGAGC; Type: regular 3'; Length: 13; Trimmed: 9098521 times.

No. of allowed errors:
0-9 bp: 0; 10-13 bp: 1

Bases preceding removed adapters:
  A: 41.8%
  C: 3.3%
  G: 6.6%
  T: 48.3%
  none/other: 0.0%

Overview of removed sequences
length	count	expect	max.err	error counts
3	2577372	737257.5	0	2577372
4	1521435	184314.4	0	1521435
5	1032791	46078.6	0	1032791
6	680138	11519.6	0	680138
7	429258	2879.9	0	429258
8	295883	720.0	0	295883
9	233523	180.0	0	231985 1538
10	197819	45.0	1	193512 4307
11	172622	11.2	1	169433 3189
12	166015	2.8	1	162915 3100
13	155064	0.7	1	152780 2284
14	165031	0.7	1	162278 2753
15	147538	0.7	1	145647 1891
16	139135	0.7	1	137502 1633
17	139195	0.7	1	137364 1831
18	108587	0.7	1	107312 1275
19	98710	0.7	1	97472 1238
20	84120	0.7	1	83070 1050
21	80134	0.7	1	79226 908
22	76442	0.7	1	75411 1031
23	67671	0.7	1	66819 852
24	63359	0.7	1	62413 946
25	54733	0.7	1	53925 808
26	49737	0.7	1	48992 745
27	40656	0.7	1	40043 613
28	31567	0.7	1	31063 504
29	23584	0.7	1	23265 319
30	18552	0.7	1	18231 321
31	14938	0.7	1	14695 243
32	13731	0.7	1	13554 177
33	13865	0.7	1	13671 194
34	14085	0.7	1	13837 248
35	13976	0.7	1	13770 206
36	13369	0.7	1	13179 190
37	12827	0.7	1	12628 199
38	11665	0.7	1	11471 194
39	10721	0.7	1	10550 171
40	9586	0.7	1	9428 158
41	8946	0.7	1	8791 155
42	9047	0.7	1	8884 163
43	8756	0.7	1	8631 125
44	8687	0.7	1	8520 167
45	8503	0.7	1	8345 158
46	7761	0.7	1	7634 127
47	6721	0.7	1	6626 95
48	6217	0.7	1	6123 94
49	4912	0.7	1	4825 87
50	4294	0.7	1	4222 72
51	4269	0.7	1	4219 50
52	3558	0.7	1	3503 55
53	3403	0.7	1	3345 58
54	3103	0.7	1	3046 57
55	3237	0.7	1	3170 67
56	3370	0.7	1	3304 66
57	2945	0.7	1	2889 56
58	2714	0.7	1	2646 68
59	2125	0.7	1	2075 50
60	1730	0.7	1	1678 52
61	1233	0.7	1	1195 38
62	804	0.7	1	756 48
63	620	0.7	1	592 28
64	570	0.7	1	529 41
65	561	0.7	1	519 42
66	579	0.7	1	523 56
67	793	0.7	1	683 110
68	4996	0.7	1	4803 193
69	660	0.7	1	606 54
70	159	0.7	1	129 30
71	92	0.7	1	66 26
72	67	0.7	1	40 27
73	78	0.7	1	50 28
74	75	0.7	1	47 28
75	65	0.7	1	43 22
76	74	0.7	1	44 30
77	84	0.7	1	46 38
78	78	0.7	1	49 29
79	75	0.7	1	50 25
80	58	0.7	1	33 25
81	66	0.7	1	43 23
82	51	0.7	1	34 17
83	75	0.7	1	49 26
84	79	0.7	1	43 36
85	87	0.7	1	43 44
86	70	0.7	1	34 36
87	76	0.7	1	38 38
88	51	0.7	1	32 19
89	58	0.7	1	27 31
90	58	0.7	1	29 29
91	50	0.7	1	27 23
92	39	0.7	1	20 19
93	55	0.7	1	24 31
94	61	0.7	1	32 29
95	47	0.7	1	33 14
96	47	0.7	1	19 28
97	43	0.7	1	22 21
98	58	0.7	1	25 33
99	36	0.7	1	20 16
100	39	0.7	1	20 19
101	48	0.7	1	27 21
102	35	0.7	1	22 13
103	36	0.7	1	17 19
104	44	0.7	1	18 26
105	53	0.7	1	18 35
106	63	0.7	1	21 42
107	38	0.7	1	20 18
108	60	0.7	1	18 42
109	38	0.7	1	12 26
110	36	0.7	1	9 27
111	31	0.7	1	7 24
112	37	0.7	1	15 22
113	29	0.7	1	16 13
114	44	0.7	1	11 33
115	37	0.7	1	8 29
116	52	0.7	1	13 39
117	41	0.7	1	14 27
118	46	0.7	1	12 34
119	57	0.7	1	17 40
120	33	0.7	1	13 20
121	34	0.7	1	7 27
122	42	0.7	1	12 30
123	36	0.7	1	11 25
124	35	0.7	1	14 21
125	45	0.7	1	8 37
126	37	0.7	1	14 23
127	46	0.7	1	15 31
128	31	0.7	1	6 25
129	32	0.7	1	4 28
130	29	0.7	1	13 16
131	24	0.7	1	9 15
132	29	0.7	1	16 13
133	28	0.7	1	13 15
134	34	0.7	1	11 23
135	37	0.7	1	6 31
136	34	0.7	1	9 25
137	45	0.7	1	13 32
138	58	0.7	1	11 47
139	30	0.7	1	7 23
140	31	0.7	1	3 28
141	39	0.7	1	5 34
142	28	0.7	1	8 20
143	21	0.7	1	8 13
144	23	0.7	1	5 18
145	32	0.7	1	4 28
146	29	0.7	1	2 27
147	39	0.7	1	6 33
148	23	0.7	1	3 20
149	22	0.7	1	7 15
150	73	0.7	1	12 61
151	18	0.7	1	15 3


RUN STATISTICS FOR INPUT FILE: SRR6228881_2.fastq
=============================================
47184481 sequences processed in total
The length threshold of paired-end sequences gets evaluated later on (in the validation step)

Validate paired-end files SRR6228881_1_trimmed.fq and SRR6228881_2_trimmed.fq
file_1: SRR6228881_1_trimmed.fq, file_2: SRR6228881_2_trimmed.fq


>>>>> Now validing the length of the 2 paired-end infiles: SRR6228881_1_trimmed.fq and SRR6228881_2_trimmed.fq <<<<<
Writing validated paired-end read 1 reads to SRR6228881_1_val_1.fq
Writing validated paired-end read 2 reads to SRR6228881_2_val_2.fq

Total number of sequences analysed: 47184481

Number of sequence pairs removed because at least one read was shorter than the length cutoff (24 bp): 32819 (0.07%)

Deleting both intermediate output files SRR6228881_1_trimmed.fq and SRR6228881_2_trimmed.fq

====================================================================================================

Started analysis of SRR6228881_1_val_1.fq
Approx 5% complete for SRR6228881_1_val_1.fq
Approx 10% complete for SRR6228881_1_val_1.fq
Approx 15% complete for SRR6228881_1_val_1.fq
Approx 20% complete for SRR6228881_1_val_1.fq
Approx 25% complete for SRR6228881_1_val_1.fq
Approx 30% complete for SRR6228881_1_val_1.fq
Approx 35% complete for SRR6228881_1_val_1.fq
Approx 40% complete for SRR6228881_1_val_1.fq
Approx 45% complete for SRR6228881_1_val_1.fq
Approx 50% complete for SRR6228881_1_val_1.fq
Approx 55% complete for SRR6228881_1_val_1.fq
Approx 60% complete for SRR6228881_1_val_1.fq
Approx 65% complete for SRR6228881_1_val_1.fq
Approx 70% complete for SRR6228881_1_val_1.fq
Approx 75% complete for SRR6228881_1_val_1.fq
Approx 80% complete for SRR6228881_1_val_1.fq
Approx 85% complete for SRR6228881_1_val_1.fq
Approx 90% complete for SRR6228881_1_val_1.fq
Approx 95% complete for SRR6228881_1_val_1.fq
Analysis complete for SRR6228881_1_val_1.fq
Started analysis of SRR6228881_2_val_2.fq
Approx 5% complete for SRR6228881_2_val_2.fq
Approx 10% complete for SRR6228881_2_val_2.fq
Approx 15% complete for SRR6228881_2_val_2.fq
Approx 20% complete for SRR6228881_2_val_2.fq
Approx 25% complete for SRR6228881_2_val_2.fq
Approx 30% complete for SRR6228881_2_val_2.fq
Approx 35% complete for SRR6228881_2_val_2.fq
Approx 40% complete for SRR6228881_2_val_2.fq
Approx 45% complete for SRR6228881_2_val_2.fq
Approx 50% complete for SRR6228881_2_val_2.fq
Approx 55% complete for SRR6228881_2_val_2.fq
Approx 60% complete for SRR6228881_2_val_2.fq
Approx 65% complete for SRR6228881_2_val_2.fq
Approx 70% complete for SRR6228881_2_val_2.fq
Approx 75% complete for SRR6228881_2_val_2.fq
Approx 80% complete for SRR6228881_2_val_2.fq
Approx 85% complete for SRR6228881_2_val_2.fq
Approx 90% complete for SRR6228881_2_val_2.fq
Approx 95% complete for SRR6228881_2_val_2.fq
Analysis complete for SRR6228881_2_val_2.fq
47151662 reads; of these:
  47151662 (100.00%) were paired; of these:
    4163996 (8.83%) aligned concordantly 0 times
    33204542 (70.42%) aligned concordantly exactly 1 time
    9783124 (20.75%) aligned concordantly >1 times
    ----
    4163996 pairs aligned concordantly 0 times; of these:
      3186292 (76.52%) aligned discordantly 1 time
    ----
    977704 pairs aligned 0 times concordantly or discordantly; of these:
      1955408 mates make up the pairs; of these:
        542218 (27.73%) aligned 0 times
        155161 (7.93%) aligned exactly 1 time
        1258029 (64.34%) aligned >1 times
99.43% overall alignment rate
[bam_sort_core] merging from 44 files and 1 in-memory blocks...
[bam_rmdupse_core] 10405805 / 93761106 = 0.1110 in library '	'
