Started analysis of SRR5905840_1.fastq
Approx 5% complete for SRR5905840_1.fastq
Approx 10% complete for SRR5905840_1.fastq
Approx 15% complete for SRR5905840_1.fastq
Approx 20% complete for SRR5905840_1.fastq
Approx 25% complete for SRR5905840_1.fastq
Approx 30% complete for SRR5905840_1.fastq
Approx 35% complete for SRR5905840_1.fastq
Approx 40% complete for SRR5905840_1.fastq
Approx 45% complete for SRR5905840_1.fastq
Approx 50% complete for SRR5905840_1.fastq
Approx 55% complete for SRR5905840_1.fastq
Approx 60% complete for SRR5905840_1.fastq
Approx 65% complete for SRR5905840_1.fastq
Approx 70% complete for SRR5905840_1.fastq
Approx 75% complete for SRR5905840_1.fastq
Approx 80% complete for SRR5905840_1.fastq
Approx 85% complete for SRR5905840_1.fastq
Approx 90% complete for SRR5905840_1.fastq
Approx 95% complete for SRR5905840_1.fastq
Analysis complete for SRR5905840_1.fastq
Multicore support not enabled. Proceeding with single-core trimming.
Path to Cutadapt set as: 'cutadapt' (default)
Cutadapt seems to be working fine (tested command 'cutadapt --version')
No quality encoding type selected. Assuming that the data provided uses Sanger encoded Phred scores (default)



AUTO-DETECTING ADAPTER TYPE
===========================
Attempting to auto-detect adapter type from the first 1 million sequences of the first file (>> SRR5905840_1.fastq <<)

Found perfect matches for the following adapter sequences:
Adapter type	Count	Sequence	Sequences analysed	Percentage
Illumina	105	AGATCGGAAGAGC	1000000	0.01
Nextera	1	CTGTCTCTTATA	1000000	0.00
smallRNA	0	TGGAATTCTCGG	1000000	0.00
Using Illumina adapter for trimming (count: 105). Second best hit was Nextera (count: 1)

Writing report to 'SRR5905840_1.fastq_trimming_report.txt'

SUMMARISING RUN PARAMETERS
==========================
Input filename: SRR5905840_1.fastq
Trimming mode: single-end
Trim Galore version: 0.6.1
Cutadapt version: 1.18
Number of cores used for trimming: 1
Quality Phred score cutoff: 20
Quality encoding type selected: ASCII+33
Adapter sequence: 'AGATCGGAAGAGC' (Illumina TruSeq, Sanger iPCR; auto-detected)
Maximum trimming error rate: 0.1 (default)
Minimum required adapter overlap (stringency): 3 bp
Minimum required sequence length before a sequence gets removed: 24 bp

Writing final adapter and quality trimmed output to SRR5905840_1_trimmed.fq


  >>> Now performing quality (cutoff '-q 20') and adapter trimming in a single pass for the adapter sequence: 'AGATCGGAAGAGC' from file SRR5905840_1.fastq <<< 
10000000 sequences processed
This is cutadapt 1.18 with Python 2.7.11
Command line parameters: -j 1 -e 0.1 -q 20 -O 3 -a AGATCGGAAGAGC SRR5905840_1.fastq
Processing reads on 1 core in single-end mode ...
Finished in 1196.21 s (63 us/read; 0.96 M reads/minute).

=== Summary ===

Total reads processed:              19,073,174
Reads with adapters:                   475,951 (2.5%)
Reads written (passing filters):    19,073,174 (100.0%)

Total basepairs processed:   705,707,438 bp
Quality-trimmed:              48,809,928 bp (6.9%)
Total written (filtered):    655,292,576 bp (92.9%)

=== Adapter 1 ===

Sequence: AGATCGGAAGAGC; Type: regular 3'; Length: 13; Trimmed: 475951 times.

No. of allowed errors:
0-9 bp: 0; 10-13 bp: 1

Bases preceding removed adapters:
  A: 28.1%
  C: 27.9%
  G: 27.7%
  T: 16.0%
  none/other: 0.3%

Overview of removed sequences
length	count	expect	max.err	error counts
3	383956	298018.3	0	383956
4	70146	74504.6	0	70146
5	14912	18626.1	0	14912
6	1540	4656.5	0	1540
7	481	1164.1	0	481
8	130	291.0	0	130
9	477	72.8	0	95 382
10	1256	18.2	1	567 689
11	324	4.5	1	51 273
12	128	1.1	1	48 80
13	71	0.3	1	38 33
14	87	0.3	1	52 35
15	162	0.3	1	144 18
16	71	0.3	1	52 19
17	122	0.3	1	107 15
18	572	0.3	1	535 37
19	65	0.3	1	34 31
20	61	0.3	1	38 23
21	60	0.3	1	45 15
22	50	0.3	1	27 23
23	177	0.3	1	148 29
24	61	0.3	1	42 19
25	55	0.3	1	27 28
26	69	0.3	1	45 24
27	66	0.3	1	41 25
28	47	0.3	1	30 17
29	44	0.3	1	29 15
30	74	0.3	1	43 31
31	53	0.3	1	34 19
32	62	0.3	1	48 14
33	56	0.3	1	39 17
34	63	0.3	1	33 30
35	99	0.3	1	54 45
36	48	0.3	1	23 25
37	306	0.3	1	16 290


RUN STATISTICS FOR INPUT FILE: SRR5905840_1.fastq
=============================================
19073174 sequences processed in total
Sequences removed because they became shorter than the length cutoff of 24 bp:	1359672 (7.1%)

Started analysis of SRR5905840_1_trimmed.fq
Approx 5% complete for SRR5905840_1_trimmed.fq
Approx 10% complete for SRR5905840_1_trimmed.fq
Approx 15% complete for SRR5905840_1_trimmed.fq
Approx 20% complete for SRR5905840_1_trimmed.fq
Approx 25% complete for SRR5905840_1_trimmed.fq
Approx 30% complete for SRR5905840_1_trimmed.fq
Approx 35% complete for SRR5905840_1_trimmed.fq
Approx 40% complete for SRR5905840_1_trimmed.fq
Approx 45% complete for SRR5905840_1_trimmed.fq
Approx 50% complete for SRR5905840_1_trimmed.fq
Approx 55% complete for SRR5905840_1_trimmed.fq
Approx 60% complete for SRR5905840_1_trimmed.fq
Approx 65% complete for SRR5905840_1_trimmed.fq
Approx 70% complete for SRR5905840_1_trimmed.fq
Approx 75% complete for SRR5905840_1_trimmed.fq
Approx 80% complete for SRR5905840_1_trimmed.fq
Approx 85% complete for SRR5905840_1_trimmed.fq
Approx 90% complete for SRR5905840_1_trimmed.fq
Approx 95% complete for SRR5905840_1_trimmed.fq
Analysis complete for SRR5905840_1_trimmed.fq
17713502 reads; of these:
  17713502 (100.00%) were unpaired; of these:
    182504 (1.03%) aligned 0 times
    14701876 (83.00%) aligned exactly 1 time
    2829122 (15.97%) aligned >1 times
98.97% overall alignment rate
[bam_sort_core] merging from 4 files and 1 in-memory blocks...
[bam_rmdupse_core] 6082602 / 17530998 = 0.3470 in library '	'
