Started analysis of SRR851154_1.fastq
Approx 5% complete for SRR851154_1.fastq
Approx 10% complete for SRR851154_1.fastq
Approx 15% complete for SRR851154_1.fastq
Approx 20% complete for SRR851154_1.fastq
Approx 25% complete for SRR851154_1.fastq
Approx 30% complete for SRR851154_1.fastq
Approx 35% complete for SRR851154_1.fastq
Approx 40% complete for SRR851154_1.fastq
Approx 45% complete for SRR851154_1.fastq
Approx 50% complete for SRR851154_1.fastq
Approx 55% complete for SRR851154_1.fastq
Approx 60% complete for SRR851154_1.fastq
Approx 65% complete for SRR851154_1.fastq
Approx 70% complete for SRR851154_1.fastq
Approx 75% complete for SRR851154_1.fastq
Approx 80% complete for SRR851154_1.fastq
Approx 85% complete for SRR851154_1.fastq
Approx 90% complete for SRR851154_1.fastq
Approx 95% complete for SRR851154_1.fastq
Analysis complete for SRR851154_1.fastq
Multicore support not enabled. Proceeding with single-core trimming.
Path to Cutadapt set as: 'cutadapt' (default)
Cutadapt seems to be working fine (tested command 'cutadapt --version')
No quality encoding type selected. Assuming that the data provided uses Sanger encoded Phred scores (default)



AUTO-DETECTING ADAPTER TYPE
===========================
Attempting to auto-detect adapter type from the first 1 million sequences of the first file (>> SRR851154_1.fastq <<)

Found perfect matches for the following adapter sequences:
Adapter type	Count	Sequence	Sequences analysed	Percentage
Illumina	1083	AGATCGGAAGAGC	1000000	0.11
Nextera	2	CTGTCTCTTATA	1000000	0.00
smallRNA	0	TGGAATTCTCGG	1000000	0.00
Using Illumina adapter for trimming (count: 1083). Second best hit was Nextera (count: 2)

Writing report to 'SRR851154_1.fastq_trimming_report.txt'

SUMMARISING RUN PARAMETERS
==========================
Input filename: SRR851154_1.fastq
Trimming mode: single-end
Trim Galore version: 0.6.1
Cutadapt version: 1.18
Number of cores used for trimming: 1
Quality Phred score cutoff: 20
Quality encoding type selected: ASCII+33
Adapter sequence: 'AGATCGGAAGAGC' (Illumina TruSeq, Sanger iPCR; auto-detected)
Maximum trimming error rate: 0.1 (default)
Minimum required adapter overlap (stringency): 3 bp
Minimum required sequence length before a sequence gets removed: 24 bp

Writing final adapter and quality trimmed output to SRR851154_1_trimmed.fq


  >>> Now performing quality (cutoff '-q 20') and adapter trimming in a single pass for the adapter sequence: 'AGATCGGAAGAGC' from file SRR851154_1.fastq <<< 
10000000 sequences processed
20000000 sequences processed
This is cutadapt 1.18 with Python 2.7.11
Command line parameters: -j 1 -e 0.1 -q 20 -O 3 -a AGATCGGAAGAGC SRR851154_1.fastq
Processing reads on 1 core in single-end mode ...
Finished in 697.48 s (32 us/read; 1.89 M reads/minute).

=== Summary ===

Total reads processed:              22,000,496
Reads with adapters:                   640,252 (2.9%)
Reads written (passing filters):    22,000,496 (100.0%)

Total basepairs processed:   792,017,856 bp
Quality-trimmed:               6,668,858 bp (0.8%)
Total written (filtered):    782,896,602 bp (98.8%)

=== Adapter 1 ===

Sequence: AGATCGGAAGAGC; Type: regular 3'; Length: 13; Trimmed: 640252 times.

No. of allowed errors:
0-9 bp: 0; 10-13 bp: 1

Bases preceding removed adapters:
  A: 23.6%
  C: 31.3%
  G: 30.3%
  T: 14.8%
  none/other: 0.0%

Overview of removed sequences
length	count	expect	max.err	error counts
3	498844	343757.8	0	498844
4	89852	85939.4	0	89852
5	20939	21484.9	0	20939
6	1448	5371.2	0	1448
7	604	1342.8	0	604
8	401	335.7	0	401
9	805	83.9	0	413 392
10	904	21.0	1	363 541
11	571	5.2	1	248 323
12	217	1.3	1	143 74
13	172	0.3	1	153 19
14	237	0.3	1	208 29
15	465	0.3	1	426 39
16	810	0.3	1	768 42
17	21763	0.3	1	21153 610
18	201	0.3	1	184 17
19	155	0.3	1	129 26
20	173	0.3	1	152 21
21	130	0.3	1	116 14
22	605	0.3	1	578 27
23	74	0.3	1	57 17
24	71	0.3	1	47 24
25	92	0.3	1	78 14
26	68	0.3	1	46 22
27	47	0.3	1	36 11
28	48	0.3	1	27 21
29	36	0.3	1	20 16
30	42	0.3	1	22 20
31	37	0.3	1	17 20
32	48	0.3	1	26 22
33	44	0.3	1	23 21
34	55	0.3	1	32 23
35	36	0.3	1	11 25
36	258	0.3	1	15 243


RUN STATISTICS FOR INPUT FILE: SRR851154_1.fastq
=============================================
22000496 sequences processed in total
Sequences removed because they became shorter than the length cutoff of 24 bp:	187821 (0.9%)

Started analysis of SRR851154_1_trimmed.fq
Approx 5% complete for SRR851154_1_trimmed.fq
Approx 10% complete for SRR851154_1_trimmed.fq
Approx 15% complete for SRR851154_1_trimmed.fq
Approx 20% complete for SRR851154_1_trimmed.fq
Approx 25% complete for SRR851154_1_trimmed.fq
Approx 30% complete for SRR851154_1_trimmed.fq
Approx 35% complete for SRR851154_1_trimmed.fq
Approx 40% complete for SRR851154_1_trimmed.fq
Approx 45% complete for SRR851154_1_trimmed.fq
Approx 50% complete for SRR851154_1_trimmed.fq
Approx 55% complete for SRR851154_1_trimmed.fq
Approx 60% complete for SRR851154_1_trimmed.fq
Approx 65% complete for SRR851154_1_trimmed.fq
Approx 70% complete for SRR851154_1_trimmed.fq
Approx 75% complete for SRR851154_1_trimmed.fq
Approx 80% complete for SRR851154_1_trimmed.fq
Approx 85% complete for SRR851154_1_trimmed.fq
Approx 90% complete for SRR851154_1_trimmed.fq
Approx 95% complete for SRR851154_1_trimmed.fq
Analysis complete for SRR851154_1_trimmed.fq
21812675 reads; of these:
  21812675 (100.00%) were unpaired; of these:
    241658 (1.11%) aligned 0 times
    15305070 (70.17%) aligned exactly 1 time
    6265947 (28.73%) aligned >1 times
98.89% overall alignment rate
[bam_sort_core] merging from 5 files and 1 in-memory blocks...
[bam_rmdupse_core] 1026871 / 21571017 = 0.0476 in library '	'
