Started analysis of SRR1124802_1.fastq
Approx 5% complete for SRR1124802_1.fastq
Approx 10% complete for SRR1124802_1.fastq
Approx 15% complete for SRR1124802_1.fastq
Approx 20% complete for SRR1124802_1.fastq
Approx 25% complete for SRR1124802_1.fastq
Approx 30% complete for SRR1124802_1.fastq
Approx 35% complete for SRR1124802_1.fastq
Approx 40% complete for SRR1124802_1.fastq
Approx 45% complete for SRR1124802_1.fastq
Approx 50% complete for SRR1124802_1.fastq
Approx 55% complete for SRR1124802_1.fastq
Approx 60% complete for SRR1124802_1.fastq
Approx 65% complete for SRR1124802_1.fastq
Approx 70% complete for SRR1124802_1.fastq
Approx 75% complete for SRR1124802_1.fastq
Approx 80% complete for SRR1124802_1.fastq
Approx 85% complete for SRR1124802_1.fastq
Approx 90% complete for SRR1124802_1.fastq
Approx 95% complete for SRR1124802_1.fastq
Analysis complete for SRR1124802_1.fastq
Multicore support not enabled. Proceeding with single-core trimming.
Path to Cutadapt set as: 'cutadapt' (default)
Cutadapt seems to be working fine (tested command 'cutadapt --version')
No quality encoding type selected. Assuming that the data provided uses Sanger encoded Phred scores (default)



AUTO-DETECTING ADAPTER TYPE
===========================
Attempting to auto-detect adapter type from the first 1 million sequences of the first file (>> SRR1124802_1.fastq <<)

Found perfect matches for the following adapter sequences:
Adapter type	Count	Sequence	Sequences analysed	Percentage
Illumina	23	AGATCGGAAGAGC	1000000	0.00
Nextera	3	CTGTCTCTTATA	1000000	0.00
smallRNA	0	TGGAATTCTCGG	1000000	0.00
Using Illumina adapter for trimming (count: 23). Second best hit was Nextera (count: 3)

Writing report to 'SRR1124802_1.fastq_trimming_report.txt'

SUMMARISING RUN PARAMETERS
==========================
Input filename: SRR1124802_1.fastq
Trimming mode: single-end
Trim Galore version: 0.6.1
Cutadapt version: 1.18
Number of cores used for trimming: 1
Quality Phred score cutoff: 20
Quality encoding type selected: ASCII+33
Adapter sequence: 'AGATCGGAAGAGC' (Illumina TruSeq, Sanger iPCR; auto-detected)
Maximum trimming error rate: 0.1 (default)
Minimum required adapter overlap (stringency): 3 bp
Minimum required sequence length before a sequence gets removed: 24 bp

Writing final adapter and quality trimmed output to SRR1124802_1_trimmed.fq


  >>> Now performing quality (cutoff '-q 20') and adapter trimming in a single pass for the adapter sequence: 'AGATCGGAAGAGC' from file SRR1124802_1.fastq <<< 
10000000 sequences processed
20000000 sequences processed
30000000 sequences processed
40000000 sequences processed
This is cutadapt 1.18 with Python 2.7.11
Command line parameters: -j 1 -e 0.1 -q 20 -O 3 -a AGATCGGAAGAGC SRR1124802_1.fastq
Processing reads on 1 core in single-end mode ...
Finished in 2586.41 s (62 us/read; 0.97 M reads/minute).

=== Summary ===

Total reads processed:              41,959,729
Reads with adapters:                 1,312,776 (3.1%)
Reads written (passing filters):    41,959,729 (100.0%)

Total basepairs processed: 2,097,986,450 bp
Quality-trimmed:               8,246,473 bp (0.4%)
Total written (filtered):  2,078,804,096 bp (99.1%)

=== Adapter 1 ===

Sequence: AGATCGGAAGAGC; Type: regular 3'; Length: 13; Trimmed: 1312776 times.

No. of allowed errors:
0-9 bp: 0; 10-13 bp: 1

Bases preceding removed adapters:
  A: 25.0%
  C: 24.8%
  G: 23.4%
  T: 16.0%
  none/other: 10.9%

Overview of removed sequences
length	count	expect	max.err	error counts
3	944433	655620.8	0	944433
4	182010	163905.2	0	182010
5	35907	40976.3	0	35907
6	1708	10244.1	0	1708
7	592	2561.0	0	592
8	358	640.3	0	358
9	890	160.1	0	289 601
10	1055	40.0	1	208 847
11	617	10.0	1	160 457
12	253	2.5	1	149 104
13	153	0.6	1	120 33
14	108	0.6	1	86 22
15	102	0.6	1	71 31
16	99	0.6	1	64 35
17	56	0.6	1	34 22
18	66	0.6	1	37 29
19	60	0.6	1	33 27
20	63	0.6	1	36 27
21	55	0.6	1	31 24
22	64	0.6	1	31 33
23	58	0.6	1	29 29
24	75	0.6	1	32 43
25	79	0.6	1	37 42
26	103	0.6	1	26 77
27	100	0.6	1	26 74
28	96	0.6	1	28 68
29	89	0.6	1	17 72
30	73	0.6	1	11 62
31	939	0.6	1	11 928
32	111	0.6	1	7 104
33	102	0.6	1	2 100
34	289	0.6	1	3 286
35	88	0.6	1	0 88
36	107	0.6	1	1 106
37	80	0.6	1	1 79
38	120	0.6	1	15 105
39	106	0.6	1	2 104
40	141	0.6	1	1 140
41	153	0.6	1	5 148
42	190	0.6	1	1 189
43	250	0.6	1	0 250
44	643	0.6	1	1 642
45	774	0.6	1	2 772
46	511	0.6	1	3 508
47	944	0.6	1	1 943
48	1184	0.6	1	0 1184
49	1306	0.6	1	0 1306
50	135416	0.6	1	8 135408


RUN STATISTICS FOR INPUT FILE: SRR1124802_1.fastq
=============================================
41959729 sequences processed in total
Sequences removed because they became shorter than the length cutoff of 24 bp:	166026 (0.4%)

Started analysis of SRR1124802_1_trimmed.fq
Approx 5% complete for SRR1124802_1_trimmed.fq
Approx 10% complete for SRR1124802_1_trimmed.fq
Approx 15% complete for SRR1124802_1_trimmed.fq
Approx 20% complete for SRR1124802_1_trimmed.fq
Approx 25% complete for SRR1124802_1_trimmed.fq
Approx 30% complete for SRR1124802_1_trimmed.fq
Approx 35% complete for SRR1124802_1_trimmed.fq
Approx 40% complete for SRR1124802_1_trimmed.fq
Approx 45% complete for SRR1124802_1_trimmed.fq
Approx 50% complete for SRR1124802_1_trimmed.fq
Approx 55% complete for SRR1124802_1_trimmed.fq
Approx 60% complete for SRR1124802_1_trimmed.fq
Approx 65% complete for SRR1124802_1_trimmed.fq
Approx 70% complete for SRR1124802_1_trimmed.fq
Approx 75% complete for SRR1124802_1_trimmed.fq
Approx 80% complete for SRR1124802_1_trimmed.fq
Approx 85% complete for SRR1124802_1_trimmed.fq
Approx 90% complete for SRR1124802_1_trimmed.fq
Approx 95% complete for SRR1124802_1_trimmed.fq
Analysis complete for SRR1124802_1_trimmed.fq
41793703 reads; of these:
  41793703 (100.00%) were unpaired; of these:
    494485 (1.18%) aligned 0 times
    29854005 (71.43%) aligned exactly 1 time
    11445213 (27.39%) aligned >1 times
98.82% overall alignment rate
[bam_sort_core] merging from 11 files and 1 in-memory blocks...
[bam_rmdupse_core] 6735963 / 41299218 = 0.1631 in library '	'
