Started analysis of SRR10285314_1.fastq
Approx 5% complete for SRR10285314_1.fastq
Approx 10% complete for SRR10285314_1.fastq
Approx 15% complete for SRR10285314_1.fastq
Approx 20% complete for SRR10285314_1.fastq
Approx 25% complete for SRR10285314_1.fastq
Approx 30% complete for SRR10285314_1.fastq
Approx 35% complete for SRR10285314_1.fastq
Approx 40% complete for SRR10285314_1.fastq
Approx 45% complete for SRR10285314_1.fastq
Approx 50% complete for SRR10285314_1.fastq
Approx 55% complete for SRR10285314_1.fastq
Approx 60% complete for SRR10285314_1.fastq
Approx 65% complete for SRR10285314_1.fastq
Approx 70% complete for SRR10285314_1.fastq
Approx 75% complete for SRR10285314_1.fastq
Approx 80% complete for SRR10285314_1.fastq
Approx 85% complete for SRR10285314_1.fastq
Approx 90% complete for SRR10285314_1.fastq
Approx 95% complete for SRR10285314_1.fastq
Analysis complete for SRR10285314_1.fastq
Multicore support not enabled. Proceeding with single-core trimming.
Path to Cutadapt set as: 'cutadapt' (default)
Cutadapt seems to be working fine (tested command 'cutadapt --version')
No quality encoding type selected. Assuming that the data provided uses Sanger encoded Phred scores (default)



AUTO-DETECTING ADAPTER TYPE
===========================
Attempting to auto-detect adapter type from the first 1 million sequences of the first file (>> SRR10285314_1.fastq <<)

Found perfect matches for the following adapter sequences:
Adapter type	Count	Sequence	Sequences analysed	Percentage
Illumina	68	AGATCGGAAGAGC	1000000	0.01
Nextera	3	CTGTCTCTTATA	1000000	0.00
smallRNA	2	TGGAATTCTCGG	1000000	0.00
Using Illumina adapter for trimming (count: 68). Second best hit was Nextera (count: 3)

Writing report to 'SRR10285314_1.fastq_trimming_report.txt'

SUMMARISING RUN PARAMETERS
==========================
Input filename: SRR10285314_1.fastq
Trimming mode: single-end
Trim Galore version: 0.6.1
Cutadapt version: 1.18
Number of cores used for trimming: 1
Quality Phred score cutoff: 20
Quality encoding type selected: ASCII+33
Adapter sequence: 'AGATCGGAAGAGC' (Illumina TruSeq, Sanger iPCR; auto-detected)
Maximum trimming error rate: 0.1 (default)
Minimum required adapter overlap (stringency): 3 bp
Minimum required sequence length before a sequence gets removed: 24 bp

Writing final adapter and quality trimmed output to SRR10285314_1_trimmed.fq


  >>> Now performing quality (cutoff '-q 20') and adapter trimming in a single pass for the adapter sequence: 'AGATCGGAAGAGC' from file SRR10285314_1.fastq <<< 
10000000 sequences processed
20000000 sequences processed
30000000 sequences processed
This is cutadapt 1.18 with Python 2.7.11
Command line parameters: -j 1 -e 0.1 -q 20 -O 3 -a AGATCGGAAGAGC SRR10285314_1.fastq
Processing reads on 1 core in single-end mode ...
Finished in 4204.99 s (117 us/read; 0.51 M reads/minute).

=== Summary ===

Total reads processed:              35,842,585
Reads with adapters:                 3,413,042 (9.5%)
Reads written (passing filters):    35,842,585 (100.0%)

Total basepairs processed: 2,329,768,025 bp
Quality-trimmed:               5,570,344 bp (0.2%)
Total written (filtered):  2,159,578,548 bp (92.7%)

=== Adapter 1 ===

Sequence: AGATCGGAAGAGC; Type: regular 3'; Length: 13; Trimmed: 3413042 times.

No. of allowed errors:
0-9 bp: 0; 10-13 bp: 1

Bases preceding removed adapters:
  A: 7.5%
  C: 7.8%
  G: 7.2%
  T: 4.6%
  none/other: 72.9%

Overview of removed sequences
length	count	expect	max.err	error counts
3	734299	560040.4	0	734299
4	149805	140010.1	0	149805
5	29660	35002.5	0	29660
6	1824	8750.6	0	1824
7	483	2187.7	0	483
8	196	546.9	0	196
9	646	136.7	0	141 505
10	820	34.2	1	107 713
11	436	8.5	1	81 355
12	204	2.1	1	106 98
13	134	0.5	1	92 42
14	116	0.5	1	76 40
15	150	0.5	1	78 72
16	191	0.5	1	92 99
17	150	0.5	1	73 77
18	106	0.5	1	68 38
19	90	0.5	1	59 31
20	81	0.5	1	54 27
21	97	0.5	1	63 34
22	103	0.5	1	68 35
23	89	0.5	1	53 36
24	85	0.5	1	54 31
25	79	0.5	1	50 29
26	83	0.5	1	36 47
27	112	0.5	1	52 60
28	112	0.5	1	38 74
29	86	0.5	1	37 49
30	78	0.5	1	38 40
31	80	0.5	1	49 31
32	78	0.5	1	47 31
33	66	0.5	1	31 35
34	85	0.5	1	34 51
35	61	0.5	1	32 29
36	61	0.5	1	35 26
37	50	0.5	1	26 24
38	64	0.5	1	34 30
39	67	0.5	1	29 38
40	84	0.5	1	24 60
41	91	0.5	1	23 68
42	122	0.5	1	29 93
43	108	0.5	1	19 89
44	137	0.5	1	22 115
45	118	0.5	1	24 94
46	114	0.5	1	19 95
47	97	0.5	1	20 77
48	80	0.5	1	5 75
49	97	0.5	1	18 79
50	183	0.5	1	17 166
51	232	0.5	1	74 158
52	162	0.5	1	4 158
53	804	0.5	1	72 732
54	131	0.5	1	13 118
55	414	0.5	1	14 400
56	1265	0.5	1	504 761
57	395	0.5	1	19 376
58	441	0.5	1	44 397
59	466	0.5	1	13 453
60	419	0.5	1	2 417
61	1465	0.5	1	10 1455
62	8455	0.5	1	5 8450
63	132084	0.5	1	9 132075
64	54386	0.5	1	45 54341
65	2289765	0.5	1	58 2289707


RUN STATISTICS FOR INPUT FILE: SRR10285314_1.fastq
=============================================
35842585 sequences processed in total
Sequences removed because they became shorter than the length cutoff of 24 bp:	2524496 (7.0%)

Started analysis of SRR10285314_1_trimmed.fq
Approx 5% complete for SRR10285314_1_trimmed.fq
Approx 10% complete for SRR10285314_1_trimmed.fq
Approx 15% complete for SRR10285314_1_trimmed.fq
Approx 20% complete for SRR10285314_1_trimmed.fq
Approx 25% complete for SRR10285314_1_trimmed.fq
Approx 30% complete for SRR10285314_1_trimmed.fq
Approx 35% complete for SRR10285314_1_trimmed.fq
Approx 40% complete for SRR10285314_1_trimmed.fq
Approx 45% complete for SRR10285314_1_trimmed.fq
Approx 50% complete for SRR10285314_1_trimmed.fq
Approx 55% complete for SRR10285314_1_trimmed.fq
Approx 60% complete for SRR10285314_1_trimmed.fq
Approx 65% complete for SRR10285314_1_trimmed.fq
Approx 70% complete for SRR10285314_1_trimmed.fq
Approx 75% complete for SRR10285314_1_trimmed.fq
Approx 80% complete for SRR10285314_1_trimmed.fq
Approx 85% complete for SRR10285314_1_trimmed.fq
Approx 90% complete for SRR10285314_1_trimmed.fq
Approx 95% complete for SRR10285314_1_trimmed.fq
Analysis complete for SRR10285314_1_trimmed.fq
33318089 reads; of these:
  33318089 (100.00%) were unpaired; of these:
    4091220 (12.28%) aligned 0 times
    23744487 (71.27%) aligned exactly 1 time
    5482382 (16.45%) aligned >1 times
87.72% overall alignment rate
[bam_sort_core] merging from 10 files and 1 in-memory blocks...
[bam_rmdupse_core] 4917129 / 29226869 = 0.1682 in library '	'
