Started analysis of SRR1124814_1.fastq
Approx 5% complete for SRR1124814_1.fastq
Approx 10% complete for SRR1124814_1.fastq
Approx 15% complete for SRR1124814_1.fastq
Approx 20% complete for SRR1124814_1.fastq
Approx 25% complete for SRR1124814_1.fastq
Approx 30% complete for SRR1124814_1.fastq
Approx 35% complete for SRR1124814_1.fastq
Approx 40% complete for SRR1124814_1.fastq
Approx 45% complete for SRR1124814_1.fastq
Approx 50% complete for SRR1124814_1.fastq
Approx 55% complete for SRR1124814_1.fastq
Approx 60% complete for SRR1124814_1.fastq
Approx 65% complete for SRR1124814_1.fastq
Approx 70% complete for SRR1124814_1.fastq
Approx 75% complete for SRR1124814_1.fastq
Approx 80% complete for SRR1124814_1.fastq
Approx 85% complete for SRR1124814_1.fastq
Approx 90% complete for SRR1124814_1.fastq
Approx 95% complete for SRR1124814_1.fastq
Analysis complete for SRR1124814_1.fastq
Multicore support not enabled. Proceeding with single-core trimming.
Path to Cutadapt set as: 'cutadapt' (default)
Cutadapt seems to be working fine (tested command 'cutadapt --version')
No quality encoding type selected. Assuming that the data provided uses Sanger encoded Phred scores (default)



AUTO-DETECTING ADAPTER TYPE
===========================
Attempting to auto-detect adapter type from the first 1 million sequences of the first file (>> SRR1124814_1.fastq <<)

Found perfect matches for the following adapter sequences:
Adapter type	Count	Sequence	Sequences analysed	Percentage
Illumina	219	AGATCGGAAGAGC	1000000	0.02
Nextera	2	CTGTCTCTTATA	1000000	0.00
smallRNA	1	TGGAATTCTCGG	1000000	0.00
Using Illumina adapter for trimming (count: 219). Second best hit was Nextera (count: 2)

Writing report to 'SRR1124814_1.fastq_trimming_report.txt'

SUMMARISING RUN PARAMETERS
==========================
Input filename: SRR1124814_1.fastq
Trimming mode: single-end
Trim Galore version: 0.6.1
Cutadapt version: 1.18
Number of cores used for trimming: 1
Quality Phred score cutoff: 20
Quality encoding type selected: ASCII+33
Adapter sequence: 'AGATCGGAAGAGC' (Illumina TruSeq, Sanger iPCR; auto-detected)
Maximum trimming error rate: 0.1 (default)
Minimum required adapter overlap (stringency): 3 bp
Minimum required sequence length before a sequence gets removed: 24 bp

Writing final adapter and quality trimmed output to SRR1124814_1_trimmed.fq


  >>> Now performing quality (cutoff '-q 20') and adapter trimming in a single pass for the adapter sequence: 'AGATCGGAAGAGC' from file SRR1124814_1.fastq <<< 
10000000 sequences processed
20000000 sequences processed
30000000 sequences processed
This is cutadapt 1.18 with Python 2.7.11
Command line parameters: -j 1 -e 0.1 -q 20 -O 3 -a AGATCGGAAGAGC SRR1124814_1.fastq
Processing reads on 1 core in single-end mode ...
Finished in 3049.85 s (88 us/read; 0.68 M reads/minute).

=== Summary ===

Total reads processed:              34,606,332
Reads with adapters:                   982,416 (2.8%)
Reads written (passing filters):    34,606,332 (100.0%)

Total basepairs processed: 1,730,316,600 bp
Quality-trimmed:               9,942,241 bp (0.6%)
Total written (filtered):  1,716,331,832 bp (99.2%)

=== Adapter 1 ===

Sequence: AGATCGGAAGAGC; Type: regular 3'; Length: 13; Trimmed: 982416 times.

No. of allowed errors:
0-9 bp: 0; 10-13 bp: 1

Bases preceding removed adapters:
  A: 27.8%
  C: 26.7%
  G: 25.9%
  T: 18.2%
  none/other: 1.5%

Overview of removed sequences
length	count	expect	max.err	error counts
3	764959	540723.9	0	764959
4	153405	135181.0	0	153405
5	30918	33795.2	0	30918
6	2739	8448.8	0	2739
7	1508	2112.2	0	1508
8	1031	528.1	0	1031
9	1405	132.0	0	895 510
10	1558	33.0	1	799 759
11	1071	8.3	1	707 364
12	732	2.1	1	621 111
13	546	0.5	1	500 46
14	521	0.5	1	478 43
15	460	0.5	1	431 29
16	510	0.5	1	468 42
17	535	0.5	1	499 36
18	491	0.5	1	459 32
19	450	0.5	1	409 41
20	446	0.5	1	411 35
21	427	0.5	1	396 31
22	498	0.5	1	461 37
23	440	0.5	1	405 35
24	472	0.5	1	440 32
25	519	0.5	1	475 44
26	439	0.5	1	397 42
27	425	0.5	1	384 41
28	387	0.5	1	343 44
29	294	0.5	1	274 20
30	265	0.5	1	243 22
31	199	0.5	1	151 48
32	140	0.5	1	116 24
33	110	0.5	1	63 47
34	102	0.5	1	35 67
35	64	0.5	1	9 55
36	62	0.5	1	6 56
37	46	0.5	1	3 43
38	65	0.5	1	1 64
39	59	0.5	1	1 58
40	60	0.5	1	2 58
41	85	0.5	1	9 76
42	83	0.5	1	1 82
43	149	0.5	1	1 148
44	328	0.5	1	0 328
45	359	0.5	1	0 359
46	160	0.5	1	0 160
47	169	0.5	1	0 169
48	195	0.5	1	0 195
49	210	0.5	1	0 210
50	12320	0.5	1	8 12312


RUN STATISTICS FOR INPUT FILE: SRR1124814_1.fastq
=============================================
34606332 sequences processed in total
Sequences removed because they became shorter than the length cutoff of 24 bp:	43966 (0.1%)

Started analysis of SRR1124814_1_trimmed.fq
Approx 5% complete for SRR1124814_1_trimmed.fq
Approx 10% complete for SRR1124814_1_trimmed.fq
Approx 15% complete for SRR1124814_1_trimmed.fq
Approx 20% complete for SRR1124814_1_trimmed.fq
Approx 25% complete for SRR1124814_1_trimmed.fq
Approx 30% complete for SRR1124814_1_trimmed.fq
Approx 35% complete for SRR1124814_1_trimmed.fq
Approx 40% complete for SRR1124814_1_trimmed.fq
Approx 45% complete for SRR1124814_1_trimmed.fq
Approx 50% complete for SRR1124814_1_trimmed.fq
Approx 55% complete for SRR1124814_1_trimmed.fq
Approx 60% complete for SRR1124814_1_trimmed.fq
Approx 65% complete for SRR1124814_1_trimmed.fq
Approx 70% complete for SRR1124814_1_trimmed.fq
Approx 75% complete for SRR1124814_1_trimmed.fq
Approx 80% complete for SRR1124814_1_trimmed.fq
Approx 85% complete for SRR1124814_1_trimmed.fq
Approx 90% complete for SRR1124814_1_trimmed.fq
Approx 95% complete for SRR1124814_1_trimmed.fq
Analysis complete for SRR1124814_1_trimmed.fq
34562366 reads; of these:
  34562366 (100.00%) were unpaired; of these:
    1327858 (3.84%) aligned 0 times
    22738010 (65.79%) aligned exactly 1 time
    10496498 (30.37%) aligned >1 times
96.16% overall alignment rate
[bam_sort_core] merging from 9 files and 1 in-memory blocks...
[bam_rmdupse_core] 5332208 / 33234508 = 0.1604 in library '	'
