Started analysis of SRR3586803_1.fastq
Approx 5% complete for SRR3586803_1.fastq
Approx 10% complete for SRR3586803_1.fastq
Approx 15% complete for SRR3586803_1.fastq
Approx 20% complete for SRR3586803_1.fastq
Approx 25% complete for SRR3586803_1.fastq
Approx 30% complete for SRR3586803_1.fastq
Approx 35% complete for SRR3586803_1.fastq
Approx 40% complete for SRR3586803_1.fastq
Approx 45% complete for SRR3586803_1.fastq
Approx 50% complete for SRR3586803_1.fastq
Approx 55% complete for SRR3586803_1.fastq
Approx 60% complete for SRR3586803_1.fastq
Approx 65% complete for SRR3586803_1.fastq
Approx 70% complete for SRR3586803_1.fastq
Approx 75% complete for SRR3586803_1.fastq
Approx 80% complete for SRR3586803_1.fastq
Approx 85% complete for SRR3586803_1.fastq
Approx 90% complete for SRR3586803_1.fastq
Approx 95% complete for SRR3586803_1.fastq
Approx 100% complete for SRR3586803_1.fastq
Analysis complete for SRR3586803_1.fastq
Multicore support not enabled. Proceeding with single-core trimming.
Path to Cutadapt set as: 'cutadapt' (default)
Cutadapt seems to be working fine (tested command 'cutadapt --version')
No quality encoding type selected. Assuming that the data provided uses Sanger encoded Phred scores (default)



AUTO-DETECTING ADAPTER TYPE
===========================
Attempting to auto-detect adapter type from the first 1 million sequences of the first file (>> SRR3586803_1.fastq <<)

Found perfect matches for the following adapter sequences:
Adapter type	Count	Sequence	Sequences analysed	Percentage
Illumina	450	AGATCGGAAGAGC	1000000	0.04
Nextera	3	CTGTCTCTTATA	1000000	0.00
smallRNA	1	TGGAATTCTCGG	1000000	0.00
Using Illumina adapter for trimming (count: 450). Second best hit was Nextera (count: 3)

Writing report to 'SRR3586803_1.fastq_trimming_report.txt'

SUMMARISING RUN PARAMETERS
==========================
Input filename: SRR3586803_1.fastq
Trimming mode: single-end
Trim Galore version: 0.6.1
Cutadapt version: 1.18
Number of cores used for trimming: 1
Quality Phred score cutoff: 20
Quality encoding type selected: ASCII+33
Adapter sequence: 'AGATCGGAAGAGC' (Illumina TruSeq, Sanger iPCR; auto-detected)
Maximum trimming error rate: 0.1 (default)
Minimum required adapter overlap (stringency): 3 bp
Minimum required sequence length before a sequence gets removed: 24 bp

Writing final adapter and quality trimmed output to SRR3586803_1_trimmed.fq


  >>> Now performing quality (cutoff '-q 20') and adapter trimming in a single pass for the adapter sequence: 'AGATCGGAAGAGC' from file SRR3586803_1.fastq <<< 
10000000 sequences processed
This is cutadapt 1.18 with Python 2.7.11
Command line parameters: -j 1 -e 0.1 -q 20 -O 3 -a AGATCGGAAGAGC SRR3586803_1.fastq
Processing reads on 1 core in single-end mode ...
Finished in 377.29 s (28 us/read; 2.15 M reads/minute).

=== Summary ===

Total reads processed:              13,525,000
Reads with adapters:                   396,011 (2.9%)
Reads written (passing filters):    13,525,000 (100.0%)

Total basepairs processed:   676,250,000 bp
Quality-trimmed:               3,483,751 bp (0.5%)
Total written (filtered):    671,219,489 bp (99.3%)

=== Adapter 1 ===

Sequence: AGATCGGAAGAGC; Type: regular 3'; Length: 13; Trimmed: 396011 times.

No. of allowed errors:
0-9 bp: 0; 10-13 bp: 1

Bases preceding removed adapters:
  A: 26.8%
  C: 28.7%
  G: 26.7%
  T: 16.7%
  none/other: 1.1%

Overview of removed sequences
length	count	expect	max.err	error counts
3	313351	211328.1	0	313351
4	57254	52832.0	0	57254
5	13502	13208.0	0	13502
6	1202	3302.0	0	1202
7	764	825.5	0	764
8	584	206.4	0	584
9	762	51.6	0	546 216
10	709	12.9	1	421 288
11	563	3.2	1	411 152
12	446	0.8	1	400 46
13	343	0.2	1	313 30
14	262	0.2	1	242 20
15	267	0.2	1	242 25
16	216	0.2	1	200 16
17	197	0.2	1	181 16
18	167	0.2	1	154 13
19	147	0.2	1	134 13
20	138	0.2	1	123 15
21	98	0.2	1	90 8
22	93	0.2	1	83 10
23	70	0.2	1	64 6
24	62	0.2	1	52 10
25	67	0.2	1	52 15
26	40	0.2	1	32 8
27	45	0.2	1	36 9
28	40	0.2	1	34 6
29	17	0.2	1	9 8
30	26	0.2	1	16 10
31	21	0.2	1	11 10
32	17	0.2	1	12 5
33	13	0.2	1	1 12
34	11	0.2	1	7 4
35	7	0.2	1	1 6
36	8	0.2	1	3 5
37	8	0.2	1	0 8
38	8	0.2	1	3 5
39	8	0.2	1	3 5
40	12	0.2	1	6 6
41	10	0.2	1	8 2
42	11	0.2	1	6 5
43	19	0.2	1	11 8
44	17	0.2	1	9 8
45	13	0.2	1	10 3
46	5	0.2	1	0 5
47	4	0.2	1	2 2
48	15	0.2	1	13 2
49	248	0.2	1	235 13
50	4124	0.2	1	3940 184


RUN STATISTICS FOR INPUT FILE: SRR3586803_1.fastq
=============================================
13525000 sequences processed in total
Sequences removed because they became shorter than the length cutoff of 24 bp:	28406 (0.2%)

Started analysis of SRR3586803_1_trimmed.fq
Approx 5% complete for SRR3586803_1_trimmed.fq
Approx 10% complete for SRR3586803_1_trimmed.fq
Approx 15% complete for SRR3586803_1_trimmed.fq
Approx 20% complete for SRR3586803_1_trimmed.fq
Approx 25% complete for SRR3586803_1_trimmed.fq
Approx 30% complete for SRR3586803_1_trimmed.fq
Approx 35% complete for SRR3586803_1_trimmed.fq
Approx 40% complete for SRR3586803_1_trimmed.fq
Approx 45% complete for SRR3586803_1_trimmed.fq
Approx 50% complete for SRR3586803_1_trimmed.fq
Approx 55% complete for SRR3586803_1_trimmed.fq
Approx 60% complete for SRR3586803_1_trimmed.fq
Approx 65% complete for SRR3586803_1_trimmed.fq
Approx 70% complete for SRR3586803_1_trimmed.fq
Approx 75% complete for SRR3586803_1_trimmed.fq
Approx 80% complete for SRR3586803_1_trimmed.fq
Approx 85% complete for SRR3586803_1_trimmed.fq
Approx 90% complete for SRR3586803_1_trimmed.fq
Approx 95% complete for SRR3586803_1_trimmed.fq
Analysis complete for SRR3586803_1_trimmed.fq
13496594 reads; of these:
  13496594 (100.00%) were unpaired; of these:
    133290 (0.99%) aligned 0 times
    10262267 (76.04%) aligned exactly 1 time
    3101037 (22.98%) aligned >1 times
99.01% overall alignment rate
[bam_sort_core] merging from 3 files and 1 in-memory blocks...
[bam_rmdupse_core] 1164120 / 13363304 = 0.0871 in library '	'
