Started analysis of SRR2467213_1.fastq
Approx 5% complete for SRR2467213_1.fastq
Approx 10% complete for SRR2467213_1.fastq
Approx 15% complete for SRR2467213_1.fastq
Approx 20% complete for SRR2467213_1.fastq
Approx 25% complete for SRR2467213_1.fastq
Approx 30% complete for SRR2467213_1.fastq
Approx 35% complete for SRR2467213_1.fastq
Approx 40% complete for SRR2467213_1.fastq
Approx 45% complete for SRR2467213_1.fastq
Approx 50% complete for SRR2467213_1.fastq
Approx 55% complete for SRR2467213_1.fastq
Approx 60% complete for SRR2467213_1.fastq
Approx 65% complete for SRR2467213_1.fastq
Approx 70% complete for SRR2467213_1.fastq
Approx 75% complete for SRR2467213_1.fastq
Approx 80% complete for SRR2467213_1.fastq
Approx 85% complete for SRR2467213_1.fastq
Approx 90% complete for SRR2467213_1.fastq
Approx 95% complete for SRR2467213_1.fastq
Analysis complete for SRR2467213_1.fastq
Multicore support not enabled. Proceeding with single-core trimming.
Path to Cutadapt set as: 'cutadapt' (default)
Cutadapt seems to be working fine (tested command 'cutadapt --version')
No quality encoding type selected. Assuming that the data provided uses Sanger encoded Phred scores (default)



AUTO-DETECTING ADAPTER TYPE
===========================
Attempting to auto-detect adapter type from the first 1 million sequences of the first file (>> SRR2467213_1.fastq <<)

Found perfect matches for the following adapter sequences:
Adapter type	Count	Sequence	Sequences analysed	Percentage
Illumina	82	AGATCGGAAGAGC	1000000	0.01
Nextera	3	CTGTCTCTTATA	1000000	0.00
smallRNA	0	TGGAATTCTCGG	1000000	0.00
Using Illumina adapter for trimming (count: 82). Second best hit was Nextera (count: 3)

Writing report to 'SRR2467213_1.fastq_trimming_report.txt'

SUMMARISING RUN PARAMETERS
==========================
Input filename: SRR2467213_1.fastq
Trimming mode: single-end
Trim Galore version: 0.6.1
Cutadapt version: 1.18
Number of cores used for trimming: 1
Quality Phred score cutoff: 20
Quality encoding type selected: ASCII+33
Adapter sequence: 'AGATCGGAAGAGC' (Illumina TruSeq, Sanger iPCR; auto-detected)
Maximum trimming error rate: 0.1 (default)
Minimum required adapter overlap (stringency): 3 bp
Minimum required sequence length before a sequence gets removed: 24 bp

Writing final adapter and quality trimmed output to SRR2467213_1_trimmed.fq


  >>> Now performing quality (cutoff '-q 20') and adapter trimming in a single pass for the adapter sequence: 'AGATCGGAAGAGC' from file SRR2467213_1.fastq <<< 
10000000 sequences processed
This is cutadapt 1.18 with Python 2.7.11
Command line parameters: -j 1 -e 0.1 -q 20 -O 3 -a AGATCGGAAGAGC SRR2467213_1.fastq
Processing reads on 1 core in single-end mode ...
Finished in 615.14 s (31 us/read; 1.93 M reads/minute).

=== Summary ===

Total reads processed:              19,817,236
Reads with adapters:                   553,058 (2.8%)
Reads written (passing filters):    19,817,236 (100.0%)

Total basepairs processed: 1,010,679,036 bp
Quality-trimmed:               3,393,496 bp (0.3%)
Total written (filtered):  1,005,361,945 bp (99.5%)

=== Adapter 1 ===

Sequence: AGATCGGAAGAGC; Type: regular 3'; Length: 13; Trimmed: 553058 times.

No. of allowed errors:
0-9 bp: 0; 10-13 bp: 1

Bases preceding removed adapters:
  A: 26.1%
  C: 28.5%
  G: 28.4%
  T: 16.7%
  none/other: 0.3%

Overview of removed sequences
length	count	expect	max.err	error counts
3	446255	309644.3	0	446255
4	82011	77411.1	0	82011
5	16903	19352.8	0	16903
6	1014	4838.2	0	1014
7	498	1209.5	0	498
8	350	302.4	0	350
9	569	75.6	0	285 284
10	800	18.9	1	301 499
11	470	4.7	1	280 190
12	258	1.2	1	201 57
13	180	0.3	1	157 23
14	180	0.3	1	153 27
15	168	0.3	1	144 24
16	186	0.3	1	172 14
17	126	0.3	1	125 1
18	124	0.3	1	118 6
19	104	0.3	1	88 16
20	65	0.3	1	56 9
21	78	0.3	1	70 8
22	74	0.3	1	65 9
23	51	0.3	1	46 5
24	86	0.3	1	80 6
25	50	0.3	1	35 15
26	31	0.3	1	27 4
27	60	0.3	1	41 19
28	46	0.3	1	43 3
29	104	0.3	1	53 51
30	28	0.3	1	20 8
31	32	0.3	1	27 5
32	38	0.3	1	23 15
33	35	0.3	1	20 15
34	25	0.3	1	15 10
35	24	0.3	1	12 12
36	31	0.3	1	14 17
37	82	0.3	1	36 46
38	23	0.3	1	8 15
39	26	0.3	1	8 18
40	35	0.3	1	12 23
41	21	0.3	1	7 14
42	10	0.3	1	2 8
43	16	0.3	1	1 15
44	36	0.3	1	3 33
45	19	0.3	1	1 18
46	18	0.3	1	0 18
47	16	0.3	1	1 15
48	21	0.3	1	0 21
49	13	0.3	1	2 11
50	7	0.3	1	1 6
51	1661	0.3	1	7 1654


RUN STATISTICS FOR INPUT FILE: SRR2467213_1.fastq
=============================================
19817236 sequences processed in total
Sequences removed because they became shorter than the length cutoff of 24 bp:	14634 (0.1%)

Started analysis of SRR2467213_1_trimmed.fq
Approx 5% complete for SRR2467213_1_trimmed.fq
Approx 10% complete for SRR2467213_1_trimmed.fq
Approx 15% complete for SRR2467213_1_trimmed.fq
Approx 20% complete for SRR2467213_1_trimmed.fq
Approx 25% complete for SRR2467213_1_trimmed.fq
Approx 30% complete for SRR2467213_1_trimmed.fq
Approx 35% complete for SRR2467213_1_trimmed.fq
Approx 40% complete for SRR2467213_1_trimmed.fq
Approx 45% complete for SRR2467213_1_trimmed.fq
Approx 50% complete for SRR2467213_1_trimmed.fq
Approx 55% complete for SRR2467213_1_trimmed.fq
Approx 60% complete for SRR2467213_1_trimmed.fq
Approx 65% complete for SRR2467213_1_trimmed.fq
Approx 70% complete for SRR2467213_1_trimmed.fq
Approx 75% complete for SRR2467213_1_trimmed.fq
Approx 80% complete for SRR2467213_1_trimmed.fq
Approx 85% complete for SRR2467213_1_trimmed.fq
Approx 90% complete for SRR2467213_1_trimmed.fq
Approx 95% complete for SRR2467213_1_trimmed.fq
Analysis complete for SRR2467213_1_trimmed.fq
19802602 reads; of these:
  19802602 (100.00%) were unpaired; of these:
    319120 (1.61%) aligned 0 times
    12729534 (64.28%) aligned exactly 1 time
    6753948 (34.11%) aligned >1 times
98.39% overall alignment rate
[bam_sort_core] merging from 5 files and 1 in-memory blocks...
[bam_rmdupse_core] 11312337 / 19483482 = 0.5806 in library '	'
