Started analysis of SRR955611_1.fastq
Approx 5% complete for SRR955611_1.fastq
Approx 10% complete for SRR955611_1.fastq
Approx 15% complete for SRR955611_1.fastq
Approx 20% complete for SRR955611_1.fastq
Approx 25% complete for SRR955611_1.fastq
Approx 30% complete for SRR955611_1.fastq
Approx 35% complete for SRR955611_1.fastq
Approx 40% complete for SRR955611_1.fastq
Approx 45% complete for SRR955611_1.fastq
Approx 50% complete for SRR955611_1.fastq
Approx 55% complete for SRR955611_1.fastq
Approx 60% complete for SRR955611_1.fastq
Approx 65% complete for SRR955611_1.fastq
Approx 70% complete for SRR955611_1.fastq
Approx 75% complete for SRR955611_1.fastq
Approx 80% complete for SRR955611_1.fastq
Approx 85% complete for SRR955611_1.fastq
Approx 90% complete for SRR955611_1.fastq
Approx 95% complete for SRR955611_1.fastq
Analysis complete for SRR955611_1.fastq
Multicore support not enabled. Proceeding with single-core trimming.
Path to Cutadapt set as: 'cutadapt' (default)
Cutadapt seems to be working fine (tested command 'cutadapt --version')
No quality encoding type selected. Assuming that the data provided uses Sanger encoded Phred scores (default)



AUTO-DETECTING ADAPTER TYPE
===========================
Attempting to auto-detect adapter type from the first 1 million sequences of the first file (>> SRR955611_1.fastq <<)

Found perfect matches for the following adapter sequences:
Adapter type	Count	Sequence	Sequences analysed	Percentage
Illumina	11	AGATCGGAAGAGC	1000000	0.00
Nextera	7	CTGTCTCTTATA	1000000	0.00
smallRNA	0	TGGAATTCTCGG	1000000	0.00
Using Illumina adapter for trimming (count: 11). Second best hit was Nextera (count: 7)

Writing report to 'SRR955611_1.fastq_trimming_report.txt'

SUMMARISING RUN PARAMETERS
==========================
Input filename: SRR955611_1.fastq
Trimming mode: single-end
Trim Galore version: 0.6.1
Cutadapt version: 1.18
Number of cores used for trimming: 1
Quality Phred score cutoff: 20
Quality encoding type selected: ASCII+33
Adapter sequence: 'AGATCGGAAGAGC' (Illumina TruSeq, Sanger iPCR; auto-detected)
Maximum trimming error rate: 0.1 (default)
Minimum required adapter overlap (stringency): 3 bp
Minimum required sequence length before a sequence gets removed: 24 bp

Writing final adapter and quality trimmed output to SRR955611_1_trimmed.fq


  >>> Now performing quality (cutoff '-q 20') and adapter trimming in a single pass for the adapter sequence: 'AGATCGGAAGAGC' from file SRR955611_1.fastq <<< 
This is cutadapt 1.18 with Python 2.7.11
Command line parameters: -j 1 -e 0.1 -q 20 -O 3 -a AGATCGGAAGAGC SRR955611_1.fastq
Processing reads on 1 core in single-end mode ...
Finished in 277.41 s (47 us/read; 1.28 M reads/minute).

=== Summary ===

Total reads processed:               5,918,719
Reads with adapters:                   141,267 (2.4%)
Reads written (passing filters):     5,918,719 (100.0%)

Total basepairs processed:   224,911,322 bp
Quality-trimmed:               4,382,963 bp (1.9%)
Total written (filtered):    220,022,882 bp (97.8%)

=== Adapter 1 ===

Sequence: AGATCGGAAGAGC; Type: regular 3'; Length: 13; Trimmed: 141267 times.

No. of allowed errors:
0-9 bp: 0; 10-13 bp: 1

Bases preceding removed adapters:
  A: 28.9%
  C: 26.3%
  G: 26.0%
  T: 17.9%
  none/other: 1.0%

Overview of removed sequences
length	count	expect	max.err	error counts
3	106299	92480.0	0	106299
4	27709	23120.0	0	27709
5	5073	5780.0	0	5073
6	308	1445.0	0	308
7	47	361.2	0	47
8	15	90.3	0	15
9	81	22.6	0	12 69
10	153	5.6	1	14 139
11	55	1.4	1	6 49
12	16	0.4	1	5 11
13	7	0.1	1	4 3
14	10	0.1	1	4 6
15	10	0.1	1	4 6
16	8	0.1	1	2 6
17	7	0.1	1	0 7
18	18	0.1	1	1 17
19	14	0.1	1	3 11
20	13	0.1	1	0 13
21	20	0.1	1	2 18
22	13	0.1	1	1 12
23	23	0.1	1	1 22
24	12	0.1	1	0 12
25	47	0.1	1	0 47
26	117	0.1	1	1 116
27	109	0.1	1	6 103
28	202	0.1	1	0 202
29	53	0.1	1	2 51
30	111	0.1	1	0 111
31	210	0.1	1	0 210
32	182	0.1	1	0 182
33	23	0.1	1	4 19
34	15	0.1	1	0 15
35	26	0.1	1	0 26
36	29	0.1	1	0 29
37	31	0.1	1	0 31
38	201	0.1	1	0 201


RUN STATISTICS FOR INPUT FILE: SRR955611_1.fastq
=============================================
5918719 sequences processed in total
Sequences removed because they became shorter than the length cutoff of 24 bp:	59695 (1.0%)

Started analysis of SRR955611_1_trimmed.fq
Approx 5% complete for SRR955611_1_trimmed.fq
Approx 10% complete for SRR955611_1_trimmed.fq
Approx 15% complete for SRR955611_1_trimmed.fq
Approx 20% complete for SRR955611_1_trimmed.fq
Approx 25% complete for SRR955611_1_trimmed.fq
Approx 30% complete for SRR955611_1_trimmed.fq
Approx 35% complete for SRR955611_1_trimmed.fq
Approx 40% complete for SRR955611_1_trimmed.fq
Approx 45% complete for SRR955611_1_trimmed.fq
Approx 50% complete for SRR955611_1_trimmed.fq
Approx 55% complete for SRR955611_1_trimmed.fq
Approx 60% complete for SRR955611_1_trimmed.fq
Approx 65% complete for SRR955611_1_trimmed.fq
Approx 70% complete for SRR955611_1_trimmed.fq
Approx 75% complete for SRR955611_1_trimmed.fq
Approx 80% complete for SRR955611_1_trimmed.fq
Approx 85% complete for SRR955611_1_trimmed.fq
Approx 90% complete for SRR955611_1_trimmed.fq
Approx 95% complete for SRR955611_1_trimmed.fq
Analysis complete for SRR955611_1_trimmed.fq
5859024 reads; of these:
  5859024 (100.00%) were unpaired; of these:
    451703 (7.71%) aligned 0 times
    3754622 (64.08%) aligned exactly 1 time
    1652699 (28.21%) aligned >1 times
92.29% overall alignment rate
[bam_sort_core] merging from 1 files and 1 in-memory blocks...
[bam_rmdupse_core] 605605 / 5407321 = 0.1120 in library '	'
