Started analysis of SRR955621_1.fastq
Approx 5% complete for SRR955621_1.fastq
Approx 10% complete for SRR955621_1.fastq
Approx 15% complete for SRR955621_1.fastq
Approx 20% complete for SRR955621_1.fastq
Approx 25% complete for SRR955621_1.fastq
Approx 30% complete for SRR955621_1.fastq
Approx 35% complete for SRR955621_1.fastq
Approx 40% complete for SRR955621_1.fastq
Approx 45% complete for SRR955621_1.fastq
Approx 50% complete for SRR955621_1.fastq
Approx 55% complete for SRR955621_1.fastq
Approx 60% complete for SRR955621_1.fastq
Approx 65% complete for SRR955621_1.fastq
Approx 70% complete for SRR955621_1.fastq
Approx 75% complete for SRR955621_1.fastq
Approx 80% complete for SRR955621_1.fastq
Approx 85% complete for SRR955621_1.fastq
Approx 90% complete for SRR955621_1.fastq
Approx 95% complete for SRR955621_1.fastq
Analysis complete for SRR955621_1.fastq
Multicore support not enabled. Proceeding with single-core trimming.
Path to Cutadapt set as: 'cutadapt' (default)
Cutadapt seems to be working fine (tested command 'cutadapt --version')
No quality encoding type selected. Assuming that the data provided uses Sanger encoded Phred scores (default)



AUTO-DETECTING ADAPTER TYPE
===========================
Attempting to auto-detect adapter type from the first 1 million sequences of the first file (>> SRR955621_1.fastq <<)

Found perfect matches for the following adapter sequences:
Adapter type	Count	Sequence	Sequences analysed	Percentage
Nextera	2	CTGTCTCTTATA	1000000	0.00
Illumina	1	AGATCGGAAGAGC	1000000	0.00
smallRNA	0	TGGAATTCTCGG	1000000	0.00
Using Nextera adapter for trimming (count: 2). Second best hit was Illumina (count: 1)

Writing report to 'SRR955621_1.fastq_trimming_report.txt'

SUMMARISING RUN PARAMETERS
==========================
Input filename: SRR955621_1.fastq
Trimming mode: single-end
Trim Galore version: 0.6.1
Cutadapt version: 1.18
Number of cores used for trimming: 1
Quality Phred score cutoff: 20
Quality encoding type selected: ASCII+33
Adapter sequence: 'CTGTCTCTTATA' (Nextera Transposase sequence; auto-detected)
Maximum trimming error rate: 0.1 (default)
Minimum required adapter overlap (stringency): 3 bp
Minimum required sequence length before a sequence gets removed: 24 bp

Writing final adapter and quality trimmed output to SRR955621_1_trimmed.fq


  >>> Now performing quality (cutoff '-q 20') and adapter trimming in a single pass for the adapter sequence: 'CTGTCTCTTATA' from file SRR955621_1.fastq <<< 
10000000 sequences processed
20000000 sequences processed
This is cutadapt 1.18 with Python 2.7.11
Command line parameters: -j 1 -e 0.1 -q 20 -O 3 -a CTGTCTCTTATA SRR955621_1.fastq
Processing reads on 1 core in single-end mode ...
Finished in 855.93 s (38 us/read; 1.59 M reads/minute).

=== Summary ===

Total reads processed:              22,654,611
Reads with adapters:                   557,676 (2.5%)
Reads written (passing filters):    22,654,611 (100.0%)

Total basepairs processed:   906,184,440 bp
Quality-trimmed:             105,979,519 bp (11.7%)
Total written (filtered):    798,132,233 bp (88.1%)

=== Adapter 1 ===

Sequence: CTGTCTCTTATA; Type: regular 3'; Length: 12; Trimmed: 557676 times.

No. of allowed errors:
0-9 bp: 0; 10-12 bp: 1

Bases preceding removed adapters:
  A: 28.0%
  C: 21.7%
  G: 19.8%
  T: 30.4%
  none/other: 0.1%

Overview of removed sequences
length	count	expect	max.err	error counts
3	404614	353978.3	0	404614
4	105020	88494.6	0	105020
5	21698	22123.6	0	21698
6	10190	5530.9	0	10190
7	3203	1382.7	0	3203
8	1599	345.7	0	1599
9	1279	86.4	0	398 881
10	1799	21.6	1	47 1752
11	775	5.4	1	12 763
12	334	1.4	1	1 333
13	232	1.4	1	1 231
14	253	1.4	1	0 253
15	240	1.4	1	3 237
16	312	1.4	1	2 310
17	240	1.4	1	0 240
18	262	1.4	1	0 262
19	308	1.4	1	1 307
20	212	1.4	1	2 210
21	216	1.4	1	7 209
22	244	1.4	1	2 242
23	225	1.4	1	0 225
24	211	1.4	1	0 211
25	221	1.4	1	1 220
26	232	1.4	1	0 232
27	284	1.4	1	4 280
28	265	1.4	1	2 263
29	289	1.4	1	6 283
30	278	1.4	1	3 275
31	269	1.4	1	0 269
32	276	1.4	1	4 272
33	180	1.4	1	2 178
34	198	1.4	1	6 192
35	322	1.4	1	7 315
36	240	1.4	1	2 238
37	305	1.4	1	0 305
38	214	1.4	1	0 214
39	308	1.4	1	0 308
40	329	1.4	1	0 329


RUN STATISTICS FOR INPUT FILE: SRR955621_1.fastq
=============================================
22654611 sequences processed in total
Sequences removed because they became shorter than the length cutoff of 24 bp:	2609152 (11.5%)

Started analysis of SRR955621_1_trimmed.fq
Approx 5% complete for SRR955621_1_trimmed.fq
Approx 10% complete for SRR955621_1_trimmed.fq
Approx 15% complete for SRR955621_1_trimmed.fq
Approx 20% complete for SRR955621_1_trimmed.fq
Approx 25% complete for SRR955621_1_trimmed.fq
Approx 30% complete for SRR955621_1_trimmed.fq
Approx 35% complete for SRR955621_1_trimmed.fq
Approx 40% complete for SRR955621_1_trimmed.fq
Approx 45% complete for SRR955621_1_trimmed.fq
Approx 50% complete for SRR955621_1_trimmed.fq
Approx 55% complete for SRR955621_1_trimmed.fq
Approx 60% complete for SRR955621_1_trimmed.fq
Approx 65% complete for SRR955621_1_trimmed.fq
Approx 70% complete for SRR955621_1_trimmed.fq
Approx 75% complete for SRR955621_1_trimmed.fq
Approx 80% complete for SRR955621_1_trimmed.fq
Approx 85% complete for SRR955621_1_trimmed.fq
Approx 90% complete for SRR955621_1_trimmed.fq
Approx 95% complete for SRR955621_1_trimmed.fq
Analysis complete for SRR955621_1_trimmed.fq
20045459 reads; of these:
  20045459 (100.00%) were unpaired; of these:
    681147 (3.40%) aligned 0 times
    12686031 (63.29%) aligned exactly 1 time
    6678281 (33.32%) aligned >1 times
96.60% overall alignment rate
[bam_sort_core] merging from 5 files and 1 in-memory blocks...
[bam_rmdupse_core] 11157991 / 19364312 = 0.5762 in library '	'
