Started analysis of SRR955620_1.fastq
Approx 5% complete for SRR955620_1.fastq
Approx 10% complete for SRR955620_1.fastq
Approx 15% complete for SRR955620_1.fastq
Approx 20% complete for SRR955620_1.fastq
Approx 25% complete for SRR955620_1.fastq
Approx 30% complete for SRR955620_1.fastq
Approx 35% complete for SRR955620_1.fastq
Approx 40% complete for SRR955620_1.fastq
Approx 45% complete for SRR955620_1.fastq
Approx 50% complete for SRR955620_1.fastq
Approx 55% complete for SRR955620_1.fastq
Approx 60% complete for SRR955620_1.fastq
Approx 65% complete for SRR955620_1.fastq
Approx 70% complete for SRR955620_1.fastq
Approx 75% complete for SRR955620_1.fastq
Approx 80% complete for SRR955620_1.fastq
Approx 85% complete for SRR955620_1.fastq
Approx 90% complete for SRR955620_1.fastq
Approx 95% complete for SRR955620_1.fastq
Analysis complete for SRR955620_1.fastq
Multicore support not enabled. Proceeding with single-core trimming.
Path to Cutadapt set as: 'cutadapt' (default)
Cutadapt seems to be working fine (tested command 'cutadapt --version')
No quality encoding type selected. Assuming that the data provided uses Sanger encoded Phred scores (default)



AUTO-DETECTING ADAPTER TYPE
===========================
Attempting to auto-detect adapter type from the first 1 million sequences of the first file (>> SRR955620_1.fastq <<)

Found perfect matches for the following adapter sequences:
Adapter type	Count	Sequence	Sequences analysed	Percentage
Nextera	2	CTGTCTCTTATA	1000000	0.00
Illumina	1	AGATCGGAAGAGC	1000000	0.00
smallRNA	0	TGGAATTCTCGG	1000000	0.00
Using Nextera adapter for trimming (count: 2). Second best hit was Illumina (count: 1)

Writing report to 'SRR955620_1.fastq_trimming_report.txt'

SUMMARISING RUN PARAMETERS
==========================
Input filename: SRR955620_1.fastq
Trimming mode: single-end
Trim Galore version: 0.6.1
Cutadapt version: 1.18
Number of cores used for trimming: 1
Quality Phred score cutoff: 20
Quality encoding type selected: ASCII+33
Adapter sequence: 'CTGTCTCTTATA' (Nextera Transposase sequence; auto-detected)
Maximum trimming error rate: 0.1 (default)
Minimum required adapter overlap (stringency): 3 bp
Minimum required sequence length before a sequence gets removed: 24 bp

Writing final adapter and quality trimmed output to SRR955620_1_trimmed.fq


  >>> Now performing quality (cutoff '-q 20') and adapter trimming in a single pass for the adapter sequence: 'CTGTCTCTTATA' from file SRR955620_1.fastq <<< 
This is cutadapt 1.18 with Python 2.7.11
Command line parameters: -j 1 -e 0.1 -q 20 -O 3 -a CTGTCTCTTATA SRR955620_1.fastq
Processing reads on 1 core in single-end mode ...
Finished in 201.75 s (26 us/read; 2.32 M reads/minute).

=== Summary ===

Total reads processed:               7,809,314
Reads with adapters:                   182,380 (2.3%)
Reads written (passing filters):     7,809,314 (100.0%)

Total basepairs processed:   312,372,560 bp
Quality-trimmed:              39,652,027 bp (12.7%)
Total written (filtered):    272,039,046 bp (87.1%)

=== Adapter 1 ===

Sequence: CTGTCTCTTATA; Type: regular 3'; Length: 12; Trimmed: 182380 times.

No. of allowed errors:
0-9 bp: 0; 10-12 bp: 1

Bases preceding removed adapters:
  A: 29.0%
  C: 21.8%
  G: 18.5%
  T: 30.6%
  none/other: 0.2%

Overview of removed sequences
length	count	expect	max.err	error counts
3	132422	122020.5	0	132422
4	34281	30505.1	0	34281
5	7115	7626.3	0	7115
6	3210	1906.6	0	3210
7	998	476.6	0	998
8	506	119.2	0	506
9	413	29.8	0	115 298
10	523	7.4	1	24 499
11	266	1.9	1	3 263
12	98	0.5	1	0 98
13	85	0.5	1	0 85
14	91	0.5	1	2 89
15	84	0.5	1	0 84
16	98	0.5	1	1 97
17	86	0.5	1	0 86
18	87	0.5	1	1 86
19	104	0.5	1	0 104
20	79	0.5	1	0 79
21	82	0.5	1	0 82
22	84	0.5	1	0 84
23	98	0.5	1	1 97
24	84	0.5	1	0 84
25	82	0.5	1	1 81
26	90	0.5	1	1 89
27	97	0.5	1	1 96
28	97	0.5	1	0 97
29	92	0.5	1	2 90
30	110	0.5	1	1 109
31	91	0.5	1	0 91
32	86	0.5	1	2 84
33	67	0.5	1	0 67
34	78	0.5	1	2 76
35	124	0.5	1	2 122
36	86	0.5	1	0 86
37	84	0.5	1	0 84
38	67	0.5	1	0 67
39	71	0.5	1	0 71
40	164	0.5	1	2 162


RUN STATISTICS FOR INPUT FILE: SRR955620_1.fastq
=============================================
7809314 sequences processed in total
Sequences removed because they became shorter than the length cutoff of 24 bp:	960412 (12.3%)

Started analysis of SRR955620_1_trimmed.fq
Approx 5% complete for SRR955620_1_trimmed.fq
Approx 10% complete for SRR955620_1_trimmed.fq
Approx 15% complete for SRR955620_1_trimmed.fq
Approx 20% complete for SRR955620_1_trimmed.fq
Approx 25% complete for SRR955620_1_trimmed.fq
Approx 30% complete for SRR955620_1_trimmed.fq
Approx 35% complete for SRR955620_1_trimmed.fq
Approx 40% complete for SRR955620_1_trimmed.fq
Approx 45% complete for SRR955620_1_trimmed.fq
Approx 50% complete for SRR955620_1_trimmed.fq
Approx 55% complete for SRR955620_1_trimmed.fq
Approx 60% complete for SRR955620_1_trimmed.fq
Approx 65% complete for SRR955620_1_trimmed.fq
Approx 70% complete for SRR955620_1_trimmed.fq
Approx 75% complete for SRR955620_1_trimmed.fq
Approx 80% complete for SRR955620_1_trimmed.fq
Approx 85% complete for SRR955620_1_trimmed.fq
Approx 90% complete for SRR955620_1_trimmed.fq
Approx 95% complete for SRR955620_1_trimmed.fq
Analysis complete for SRR955620_1_trimmed.fq
6848902 reads; of these:
  6848902 (100.00%) were unpaired; of these:
    347251 (5.07%) aligned 0 times
    4200167 (61.33%) aligned exactly 1 time
    2301484 (33.60%) aligned >1 times
94.93% overall alignment rate
[bam_sort_core] merging from 1 files and 1 in-memory blocks...
[bam_rmdupse_core] 2421597 / 6501651 = 0.3725 in library '	'
