Started analysis of SRR2075568_1.fastq
Approx 5% complete for SRR2075568_1.fastq
Approx 10% complete for SRR2075568_1.fastq
Approx 15% complete for SRR2075568_1.fastq
Approx 20% complete for SRR2075568_1.fastq
Approx 25% complete for SRR2075568_1.fastq
Approx 30% complete for SRR2075568_1.fastq
Approx 35% complete for SRR2075568_1.fastq
Approx 40% complete for SRR2075568_1.fastq
Approx 45% complete for SRR2075568_1.fastq
Approx 50% complete for SRR2075568_1.fastq
Approx 55% complete for SRR2075568_1.fastq
Approx 60% complete for SRR2075568_1.fastq
Approx 65% complete for SRR2075568_1.fastq
Approx 70% complete for SRR2075568_1.fastq
Approx 75% complete for SRR2075568_1.fastq
Approx 80% complete for SRR2075568_1.fastq
Approx 85% complete for SRR2075568_1.fastq
Approx 90% complete for SRR2075568_1.fastq
Approx 95% complete for SRR2075568_1.fastq
Analysis complete for SRR2075568_1.fastq
Multicore support not enabled. Proceeding with single-core trimming.
Path to Cutadapt set as: 'cutadapt' (default)
Cutadapt seems to be working fine (tested command 'cutadapt --version')
No quality encoding type selected. Assuming that the data provided uses Sanger encoded Phred scores (default)



AUTO-DETECTING ADAPTER TYPE
===========================
Attempting to auto-detect adapter type from the first 1 million sequences of the first file (>> SRR2075568_1.fastq <<)

Found perfect matches for the following adapter sequences:
Adapter type	Count	Sequence	Sequences analysed	Percentage
Illumina	292	AGATCGGAAGAGC	1000000	0.03
Nextera	3	CTGTCTCTTATA	1000000	0.00
smallRNA	0	TGGAATTCTCGG	1000000	0.00
Using Illumina adapter for trimming (count: 292). Second best hit was Nextera (count: 3)

Writing report to 'SRR2075568_1.fastq_trimming_report.txt'

SUMMARISING RUN PARAMETERS
==========================
Input filename: SRR2075568_1.fastq
Trimming mode: single-end
Trim Galore version: 0.6.1
Cutadapt version: 1.18
Number of cores used for trimming: 1
Quality Phred score cutoff: 20
Quality encoding type selected: ASCII+33
Adapter sequence: 'AGATCGGAAGAGC' (Illumina TruSeq, Sanger iPCR; auto-detected)
Maximum trimming error rate: 0.1 (default)
Minimum required adapter overlap (stringency): 3 bp
Minimum required sequence length before a sequence gets removed: 24 bp

Writing final adapter and quality trimmed output to SRR2075568_1_trimmed.fq


  >>> Now performing quality (cutoff '-q 20') and adapter trimming in a single pass for the adapter sequence: 'AGATCGGAAGAGC' from file SRR2075568_1.fastq <<< 
10000000 sequences processed
20000000 sequences processed
30000000 sequences processed
40000000 sequences processed
50000000 sequences processed
60000000 sequences processed
70000000 sequences processed
This is cutadapt 1.18 with Python 2.7.11
Command line parameters: -j 1 -e 0.1 -q 20 -O 3 -a AGATCGGAAGAGC SRR2075568_1.fastq
Processing reads on 1 core in single-end mode ...
Finished in 4671.12 s (66 us/read; 0.91 M reads/minute).

=== Summary ===

Total reads processed:              71,222,729
Reads with adapters:                 2,494,257 (3.5%)
Reads written (passing filters):    71,222,729 (100.0%)

Total basepairs processed: 5,412,927,404 bp
Quality-trimmed:              95,594,165 bp (1.8%)
Total written (filtered):  5,303,556,173 bp (98.0%)

=== Adapter 1 ===

Sequence: AGATCGGAAGAGC; Type: regular 3'; Length: 13; Trimmed: 2494257 times.

No. of allowed errors:
0-9 bp: 0; 10-13 bp: 1

Bases preceding removed adapters:
  A: 24.1%
  C: 30.5%
  G: 25.1%
  T: 19.7%
  none/other: 0.7%

Overview of removed sequences
length	count	expect	max.err	error counts
3	1369693	1112855.1	0	1369693
4	371878	278213.8	0	371878
5	160807	69553.4	0	160807
6	102967	17388.4	0	102967
7	83305	4347.1	0	83305
8	67370	1086.8	0	67370
9	61747	271.7	0	60032 1715
10	47222	67.9	1	44954 2268
11	39148	17.0	1	37734 1414
12	32432	4.2	1	31613 819
13	26093	1.1	1	25495 598
14	20808	1.1	1	20269 539
15	16978	1.1	1	16549 429
16	13656	1.1	1	13258 398
17	11753	1.1	1	11418 335
18	8666	1.1	1	8432 234
19	6390	1.1	1	6188 202
20	5182	1.1	1	4999 183
21	4267	1.1	1	4082 185
22	3537	1.1	1	3383 154
23	2806	1.1	1	2680 126
24	2405	1.1	1	2268 137
25	2024	1.1	1	1919 105
26	1726	1.1	1	1598 128
27	1465	1.1	1	1369 96
28	1357	1.1	1	1228 129
29	1095	1.1	1	990 105
30	900	1.1	1	789 111
31	728	1.1	1	639 89
32	645	1.1	1	565 80
33	552	1.1	1	446 106
34	509	1.1	1	435 74
35	461	1.1	1	368 93
36	409	1.1	1	314 95
37	495	1.1	1	414 81
38	335	1.1	1	249 86
39	251	1.1	1	171 80
40	224	1.1	1	141 83
41	189	1.1	1	125 64
42	202	1.1	1	122 80
43	169	1.1	1	98 71
44	220	1.1	1	126 94
45	299	1.1	1	182 117
46	216	1.1	1	132 84
47	153	1.1	1	58 95
48	176	1.1	1	66 110
49	242	1.1	1	120 122
50	231	1.1	1	71 160
51	227	1.1	1	66 161
52	333	1.1	1	78 255
53	331	1.1	1	140 191
54	520	1.1	1	301 219
55	207	1.1	1	46 161
56	510	1.1	1	49 461
57	320	1.1	1	47 273
58	335	1.1	1	32 303
59	180	1.1	1	22 158
60	196	1.1	1	24 172
61	266	1.1	1	29 237
62	696	1.1	1	31 665
63	570	1.1	1	26 544
64	350	1.1	1	43 307
65	382	1.1	1	14 368
66	720	1.1	1	19 701
67	1762	1.1	1	21 1741
68	2461	1.1	1	18 2443
69	1912	1.1	1	17 1895
70	1449	1.1	1	23 1426
71	1607	1.1	1	19 1588
72	2448	1.1	1	14 2434
73	1403	1.1	1	8 1395
74	258	1.1	1	9 249
75	129	1.1	1	3 126
76	302	1.1	1	1 301


RUN STATISTICS FOR INPUT FILE: SRR2075568_1.fastq
=============================================
71222729 sequences processed in total
Sequences removed because they became shorter than the length cutoff of 24 bp:	100755 (0.1%)

Started analysis of SRR2075568_1_trimmed.fq
Approx 5% complete for SRR2075568_1_trimmed.fq
Approx 10% complete for SRR2075568_1_trimmed.fq
Approx 15% complete for SRR2075568_1_trimmed.fq
Approx 20% complete for SRR2075568_1_trimmed.fq
Approx 25% complete for SRR2075568_1_trimmed.fq
Approx 30% complete for SRR2075568_1_trimmed.fq
Approx 35% complete for SRR2075568_1_trimmed.fq
Approx 40% complete for SRR2075568_1_trimmed.fq
Approx 45% complete for SRR2075568_1_trimmed.fq
Approx 50% complete for SRR2075568_1_trimmed.fq
Approx 55% complete for SRR2075568_1_trimmed.fq
Approx 60% complete for SRR2075568_1_trimmed.fq
Approx 65% complete for SRR2075568_1_trimmed.fq
Approx 70% complete for SRR2075568_1_trimmed.fq
Approx 75% complete for SRR2075568_1_trimmed.fq
Approx 80% complete for SRR2075568_1_trimmed.fq
Approx 85% complete for SRR2075568_1_trimmed.fq
Approx 90% complete for SRR2075568_1_trimmed.fq
Approx 95% complete for SRR2075568_1_trimmed.fq
Analysis complete for SRR2075568_1_trimmed.fq
71121974 reads; of these:
  71121974 (100.00%) were unpaired; of these:
    44236465 (62.20%) aligned 0 times
    18414045 (25.89%) aligned exactly 1 time
    8471464 (11.91%) aligned >1 times
37.80% overall alignment rate
[bam_sort_core] merging from 20 files and 1 in-memory blocks...
[bam_rmdupse_core] 5078280 / 26885509 = 0.1889 in library '	'
