Started analysis of SRR4437354_1.fastq
Approx 5% complete for SRR4437354_1.fastq
Approx 10% complete for SRR4437354_1.fastq
Approx 15% complete for SRR4437354_1.fastq
Approx 20% complete for SRR4437354_1.fastq
Approx 25% complete for SRR4437354_1.fastq
Approx 30% complete for SRR4437354_1.fastq
Approx 35% complete for SRR4437354_1.fastq
Approx 40% complete for SRR4437354_1.fastq
Approx 45% complete for SRR4437354_1.fastq
Approx 50% complete for SRR4437354_1.fastq
Approx 55% complete for SRR4437354_1.fastq
Approx 60% complete for SRR4437354_1.fastq
Approx 65% complete for SRR4437354_1.fastq
Approx 70% complete for SRR4437354_1.fastq
Approx 75% complete for SRR4437354_1.fastq
Approx 80% complete for SRR4437354_1.fastq
Approx 85% complete for SRR4437354_1.fastq
Approx 90% complete for SRR4437354_1.fastq
Approx 95% complete for SRR4437354_1.fastq
Analysis complete for SRR4437354_1.fastq
Multicore support not enabled. Proceeding with single-core trimming.
Path to Cutadapt set as: 'cutadapt' (default)
Cutadapt seems to be working fine (tested command 'cutadapt --version')
No quality encoding type selected. Assuming that the data provided uses Sanger encoded Phred scores (default)



AUTO-DETECTING ADAPTER TYPE
===========================
Attempting to auto-detect adapter type from the first 1 million sequences of the first file (>> SRR4437354_1.fastq <<)

Found perfect matches for the following adapter sequences:
Adapter type	Count	Sequence	Sequences analysed	Percentage
Illumina	4103	AGATCGGAAGAGC	1000000	0.41
smallRNA	0	TGGAATTCTCGG	1000000	0.00
Nextera	0	CTGTCTCTTATA	1000000	0.00
Using Illumina adapter for trimming (count: 4103). Second best hit was smallRNA (count: 0)

Writing report to 'SRR4437354_1.fastq_trimming_report.txt'

SUMMARISING RUN PARAMETERS
==========================
Input filename: SRR4437354_1.fastq
Trimming mode: single-end
Trim Galore version: 0.6.1
Cutadapt version: 1.18
Number of cores used for trimming: 1
Quality Phred score cutoff: 20
Quality encoding type selected: ASCII+33
Adapter sequence: 'AGATCGGAAGAGC' (Illumina TruSeq, Sanger iPCR; auto-detected)
Maximum trimming error rate: 0.1 (default)
Minimum required adapter overlap (stringency): 3 bp
Minimum required sequence length before a sequence gets removed: 24 bp

Writing final adapter and quality trimmed output to SRR4437354_1_trimmed.fq


  >>> Now performing quality (cutoff '-q 20') and adapter trimming in a single pass for the adapter sequence: 'AGATCGGAAGAGC' from file SRR4437354_1.fastq <<< 
10000000 sequences processed
This is cutadapt 1.18 with Python 2.7.11
Command line parameters: -j 1 -e 0.1 -q 20 -O 3 -a AGATCGGAAGAGC SRR4437354_1.fastq
Processing reads on 1 core in single-end mode ...
Finished in 763.03 s (73 us/read; 0.82 M reads/minute).

=== Summary ===

Total reads processed:              10,478,129
Reads with adapters:                 1,996,709 (19.1%)
Reads written (passing filters):    10,478,129 (100.0%)

Total basepairs processed:   523,906,450 bp
Quality-trimmed:               2,779,591 bp (0.5%)
Total written (filtered):    449,191,502 bp (85.7%)

=== Adapter 1 ===

Sequence: AGATCGGAAGAGC; Type: regular 3'; Length: 13; Trimmed: 1996709 times.

No. of allowed errors:
0-9 bp: 0; 10-13 bp: 1

Bases preceding removed adapters:
  A: 9.1%
  C: 7.4%
  G: 8.0%
  T: 6.8%
  none/other: 68.7%

Overview of removed sequences
length	count	expect	max.err	error counts
3	306493	163720.8	0	306493
4	84251	40930.2	0	84251
5	45340	10232.5	0	45340
6	31888	2558.1	0	31888
7	26708	639.5	0	26708
8	22340	159.9	0	22340
9	19335	40.0	0	18936 399
10	17783	10.0	1	17288 495
11	15250	2.5	1	14828 422
12	12875	0.6	1	12661 214
13	10610	0.2	1	10457 153
14	8252	0.2	1	8133 119
15	5991	0.2	1	5881 110
16	4018	0.2	1	3947 71
17	2672	0.2	1	2626 46
18	1934	0.2	1	1888 46
19	1549	0.2	1	1506 43
20	1248	0.2	1	1211 37
21	946	0.2	1	917 29
22	799	0.2	1	770 29
23	691	0.2	1	633 58
24	608	0.2	1	542 66
25	518	0.2	1	437 81
26	539	0.2	1	348 191
27	383	0.2	1	253 130
28	317	0.2	1	180 137
29	306	0.2	1	169 137
30	323	0.2	1	139 184
31	668	0.2	1	132 536
32	179	0.2	1	109 70
33	213	0.2	1	87 126
34	157	0.2	1	72 85
35	197	0.2	1	73 124
36	129	0.2	1	53 76
37	360	0.2	1	30 330
38	375	0.2	1	173 202
39	139	0.2	1	16 123
40	213	0.2	1	26 187
41	445	0.2	1	63 382
42	498	0.2	1	24 474
43	833	0.2	1	35 798
44	817	0.2	1	17 800
45	1101	0.2	1	19 1082
46	1478	0.2	1	16 1462
47	3914	0.2	1	9 3905
48	1856	0.2	1	13 1843
49	5697	0.2	1	10 5687
50	1353473	0.2	1	122 1353351


RUN STATISTICS FOR INPUT FILE: SRR4437354_1.fastq
=============================================
10478129 sequences processed in total
Sequences removed because they became shorter than the length cutoff of 24 bp:	1400292 (13.4%)

Started analysis of SRR4437354_1_trimmed.fq
Approx 5% complete for SRR4437354_1_trimmed.fq
Approx 10% complete for SRR4437354_1_trimmed.fq
Approx 15% complete for SRR4437354_1_trimmed.fq
Approx 20% complete for SRR4437354_1_trimmed.fq
Approx 25% complete for SRR4437354_1_trimmed.fq
Approx 30% complete for SRR4437354_1_trimmed.fq
Approx 35% complete for SRR4437354_1_trimmed.fq
Approx 40% complete for SRR4437354_1_trimmed.fq
Approx 45% complete for SRR4437354_1_trimmed.fq
Approx 50% complete for SRR4437354_1_trimmed.fq
Approx 55% complete for SRR4437354_1_trimmed.fq
Approx 60% complete for SRR4437354_1_trimmed.fq
Approx 65% complete for SRR4437354_1_trimmed.fq
Approx 70% complete for SRR4437354_1_trimmed.fq
Approx 75% complete for SRR4437354_1_trimmed.fq
Approx 80% complete for SRR4437354_1_trimmed.fq
Approx 85% complete for SRR4437354_1_trimmed.fq
Approx 90% complete for SRR4437354_1_trimmed.fq
Approx 95% complete for SRR4437354_1_trimmed.fq
Analysis complete for SRR4437354_1_trimmed.fq
9077837 reads; of these:
  9077837 (100.00%) were unpaired; of these:
    217176 (2.39%) aligned 0 times
    6124991 (67.47%) aligned exactly 1 time
    2735670 (30.14%) aligned >1 times
97.61% overall alignment rate
[bam_sort_core] merging from 2 files and 1 in-memory blocks...
[bam_rmdupse_core] 2438394 / 8860661 = 0.2752 in library '	'
