Started analysis of SRR4437342_1.fastq
Approx 5% complete for SRR4437342_1.fastq
Approx 10% complete for SRR4437342_1.fastq
Approx 15% complete for SRR4437342_1.fastq
Approx 20% complete for SRR4437342_1.fastq
Approx 25% complete for SRR4437342_1.fastq
Approx 30% complete for SRR4437342_1.fastq
Approx 35% complete for SRR4437342_1.fastq
Approx 40% complete for SRR4437342_1.fastq
Approx 45% complete for SRR4437342_1.fastq
Approx 50% complete for SRR4437342_1.fastq
Approx 55% complete for SRR4437342_1.fastq
Approx 60% complete for SRR4437342_1.fastq
Approx 65% complete for SRR4437342_1.fastq
Approx 70% complete for SRR4437342_1.fastq
Approx 75% complete for SRR4437342_1.fastq
Approx 80% complete for SRR4437342_1.fastq
Approx 85% complete for SRR4437342_1.fastq
Approx 90% complete for SRR4437342_1.fastq
Approx 95% complete for SRR4437342_1.fastq
Analysis complete for SRR4437342_1.fastq
Multicore support not enabled. Proceeding with single-core trimming.
Path to Cutadapt set as: 'cutadapt' (default)
Cutadapt seems to be working fine (tested command 'cutadapt --version')
No quality encoding type selected. Assuming that the data provided uses Sanger encoded Phred scores (default)



AUTO-DETECTING ADAPTER TYPE
===========================
Attempting to auto-detect adapter type from the first 1 million sequences of the first file (>> SRR4437342_1.fastq <<)

Found perfect matches for the following adapter sequences:
Adapter type	Count	Sequence	Sequences analysed	Percentage
Illumina	299	AGATCGGAAGAGC	1000000	0.03
Nextera	2	CTGTCTCTTATA	1000000	0.00
smallRNA	1	TGGAATTCTCGG	1000000	0.00
Using Illumina adapter for trimming (count: 299). Second best hit was Nextera (count: 2)

Writing report to 'SRR4437342_1.fastq_trimming_report.txt'

SUMMARISING RUN PARAMETERS
==========================
Input filename: SRR4437342_1.fastq
Trimming mode: single-end
Trim Galore version: 0.6.1
Cutadapt version: 1.18
Number of cores used for trimming: 1
Quality Phred score cutoff: 20
Quality encoding type selected: ASCII+33
Adapter sequence: 'AGATCGGAAGAGC' (Illumina TruSeq, Sanger iPCR; auto-detected)
Maximum trimming error rate: 0.1 (default)
Minimum required adapter overlap (stringency): 3 bp
Minimum required sequence length before a sequence gets removed: 24 bp

Writing final adapter and quality trimmed output to SRR4437342_1_trimmed.fq


  >>> Now performing quality (cutoff '-q 20') and adapter trimming in a single pass for the adapter sequence: 'AGATCGGAAGAGC' from file SRR4437342_1.fastq <<< 
10000000 sequences processed
This is cutadapt 1.18 with Python 2.7.11
Command line parameters: -j 1 -e 0.1 -q 20 -O 3 -a AGATCGGAAGAGC SRR4437342_1.fastq
Processing reads on 1 core in single-end mode ...
Finished in 919.88 s (63 us/read; 0.95 M reads/minute).

=== Summary ===

Total reads processed:              14,558,192
Reads with adapters:                   460,928 (3.2%)
Reads written (passing filters):    14,558,192 (100.0%)

Total basepairs processed:   727,909,600 bp
Quality-trimmed:               1,429,751 bp (0.2%)
Total written (filtered):    724,541,673 bp (99.5%)

=== Adapter 1 ===

Sequence: AGATCGGAAGAGC; Type: regular 3'; Length: 13; Trimmed: 460928 times.

No. of allowed errors:
0-9 bp: 0; 10-13 bp: 1

Bases preceding removed adapters:
  A: 24.9%
  C: 29.0%
  G: 29.1%
  T: 15.7%
  none/other: 1.3%

Overview of removed sequences
length	count	expect	max.err	error counts
3	349456	227471.8	0	349456
4	65540	56867.9	0	65540
5	17386	14217.0	0	17386
6	4184	3554.2	0	4184
7	2865	888.6	0	2865
8	2219	222.1	0	2219
9	2255	55.5	0	1988 267
10	2214	13.9	1	1851 363
11	1821	3.5	1	1631 190
12	1588	0.9	1	1518 70
13	1320	0.2	1	1274 46
14	1098	0.2	1	1072 26
15	790	0.2	1	763 27
16	521	0.2	1	500 21
17	284	0.2	1	265 19
18	196	0.2	1	176 20
19	144	0.2	1	130 14
20	143	0.2	1	129 14
21	94	0.2	1	78 16
22	83	0.2	1	74 9
23	82	0.2	1	68 14
24	79	0.2	1	61 18
25	37	0.2	1	28 9
26	28	0.2	1	22 6
27	15	0.2	1	12 3
28	23	0.2	1	12 11
29	22	0.2	1	8 14
30	20	0.2	1	3 17
31	15	0.2	1	5 10
32	11	0.2	1	3 8
33	21	0.2	1	3 18
34	10	0.2	1	2 8
35	24	0.2	1	2 22
36	10	0.2	1	0 10
37	21	0.2	1	2 19
38	9	0.2	1	0 9
39	14	0.2	1	1 13
40	13	0.2	1	1 12
41	12	0.2	1	0 12
42	13	0.2	1	0 13
43	11	0.2	1	0 11
44	22	0.2	1	0 22
45	23	0.2	1	1 22
46	16	0.2	1	1 15
47	25	0.2	1	0 25
48	29	0.2	1	0 29
49	59	0.2	1	0 59
50	6063	0.2	1	0 6063


RUN STATISTICS FOR INPUT FILE: SRR4437342_1.fastq
=============================================
14558192 sequences processed in total
Sequences removed because they became shorter than the length cutoff of 24 bp:	12763 (0.1%)

Started analysis of SRR4437342_1_trimmed.fq
Approx 5% complete for SRR4437342_1_trimmed.fq
Approx 10% complete for SRR4437342_1_trimmed.fq
Approx 15% complete for SRR4437342_1_trimmed.fq
Approx 20% complete for SRR4437342_1_trimmed.fq
Approx 25% complete for SRR4437342_1_trimmed.fq
Approx 30% complete for SRR4437342_1_trimmed.fq
Approx 35% complete for SRR4437342_1_trimmed.fq
Approx 40% complete for SRR4437342_1_trimmed.fq
Approx 45% complete for SRR4437342_1_trimmed.fq
Approx 50% complete for SRR4437342_1_trimmed.fq
Approx 55% complete for SRR4437342_1_trimmed.fq
Approx 60% complete for SRR4437342_1_trimmed.fq
Approx 65% complete for SRR4437342_1_trimmed.fq
Approx 70% complete for SRR4437342_1_trimmed.fq
Approx 75% complete for SRR4437342_1_trimmed.fq
Approx 80% complete for SRR4437342_1_trimmed.fq
Approx 85% complete for SRR4437342_1_trimmed.fq
Approx 90% complete for SRR4437342_1_trimmed.fq
Approx 95% complete for SRR4437342_1_trimmed.fq
Analysis complete for SRR4437342_1_trimmed.fq
14545429 reads; of these:
  14545429 (100.00%) were unpaired; of these:
    145907 (1.00%) aligned 0 times
    10398770 (71.49%) aligned exactly 1 time
    4000752 (27.51%) aligned >1 times
99.00% overall alignment rate
[bam_sort_core] merging from 4 files and 1 in-memory blocks...
[bam_rmdupse_core] 1106908 / 14399522 = 0.0769 in library '	'
