Started analysis of SRR6228888_1.fastq
Approx 5% complete for SRR6228888_1.fastq
Approx 10% complete for SRR6228888_1.fastq
Approx 15% complete for SRR6228888_1.fastq
Approx 20% complete for SRR6228888_1.fastq
Approx 25% complete for SRR6228888_1.fastq
Approx 30% complete for SRR6228888_1.fastq
Approx 35% complete for SRR6228888_1.fastq
Approx 40% complete for SRR6228888_1.fastq
Approx 45% complete for SRR6228888_1.fastq
Approx 50% complete for SRR6228888_1.fastq
Approx 55% complete for SRR6228888_1.fastq
Approx 60% complete for SRR6228888_1.fastq
Approx 65% complete for SRR6228888_1.fastq
Approx 70% complete for SRR6228888_1.fastq
Approx 75% complete for SRR6228888_1.fastq
Approx 80% complete for SRR6228888_1.fastq
Approx 85% complete for SRR6228888_1.fastq
Approx 90% complete for SRR6228888_1.fastq
Approx 95% complete for SRR6228888_1.fastq
Analysis complete for SRR6228888_1.fastq
Started analysis of SRR6228888_2.fastq
Approx 5% complete for SRR6228888_2.fastq
Approx 10% complete for SRR6228888_2.fastq
Approx 15% complete for SRR6228888_2.fastq
Approx 20% complete for SRR6228888_2.fastq
Approx 25% complete for SRR6228888_2.fastq
Approx 30% complete for SRR6228888_2.fastq
Approx 35% complete for SRR6228888_2.fastq
Approx 40% complete for SRR6228888_2.fastq
Approx 45% complete for SRR6228888_2.fastq
Approx 50% complete for SRR6228888_2.fastq
Approx 55% complete for SRR6228888_2.fastq
Approx 60% complete for SRR6228888_2.fastq
Approx 65% complete for SRR6228888_2.fastq
Approx 70% complete for SRR6228888_2.fastq
Approx 75% complete for SRR6228888_2.fastq
Approx 80% complete for SRR6228888_2.fastq
Approx 85% complete for SRR6228888_2.fastq
Approx 90% complete for SRR6228888_2.fastq
Approx 95% complete for SRR6228888_2.fastq
Analysis complete for SRR6228888_2.fastq
Multicore support not enabled. Proceeding with single-core trimming.
Path to Cutadapt set as: 'cutadapt' (default)
Cutadapt seems to be working fine (tested command 'cutadapt --version')
No quality encoding type selected. Assuming that the data provided uses Sanger encoded Phred scores (default)



AUTO-DETECTING ADAPTER TYPE
===========================
Attempting to auto-detect adapter type from the first 1 million sequences of the first file (>> SRR6228888_1.fastq <<)

Found perfect matches for the following adapter sequences:
Adapter type	Count	Sequence	Sequences analysed	Percentage
Illumina	2937	AGATCGGAAGAGC	1000000	0.29
Nextera	5	CTGTCTCTTATA	1000000	0.00
smallRNA	1	TGGAATTCTCGG	1000000	0.00
Using Illumina adapter for trimming (count: 2937). Second best hit was Nextera (count: 5)

Writing report to 'SRR6228888_1.fastq_trimming_report.txt'

SUMMARISING RUN PARAMETERS
==========================
Input filename: SRR6228888_1.fastq
Trimming mode: paired-end
Trim Galore version: 0.6.1
Cutadapt version: 1.18
Number of cores used for trimming: 1
Quality Phred score cutoff: 20
Quality encoding type selected: ASCII+33
Adapter sequence: 'AGATCGGAAGAGC' (Illumina TruSeq, Sanger iPCR; auto-detected)
Maximum trimming error rate: 0.1 (default)
Minimum required adapter overlap (stringency): 3 bp
Minimum required sequence length for both reads before a sequence pair gets removed: 24 bp

Writing final adapter and quality trimmed output to SRR6228888_1_trimmed.fq


  >>> Now performing quality (cutoff '-q 20') and adapter trimming in a single pass for the adapter sequence: 'AGATCGGAAGAGC' from file SRR6228888_1.fastq <<< 
This is cutadapt 1.18 with Python 2.7.11
Command line parameters: -j 1 -e 0.1 -q 20 -O 3 -a AGATCGGAAGAGC SRR6228888_1.fastq
Processing reads on 1 core in single-end mode ...
Finished in 543.52 s (58 us/read; 1.03 M reads/minute).

=== Summary ===

Total reads processed:               9,338,880
Reads with adapters:                   373,557 (4.0%)
Reads written (passing filters):     9,338,880 (100.0%)

Total basepairs processed:   943,226,880 bp
Quality-trimmed:               7,620,278 bp (0.8%)
Total written (filtered):    933,571,638 bp (99.0%)

=== Adapter 1 ===

Sequence: AGATCGGAAGAGC; Type: regular 3'; Length: 13; Trimmed: 373557 times.

No. of allowed errors:
0-9 bp: 0; 10-13 bp: 1

Bases preceding removed adapters:
  A: 27.7%
  C: 21.9%
  G: 27.2%
  T: 23.2%
  none/other: 0.0%

Overview of removed sequences
length	count	expect	max.err	error counts
3	228000	145920.0	0	228000
4	52701	36480.0	0	52701
5	18292	9120.0	0	18292
6	9823	2280.0	0	9823
7	8439	570.0	0	8439
8	7181	142.5	0	7181
9	6768	35.6	0	6625 143
10	5564	8.9	1	5348 216
11	4680	2.2	1	4538 142
12	4233	0.6	1	4202 31
13	3368	0.1	1	3339 29
14	3133	0.1	1	3111 22
15	2507	0.1	1	2491 16
16	2292	0.1	1	2280 12
17	1910	0.1	1	1894 16
18	1737	0.1	1	1722 15
19	1242	0.1	1	1227 15
20	1218	0.1	1	1199 19
21	1011	0.1	1	995 16
22	913	0.1	1	897 16
23	754	0.1	1	748 6
24	672	0.1	1	657 15
25	600	0.1	1	585 15
26	412	0.1	1	409 3
27	400	0.1	1	393 7
28	407	0.1	1	399 8
29	337	0.1	1	333 4
30	313	0.1	1	304 9
31	215	0.1	1	206 9
32	194	0.1	1	185 9
33	187	0.1	1	179 8
34	187	0.1	1	183 4
35	195	0.1	1	188 7
36	127	0.1	1	122 5
37	154	0.1	1	147 7
38	130	0.1	1	123 7
39	116	0.1	1	106 10
40	109	0.1	1	102 7
41	130	0.1	1	118 12
42	131	0.1	1	122 9
43	166	0.1	1	159 7
44	94	0.1	1	86 8
45	77	0.1	1	73 4
46	73	0.1	1	66 7
47	81	0.1	1	73 8
48	102	0.1	1	93 9
49	61	0.1	1	56 5
50	73	0.1	1	67 6
51	59	0.1	1	57 2
52	49	0.1	1	45 4
53	62	0.1	1	57 5
54	74	0.1	1	65 9
55	76	0.1	1	70 6
56	38	0.1	1	32 6
57	42	0.1	1	36 6
58	42	0.1	1	37 5
59	60	0.1	1	54 6
60	55	0.1	1	48 7
61	62	0.1	1	54 8
62	51	0.1	1	42 9
63	43	0.1	1	38 5
64	54	0.1	1	48 6
65	67	0.1	1	56 11
66	62	0.1	1	53 9
67	39	0.1	1	32 7
68	39	0.1	1	33 6
69	50	0.1	1	45 5
70	65	0.1	1	53 12
71	118	0.1	1	83 35
72	248	0.1	1	215 33
73	136	0.1	1	119 17
74	126	0.1	1	110 16
75	69	0.1	1	64 5
76	60	0.1	1	49 11
77	26	0.1	1	19 7
78	14	0.1	1	8 6
79	16	0.1	1	6 10
80	12	0.1	1	3 9
81	6	0.1	1	1 5
82	8	0.1	1	3 5
83	5	0.1	1	2 3
84	11	0.1	1	1 10
85	5	0.1	1	1 4
86	9	0.1	1	2 7
87	8	0.1	1	4 4
88	4	0.1	1	1 3
89	5	0.1	1	1 4
90	8	0.1	1	2 6
91	5	0.1	1	1 4
92	5	0.1	1	3 2
93	9	0.1	1	2 7
94	3	0.1	1	1 2
95	3	0.1	1	0 3
96	5	0.1	1	0 5
97	4	0.1	1	1 3
98	8	0.1	1	1 7
99	7	0.1	1	0 7
100	4	0.1	1	1 3
101	12	0.1	1	1 11


RUN STATISTICS FOR INPUT FILE: SRR6228888_1.fastq
=============================================
9338880 sequences processed in total
The length threshold of paired-end sequences gets evaluated later on (in the validation step)

Writing report to 'SRR6228888_2.fastq_trimming_report.txt'

SUMMARISING RUN PARAMETERS
==========================
Input filename: SRR6228888_2.fastq
Trimming mode: paired-end
Trim Galore version: 0.6.1
Cutadapt version: 1.18
Number of cores used for trimming: 1
Quality Phred score cutoff: 20
Quality encoding type selected: ASCII+33
Adapter sequence: 'AGATCGGAAGAGC' (Illumina TruSeq, Sanger iPCR; auto-detected)
Maximum trimming error rate: 0.1 (default)
Minimum required adapter overlap (stringency): 3 bp
Minimum required sequence length for both reads before a sequence pair gets removed: 24 bp

Writing final adapter and quality trimmed output to SRR6228888_2_trimmed.fq


  >>> Now performing quality (cutoff '-q 20') and adapter trimming in a single pass for the adapter sequence: 'AGATCGGAAGAGC' from file SRR6228888_2.fastq <<< 
This is cutadapt 1.18 with Python 2.7.11
Command line parameters: -j 1 -e 0.1 -q 20 -O 3 -a AGATCGGAAGAGC SRR6228888_2.fastq
Processing reads on 1 core in single-end mode ...
Finished in 376.94 s (40 us/read; 1.49 M reads/minute).

=== Summary ===

Total reads processed:               9,338,880
Reads with adapters:                   363,469 (3.9%)
Reads written (passing filters):     9,338,880 (100.0%)

Total basepairs processed:   943,226,880 bp
Quality-trimmed:              16,078,612 bp (1.7%)
Total written (filtered):    925,247,063 bp (98.1%)

=== Adapter 1 ===

Sequence: AGATCGGAAGAGC; Type: regular 3'; Length: 13; Trimmed: 363469 times.

No. of allowed errors:
0-9 bp: 0; 10-13 bp: 1

Bases preceding removed adapters:
  A: 27.8%
  C: 22.1%
  G: 27.8%
  T: 22.3%
  none/other: 0.0%

Overview of removed sequences
length	count	expect	max.err	error counts
3	229475	145920.0	0	229475
4	52078	36480.0	0	52078
5	16781	9120.0	0	16781
6	8640	2280.0	0	8640
7	7278	570.0	0	7278
8	6310	142.5	0	6310
9	5748	35.6	0	5582 166
10	4831	8.9	1	4607 224
11	4211	2.2	1	4090 121
12	3707	0.6	1	3653 54
13	3176	0.1	1	3148 28
14	2712	0.1	1	2685 27
15	2161	0.1	1	2142 19
16	1820	0.1	1	1806 14
17	1695	0.1	1	1674 21
18	1312	0.1	1	1295 17
19	1231	0.1	1	1221 10
20	934	0.1	1	918 16
21	859	0.1	1	836 23
22	744	0.1	1	739 5
23	655	0.1	1	644 11
24	628	0.1	1	616 12
25	436	0.1	1	422 14
26	402	0.1	1	393 9
27	389	0.1	1	382 7
28	361	0.1	1	353 8
29	286	0.1	1	274 12
30	382	0.1	1	370 12
31	134	0.1	1	128 6
32	177	0.1	1	167 10
33	146	0.1	1	141 5
34	162	0.1	1	156 6
35	129	0.1	1	123 6
36	134	0.1	1	127 7
37	128	0.1	1	124 4
38	113	0.1	1	110 3
39	97	0.1	1	93 4
40	125	0.1	1	120 5
41	108	0.1	1	104 4
42	151	0.1	1	144 7
43	83	0.1	1	79 4
44	86	0.1	1	81 5
45	89	0.1	1	85 4
46	60	0.1	1	53 7
47	67	0.1	1	62 5
48	67	0.1	1	57 10
49	71	0.1	1	67 4
50	71	0.1	1	65 6
51	80	0.1	1	74 6
52	58	0.1	1	51 7
53	47	0.1	1	43 4
54	62	0.1	1	56 6
55	58	0.1	1	53 5
56	51	0.1	1	48 3
57	50	0.1	1	45 5
58	59	0.1	1	54 5
59	53	0.1	1	41 12
60	57	0.1	1	54 3
61	66	0.1	1	57 9
62	75	0.1	1	68 7
63	151	0.1	1	136 15
64	244	0.1	1	220 24
65	417	0.1	1	379 38
66	249	0.1	1	214 35
67	49	0.1	1	40 9
68	22	0.1	1	20 2
69	12	0.1	1	4 8
70	3	0.1	1	1 2
71	5	0.1	1	2 3
72	4	0.1	1	2 2
73	3	0.1	1	1 2
74	2	0.1	1	0 2
75	4	0.1	1	0 4
76	6	0.1	1	3 3
78	5	0.1	1	2 3
79	11	0.1	1	2 9
80	6	0.1	1	3 3
81	6	0.1	1	1 5
82	5	0.1	1	1 4
83	3	0.1	1	2 1
84	4	0.1	1	1 3
85	9	0.1	1	2 7
86	5	0.1	1	2 3
87	12	0.1	1	3 9
88	5	0.1	1	0 5
89	5	0.1	1	2 3
90	7	0.1	1	3 4
91	7	0.1	1	2 5
92	6	0.1	1	1 5
93	3	0.1	1	0 3
94	8	0.1	1	2 6
95	10	0.1	1	2 8
96	9	0.1	1	0 9
97	4	0.1	1	0 4
99	3	0.1	1	0 3
100	9	0.1	1	0 9


RUN STATISTICS FOR INPUT FILE: SRR6228888_2.fastq
=============================================
9338880 sequences processed in total
The length threshold of paired-end sequences gets evaluated later on (in the validation step)

Validate paired-end files SRR6228888_1_trimmed.fq and SRR6228888_2_trimmed.fq
file_1: SRR6228888_1_trimmed.fq, file_2: SRR6228888_2_trimmed.fq


>>>>> Now validing the length of the 2 paired-end infiles: SRR6228888_1_trimmed.fq and SRR6228888_2_trimmed.fq <<<<<
Writing validated paired-end read 1 reads to SRR6228888_1_val_1.fq
Writing validated paired-end read 2 reads to SRR6228888_2_val_2.fq

Total number of sequences analysed: 9338880

Number of sequence pairs removed because at least one read was shorter than the length cutoff (24 bp): 60266 (0.65%)

Deleting both intermediate output files SRR6228888_1_trimmed.fq and SRR6228888_2_trimmed.fq

====================================================================================================

Started analysis of SRR6228888_1_val_1.fq
Approx 5% complete for SRR6228888_1_val_1.fq
Approx 10% complete for SRR6228888_1_val_1.fq
Approx 15% complete for SRR6228888_1_val_1.fq
Approx 20% complete for SRR6228888_1_val_1.fq
Approx 25% complete for SRR6228888_1_val_1.fq
Approx 30% complete for SRR6228888_1_val_1.fq
Approx 35% complete for SRR6228888_1_val_1.fq
Approx 40% complete for SRR6228888_1_val_1.fq
Approx 45% complete for SRR6228888_1_val_1.fq
Approx 50% complete for SRR6228888_1_val_1.fq
Approx 55% complete for SRR6228888_1_val_1.fq
Approx 60% complete for SRR6228888_1_val_1.fq
Approx 65% complete for SRR6228888_1_val_1.fq
Approx 70% complete for SRR6228888_1_val_1.fq
Approx 75% complete for SRR6228888_1_val_1.fq
Approx 80% complete for SRR6228888_1_val_1.fq
Approx 85% complete for SRR6228888_1_val_1.fq
Approx 90% complete for SRR6228888_1_val_1.fq
Approx 95% complete for SRR6228888_1_val_1.fq
Analysis complete for SRR6228888_1_val_1.fq
Started analysis of SRR6228888_2_val_2.fq
Approx 5% complete for SRR6228888_2_val_2.fq
Approx 10% complete for SRR6228888_2_val_2.fq
Approx 15% complete for SRR6228888_2_val_2.fq
Approx 20% complete for SRR6228888_2_val_2.fq
Approx 25% complete for SRR6228888_2_val_2.fq
Approx 30% complete for SRR6228888_2_val_2.fq
Approx 35% complete for SRR6228888_2_val_2.fq
Approx 40% complete for SRR6228888_2_val_2.fq
Approx 45% complete for SRR6228888_2_val_2.fq
Approx 50% complete for SRR6228888_2_val_2.fq
Approx 55% complete for SRR6228888_2_val_2.fq
Approx 60% complete for SRR6228888_2_val_2.fq
Approx 65% complete for SRR6228888_2_val_2.fq
Approx 70% complete for SRR6228888_2_val_2.fq
Approx 75% complete for SRR6228888_2_val_2.fq
Approx 80% complete for SRR6228888_2_val_2.fq
Approx 85% complete for SRR6228888_2_val_2.fq
Approx 90% complete for SRR6228888_2_val_2.fq
Approx 95% complete for SRR6228888_2_val_2.fq
Analysis complete for SRR6228888_2_val_2.fq
9278614 reads; of these:
  9278614 (100.00%) were paired; of these:
    125305 (1.35%) aligned concordantly 0 times
    6527447 (70.35%) aligned concordantly exactly 1 time
    2625862 (28.30%) aligned concordantly >1 times
    ----
    125305 pairs aligned concordantly 0 times; of these:
      28261 (22.55%) aligned discordantly 1 time
    ----
    97044 pairs aligned 0 times concordantly or discordantly; of these:
      194088 mates make up the pairs; of these:
        122401 (63.06%) aligned 0 times
        24626 (12.69%) aligned exactly 1 time
        47061 (24.25%) aligned >1 times
99.34% overall alignment rate
[bam_sort_core] merging from 7 files and 1 in-memory blocks...
[bam_rmdupse_core] 2585241 / 18434827 = 0.1402 in library '	'
