Started analysis of SRR4437356_1.fastq
Approx 5% complete for SRR4437356_1.fastq
Approx 10% complete for SRR4437356_1.fastq
Approx 15% complete for SRR4437356_1.fastq
Approx 20% complete for SRR4437356_1.fastq
Approx 25% complete for SRR4437356_1.fastq
Approx 30% complete for SRR4437356_1.fastq
Approx 35% complete for SRR4437356_1.fastq
Approx 40% complete for SRR4437356_1.fastq
Approx 45% complete for SRR4437356_1.fastq
Approx 50% complete for SRR4437356_1.fastq
Approx 55% complete for SRR4437356_1.fastq
Approx 60% complete for SRR4437356_1.fastq
Approx 65% complete for SRR4437356_1.fastq
Approx 70% complete for SRR4437356_1.fastq
Approx 75% complete for SRR4437356_1.fastq
Approx 80% complete for SRR4437356_1.fastq
Approx 85% complete for SRR4437356_1.fastq
Approx 90% complete for SRR4437356_1.fastq
Approx 95% complete for SRR4437356_1.fastq
Approx 100% complete for SRR4437356_1.fastq
Analysis complete for SRR4437356_1.fastq
Multicore support not enabled. Proceeding with single-core trimming.
Path to Cutadapt set as: 'cutadapt' (default)
Cutadapt seems to be working fine (tested command 'cutadapt --version')
No quality encoding type selected. Assuming that the data provided uses Sanger encoded Phred scores (default)



AUTO-DETECTING ADAPTER TYPE
===========================
Attempting to auto-detect adapter type from the first 1 million sequences of the first file (>> SRR4437356_1.fastq <<)

Found perfect matches for the following adapter sequences:
Adapter type	Count	Sequence	Sequences analysed	Percentage
Illumina	2578	AGATCGGAAGAGC	1000000	0.26
Nextera	4	CTGTCTCTTATA	1000000	0.00
smallRNA	0	TGGAATTCTCGG	1000000	0.00
Using Illumina adapter for trimming (count: 2578). Second best hit was Nextera (count: 4)

Writing report to 'SRR4437356_1.fastq_trimming_report.txt'

SUMMARISING RUN PARAMETERS
==========================
Input filename: SRR4437356_1.fastq
Trimming mode: single-end
Trim Galore version: 0.6.1
Cutadapt version: 1.18
Number of cores used for trimming: 1
Quality Phred score cutoff: 20
Quality encoding type selected: ASCII+33
Adapter sequence: 'AGATCGGAAGAGC' (Illumina TruSeq, Sanger iPCR; auto-detected)
Maximum trimming error rate: 0.1 (default)
Minimum required adapter overlap (stringency): 3 bp
Minimum required sequence length before a sequence gets removed: 24 bp

Writing final adapter and quality trimmed output to SRR4437356_1_trimmed.fq


  >>> Now performing quality (cutoff '-q 20') and adapter trimming in a single pass for the adapter sequence: 'AGATCGGAAGAGC' from file SRR4437356_1.fastq <<< 
10000000 sequences processed
This is cutadapt 1.18 with Python 2.7.11
Command line parameters: -j 1 -e 0.1 -q 20 -O 3 -a AGATCGGAAGAGC SRR4437356_1.fastq
Processing reads on 1 core in single-end mode ...
Finished in 562.28 s (50 us/read; 1.20 M reads/minute).

=== Summary ===

Total reads processed:              11,279,019
Reads with adapters:                 1,840,654 (16.3%)
Reads written (passing filters):    11,279,019 (100.0%)

Total basepairs processed:   563,950,950 bp
Quality-trimmed:               3,049,241 bp (0.5%)
Total written (filtered):    492,820,423 bp (87.4%)

=== Adapter 1 ===

Sequence: AGATCGGAAGAGC; Type: regular 3'; Length: 13; Trimmed: 1840654 times.

No. of allowed errors:
0-9 bp: 0; 10-13 bp: 1

Bases preceding removed adapters:
  A: 8.3%
  C: 7.5%
  G: 7.1%
  T: 5.7%
  none/other: 71.3%

Overview of removed sequences
length	count	expect	max.err	error counts
3	319486	176234.7	0	319486
4	75125	44058.7	0	75125
5	29628	11014.7	0	29628
6	17608	2753.7	0	17608
7	13895	688.4	0	13895
8	11416	172.1	0	11416
9	9918	43.0	0	9545 373
10	8746	10.8	1	8308 438
11	7603	2.7	1	7320 283
12	6331	0.7	1	6212 119
13	5372	0.2	1	5282 90
14	4605	0.2	1	4525 80
15	3506	0.2	1	3451 55
16	2618	0.2	1	2571 47
17	2038	0.2	1	1982 56
18	1567	0.2	1	1528 39
19	1160	0.2	1	1118 42
20	1124	0.2	1	1086 38
21	962	0.2	1	929 33
22	764	0.2	1	729 35
23	743	0.2	1	687 56
24	622	0.2	1	534 88
25	536	0.2	1	453 83
26	538	0.2	1	344 194
27	326	0.2	1	208 118
28	312	0.2	1	189 123
29	315	0.2	1	192 123
30	302	0.2	1	163 139
31	649	0.2	1	116 533
32	194	0.2	1	108 86
33	221	0.2	1	88 133
34	163	0.2	1	85 78
35	216	0.2	1	59 157
36	299	0.2	1	52 247
37	195	0.2	1	43 152
38	273	0.2	1	128 145
39	320	0.2	1	24 296
40	399	0.2	1	29 370
41	277	0.2	1	63 214
42	528	0.2	1	13 515
43	868	0.2	1	23 845
44	1018	0.2	1	21 997
45	1234	0.2	1	13 1221
46	1596	0.2	1	13 1583
47	4842	0.2	1	8 4834
48	2365	0.2	1	10 2355
49	5438	0.2	1	11 5427
50	1292393	0.2	1	87 1292306


RUN STATISTICS FOR INPUT FILE: SRR4437356_1.fastq
=============================================
11279019 sequences processed in total
Sequences removed because they became shorter than the length cutoff of 24 bp:	1343753 (11.9%)

Started analysis of SRR4437356_1_trimmed.fq
Approx 5% complete for SRR4437356_1_trimmed.fq
Approx 10% complete for SRR4437356_1_trimmed.fq
Approx 15% complete for SRR4437356_1_trimmed.fq
Approx 20% complete for SRR4437356_1_trimmed.fq
Approx 25% complete for SRR4437356_1_trimmed.fq
Approx 30% complete for SRR4437356_1_trimmed.fq
Approx 35% complete for SRR4437356_1_trimmed.fq
Approx 40% complete for SRR4437356_1_trimmed.fq
Approx 45% complete for SRR4437356_1_trimmed.fq
Approx 50% complete for SRR4437356_1_trimmed.fq
Approx 55% complete for SRR4437356_1_trimmed.fq
Approx 60% complete for SRR4437356_1_trimmed.fq
Approx 65% complete for SRR4437356_1_trimmed.fq
Approx 70% complete for SRR4437356_1_trimmed.fq
Approx 75% complete for SRR4437356_1_trimmed.fq
Approx 80% complete for SRR4437356_1_trimmed.fq
Approx 85% complete for SRR4437356_1_trimmed.fq
Approx 90% complete for SRR4437356_1_trimmed.fq
Approx 95% complete for SRR4437356_1_trimmed.fq
Analysis complete for SRR4437356_1_trimmed.fq
9935266 reads; of these:
  9935266 (100.00%) were unpaired; of these:
    195444 (1.97%) aligned 0 times
    7258952 (73.06%) aligned exactly 1 time
    2480870 (24.97%) aligned >1 times
98.03% overall alignment rate
[bam_sort_core] merging from 2 files and 1 in-memory blocks...
[bam_rmdupse_core] 2108166 / 9739822 = 0.2164 in library '	'
