Started analysis of SRR1124811_1.fastq
Approx 5% complete for SRR1124811_1.fastq
Approx 10% complete for SRR1124811_1.fastq
Approx 15% complete for SRR1124811_1.fastq
Approx 20% complete for SRR1124811_1.fastq
Approx 25% complete for SRR1124811_1.fastq
Approx 30% complete for SRR1124811_1.fastq
Approx 35% complete for SRR1124811_1.fastq
Approx 40% complete for SRR1124811_1.fastq
Approx 45% complete for SRR1124811_1.fastq
Approx 50% complete for SRR1124811_1.fastq
Approx 55% complete for SRR1124811_1.fastq
Approx 60% complete for SRR1124811_1.fastq
Approx 65% complete for SRR1124811_1.fastq
Approx 70% complete for SRR1124811_1.fastq
Approx 75% complete for SRR1124811_1.fastq
Approx 80% complete for SRR1124811_1.fastq
Approx 85% complete for SRR1124811_1.fastq
Approx 90% complete for SRR1124811_1.fastq
Approx 95% complete for SRR1124811_1.fastq
Analysis complete for SRR1124811_1.fastq
Multicore support not enabled. Proceeding with single-core trimming.
Path to Cutadapt set as: 'cutadapt' (default)
Cutadapt seems to be working fine (tested command 'cutadapt --version')
No quality encoding type selected. Assuming that the data provided uses Sanger encoded Phred scores (default)



AUTO-DETECTING ADAPTER TYPE
===========================
Attempting to auto-detect adapter type from the first 1 million sequences of the first file (>> SRR1124811_1.fastq <<)

Found perfect matches for the following adapter sequences:
Adapter type	Count	Sequence	Sequences analysed	Percentage
Illumina	13	AGATCGGAAGAGC	1000000	0.00
Nextera	4	CTGTCTCTTATA	1000000	0.00
smallRNA	1	TGGAATTCTCGG	1000000	0.00
Using Illumina adapter for trimming (count: 13). Second best hit was Nextera (count: 4)

Writing report to 'SRR1124811_1.fastq_trimming_report.txt'

SUMMARISING RUN PARAMETERS
==========================
Input filename: SRR1124811_1.fastq
Trimming mode: single-end
Trim Galore version: 0.6.1
Cutadapt version: 1.18
Number of cores used for trimming: 1
Quality Phred score cutoff: 20
Quality encoding type selected: ASCII+33
Adapter sequence: 'AGATCGGAAGAGC' (Illumina TruSeq, Sanger iPCR; auto-detected)
Maximum trimming error rate: 0.1 (default)
Minimum required adapter overlap (stringency): 3 bp
Minimum required sequence length before a sequence gets removed: 24 bp

Writing final adapter and quality trimmed output to SRR1124811_1_trimmed.fq


  >>> Now performing quality (cutoff '-q 20') and adapter trimming in a single pass for the adapter sequence: 'AGATCGGAAGAGC' from file SRR1124811_1.fastq <<< 
10000000 sequences processed
20000000 sequences processed
30000000 sequences processed
This is cutadapt 1.18 with Python 2.7.11
Command line parameters: -j 1 -e 0.1 -q 20 -O 3 -a AGATCGGAAGAGC SRR1124811_1.fastq
Processing reads on 1 core in single-end mode ...
Finished in 872.89 s (27 us/read; 2.22 M reads/minute).

=== Summary ===

Total reads processed:              32,228,563
Reads with adapters:                   897,959 (2.8%)
Reads written (passing filters):    32,228,563 (100.0%)

Total basepairs processed: 1,611,428,150 bp
Quality-trimmed:               7,310,149 bp (0.5%)
Total written (filtered):  1,600,716,263 bp (99.3%)

=== Adapter 1 ===

Sequence: AGATCGGAAGAGC; Type: regular 3'; Length: 13; Trimmed: 897959 times.

No. of allowed errors:
0-9 bp: 0; 10-13 bp: 1

Bases preceding removed adapters:
  A: 27.5%
  C: 28.0%
  G: 26.3%
  T: 17.1%
  none/other: 1.1%

Overview of removed sequences
length	count	expect	max.err	error counts
3	719435	503571.3	0	719435
4	135656	125892.8	0	135656
5	27628	31473.2	0	27628
6	1324	7868.3	0	1324
7	459	1967.1	0	459
8	213	491.8	0	213
9	603	122.9	0	132 471
10	785	30.7	1	118 667
11	448	7.7	1	98 350
12	175	1.9	1	83 92
13	91	0.5	1	66 25
14	86	0.5	1	65 21
15	80	0.5	1	57 23
16	52	0.5	1	38 14
17	44	0.5	1	25 19
18	47	0.5	1	26 21
19	50	0.5	1	26 24
20	45	0.5	1	20 25
21	39	0.5	1	18 21
22	33	0.5	1	12 21
23	26	0.5	1	10 16
24	26	0.5	1	9 17
25	26	0.5	1	9 17
26	31	0.5	1	6 25
27	25	0.5	1	4 21
28	26	0.5	1	8 18
29	25	0.5	1	4 21
30	30	0.5	1	2 28
31	86	0.5	1	1 85
32	20	0.5	1	3 17
33	35	0.5	1	3 32
34	31	0.5	1	1 30
35	22	0.5	1	1 21
36	42	0.5	1	3 39
37	32	0.5	1	0 32
38	32	0.5	1	1 31
39	22	0.5	1	1 21
40	31	0.5	1	2 29
41	29	0.5	1	0 29
42	39	0.5	1	1 38
43	54	0.5	1	2 52
44	71	0.5	1	1 70
45	101	0.5	1	0 101
46	66	0.5	1	1 65
47	86	0.5	1	2 84
48	121	0.5	1	0 121
49	160	0.5	1	0 160
50	9371	0.5	1	3 9368


RUN STATISTICS FOR INPUT FILE: SRR1124811_1.fastq
=============================================
32228563 sequences processed in total
Sequences removed because they became shorter than the length cutoff of 24 bp:	29880 (0.1%)

Started analysis of SRR1124811_1_trimmed.fq
Approx 5% complete for SRR1124811_1_trimmed.fq
Approx 10% complete for SRR1124811_1_trimmed.fq
Approx 15% complete for SRR1124811_1_trimmed.fq
Approx 20% complete for SRR1124811_1_trimmed.fq
Approx 25% complete for SRR1124811_1_trimmed.fq
Approx 30% complete for SRR1124811_1_trimmed.fq
Approx 35% complete for SRR1124811_1_trimmed.fq
Approx 40% complete for SRR1124811_1_trimmed.fq
Approx 45% complete for SRR1124811_1_trimmed.fq
Approx 50% complete for SRR1124811_1_trimmed.fq
Approx 55% complete for SRR1124811_1_trimmed.fq
Approx 60% complete for SRR1124811_1_trimmed.fq
Approx 65% complete for SRR1124811_1_trimmed.fq
Approx 70% complete for SRR1124811_1_trimmed.fq
Approx 75% complete for SRR1124811_1_trimmed.fq
Approx 80% complete for SRR1124811_1_trimmed.fq
Approx 85% complete for SRR1124811_1_trimmed.fq
Approx 90% complete for SRR1124811_1_trimmed.fq
Approx 95% complete for SRR1124811_1_trimmed.fq
Analysis complete for SRR1124811_1_trimmed.fq
32198683 reads; of these:
  32198683 (100.00%) were unpaired; of these:
    341669 (1.06%) aligned 0 times
    22758465 (70.68%) aligned exactly 1 time
    9098549 (28.26%) aligned >1 times
98.94% overall alignment rate
[bam_sort_core] merging from 8 files and 1 in-memory blocks...
[bam_rmdupse_core] 3832696 / 31857014 = 0.1203 in library '	'
