Started analysis of SRR4437328_1.fastq
Approx 5% complete for SRR4437328_1.fastq
Approx 10% complete for SRR4437328_1.fastq
Approx 15% complete for SRR4437328_1.fastq
Approx 20% complete for SRR4437328_1.fastq
Approx 25% complete for SRR4437328_1.fastq
Approx 30% complete for SRR4437328_1.fastq
Approx 35% complete for SRR4437328_1.fastq
Approx 40% complete for SRR4437328_1.fastq
Approx 45% complete for SRR4437328_1.fastq
Approx 50% complete for SRR4437328_1.fastq
Approx 55% complete for SRR4437328_1.fastq
Approx 60% complete for SRR4437328_1.fastq
Approx 65% complete for SRR4437328_1.fastq
Approx 70% complete for SRR4437328_1.fastq
Approx 75% complete for SRR4437328_1.fastq
Approx 80% complete for SRR4437328_1.fastq
Approx 85% complete for SRR4437328_1.fastq
Approx 90% complete for SRR4437328_1.fastq
Approx 95% complete for SRR4437328_1.fastq
Analysis complete for SRR4437328_1.fastq
Multicore support not enabled. Proceeding with single-core trimming.
Path to Cutadapt set as: 'cutadapt' (default)
Cutadapt seems to be working fine (tested command 'cutadapt --version')
No quality encoding type selected. Assuming that the data provided uses Sanger encoded Phred scores (default)



AUTO-DETECTING ADAPTER TYPE
===========================
Attempting to auto-detect adapter type from the first 1 million sequences of the first file (>> SRR4437328_1.fastq <<)

Found perfect matches for the following adapter sequences:
Adapter type	Count	Sequence	Sequences analysed	Percentage
Illumina	2657	AGATCGGAAGAGC	1000000	0.27
Nextera	2	CTGTCTCTTATA	1000000	0.00
smallRNA	1	TGGAATTCTCGG	1000000	0.00
Using Illumina adapter for trimming (count: 2657). Second best hit was Nextera (count: 2)

Writing report to 'SRR4437328_1.fastq_trimming_report.txt'

SUMMARISING RUN PARAMETERS
==========================
Input filename: SRR4437328_1.fastq
Trimming mode: single-end
Trim Galore version: 0.6.1
Cutadapt version: 1.18
Number of cores used for trimming: 1
Quality Phred score cutoff: 20
Quality encoding type selected: ASCII+33
Adapter sequence: 'AGATCGGAAGAGC' (Illumina TruSeq, Sanger iPCR; auto-detected)
Maximum trimming error rate: 0.1 (default)
Minimum required adapter overlap (stringency): 3 bp
Minimum required sequence length before a sequence gets removed: 24 bp

Writing final adapter and quality trimmed output to SRR4437328_1_trimmed.fq


  >>> Now performing quality (cutoff '-q 20') and adapter trimming in a single pass for the adapter sequence: 'AGATCGGAAGAGC' from file SRR4437328_1.fastq <<< 
10000000 sequences processed
This is cutadapt 1.18 with Python 2.7.11
Command line parameters: -j 1 -e 0.1 -q 20 -O 3 -a AGATCGGAAGAGC SRR4437328_1.fastq
Processing reads on 1 core in single-end mode ...
Finished in 416.88 s (25 us/read; 2.37 M reads/minute).

=== Summary ===

Total reads processed:              16,435,074
Reads with adapters:                   796,033 (4.8%)
Reads written (passing filters):    16,435,074 (100.0%)

Total basepairs processed:   821,753,700 bp
Quality-trimmed:               3,647,641 bp (0.4%)
Total written (filtered):    812,237,591 bp (98.8%)

=== Adapter 1 ===

Sequence: AGATCGGAAGAGC; Type: regular 3'; Length: 13; Trimmed: 796033 times.

No. of allowed errors:
0-9 bp: 0; 10-13 bp: 1

Bases preceding removed adapters:
  A: 22.7%
  C: 25.2%
  G: 27.6%
  T: 19.3%
  none/other: 5.3%

Overview of removed sequences
length	count	expect	max.err	error counts
3	415742	256798.0	0	415742
4	110411	64199.5	0	110411
5	51428	16049.9	0	51428
6	31264	4012.5	0	31264
7	23571	1003.1	0	23571
8	18744	250.8	0	18744
9	16590	62.7	0	16263 327
10	15303	15.7	1	14746 557
11	14208	3.9	1	13791 417
12	13170	1.0	1	12900 270
13	11217	0.2	1	10986 231
14	9122	0.2	1	8918 204
15	6674	0.2	1	6509 165
16	4277	0.2	1	4146 131
17	2622	0.2	1	2558 64
18	1694	0.2	1	1644 50
19	1384	0.2	1	1341 43
20	1156	0.2	1	1119 37
21	1011	0.2	1	974 37
22	985	0.2	1	938 47
23	862	0.2	1	823 39
24	741	0.2	1	714 27
25	515	0.2	1	480 35
26	297	0.2	1	277 20
27	166	0.2	1	144 22
28	86	0.2	1	69 17
29	100	0.2	1	84 16
30	86	0.2	1	71 15
31	60	0.2	1	42 18
32	47	0.2	1	31 16
33	49	0.2	1	29 20
34	40	0.2	1	29 11
35	28	0.2	1	13 15
36	28	0.2	1	13 15
37	12	0.2	1	3 9
38	24	0.2	1	13 11
39	18	0.2	1	4 14
40	23	0.2	1	11 12
41	24	0.2	1	1 23
42	22	0.2	1	8 14
43	29	0.2	1	3 26
44	21	0.2	1	1 20
45	11	0.2	1	2 9
46	58	0.2	1	2 56
47	35	0.2	1	6 29
48	235	0.2	1	1 234
49	398	0.2	1	3 395
50	41445	0.2	1	2 41443


RUN STATISTICS FOR INPUT FILE: SRR4437328_1.fastq
=============================================
16435074 sequences processed in total
Sequences removed because they became shorter than the length cutoff of 24 bp:	79632 (0.5%)

Started analysis of SRR4437328_1_trimmed.fq
Approx 5% complete for SRR4437328_1_trimmed.fq
Approx 10% complete for SRR4437328_1_trimmed.fq
Approx 15% complete for SRR4437328_1_trimmed.fq
Approx 20% complete for SRR4437328_1_trimmed.fq
Approx 25% complete for SRR4437328_1_trimmed.fq
Approx 30% complete for SRR4437328_1_trimmed.fq
Approx 35% complete for SRR4437328_1_trimmed.fq
Approx 40% complete for SRR4437328_1_trimmed.fq
Approx 45% complete for SRR4437328_1_trimmed.fq
Approx 50% complete for SRR4437328_1_trimmed.fq
Approx 55% complete for SRR4437328_1_trimmed.fq
Approx 60% complete for SRR4437328_1_trimmed.fq
Approx 65% complete for SRR4437328_1_trimmed.fq
Approx 70% complete for SRR4437328_1_trimmed.fq
Approx 75% complete for SRR4437328_1_trimmed.fq
Approx 80% complete for SRR4437328_1_trimmed.fq
Approx 85% complete for SRR4437328_1_trimmed.fq
Approx 90% complete for SRR4437328_1_trimmed.fq
Approx 95% complete for SRR4437328_1_trimmed.fq
Analysis complete for SRR4437328_1_trimmed.fq
16355442 reads; of these:
  16355442 (100.00%) were unpaired; of these:
    268511 (1.64%) aligned 0 times
    11037331 (67.48%) aligned exactly 1 time
    5049600 (30.87%) aligned >1 times
98.36% overall alignment rate
[bam_sort_core] merging from 4 files and 1 in-memory blocks...
[bam_rmdupse_core] 1651617 / 16086931 = 0.1027 in library '	'
