Started analysis of SRR4437351_1.fastq
Approx 5% complete for SRR4437351_1.fastq
Approx 10% complete for SRR4437351_1.fastq
Approx 15% complete for SRR4437351_1.fastq
Approx 20% complete for SRR4437351_1.fastq
Approx 25% complete for SRR4437351_1.fastq
Approx 30% complete for SRR4437351_1.fastq
Approx 35% complete for SRR4437351_1.fastq
Approx 40% complete for SRR4437351_1.fastq
Approx 45% complete for SRR4437351_1.fastq
Approx 50% complete for SRR4437351_1.fastq
Approx 55% complete for SRR4437351_1.fastq
Approx 60% complete for SRR4437351_1.fastq
Approx 65% complete for SRR4437351_1.fastq
Approx 70% complete for SRR4437351_1.fastq
Approx 75% complete for SRR4437351_1.fastq
Approx 80% complete for SRR4437351_1.fastq
Approx 85% complete for SRR4437351_1.fastq
Approx 90% complete for SRR4437351_1.fastq
Approx 95% complete for SRR4437351_1.fastq
Analysis complete for SRR4437351_1.fastq
Multicore support not enabled. Proceeding with single-core trimming.
Path to Cutadapt set as: 'cutadapt' (default)
Cutadapt seems to be working fine (tested command 'cutadapt --version')
No quality encoding type selected. Assuming that the data provided uses Sanger encoded Phred scores (default)



AUTO-DETECTING ADAPTER TYPE
===========================
Attempting to auto-detect adapter type from the first 1 million sequences of the first file (>> SRR4437351_1.fastq <<)

Found perfect matches for the following adapter sequences:
Adapter type	Count	Sequence	Sequences analysed	Percentage
Illumina	226	AGATCGGAAGAGC	1000000	0.02
Nextera	5	CTGTCTCTTATA	1000000	0.00
smallRNA	1	TGGAATTCTCGG	1000000	0.00
Using Illumina adapter for trimming (count: 226). Second best hit was Nextera (count: 5)

Writing report to 'SRR4437351_1.fastq_trimming_report.txt'

SUMMARISING RUN PARAMETERS
==========================
Input filename: SRR4437351_1.fastq
Trimming mode: single-end
Trim Galore version: 0.6.1
Cutadapt version: 1.18
Number of cores used for trimming: 1
Quality Phred score cutoff: 20
Quality encoding type selected: ASCII+33
Adapter sequence: 'AGATCGGAAGAGC' (Illumina TruSeq, Sanger iPCR; auto-detected)
Maximum trimming error rate: 0.1 (default)
Minimum required adapter overlap (stringency): 3 bp
Minimum required sequence length before a sequence gets removed: 24 bp

Writing final adapter and quality trimmed output to SRR4437351_1_trimmed.fq


  >>> Now performing quality (cutoff '-q 20') and adapter trimming in a single pass for the adapter sequence: 'AGATCGGAAGAGC' from file SRR4437351_1.fastq <<< 
10000000 sequences processed
20000000 sequences processed
This is cutadapt 1.18 with Python 2.7.11
Command line parameters: -j 1 -e 0.1 -q 20 -O 3 -a AGATCGGAAGAGC SRR4437351_1.fastq
Processing reads on 1 core in single-end mode ...
Finished in 1020.74 s (35 us/read; 1.73 M reads/minute).

=== Summary ===

Total reads processed:              29,446,953
Reads with adapters:                   933,748 (3.2%)
Reads written (passing filters):    29,446,953 (100.0%)

Total basepairs processed: 1,472,347,650 bp
Quality-trimmed:               7,477,094 bp (0.5%)
Total written (filtered):  1,459,814,512 bp (99.1%)

=== Adapter 1 ===

Sequence: AGATCGGAAGAGC; Type: regular 3'; Length: 13; Trimmed: 933748 times.

No. of allowed errors:
0-9 bp: 0; 10-13 bp: 1

Bases preceding removed adapters:
  A: 26.4%
  C: 26.8%
  G: 25.7%
  T: 17.0%
  none/other: 4.1%

Overview of removed sequences
length	count	expect	max.err	error counts
3	691897	460108.6	0	691897
4	137502	115027.2	0	137502
5	32420	28756.8	0	32420
6	6652	7189.2	0	6652
7	4566	1797.3	0	4566
8	3307	449.3	0	3307
9	3388	112.3	0	2923 465
10	3278	28.1	1	2538 740
11	2590	7.0	1	2225 365
12	2144	1.8	1	2040 104
13	1702	0.4	1	1634 68
14	1438	0.4	1	1391 47
15	1098	0.4	1	1053 45
16	713	0.4	1	681 32
17	474	0.4	1	442 32
18	293	0.4	1	257 36
19	184	0.4	1	161 23
20	174	0.4	1	144 30
21	152	0.4	1	131 21
22	140	0.4	1	113 27
23	105	0.4	1	84 21
24	77	0.4	1	52 25
25	73	0.4	1	47 26
26	63	0.4	1	27 36
27	65	0.4	1	31 34
28	48	0.4	1	22 26
29	53	0.4	1	11 42
30	43	0.4	1	16 27
31	75	0.4	1	6 69
32	49	0.4	1	6 43
33	56	0.4	1	8 48
34	33	0.4	1	6 27
35	38	0.4	1	8 30
36	39	0.4	1	4 35
37	43	0.4	1	1 42
38	45	0.4	1	5 40
39	51	0.4	1	1 50
40	42	0.4	1	1 41
41	91	0.4	1	3 88
42	82	0.4	1	2 80
43	81	0.4	1	1 80
44	114	0.4	1	1 113
45	238	0.4	1	0 238
46	126	0.4	1	1 125
47	236	0.4	1	2 234
48	256	0.4	1	0 256
49	770	0.4	1	0 770
50	36644	0.4	1	0 36644


RUN STATISTICS FOR INPUT FILE: SRR4437351_1.fastq
=============================================
29446953 sequences processed in total
Sequences removed because they became shorter than the length cutoff of 24 bp:	65710 (0.2%)

Started analysis of SRR4437351_1_trimmed.fq
Approx 5% complete for SRR4437351_1_trimmed.fq
Approx 10% complete for SRR4437351_1_trimmed.fq
Approx 15% complete for SRR4437351_1_trimmed.fq
Approx 20% complete for SRR4437351_1_trimmed.fq
Approx 25% complete for SRR4437351_1_trimmed.fq
Approx 30% complete for SRR4437351_1_trimmed.fq
Approx 35% complete for SRR4437351_1_trimmed.fq
Approx 40% complete for SRR4437351_1_trimmed.fq
Approx 45% complete for SRR4437351_1_trimmed.fq
Approx 50% complete for SRR4437351_1_trimmed.fq
Approx 55% complete for SRR4437351_1_trimmed.fq
Approx 60% complete for SRR4437351_1_trimmed.fq
Approx 65% complete for SRR4437351_1_trimmed.fq
Approx 70% complete for SRR4437351_1_trimmed.fq
Approx 75% complete for SRR4437351_1_trimmed.fq
Approx 80% complete for SRR4437351_1_trimmed.fq
Approx 85% complete for SRR4437351_1_trimmed.fq
Approx 90% complete for SRR4437351_1_trimmed.fq
Approx 95% complete for SRR4437351_1_trimmed.fq
Analysis complete for SRR4437351_1_trimmed.fq
29381243 reads; of these:
  29381243 (100.00%) were unpaired; of these:
    244735 (0.83%) aligned 0 times
    21451772 (73.01%) aligned exactly 1 time
    7684736 (26.16%) aligned >1 times
99.17% overall alignment rate
[bam_sort_core] merging from 8 files and 1 in-memory blocks...
[bam_rmdupse_core] 2225800 / 29136508 = 0.0764 in library '	'
