Started analysis of SRR5217329_1.fastq
Approx 5% complete for SRR5217329_1.fastq
Approx 10% complete for SRR5217329_1.fastq
Approx 15% complete for SRR5217329_1.fastq
Approx 20% complete for SRR5217329_1.fastq
Approx 25% complete for SRR5217329_1.fastq
Approx 30% complete for SRR5217329_1.fastq
Approx 35% complete for SRR5217329_1.fastq
Approx 40% complete for SRR5217329_1.fastq
Approx 45% complete for SRR5217329_1.fastq
Approx 50% complete for SRR5217329_1.fastq
Approx 55% complete for SRR5217329_1.fastq
Approx 60% complete for SRR5217329_1.fastq
Approx 65% complete for SRR5217329_1.fastq
Approx 70% complete for SRR5217329_1.fastq
Approx 75% complete for SRR5217329_1.fastq
Approx 80% complete for SRR5217329_1.fastq
Approx 85% complete for SRR5217329_1.fastq
Approx 90% complete for SRR5217329_1.fastq
Approx 95% complete for SRR5217329_1.fastq
Analysis complete for SRR5217329_1.fastq
Multicore support not enabled. Proceeding with single-core trimming.
Path to Cutadapt set as: 'cutadapt' (default)
Cutadapt seems to be working fine (tested command 'cutadapt --version')
No quality encoding type selected. Assuming that the data provided uses Sanger encoded Phred scores (default)



AUTO-DETECTING ADAPTER TYPE
===========================
Attempting to auto-detect adapter type from the first 1 million sequences of the first file (>> SRR5217329_1.fastq <<)

Found perfect matches for the following adapter sequences:
Adapter type	Count	Sequence	Sequences analysed	Percentage
Illumina	502	AGATCGGAAGAGC	1000000	0.05
Nextera	7	CTGTCTCTTATA	1000000	0.00
smallRNA	0	TGGAATTCTCGG	1000000	0.00
Using Illumina adapter for trimming (count: 502). Second best hit was Nextera (count: 7)

Writing report to 'SRR5217329_1.fastq_trimming_report.txt'

SUMMARISING RUN PARAMETERS
==========================
Input filename: SRR5217329_1.fastq
Trimming mode: single-end
Trim Galore version: 0.6.1
Cutadapt version: 1.18
Number of cores used for trimming: 1
Quality Phred score cutoff: 20
Quality encoding type selected: ASCII+33
Adapter sequence: 'AGATCGGAAGAGC' (Illumina TruSeq, Sanger iPCR; auto-detected)
Maximum trimming error rate: 0.1 (default)
Minimum required adapter overlap (stringency): 3 bp
Minimum required sequence length before a sequence gets removed: 24 bp

Writing final adapter and quality trimmed output to SRR5217329_1_trimmed.fq


  >>> Now performing quality (cutoff '-q 20') and adapter trimming in a single pass for the adapter sequence: 'AGATCGGAAGAGC' from file SRR5217329_1.fastq <<< 
10000000 sequences processed
20000000 sequences processed
30000000 sequences processed
This is cutadapt 1.18 with Python 2.7.11
Command line parameters: -j 1 -e 0.1 -q 20 -O 3 -a AGATCGGAAGAGC SRR5217329_1.fastq
Processing reads on 1 core in single-end mode ...
Finished in 2407.36 s (62 us/read; 0.97 M reads/minute).

=== Summary ===

Total reads processed:              38,985,476
Reads with adapters:                 1,167,580 (3.0%)
Reads written (passing filters):    38,985,476 (100.0%)

Total basepairs processed: 1,988,259,276 bp
Quality-trimmed:               1,351,730 bp (0.1%)
Total written (filtered):  1,982,236,542 bp (99.7%)

=== Adapter 1 ===

Sequence: AGATCGGAAGAGC; Type: regular 3'; Length: 13; Trimmed: 1167580 times.

No. of allowed errors:
0-9 bp: 0; 10-13 bp: 1

Bases preceding removed adapters:
  A: 27.3%
  C: 26.7%
  G: 27.3%
  T: 18.1%
  none/other: 0.6%

Overview of removed sequences
length	count	expect	max.err	error counts
3	888272	609148.1	0	888272
4	173740	152287.0	0	173740
5	38823	38071.8	0	38823
6	6804	9517.9	0	6804
7	5423	2379.5	0	5423
8	4665	594.9	0	4665
9	4973	148.7	0	4381 592
10	4858	37.2	1	3904 954
11	4119	9.3	1	3596 523
12	3705	2.3	1	3461 244
13	3215	0.6	1	3061 154
14	2930	0.6	1	2810 120
15	2628	0.6	1	2532 96
16	2366	0.6	1	2245 121
17	2213	0.6	1	2115 98
18	1932	0.6	1	1843 89
19	1829	0.6	1	1726 103
20	1518	0.6	1	1449 69
21	1292	0.6	1	1229 63
22	1188	0.6	1	1135 53
23	951	0.6	1	891 60
24	744	0.6	1	706 38
25	552	0.6	1	508 44
26	426	0.6	1	395 31
27	326	0.6	1	294 32
28	223	0.6	1	193 30
29	169	0.6	1	152 17
30	132	0.6	1	100 32
31	78	0.6	1	56 22
32	51	0.6	1	37 14
33	34	0.6	1	19 15
34	28	0.6	1	18 10
35	29	0.6	1	14 15
36	31	0.6	1	18 13
37	31	0.6	1	10 21
38	22	0.6	1	10 12
39	24	0.6	1	7 17
40	21	0.6	1	4 17
41	30	0.6	1	7 23
42	36	0.6	1	26 10
43	25	0.6	1	15 10
44	42	0.6	1	30 12
45	22	0.6	1	18 4
46	9	0.6	1	4 5
47	7	0.6	1	2 5
48	8	0.6	1	4 4
49	12	0.6	1	5 7
50	85	0.6	1	73 12
51	6939	0.6	1	6639 300


RUN STATISTICS FOR INPUT FILE: SRR5217329_1.fastq
=============================================
38985476 sequences processed in total
Sequences removed because they became shorter than the length cutoff of 24 bp:	13858 (0.0%)

Started analysis of SRR5217329_1_trimmed.fq
Approx 5% complete for SRR5217329_1_trimmed.fq
Approx 10% complete for SRR5217329_1_trimmed.fq
Approx 15% complete for SRR5217329_1_trimmed.fq
Approx 20% complete for SRR5217329_1_trimmed.fq
Approx 25% complete for SRR5217329_1_trimmed.fq
Approx 30% complete for SRR5217329_1_trimmed.fq
Approx 35% complete for SRR5217329_1_trimmed.fq
Approx 40% complete for SRR5217329_1_trimmed.fq
Approx 45% complete for SRR5217329_1_trimmed.fq
Approx 50% complete for SRR5217329_1_trimmed.fq
Approx 55% complete for SRR5217329_1_trimmed.fq
Approx 60% complete for SRR5217329_1_trimmed.fq
Approx 65% complete for SRR5217329_1_trimmed.fq
Approx 70% complete for SRR5217329_1_trimmed.fq
Approx 75% complete for SRR5217329_1_trimmed.fq
Approx 80% complete for SRR5217329_1_trimmed.fq
Approx 85% complete for SRR5217329_1_trimmed.fq
Approx 90% complete for SRR5217329_1_trimmed.fq
Approx 95% complete for SRR5217329_1_trimmed.fq
Analysis complete for SRR5217329_1_trimmed.fq
38971618 reads; of these:
  38971618 (100.00%) were unpaired; of these:
    687608 (1.76%) aligned 0 times
    25023903 (64.21%) aligned exactly 1 time
    13260107 (34.03%) aligned >1 times
98.24% overall alignment rate
[bam_sort_core] merging from 10 files and 1 in-memory blocks...
[bam_rmdupse_core] 5347822 / 38284010 = 0.1397 in library '	'
