Started analysis of SRR4437352_1.fastq
Approx 5% complete for SRR4437352_1.fastq
Approx 10% complete for SRR4437352_1.fastq
Approx 15% complete for SRR4437352_1.fastq
Approx 20% complete for SRR4437352_1.fastq
Approx 25% complete for SRR4437352_1.fastq
Approx 30% complete for SRR4437352_1.fastq
Approx 35% complete for SRR4437352_1.fastq
Approx 40% complete for SRR4437352_1.fastq
Approx 45% complete for SRR4437352_1.fastq
Approx 50% complete for SRR4437352_1.fastq
Approx 55% complete for SRR4437352_1.fastq
Approx 60% complete for SRR4437352_1.fastq
Approx 65% complete for SRR4437352_1.fastq
Approx 70% complete for SRR4437352_1.fastq
Approx 75% complete for SRR4437352_1.fastq
Approx 80% complete for SRR4437352_1.fastq
Approx 85% complete for SRR4437352_1.fastq
Approx 90% complete for SRR4437352_1.fastq
Approx 95% complete for SRR4437352_1.fastq
Analysis complete for SRR4437352_1.fastq
Multicore support not enabled. Proceeding with single-core trimming.
Path to Cutadapt set as: 'cutadapt' (default)
Cutadapt seems to be working fine (tested command 'cutadapt --version')
No quality encoding type selected. Assuming that the data provided uses Sanger encoded Phred scores (default)



AUTO-DETECTING ADAPTER TYPE
===========================
Attempting to auto-detect adapter type from the first 1 million sequences of the first file (>> SRR4437352_1.fastq <<)

Found perfect matches for the following adapter sequences:
Adapter type	Count	Sequence	Sequences analysed	Percentage
Illumina	2254	AGATCGGAAGAGC	1000000	0.23
Nextera	4	CTGTCTCTTATA	1000000	0.00
smallRNA	0	TGGAATTCTCGG	1000000	0.00
Using Illumina adapter for trimming (count: 2254). Second best hit was Nextera (count: 4)

Writing report to 'SRR4437352_1.fastq_trimming_report.txt'

SUMMARISING RUN PARAMETERS
==========================
Input filename: SRR4437352_1.fastq
Trimming mode: single-end
Trim Galore version: 0.6.1
Cutadapt version: 1.18
Number of cores used for trimming: 1
Quality Phred score cutoff: 20
Quality encoding type selected: ASCII+33
Adapter sequence: 'AGATCGGAAGAGC' (Illumina TruSeq, Sanger iPCR; auto-detected)
Maximum trimming error rate: 0.1 (default)
Minimum required adapter overlap (stringency): 3 bp
Minimum required sequence length before a sequence gets removed: 24 bp

Writing final adapter and quality trimmed output to SRR4437352_1_trimmed.fq


  >>> Now performing quality (cutoff '-q 20') and adapter trimming in a single pass for the adapter sequence: 'AGATCGGAAGAGC' from file SRR4437352_1.fastq <<< 
10000000 sequences processed
20000000 sequences processed
This is cutadapt 1.18 with Python 2.7.11
Command line parameters: -j 1 -e 0.1 -q 20 -O 3 -a AGATCGGAAGAGC SRR4437352_1.fastq
Processing reads on 1 core in single-end mode ...
Finished in 938.77 s (47 us/read; 1.29 M reads/minute).

=== Summary ===

Total reads processed:              20,144,233
Reads with adapters:                 1,130,514 (5.6%)
Reads written (passing filters):    20,144,233 (100.0%)

Total basepairs processed: 1,007,211,650 bp
Quality-trimmed:               4,450,960 bp (0.4%)
Total written (filtered):    990,774,881 bp (98.4%)

=== Adapter 1 ===

Sequence: AGATCGGAAGAGC; Type: regular 3'; Length: 13; Trimmed: 1130514 times.

No. of allowed errors:
0-9 bp: 0; 10-13 bp: 1

Bases preceding removed adapters:
  A: 19.9%
  C: 22.5%
  G: 26.2%
  T: 18.7%
  none/other: 12.7%

Overview of removed sequences
length	count	expect	max.err	error counts
3	539663	314753.6	0	539663
4	147635	78688.4	0	147635
5	70923	19672.1	0	70923
6	43762	4918.0	0	43762
7	33498	1229.5	0	33498
8	26370	307.4	0	26370
9	23013	76.8	0	22631 382
10	20511	19.2	1	19826 685
11	18420	4.8	1	17941 479
12	16027	1.2	1	15762 265
13	14035	0.3	1	13821 214
14	10915	0.3	1	10718 197
15	7679	0.3	1	7547 132
16	4734	0.3	1	4641 93
17	2806	0.3	1	2742 64
18	1658	0.3	1	1606 52
19	1171	0.3	1	1135 36
20	842	0.3	1	808 34
21	659	0.3	1	627 32
22	574	0.3	1	549 25
23	417	0.3	1	395 22
24	303	0.3	1	271 32
25	197	0.3	1	172 25
26	137	0.3	1	106 31
27	104	0.3	1	81 23
28	71	0.3	1	46 25
29	44	0.3	1	32 12
30	48	0.3	1	22 26
31	45	0.3	1	22 23
32	32	0.3	1	8 24
33	29	0.3	1	11 18
34	45	0.3	1	18 27
35	37	0.3	1	8 29
36	38	0.3	1	10 28
37	45	0.3	1	6 39
38	27	0.3	1	7 20
39	28	0.3	1	5 23
40	14	0.3	1	2 12
41	54	0.3	1	5 49
42	47	0.3	1	6 41
43	51	0.3	1	3 48
44	50	0.3	1	5 45
45	72	0.3	1	4 68
46	202	0.3	1	2 200
47	96	0.3	1	4 92
48	638	0.3	1	5 633
49	1243	0.3	1	1 1242
50	141505	0.3	1	3 141502


RUN STATISTICS FOR INPUT FILE: SRR4437352_1.fastq
=============================================
20144233 sequences processed in total
Sequences removed because they became shorter than the length cutoff of 24 bp:	190754 (0.9%)

Started analysis of SRR4437352_1_trimmed.fq
Approx 5% complete for SRR4437352_1_trimmed.fq
Approx 10% complete for SRR4437352_1_trimmed.fq
Approx 15% complete for SRR4437352_1_trimmed.fq
Approx 20% complete for SRR4437352_1_trimmed.fq
Approx 25% complete for SRR4437352_1_trimmed.fq
Approx 30% complete for SRR4437352_1_trimmed.fq
Approx 35% complete for SRR4437352_1_trimmed.fq
Approx 40% complete for SRR4437352_1_trimmed.fq
Approx 45% complete for SRR4437352_1_trimmed.fq
Approx 50% complete for SRR4437352_1_trimmed.fq
Approx 55% complete for SRR4437352_1_trimmed.fq
Approx 60% complete for SRR4437352_1_trimmed.fq
Approx 65% complete for SRR4437352_1_trimmed.fq
Approx 70% complete for SRR4437352_1_trimmed.fq
Approx 75% complete for SRR4437352_1_trimmed.fq
Approx 80% complete for SRR4437352_1_trimmed.fq
Approx 85% complete for SRR4437352_1_trimmed.fq
Approx 90% complete for SRR4437352_1_trimmed.fq
Approx 95% complete for SRR4437352_1_trimmed.fq
Analysis complete for SRR4437352_1_trimmed.fq
19953479 reads; of these:
  19953479 (100.00%) were unpaired; of these:
    216441 (1.08%) aligned 0 times
    14028693 (70.31%) aligned exactly 1 time
    5708345 (28.61%) aligned >1 times
98.92% overall alignment rate
[bam_sort_core] merging from 5 files and 1 in-memory blocks...
[bam_rmdupse_core] 1549139 / 19737038 = 0.0785 in library '	'
