Started analysis of SRR8240837_1.fastq
Approx 5% complete for SRR8240837_1.fastq
Approx 10% complete for SRR8240837_1.fastq
Approx 15% complete for SRR8240837_1.fastq
Approx 20% complete for SRR8240837_1.fastq
Approx 25% complete for SRR8240837_1.fastq
Approx 30% complete for SRR8240837_1.fastq
Approx 35% complete for SRR8240837_1.fastq
Approx 40% complete for SRR8240837_1.fastq
Approx 45% complete for SRR8240837_1.fastq
Approx 50% complete for SRR8240837_1.fastq
Approx 55% complete for SRR8240837_1.fastq
Approx 60% complete for SRR8240837_1.fastq
Approx 65% complete for SRR8240837_1.fastq
Approx 70% complete for SRR8240837_1.fastq
Approx 75% complete for SRR8240837_1.fastq
Approx 80% complete for SRR8240837_1.fastq
Approx 85% complete for SRR8240837_1.fastq
Approx 90% complete for SRR8240837_1.fastq
Approx 95% complete for SRR8240837_1.fastq
Analysis complete for SRR8240837_1.fastq
Multicore support not enabled. Proceeding with single-core trimming.
Path to Cutadapt set as: 'cutadapt' (default)
Cutadapt seems to be working fine (tested command 'cutadapt --version')
No quality encoding type selected. Assuming that the data provided uses Sanger encoded Phred scores (default)



AUTO-DETECTING ADAPTER TYPE
===========================
Attempting to auto-detect adapter type from the first 1 million sequences of the first file (>> SRR8240837_1.fastq <<)

Found perfect matches for the following adapter sequences:
Adapter type	Count	Sequence	Sequences analysed	Percentage
Nextera	3	CTGTCTCTTATA	1000000	0.00
smallRNA	2	TGGAATTCTCGG	1000000	0.00
Illumina	2	AGATCGGAAGAGC	1000000	0.00
Using Nextera adapter for trimming (count: 3). Second best hit was smallRNA (count: 2)

Writing report to 'SRR8240837_1.fastq_trimming_report.txt'

SUMMARISING RUN PARAMETERS
==========================
Input filename: SRR8240837_1.fastq
Trimming mode: single-end
Trim Galore version: 0.6.1
Cutadapt version: 1.18
Number of cores used for trimming: 1
Quality Phred score cutoff: 20
Quality encoding type selected: ASCII+33
Adapter sequence: 'CTGTCTCTTATA' (Nextera Transposase sequence; auto-detected)
Maximum trimming error rate: 0.1 (default)
Minimum required adapter overlap (stringency): 3 bp
Minimum required sequence length before a sequence gets removed: 24 bp

Writing final adapter and quality trimmed output to SRR8240837_1_trimmed.fq


  >>> Now performing quality (cutoff '-q 20') and adapter trimming in a single pass for the adapter sequence: 'CTGTCTCTTATA' from file SRR8240837_1.fastq <<< 
10000000 sequences processed
20000000 sequences processed
This is cutadapt 1.18 with Python 2.7.11
Command line parameters: -j 1 -e 0.1 -q 20 -O 3 -a CTGTCTCTTATA SRR8240837_1.fastq
Processing reads on 1 core in single-end mode ...
Finished in 1086.16 s (46 us/read; 1.31 M reads/minute).

=== Summary ===

Total reads processed:              23,774,700
Reads with adapters:                   631,841 (2.7%)
Reads written (passing filters):    23,774,700 (100.0%)

Total basepairs processed: 1,188,735,000 bp
Quality-trimmed:               1,487,124 bp (0.1%)
Total written (filtered):  1,184,898,125 bp (99.7%)

=== Adapter 1 ===

Sequence: CTGTCTCTTATA; Type: regular 3'; Length: 12; Trimmed: 631841 times.

No. of allowed errors:
0-9 bp: 0; 10-12 bp: 1

Bases preceding removed adapters:
  A: 22.2%
  C: 25.8%
  G: 23.3%
  T: 28.7%
  none/other: 0.1%

Overview of removed sequences
length	count	expect	max.err	error counts
3	474244	371479.7	0	474244
4	102684	92869.9	0	102684
5	24597	23217.5	0	24597
6	10467	5804.4	0	10467
7	5849	1451.1	0	5849
8	3255	362.8	0	3255
9	1016	90.7	0	321 695
10	1206	22.7	1	26 1180
11	693	5.7	1	15 678
12	227	1.4	1	3 224
13	242	1.4	1	3 239
14	227	1.4	1	2 225
15	189	1.4	1	0 189
16	289	1.4	1	5 284
17	158	1.4	1	2 156
18	179	1.4	1	5 174
19	218	1.4	1	0 218
20	280	1.4	1	1 279
21	234	1.4	1	0 234
22	197	1.4	1	4 193
23	315	1.4	1	2 313
24	178	1.4	1	0 178
25	143	1.4	1	3 140
26	158	1.4	1	2 156
27	176	1.4	1	0 176
28	274	1.4	1	6 268
29	137	1.4	1	3 134
30	181	1.4	1	6 175
31	179	1.4	1	7 172
32	232	1.4	1	5 227
33	363	1.4	1	1 362
34	179	1.4	1	3 176
35	177	1.4	1	3 174
36	153	1.4	1	5 148
37	232	1.4	1	2 230
38	305	1.4	1	4 301
39	142	1.4	1	3 139
40	148	1.4	1	2 146
41	144	1.4	1	2 142
42	206	1.4	1	0 206
43	158	1.4	1	0 158
44	162	1.4	1	1 161
45	184	1.4	1	2 182
46	193	1.4	1	3 190
47	223	1.4	1	2 221
48	241	1.4	1	1 240
49	154	1.4	1	1 153
50	53	1.4	1	2 51


RUN STATISTICS FOR INPUT FILE: SRR8240837_1.fastq
=============================================
23774700 sequences processed in total
Sequences removed because they became shorter than the length cutoff of 24 bp:	9453 (0.0%)

Started analysis of SRR8240837_1_trimmed.fq
Approx 5% complete for SRR8240837_1_trimmed.fq
Approx 10% complete for SRR8240837_1_trimmed.fq
Approx 15% complete for SRR8240837_1_trimmed.fq
Approx 20% complete for SRR8240837_1_trimmed.fq
Approx 25% complete for SRR8240837_1_trimmed.fq
Approx 30% complete for SRR8240837_1_trimmed.fq
Approx 35% complete for SRR8240837_1_trimmed.fq
Approx 40% complete for SRR8240837_1_trimmed.fq
Approx 45% complete for SRR8240837_1_trimmed.fq
Approx 50% complete for SRR8240837_1_trimmed.fq
Approx 55% complete for SRR8240837_1_trimmed.fq
Approx 60% complete for SRR8240837_1_trimmed.fq
Approx 65% complete for SRR8240837_1_trimmed.fq
Approx 70% complete for SRR8240837_1_trimmed.fq
Approx 75% complete for SRR8240837_1_trimmed.fq
Approx 80% complete for SRR8240837_1_trimmed.fq
Approx 85% complete for SRR8240837_1_trimmed.fq
Approx 90% complete for SRR8240837_1_trimmed.fq
Approx 95% complete for SRR8240837_1_trimmed.fq
Analysis complete for SRR8240837_1_trimmed.fq
23765247 reads; of these:
  23765247 (100.00%) were unpaired; of these:
    2039910 (8.58%) aligned 0 times
    11684614 (49.17%) aligned exactly 1 time
    10040723 (42.25%) aligned >1 times
91.42% overall alignment rate
[bam_sort_core] merging from 6 files and 1 in-memory blocks...
[bam_rmdupse_core] 6260805 / 21725337 = 0.2882 in library '	'
