Started analysis of SRR1124816_1.fastq
Approx 5% complete for SRR1124816_1.fastq
Approx 10% complete for SRR1124816_1.fastq
Approx 15% complete for SRR1124816_1.fastq
Approx 20% complete for SRR1124816_1.fastq
Approx 25% complete for SRR1124816_1.fastq
Approx 30% complete for SRR1124816_1.fastq
Approx 35% complete for SRR1124816_1.fastq
Approx 40% complete for SRR1124816_1.fastq
Approx 45% complete for SRR1124816_1.fastq
Approx 50% complete for SRR1124816_1.fastq
Approx 55% complete for SRR1124816_1.fastq
Approx 60% complete for SRR1124816_1.fastq
Approx 65% complete for SRR1124816_1.fastq
Approx 70% complete for SRR1124816_1.fastq
Approx 75% complete for SRR1124816_1.fastq
Approx 80% complete for SRR1124816_1.fastq
Approx 85% complete for SRR1124816_1.fastq
Approx 90% complete for SRR1124816_1.fastq
Approx 95% complete for SRR1124816_1.fastq
Analysis complete for SRR1124816_1.fastq
Multicore support not enabled. Proceeding with single-core trimming.
Path to Cutadapt set as: 'cutadapt' (default)
Cutadapt seems to be working fine (tested command 'cutadapt --version')
No quality encoding type selected. Assuming that the data provided uses Sanger encoded Phred scores (default)



AUTO-DETECTING ADAPTER TYPE
===========================
Attempting to auto-detect adapter type from the first 1 million sequences of the first file (>> SRR1124816_1.fastq <<)

Found perfect matches for the following adapter sequences:
Adapter type	Count	Sequence	Sequences analysed	Percentage
Illumina	41	AGATCGGAAGAGC	1000000	0.00
Nextera	6	CTGTCTCTTATA	1000000	0.00
smallRNA	1	TGGAATTCTCGG	1000000	0.00
Using Illumina adapter for trimming (count: 41). Second best hit was Nextera (count: 6)

Writing report to 'SRR1124816_1.fastq_trimming_report.txt'

SUMMARISING RUN PARAMETERS
==========================
Input filename: SRR1124816_1.fastq
Trimming mode: single-end
Trim Galore version: 0.6.1
Cutadapt version: 1.18
Number of cores used for trimming: 1
Quality Phred score cutoff: 20
Quality encoding type selected: ASCII+33
Adapter sequence: 'AGATCGGAAGAGC' (Illumina TruSeq, Sanger iPCR; auto-detected)
Maximum trimming error rate: 0.1 (default)
Minimum required adapter overlap (stringency): 3 bp
Minimum required sequence length before a sequence gets removed: 24 bp

Writing final adapter and quality trimmed output to SRR1124816_1_trimmed.fq


  >>> Now performing quality (cutoff '-q 20') and adapter trimming in a single pass for the adapter sequence: 'AGATCGGAAGAGC' from file SRR1124816_1.fastq <<< 
10000000 sequences processed
20000000 sequences processed
30000000 sequences processed
40000000 sequences processed
50000000 sequences processed
This is cutadapt 1.18 with Python 2.7.11
Command line parameters: -j 1 -e 0.1 -q 20 -O 3 -a AGATCGGAAGAGC SRR1124816_1.fastq
Processing reads on 1 core in single-end mode ...
Finished in 3945.87 s (79 us/read; 0.76 M reads/minute).

=== Summary ===

Total reads processed:              50,018,609
Reads with adapters:                 1,456,591 (2.9%)
Reads written (passing filters):    50,018,609 (100.0%)

Total basepairs processed: 2,500,930,450 bp
Quality-trimmed:              10,993,022 bp (0.4%)
Total written (filtered):  2,482,869,260 bp (99.3%)

=== Adapter 1 ===

Sequence: AGATCGGAAGAGC; Type: regular 3'; Length: 13; Trimmed: 1456591 times.

No. of allowed errors:
0-9 bp: 0; 10-13 bp: 1

Bases preceding removed adapters:
  A: 27.8%
  C: 26.2%
  G: 25.0%
  T: 17.6%
  none/other: 3.4%

Overview of removed sequences
length	count	expect	max.err	error counts
3	1129119	781540.8	0	1129119
4	223261	195385.2	0	223261
5	43963	48846.3	0	43963
6	2275	12211.6	0	2275
7	944	3052.9	0	944
8	628	763.2	0	628
9	1317	190.8	0	575 742
10	1473	47.7	1	462 1011
11	864	11.9	1	395 469
12	489	3.0	1	362 127
13	284	0.7	1	251 33
14	250	0.7	1	225 25
15	234	0.7	1	208 26
16	201	0.7	1	160 41
17	153	0.7	1	122 31
18	150	0.7	1	116 34
19	113	0.7	1	82 31
20	113	0.7	1	71 42
21	85	0.7	1	53 32
22	76	0.7	1	41 35
23	54	0.7	1	19 35
24	57	0.7	1	23 34
25	59	0.7	1	15 44
26	62	0.7	1	12 50
27	72	0.7	1	12 60
28	64	0.7	1	8 56
29	77	0.7	1	6 71
30	54	0.7	1	5 49
31	248	0.7	1	4 244
32	73	0.7	1	2 71
33	73	0.7	1	5 68
34	137	0.7	1	3 134
35	126	0.7	1	4 122
36	106	0.7	1	3 103
37	117	0.7	1	1 116
38	141	0.7	1	8 133
39	103	0.7	1	3 100
40	110	0.7	1	3 107
41	166	0.7	1	6 160
42	250	0.7	1	1 249
43	468	0.7	1	1 467
44	1183	0.7	1	1 1182
45	1302	0.7	1	3 1299
46	519	0.7	1	0 519
47	608	0.7	1	2 606
48	716	0.7	1	2 714
49	665	0.7	1	0 665
50	42989	0.7	1	6 42983


RUN STATISTICS FOR INPUT FILE: SRR1124816_1.fastq
=============================================
50018609 sequences processed in total
Sequences removed because they became shorter than the length cutoff of 24 bp:	80530 (0.2%)

Started analysis of SRR1124816_1_trimmed.fq
Approx 5% complete for SRR1124816_1_trimmed.fq
Approx 10% complete for SRR1124816_1_trimmed.fq
Approx 15% complete for SRR1124816_1_trimmed.fq
Approx 20% complete for SRR1124816_1_trimmed.fq
Approx 25% complete for SRR1124816_1_trimmed.fq
Approx 30% complete for SRR1124816_1_trimmed.fq
Approx 35% complete for SRR1124816_1_trimmed.fq
Approx 40% complete for SRR1124816_1_trimmed.fq
Approx 45% complete for SRR1124816_1_trimmed.fq
Approx 50% complete for SRR1124816_1_trimmed.fq
Approx 55% complete for SRR1124816_1_trimmed.fq
Approx 60% complete for SRR1124816_1_trimmed.fq
Approx 65% complete for SRR1124816_1_trimmed.fq
Approx 70% complete for SRR1124816_1_trimmed.fq
Approx 75% complete for SRR1124816_1_trimmed.fq
Approx 80% complete for SRR1124816_1_trimmed.fq
Approx 85% complete for SRR1124816_1_trimmed.fq
Approx 90% complete for SRR1124816_1_trimmed.fq
Approx 95% complete for SRR1124816_1_trimmed.fq
Analysis complete for SRR1124816_1_trimmed.fq
49938079 reads; of these:
  49938079 (100.00%) were unpaired; of these:
    530049 (1.06%) aligned 0 times
    34886562 (69.86%) aligned exactly 1 time
    14521468 (29.08%) aligned >1 times
98.94% overall alignment rate
[bam_sort_core] merging from 13 files and 1 in-memory blocks...
[bam_rmdupse_core] 6199945 / 49408030 = 0.1255 in library '	'
