Started analysis of SRR5905842_1.fastq
Approx 5% complete for SRR5905842_1.fastq
Approx 10% complete for SRR5905842_1.fastq
Approx 15% complete for SRR5905842_1.fastq
Approx 20% complete for SRR5905842_1.fastq
Approx 25% complete for SRR5905842_1.fastq
Approx 30% complete for SRR5905842_1.fastq
Approx 35% complete for SRR5905842_1.fastq
Approx 40% complete for SRR5905842_1.fastq
Approx 45% complete for SRR5905842_1.fastq
Approx 50% complete for SRR5905842_1.fastq
Approx 55% complete for SRR5905842_1.fastq
Approx 60% complete for SRR5905842_1.fastq
Approx 65% complete for SRR5905842_1.fastq
Approx 70% complete for SRR5905842_1.fastq
Approx 75% complete for SRR5905842_1.fastq
Approx 80% complete for SRR5905842_1.fastq
Approx 85% complete for SRR5905842_1.fastq
Approx 90% complete for SRR5905842_1.fastq
Approx 95% complete for SRR5905842_1.fastq
Analysis complete for SRR5905842_1.fastq
Multicore support not enabled. Proceeding with single-core trimming.
Path to Cutadapt set as: 'cutadapt' (default)
Cutadapt seems to be working fine (tested command 'cutadapt --version')
No quality encoding type selected. Assuming that the data provided uses Sanger encoded Phred scores (default)



AUTO-DETECTING ADAPTER TYPE
===========================
Attempting to auto-detect adapter type from the first 1 million sequences of the first file (>> SRR5905842_1.fastq <<)

Found perfect matches for the following adapter sequences:
Adapter type	Count	Sequence	Sequences analysed	Percentage
Illumina	2	AGATCGGAAGAGC	1000000	0.00
Nextera	1	CTGTCTCTTATA	1000000	0.00
smallRNA	0	TGGAATTCTCGG	1000000	0.00
Using Illumina adapter for trimming (count: 2). Second best hit was Nextera (count: 1)

Writing report to 'SRR5905842_1.fastq_trimming_report.txt'

SUMMARISING RUN PARAMETERS
==========================
Input filename: SRR5905842_1.fastq
Trimming mode: single-end
Trim Galore version: 0.6.1
Cutadapt version: 1.18
Number of cores used for trimming: 1
Quality Phred score cutoff: 20
Quality encoding type selected: ASCII+33
Adapter sequence: 'AGATCGGAAGAGC' (Illumina TruSeq, Sanger iPCR; auto-detected)
Maximum trimming error rate: 0.1 (default)
Minimum required adapter overlap (stringency): 3 bp
Minimum required sequence length before a sequence gets removed: 24 bp

Writing final adapter and quality trimmed output to SRR5905842_1_trimmed.fq


  >>> Now performing quality (cutoff '-q 20') and adapter trimming in a single pass for the adapter sequence: 'AGATCGGAAGAGC' from file SRR5905842_1.fastq <<< 
10000000 sequences processed
20000000 sequences processed
This is cutadapt 1.18 with Python 2.7.11
Command line parameters: -j 1 -e 0.1 -q 20 -O 3 -a AGATCGGAAGAGC SRR5905842_1.fastq
Processing reads on 1 core in single-end mode ...
Finished in 1056.00 s (40 us/read; 1.48 M reads/minute).

=== Summary ===

Total reads processed:              26,110,273
Reads with adapters:                   719,672 (2.8%)
Reads written (passing filters):    26,110,273 (100.0%)

Total basepairs processed:   652,756,825 bp
Quality-trimmed:              10,514,987 bp (1.6%)
Total written (filtered):    639,904,589 bp (98.0%)

=== Adapter 1 ===

Sequence: AGATCGGAAGAGC; Type: regular 3'; Length: 13; Trimmed: 719672 times.

No. of allowed errors:
0-9 bp: 0; 10-13 bp: 1

Bases preceding removed adapters:
  A: 28.6%
  C: 27.4%
  G: 27.6%
  T: 16.4%
  none/other: 0.0%

Overview of removed sequences
length	count	expect	max.err	error counts
3	585292	407973.0	0	585292
4	107848	101993.3	0	107848
5	22342	25498.3	0	22342
6	1929	6374.6	0	1929
7	248	1593.6	0	248
8	61	398.4	0	61
9	432	99.6	0	29 403
10	592	24.9	1	24 568
11	436	6.2	1	156 280
12	57	1.6	1	10 47
13	44	0.4	1	12 32
14	27	0.4	1	6 21
15	14	0.4	1	6 8
16	21	0.4	1	1 20
17	6	0.4	1	2 4
18	13	0.4	1	5 8
19	9	0.4	1	2 7
20	31	0.4	1	4 27
21	21	0.4	1	5 16
22	17	0.4	1	2 15
23	21	0.4	1	7 14
24	11	0.4	1	0 11
25	200	0.4	1	0 200


RUN STATISTICS FOR INPUT FILE: SRR5905842_1.fastq
=============================================
26110273 sequences processed in total
Sequences removed because they became shorter than the length cutoff of 24 bp:	1283075 (4.9%)

Started analysis of SRR5905842_1_trimmed.fq
Approx 5% complete for SRR5905842_1_trimmed.fq
Approx 10% complete for SRR5905842_1_trimmed.fq
Approx 15% complete for SRR5905842_1_trimmed.fq
Approx 20% complete for SRR5905842_1_trimmed.fq
Approx 25% complete for SRR5905842_1_trimmed.fq
Approx 30% complete for SRR5905842_1_trimmed.fq
Approx 35% complete for SRR5905842_1_trimmed.fq
Approx 40% complete for SRR5905842_1_trimmed.fq
Approx 45% complete for SRR5905842_1_trimmed.fq
Approx 50% complete for SRR5905842_1_trimmed.fq
Approx 55% complete for SRR5905842_1_trimmed.fq
Approx 60% complete for SRR5905842_1_trimmed.fq
Approx 65% complete for SRR5905842_1_trimmed.fq
Approx 70% complete for SRR5905842_1_trimmed.fq
Approx 75% complete for SRR5905842_1_trimmed.fq
Approx 80% complete for SRR5905842_1_trimmed.fq
Approx 85% complete for SRR5905842_1_trimmed.fq
Approx 90% complete for SRR5905842_1_trimmed.fq
Approx 95% complete for SRR5905842_1_trimmed.fq
Analysis complete for SRR5905842_1_trimmed.fq
24827198 reads; of these:
  24827198 (100.00%) were unpaired; of these:
    537604 (2.17%) aligned 0 times
    15773162 (63.53%) aligned exactly 1 time
    8516432 (34.30%) aligned >1 times
97.83% overall alignment rate
[bam_sort_core] merging from 5 files and 1 in-memory blocks...
[bam_rmdupse_core] 16131439 / 24289594 = 0.6641 in library '	'
