Started analysis of SRR955624_1.fastq
Approx 5% complete for SRR955624_1.fastq
Approx 10% complete for SRR955624_1.fastq
Approx 15% complete for SRR955624_1.fastq
Approx 20% complete for SRR955624_1.fastq
Approx 25% complete for SRR955624_1.fastq
Approx 30% complete for SRR955624_1.fastq
Approx 35% complete for SRR955624_1.fastq
Approx 40% complete for SRR955624_1.fastq
Approx 45% complete for SRR955624_1.fastq
Approx 50% complete for SRR955624_1.fastq
Approx 55% complete for SRR955624_1.fastq
Approx 60% complete for SRR955624_1.fastq
Approx 65% complete for SRR955624_1.fastq
Approx 70% complete for SRR955624_1.fastq
Approx 75% complete for SRR955624_1.fastq
Approx 80% complete for SRR955624_1.fastq
Approx 85% complete for SRR955624_1.fastq
Approx 90% complete for SRR955624_1.fastq
Approx 95% complete for SRR955624_1.fastq
Analysis complete for SRR955624_1.fastq
Multicore support not enabled. Proceeding with single-core trimming.
Path to Cutadapt set as: 'cutadapt' (default)
Cutadapt seems to be working fine (tested command 'cutadapt --version')
No quality encoding type selected. Assuming that the data provided uses Sanger encoded Phred scores (default)



AUTO-DETECTING ADAPTER TYPE
===========================
Attempting to auto-detect adapter type from the first 1 million sequences of the first file (>> SRR955624_1.fastq <<)

Found perfect matches for the following adapter sequences:
Adapter type	Count	Sequence	Sequences analysed	Percentage
Illumina	6	AGATCGGAAGAGC	1000000	0.00
smallRNA	2	TGGAATTCTCGG	1000000	0.00
Nextera	2	CTGTCTCTTATA	1000000	0.00
Using Illumina adapter for trimming (count: 6). Second best hit was smallRNA (count: 2)

Writing report to 'SRR955624_1.fastq_trimming_report.txt'

SUMMARISING RUN PARAMETERS
==========================
Input filename: SRR955624_1.fastq
Trimming mode: single-end
Trim Galore version: 0.6.1
Cutadapt version: 1.18
Number of cores used for trimming: 1
Quality Phred score cutoff: 20
Quality encoding type selected: ASCII+33
Adapter sequence: 'AGATCGGAAGAGC' (Illumina TruSeq, Sanger iPCR; auto-detected)
Maximum trimming error rate: 0.1 (default)
Minimum required adapter overlap (stringency): 3 bp
Minimum required sequence length before a sequence gets removed: 24 bp

Writing final adapter and quality trimmed output to SRR955624_1_trimmed.fq


  >>> Now performing quality (cutoff '-q 20') and adapter trimming in a single pass for the adapter sequence: 'AGATCGGAAGAGC' from file SRR955624_1.fastq <<< 
10000000 sequences processed
20000000 sequences processed
30000000 sequences processed
This is cutadapt 1.18 with Python 2.7.11
Command line parameters: -j 1 -e 0.1 -q 20 -O 3 -a AGATCGGAAGAGC SRR955624_1.fastq
Processing reads on 1 core in single-end mode ...
Finished in 996.27 s (31 us/read; 1.92 M reads/minute).

=== Summary ===

Total reads processed:              31,882,974
Reads with adapters:                   875,634 (2.7%)
Reads written (passing filters):    31,882,974 (100.0%)

Total basepairs processed: 1,339,084,908 bp
Quality-trimmed:              35,665,572 bp (2.7%)
Total written (filtered):  1,300,519,987 bp (97.1%)

=== Adapter 1 ===

Sequence: AGATCGGAAGAGC; Type: regular 3'; Length: 13; Trimmed: 875634 times.

No. of allowed errors:
0-9 bp: 0; 10-13 bp: 1

Bases preceding removed adapters:
  A: 28.8%
  C: 26.1%
  G: 26.5%
  T: 18.5%
  none/other: 0.2%

Overview of removed sequences
length	count	expect	max.err	error counts
3	703929	498171.5	0	703929
4	138313	124542.9	0	138313
5	27332	31135.7	0	27332
6	1347	7783.9	0	1347
7	417	1946.0	0	417
8	202	486.5	0	202
9	623	121.6	0	124 499
10	760	30.4	1	113 647
11	429	7.6	1	79 350
12	133	1.9	1	68 65
13	64	0.5	1	35 29
14	61	0.5	1	40 21
15	60	0.5	1	24 36
16	35	0.5	1	15 20
17	40	0.5	1	13 27
18	35	0.5	1	16 19
19	30	0.5	1	9 21
20	41	0.5	1	9 32
21	34	0.5	1	9 25
22	31	0.5	1	7 24
23	39	0.5	1	10 29
24	30	0.5	1	6 24
25	66	0.5	1	8 58
26	40	0.5	1	11 29
27	36	0.5	1	5 31
28	45	0.5	1	5 40
29	61	0.5	1	7 54
30	85	0.5	1	9 76
31	41	0.5	1	4 37
32	157	0.5	1	6 151
33	281	0.5	1	33 248
34	126	0.5	1	2 124
35	221	0.5	1	4 217
36	36	0.5	1	0 36
37	42	0.5	1	4 38
38	41	0.5	1	4 37
39	30	0.5	1	2 28
40	24	0.5	1	4 20
41	28	0.5	1	0 28
42	289	0.5	1	0 289


RUN STATISTICS FOR INPUT FILE: SRR955624_1.fastq
=============================================
31882974 sequences processed in total
Sequences removed because they became shorter than the length cutoff of 24 bp:	775040 (2.4%)

Started analysis of SRR955624_1_trimmed.fq
Approx 5% complete for SRR955624_1_trimmed.fq
Approx 10% complete for SRR955624_1_trimmed.fq
Approx 15% complete for SRR955624_1_trimmed.fq
Approx 20% complete for SRR955624_1_trimmed.fq
Approx 25% complete for SRR955624_1_trimmed.fq
Approx 30% complete for SRR955624_1_trimmed.fq
Approx 35% complete for SRR955624_1_trimmed.fq
Approx 40% complete for SRR955624_1_trimmed.fq
Approx 45% complete for SRR955624_1_trimmed.fq
Approx 50% complete for SRR955624_1_trimmed.fq
Approx 55% complete for SRR955624_1_trimmed.fq
Approx 60% complete for SRR955624_1_trimmed.fq
Approx 65% complete for SRR955624_1_trimmed.fq
Approx 70% complete for SRR955624_1_trimmed.fq
Approx 75% complete for SRR955624_1_trimmed.fq
Approx 80% complete for SRR955624_1_trimmed.fq
Approx 85% complete for SRR955624_1_trimmed.fq
Approx 90% complete for SRR955624_1_trimmed.fq
Approx 95% complete for SRR955624_1_trimmed.fq
Analysis complete for SRR955624_1_trimmed.fq
31107934 reads; of these:
  31107934 (100.00%) were unpaired; of these:
    854195 (2.75%) aligned 0 times
    19942160 (64.11%) aligned exactly 1 time
    10311579 (33.15%) aligned >1 times
97.25% overall alignment rate
[bam_sort_core] merging from 8 files and 1 in-memory blocks...
[bam_rmdupse_core] 6148826 / 30253739 = 0.2032 in library '	'
