Started analysis of SRR2075570_1.fastq
Approx 5% complete for SRR2075570_1.fastq
Approx 10% complete for SRR2075570_1.fastq
Approx 15% complete for SRR2075570_1.fastq
Approx 20% complete for SRR2075570_1.fastq
Approx 25% complete for SRR2075570_1.fastq
Approx 30% complete for SRR2075570_1.fastq
Approx 35% complete for SRR2075570_1.fastq
Approx 40% complete for SRR2075570_1.fastq
Approx 45% complete for SRR2075570_1.fastq
Approx 50% complete for SRR2075570_1.fastq
Approx 55% complete for SRR2075570_1.fastq
Approx 60% complete for SRR2075570_1.fastq
Approx 65% complete for SRR2075570_1.fastq
Approx 70% complete for SRR2075570_1.fastq
Approx 75% complete for SRR2075570_1.fastq
Approx 80% complete for SRR2075570_1.fastq
Approx 85% complete for SRR2075570_1.fastq
Approx 90% complete for SRR2075570_1.fastq
Approx 95% complete for SRR2075570_1.fastq
Analysis complete for SRR2075570_1.fastq
Multicore support not enabled. Proceeding with single-core trimming.
Path to Cutadapt set as: 'cutadapt' (default)
Cutadapt seems to be working fine (tested command 'cutadapt --version')
No quality encoding type selected. Assuming that the data provided uses Sanger encoded Phred scores (default)



AUTO-DETECTING ADAPTER TYPE
===========================
Attempting to auto-detect adapter type from the first 1 million sequences of the first file (>> SRR2075570_1.fastq <<)

Found perfect matches for the following adapter sequences:
Adapter type	Count	Sequence	Sequences analysed	Percentage
Illumina	319	AGATCGGAAGAGC	1000000	0.03
Nextera	6	CTGTCTCTTATA	1000000	0.00
smallRNA	1	TGGAATTCTCGG	1000000	0.00
Using Illumina adapter for trimming (count: 319). Second best hit was Nextera (count: 6)

Writing report to 'SRR2075570_1.fastq_trimming_report.txt'

SUMMARISING RUN PARAMETERS
==========================
Input filename: SRR2075570_1.fastq
Trimming mode: single-end
Trim Galore version: 0.6.1
Cutadapt version: 1.18
Number of cores used for trimming: 1
Quality Phred score cutoff: 20
Quality encoding type selected: ASCII+33
Adapter sequence: 'AGATCGGAAGAGC' (Illumina TruSeq, Sanger iPCR; auto-detected)
Maximum trimming error rate: 0.1 (default)
Minimum required adapter overlap (stringency): 3 bp
Minimum required sequence length before a sequence gets removed: 24 bp

Writing final adapter and quality trimmed output to SRR2075570_1_trimmed.fq


  >>> Now performing quality (cutoff '-q 20') and adapter trimming in a single pass for the adapter sequence: 'AGATCGGAAGAGC' from file SRR2075570_1.fastq <<< 
10000000 sequences processed
20000000 sequences processed
30000000 sequences processed
40000000 sequences processed
50000000 sequences processed
60000000 sequences processed
70000000 sequences processed
80000000 sequences processed
This is cutadapt 1.18 with Python 2.7.11
Command line parameters: -j 1 -e 0.1 -q 20 -O 3 -a AGATCGGAAGAGC SRR2075570_1.fastq
Processing reads on 1 core in single-end mode ...
Finished in 3294.58 s (39 us/read; 1.53 M reads/minute).

=== Summary ===

Total reads processed:              84,058,604
Reads with adapters:                 3,230,602 (3.8%)
Reads written (passing filters):    84,058,604 (100.0%)

Total basepairs processed: 6,388,453,904 bp
Quality-trimmed:             111,051,104 bp (1.7%)
Total written (filtered):  6,253,163,537 bp (97.9%)

=== Adapter 1 ===

Sequence: AGATCGGAAGAGC; Type: regular 3'; Length: 13; Trimmed: 3230602 times.

No. of allowed errors:
0-9 bp: 0; 10-13 bp: 1

Bases preceding removed adapters:
  A: 22.9%
  C: 29.8%
  G: 24.0%
  T: 19.9%
  none/other: 3.4%

Overview of removed sequences
length	count	expect	max.err	error counts
3	1637522	1313415.7	0	1637522
4	461356	328353.9	0	461356
5	205873	82088.5	0	205873
6	138496	20522.1	0	138496
7	113166	5130.5	0	113166
8	92651	1282.6	0	92651
9	85554	320.7	0	83411 2143
10	65488	80.2	1	62622 2866
11	55766	20.0	1	53932 1834
12	47329	5.0	1	46122 1207
13	37948	1.3	1	37042 906
14	31431	1.3	1	30661 770
15	25526	1.3	1	24842 684
16	20860	1.3	1	20279 581
17	18126	1.3	1	17607 519
18	13559	1.3	1	13189 370
19	10172	1.3	1	9861 311
20	8284	1.3	1	8025 259
21	6605	1.3	1	6390 215
22	5674	1.3	1	5459 215
23	4522	1.3	1	4341 181
24	3903	1.3	1	3755 148
25	3420	1.3	1	3254 166
26	3017	1.3	1	2839 178
27	2556	1.3	1	2400 156
28	2228	1.3	1	2074 154
29	1894	1.3	1	1758 136
30	1586	1.3	1	1459 127
31	1254	1.3	1	1125 129
32	1168	1.3	1	1057 111
33	936	1.3	1	824 112
34	910	1.3	1	789 121
35	810	1.3	1	674 136
36	691	1.3	1	533 158
37	925	1.3	1	817 108
38	572	1.3	1	424 148
39	531	1.3	1	394 137
40	454	1.3	1	309 145
41	426	1.3	1	221 205
42	384	1.3	1	226 158
43	404	1.3	1	194 210
44	818	1.3	1	366 452
45	1506	1.3	1	1138 368
46	649	1.3	1	391 258
47	481	1.3	1	173 308
48	626	1.3	1	172 454
49	938	1.3	1	569 369
50	687	1.3	1	173 514
51	1434	1.3	1	151 1283
52	1627	1.3	1	187 1440
53	1275	1.3	1	459 816
54	2032	1.3	1	952 1080
55	914	1.3	1	187 727
56	3113	1.3	1	189 2924
57	1252	1.3	1	148 1104
58	1710	1.3	1	81 1629
59	618	1.3	1	85 533
60	654	1.3	1	47 607
61	1069	1.3	1	55 1014
62	4007	1.3	1	114 3893
63	3073	1.3	1	97 2976
64	1753	1.3	1	263 1490
65	1726	1.3	1	43 1683
66	3564	1.3	1	31 3533
67	8802	1.3	1	112 8690
68	12975	1.3	1	45 12930
69	15112	1.3	1	78 15034
70	9422	1.3	1	53 9369
71	10486	1.3	1	30 10456
72	15077	1.3	1	41 15036
73	6182	1.3	1	44 6138
74	899	1.3	1	19 880
75	417	1.3	1	5 412
76	1727	1.3	1	15 1712


RUN STATISTICS FOR INPUT FILE: SRR2075570_1.fastq
=============================================
84058604 sequences processed in total
Sequences removed because they became shorter than the length cutoff of 24 bp:	203096 (0.2%)

Started analysis of SRR2075570_1_trimmed.fq
Approx 5% complete for SRR2075570_1_trimmed.fq
Approx 10% complete for SRR2075570_1_trimmed.fq
Approx 15% complete for SRR2075570_1_trimmed.fq
Approx 20% complete for SRR2075570_1_trimmed.fq
Approx 25% complete for SRR2075570_1_trimmed.fq
Approx 30% complete for SRR2075570_1_trimmed.fq
Approx 35% complete for SRR2075570_1_trimmed.fq
Approx 40% complete for SRR2075570_1_trimmed.fq
Approx 45% complete for SRR2075570_1_trimmed.fq
Approx 50% complete for SRR2075570_1_trimmed.fq
Approx 55% complete for SRR2075570_1_trimmed.fq
Approx 60% complete for SRR2075570_1_trimmed.fq
Approx 65% complete for SRR2075570_1_trimmed.fq
Approx 70% complete for SRR2075570_1_trimmed.fq
Approx 75% complete for SRR2075570_1_trimmed.fq
Approx 80% complete for SRR2075570_1_trimmed.fq
Approx 85% complete for SRR2075570_1_trimmed.fq
Approx 90% complete for SRR2075570_1_trimmed.fq
Approx 95% complete for SRR2075570_1_trimmed.fq
Analysis complete for SRR2075570_1_trimmed.fq
83855508 reads; of these:
  83855508 (100.00%) were unpaired; of these:
    53024442 (63.23%) aligned 0 times
    21154150 (25.23%) aligned exactly 1 time
    9676916 (11.54%) aligned >1 times
36.77% overall alignment rate
[bam_sort_core] merging from 24 files and 1 in-memory blocks...
[bam_rmdupse_core] 7898449 / 30831066 = 0.2562 in library '	'
