Started analysis of SRR2075584_1.fastq
Approx 5% complete for SRR2075584_1.fastq
Approx 10% complete for SRR2075584_1.fastq
Approx 15% complete for SRR2075584_1.fastq
Approx 20% complete for SRR2075584_1.fastq
Approx 25% complete for SRR2075584_1.fastq
Approx 30% complete for SRR2075584_1.fastq
Approx 35% complete for SRR2075584_1.fastq
Approx 40% complete for SRR2075584_1.fastq
Approx 45% complete for SRR2075584_1.fastq
Approx 50% complete for SRR2075584_1.fastq
Approx 55% complete for SRR2075584_1.fastq
Approx 60% complete for SRR2075584_1.fastq
Approx 65% complete for SRR2075584_1.fastq
Approx 70% complete for SRR2075584_1.fastq
Approx 75% complete for SRR2075584_1.fastq
Approx 80% complete for SRR2075584_1.fastq
Approx 85% complete for SRR2075584_1.fastq
Approx 90% complete for SRR2075584_1.fastq
Approx 95% complete for SRR2075584_1.fastq
Analysis complete for SRR2075584_1.fastq
Multicore support not enabled. Proceeding with single-core trimming.
Path to Cutadapt set as: 'cutadapt' (default)
Cutadapt seems to be working fine (tested command 'cutadapt --version')
No quality encoding type selected. Assuming that the data provided uses Sanger encoded Phred scores (default)



AUTO-DETECTING ADAPTER TYPE
===========================
Attempting to auto-detect adapter type from the first 1 million sequences of the first file (>> SRR2075584_1.fastq <<)

Found perfect matches for the following adapter sequences:
Adapter type	Count	Sequence	Sequences analysed	Percentage
Illumina	1467	AGATCGGAAGAGC	1000000	0.15
Nextera	5	CTGTCTCTTATA	1000000	0.00
smallRNA	0	TGGAATTCTCGG	1000000	0.00
Using Illumina adapter for trimming (count: 1467). Second best hit was Nextera (count: 5)

Writing report to 'SRR2075584_1.fastq_trimming_report.txt'

SUMMARISING RUN PARAMETERS
==========================
Input filename: SRR2075584_1.fastq
Trimming mode: single-end
Trim Galore version: 0.6.1
Cutadapt version: 1.18
Number of cores used for trimming: 1
Quality Phred score cutoff: 20
Quality encoding type selected: ASCII+33
Adapter sequence: 'AGATCGGAAGAGC' (Illumina TruSeq, Sanger iPCR; auto-detected)
Maximum trimming error rate: 0.1 (default)
Minimum required adapter overlap (stringency): 3 bp
Minimum required sequence length before a sequence gets removed: 24 bp

Writing final adapter and quality trimmed output to SRR2075584_1_trimmed.fq


  >>> Now performing quality (cutoff '-q 20') and adapter trimming in a single pass for the adapter sequence: 'AGATCGGAAGAGC' from file SRR2075584_1.fastq <<< 
10000000 sequences processed
20000000 sequences processed
This is cutadapt 1.18 with Python 2.7.11
Command line parameters: -j 1 -e 0.1 -q 20 -O 3 -a AGATCGGAAGAGC SRR2075584_1.fastq
Processing reads on 1 core in single-end mode ...
Finished in 793.48 s (28 us/read; 2.17 M reads/minute).

=== Summary ===

Total reads processed:              28,633,994
Reads with adapters:                 1,139,578 (4.0%)
Reads written (passing filters):    28,633,994 (100.0%)

Total basepairs processed: 2,176,183,544 bp
Quality-trimmed:              15,660,232 bp (0.7%)
Total written (filtered):  2,153,544,233 bp (99.0%)

=== Adapter 1 ===

Sequence: AGATCGGAAGAGC; Type: regular 3'; Length: 13; Trimmed: 1139578 times.

No. of allowed errors:
0-9 bp: 0; 10-13 bp: 1

Bases preceding removed adapters:
  A: 28.8%
  C: 23.0%
  G: 25.8%
  T: 22.2%
  none/other: 0.2%

Overview of removed sequences
length	count	expect	max.err	error counts
3	665909	447406.2	0	665909
4	150903	111851.5	0	150903
5	45851	27962.9	0	45851
6	23557	6990.7	0	23557
7	20629	1747.7	0	20629
8	20126	436.9	0	20126
9	19550	109.2	0	19086 464
10	18049	27.3	1	17246 803
11	17159	6.8	1	16623 536
12	15989	1.7	1	15656 333
13	14039	0.4	1	13728 311
14	13193	0.4	1	12895 298
15	12606	0.4	1	12331 275
16	11933	0.4	1	11662 271
17	11216	0.4	1	10915 301
18	10094	0.4	1	9855 239
19	8561	0.4	1	8347 214
20	7399	0.4	1	7224 175
21	6723	0.4	1	6572 151
22	5960	0.4	1	5824 136
23	5240	0.4	1	5115 125
24	4707	0.4	1	4582 125
25	4026	0.4	1	3913 113
26	3407	0.4	1	3314 93
27	3002	0.4	1	2908 94
28	2481	0.4	1	2413 68
29	2188	0.4	1	2124 64
30	1776	0.4	1	1723 53
31	1446	0.4	1	1389 57
32	1239	0.4	1	1190 49
33	1012	0.4	1	974 38
34	935	0.4	1	889 46
35	826	0.4	1	787 39
36	644	0.4	1	615 29
37	586	0.4	1	558 28
38	504	0.4	1	481 23
39	483	0.4	1	453 30
40	408	0.4	1	381 27
41	367	0.4	1	333 34
42	360	0.4	1	336 24
43	279	0.4	1	261 18
44	268	0.4	1	232 36
45	265	0.4	1	239 26
46	233	0.4	1	208 25
47	156	0.4	1	140 16
48	119	0.4	1	98 21
49	110	0.4	1	96 14
50	98	0.4	1	77 21
51	88	0.4	1	58 30
52	82	0.4	1	44 38
53	47	0.4	1	32 15
54	56	0.4	1	33 23
55	28	0.4	1	13 15
56	67	0.4	1	26 41
57	66	0.4	1	31 35
58	58	0.4	1	16 42
59	46	0.4	1	19 27
60	45	0.4	1	14 31
61	49	0.4	1	15 34
62	119	0.4	1	12 107
63	90	0.4	1	16 74
64	58	0.4	1	21 37
65	54	0.4	1	5 49
66	95	0.4	1	8 87
67	193	0.4	1	2 191
68	355	0.4	1	8 347
69	848	0.4	1	4 844
70	307	0.4	1	4 303
71	80	0.4	1	1 79
72	27	0.4	1	1 26
73	23	0.4	1	3 20
74	18	0.4	1	0 18
75	14	0.4	1	1 13
76	54	0.4	1	0 54


RUN STATISTICS FOR INPUT FILE: SRR2075584_1.fastq
=============================================
28633994 sequences processed in total
Sequences removed because they became shorter than the length cutoff of 24 bp:	20382 (0.1%)

Started analysis of SRR2075584_1_trimmed.fq
Approx 5% complete for SRR2075584_1_trimmed.fq
Approx 10% complete for SRR2075584_1_trimmed.fq
Approx 15% complete for SRR2075584_1_trimmed.fq
Approx 20% complete for SRR2075584_1_trimmed.fq
Approx 25% complete for SRR2075584_1_trimmed.fq
Approx 30% complete for SRR2075584_1_trimmed.fq
Approx 35% complete for SRR2075584_1_trimmed.fq
Approx 40% complete for SRR2075584_1_trimmed.fq
Approx 45% complete for SRR2075584_1_trimmed.fq
Approx 50% complete for SRR2075584_1_trimmed.fq
Approx 55% complete for SRR2075584_1_trimmed.fq
Approx 60% complete for SRR2075584_1_trimmed.fq
Approx 65% complete for SRR2075584_1_trimmed.fq
Approx 70% complete for SRR2075584_1_trimmed.fq
Approx 75% complete for SRR2075584_1_trimmed.fq
Approx 80% complete for SRR2075584_1_trimmed.fq
Approx 85% complete for SRR2075584_1_trimmed.fq
Approx 90% complete for SRR2075584_1_trimmed.fq
Approx 95% complete for SRR2075584_1_trimmed.fq
Analysis complete for SRR2075584_1_trimmed.fq
28613612 reads; of these:
  28613612 (100.00%) were unpaired; of these:
    270498 (0.95%) aligned 0 times
    19559134 (68.36%) aligned exactly 1 time
    8783980 (30.70%) aligned >1 times
99.05% overall alignment rate
[bam_sort_core] merging from 9 files and 1 in-memory blocks...
[bam_rmdupse_core] 3646712 / 28343114 = 0.1287 in library '	'
