Started analysis of SRR5195620_1.fastq
Approx 5% complete for SRR5195620_1.fastq
Approx 10% complete for SRR5195620_1.fastq
Approx 15% complete for SRR5195620_1.fastq
Approx 20% complete for SRR5195620_1.fastq
Approx 25% complete for SRR5195620_1.fastq
Approx 30% complete for SRR5195620_1.fastq
Approx 35% complete for SRR5195620_1.fastq
Approx 40% complete for SRR5195620_1.fastq
Approx 45% complete for SRR5195620_1.fastq
Approx 50% complete for SRR5195620_1.fastq
Approx 55% complete for SRR5195620_1.fastq
Approx 60% complete for SRR5195620_1.fastq
Approx 65% complete for SRR5195620_1.fastq
Approx 70% complete for SRR5195620_1.fastq
Approx 75% complete for SRR5195620_1.fastq
Approx 80% complete for SRR5195620_1.fastq
Approx 85% complete for SRR5195620_1.fastq
Approx 90% complete for SRR5195620_1.fastq
Approx 95% complete for SRR5195620_1.fastq
Analysis complete for SRR5195620_1.fastq
Multicore support not enabled. Proceeding with single-core trimming.
Path to Cutadapt set as: 'cutadapt' (default)
Cutadapt seems to be working fine (tested command 'cutadapt --version')
No quality encoding type selected. Assuming that the data provided uses Sanger encoded Phred scores (default)



AUTO-DETECTING ADAPTER TYPE
===========================
Attempting to auto-detect adapter type from the first 1 million sequences of the first file (>> SRR5195620_1.fastq <<)

Found perfect matches for the following adapter sequences:
Adapter type	Count	Sequence	Sequences analysed	Percentage
Illumina	31256	AGATCGGAAGAGC	1000000	3.13
Nextera	7	CTGTCTCTTATA	1000000	0.00
smallRNA	1	TGGAATTCTCGG	1000000	0.00
Using Illumina adapter for trimming (count: 31256). Second best hit was Nextera (count: 7)

Writing report to 'SRR5195620_1.fastq_trimming_report.txt'

SUMMARISING RUN PARAMETERS
==========================
Input filename: SRR5195620_1.fastq
Trimming mode: single-end
Trim Galore version: 0.6.1
Cutadapt version: 1.18
Number of cores used for trimming: 1
Quality Phred score cutoff: 20
Quality encoding type selected: ASCII+33
Adapter sequence: 'AGATCGGAAGAGC' (Illumina TruSeq, Sanger iPCR; auto-detected)
Maximum trimming error rate: 0.1 (default)
Minimum required adapter overlap (stringency): 3 bp
Minimum required sequence length before a sequence gets removed: 24 bp

Writing final adapter and quality trimmed output to SRR5195620_1_trimmed.fq


  >>> Now performing quality (cutoff '-q 20') and adapter trimming in a single pass for the adapter sequence: 'AGATCGGAAGAGC' from file SRR5195620_1.fastq <<< 
10000000 sequences processed
20000000 sequences processed
30000000 sequences processed
40000000 sequences processed
50000000 sequences processed
60000000 sequences processed
This is cutadapt 1.18 with Python 2.7.11
Command line parameters: -j 1 -e 0.1 -q 20 -O 3 -a AGATCGGAAGAGC SRR5195620_1.fastq
Processing reads on 1 core in single-end mode ...
Finished in 4839.31 s (81 us/read; 0.74 M reads/minute).

=== Summary ===

Total reads processed:              60,035,727
Reads with adapters:                 5,089,423 (8.5%)
Reads written (passing filters):    60,035,727 (100.0%)

Total basepairs processed: 6,003,572,700 bp
Quality-trimmed:             170,273,972 bp (2.8%)
Total written (filtered):  5,747,104,795 bp (95.7%)

=== Adapter 1 ===

Sequence: AGATCGGAAGAGC; Type: regular 3'; Length: 13; Trimmed: 5089423 times.

No. of allowed errors:
0-9 bp: 0; 10-13 bp: 1

Bases preceding removed adapters:
  A: 22.1%
  C: 17.6%
  G: 30.6%
  T: 28.5%
  none/other: 1.2%

Overview of removed sequences
length	count	expect	max.err	error counts
3	1369867	938058.2	0	1369867
4	359571	234514.6	0	359571
5	227533	58628.6	0	227533
6	192662	14657.2	0	192662
7	178628	3664.3	0	178628
8	165752	916.1	0	165752
9	163583	229.0	0	162856 727
10	146446	57.3	1	144652 1794
11	135843	14.3	1	134362 1481
12	125939	3.6	1	124671 1268
13	113167	0.9	1	112001 1166
14	107150	0.9	1	105916 1234
15	98713	0.9	1	97486 1227
16	94995	0.9	1	93505 1490
17	88269	0.9	1	86701 1568
18	80233	0.9	1	78837 1396
19	68816	0.9	1	67847 969
20	65887	0.9	1	64953 934
21	61102	0.9	1	59946 1156
22	56834	0.9	1	55859 975
23	52091	0.9	1	51063 1028
24	50975	0.9	1	49840 1135
25	45789	0.9	1	44758 1031
26	42409	0.9	1	41542 867
27	37798	0.9	1	37015 783
28	36674	0.9	1	35666 1008
29	34416	0.9	1	33361 1055
30	32017	0.9	1	31128 889
31	26644	0.9	1	26068 576
32	25508	0.9	1	24926 582
33	23576	0.9	1	23031 545
34	23610	0.9	1	22940 670
35	20106	0.9	1	19644 462
36	19807	0.9	1	19185 622
37	18802	0.9	1	18183 619
38	17073	0.9	1	16488 585
39	16168	0.9	1	15632 536
40	15539	0.9	1	15016 523
41	15488	0.9	1	14886 602
42	15229	0.9	1	14642 587
43	14192	0.9	1	13618 574
44	14332	0.9	1	13667 665
45	15215	0.9	1	14431 784
46	14708	0.9	1	13959 749
47	11273	0.9	1	10848 425
48	12033	0.9	1	11459 574
49	11620	0.9	1	11126 494
50	10879	0.9	1	10435 444
51	11155	0.9	1	10577 578
52	14383	0.9	1	13613 770
53	12678	0.9	1	12106 572
54	9148	0.9	1	8755 393
55	8868	0.9	1	8529 339
56	10072	0.9	1	9531 541
57	10973	0.9	1	10419 554
58	12076	0.9	1	11410 666
59	12489	0.9	1	11883 606
60	10684	0.9	1	10129 555
61	11191	0.9	1	10599 592
62	12696	0.9	1	11407 1289
63	19343	0.9	1	18027 1316
64	15918	0.9	1	15083 835
65	11362	0.9	1	10525 837
66	14076	0.9	1	12488 1588
67	23808	0.9	1	16519 7289
68	62433	0.9	1	50879 11554
69	82973	0.9	1	56971 26002
70	104040	0.9	1	95510 8530
71	24759	0.9	1	23100 1659
72	6496	0.9	1	5785 711
73	2312	0.9	1	1972 340
74	1248	0.9	1	1061 187
75	802	0.9	1	684 118
76	575	0.9	1	486 89
77	506	0.9	1	380 126
78	466	0.9	1	360 106
79	419	0.9	1	291 128
80	394	0.9	1	285 109
81	426	0.9	1	291 135
82	402	0.9	1	290 112
83	317	0.9	1	244 73
84	323	0.9	1	255 68
85	311	0.9	1	230 81
86	322	0.9	1	245 77
87	268	0.9	1	192 76
88	262	0.9	1	190 72
89	249	0.9	1	166 83
90	225	0.9	1	139 86
91	188	0.9	1	108 80
92	167	0.9	1	93 74
93	166	0.9	1	66 100
94	148	0.9	1	75 73
95	152	0.9	1	37 115
96	177	0.9	1	56 121
97	153	0.9	1	22 131
98	136	0.9	1	21 115
99	210	0.9	1	14 196
100	1517	0.9	1	36 1481


RUN STATISTICS FOR INPUT FILE: SRR5195620_1.fastq
=============================================
60035727 sequences processed in total
Sequences removed because they became shorter than the length cutoff of 24 bp:	454557 (0.8%)

Started analysis of SRR5195620_1_trimmed.fq
Approx 5% complete for SRR5195620_1_trimmed.fq
Approx 10% complete for SRR5195620_1_trimmed.fq
Approx 15% complete for SRR5195620_1_trimmed.fq
Approx 20% complete for SRR5195620_1_trimmed.fq
Approx 25% complete for SRR5195620_1_trimmed.fq
Approx 30% complete for SRR5195620_1_trimmed.fq
Approx 35% complete for SRR5195620_1_trimmed.fq
Approx 40% complete for SRR5195620_1_trimmed.fq
Approx 45% complete for SRR5195620_1_trimmed.fq
Approx 50% complete for SRR5195620_1_trimmed.fq
Approx 55% complete for SRR5195620_1_trimmed.fq
Approx 60% complete for SRR5195620_1_trimmed.fq
Approx 65% complete for SRR5195620_1_trimmed.fq
Approx 70% complete for SRR5195620_1_trimmed.fq
Approx 75% complete for SRR5195620_1_trimmed.fq
Approx 80% complete for SRR5195620_1_trimmed.fq
Approx 85% complete for SRR5195620_1_trimmed.fq
Approx 90% complete for SRR5195620_1_trimmed.fq
Approx 95% complete for SRR5195620_1_trimmed.fq
Analysis complete for SRR5195620_1_trimmed.fq
59581170 reads; of these:
  59581170 (100.00%) were unpaired; of these:
    3542575 (5.95%) aligned 0 times
    23358313 (39.20%) aligned exactly 1 time
    32680282 (54.85%) aligned >1 times
94.05% overall alignment rate
[bam_sort_core] merging from 21 files and 1 in-memory blocks...
[bam_rmdupse_core] 27032950 / 56038595 = 0.4824 in library '	'
