Started analysis of SRR955612_1.fastq
Approx 5% complete for SRR955612_1.fastq
Approx 10% complete for SRR955612_1.fastq
Approx 15% complete for SRR955612_1.fastq
Approx 20% complete for SRR955612_1.fastq
Approx 25% complete for SRR955612_1.fastq
Approx 30% complete for SRR955612_1.fastq
Approx 35% complete for SRR955612_1.fastq
Approx 40% complete for SRR955612_1.fastq
Approx 45% complete for SRR955612_1.fastq
Approx 50% complete for SRR955612_1.fastq
Approx 55% complete for SRR955612_1.fastq
Approx 60% complete for SRR955612_1.fastq
Approx 65% complete for SRR955612_1.fastq
Approx 70% complete for SRR955612_1.fastq
Approx 75% complete for SRR955612_1.fastq
Approx 80% complete for SRR955612_1.fastq
Approx 85% complete for SRR955612_1.fastq
Approx 90% complete for SRR955612_1.fastq
Approx 95% complete for SRR955612_1.fastq
Analysis complete for SRR955612_1.fastq
Multicore support not enabled. Proceeding with single-core trimming.
Path to Cutadapt set as: 'cutadapt' (default)
Cutadapt seems to be working fine (tested command 'cutadapt --version')
No quality encoding type selected. Assuming that the data provided uses Sanger encoded Phred scores (default)



AUTO-DETECTING ADAPTER TYPE
===========================
Attempting to auto-detect adapter type from the first 1 million sequences of the first file (>> SRR955612_1.fastq <<)

Found perfect matches for the following adapter sequences:
Adapter type	Count	Sequence	Sequences analysed	Percentage
Illumina	74	AGATCGGAAGAGC	1000000	0.01
Nextera	2	CTGTCTCTTATA	1000000	0.00
smallRNA	0	TGGAATTCTCGG	1000000	0.00
Using Illumina adapter for trimming (count: 74). Second best hit was Nextera (count: 2)

Writing report to 'SRR955612_1.fastq_trimming_report.txt'

SUMMARISING RUN PARAMETERS
==========================
Input filename: SRR955612_1.fastq
Trimming mode: single-end
Trim Galore version: 0.6.1
Cutadapt version: 1.18
Number of cores used for trimming: 1
Quality Phred score cutoff: 20
Quality encoding type selected: ASCII+33
Adapter sequence: 'AGATCGGAAGAGC' (Illumina TruSeq, Sanger iPCR; auto-detected)
Maximum trimming error rate: 0.1 (default)
Minimum required adapter overlap (stringency): 3 bp
Minimum required sequence length before a sequence gets removed: 24 bp

Writing final adapter and quality trimmed output to SRR955612_1_trimmed.fq


  >>> Now performing quality (cutoff '-q 20') and adapter trimming in a single pass for the adapter sequence: 'AGATCGGAAGAGC' from file SRR955612_1.fastq <<< 
This is cutadapt 1.18 with Python 2.7.11
Command line parameters: -j 1 -e 0.1 -q 20 -O 3 -a AGATCGGAAGAGC SRR955612_1.fastq
Processing reads on 1 core in single-end mode ...
Finished in 98.14 s (32 us/read; 1.89 M reads/minute).

=== Summary ===

Total reads processed:               3,090,407
Reads with adapters:                    59,633 (1.9%)
Reads written (passing filters):     3,090,407 (100.0%)

Total basepairs processed:   117,435,466 bp
Quality-trimmed:               5,738,099 bp (4.9%)
Total written (filtered):    111,484,297 bp (94.9%)

=== Adapter 1 ===

Sequence: AGATCGGAAGAGC; Type: regular 3'; Length: 13; Trimmed: 59633 times.

No. of allowed errors:
0-9 bp: 0; 10-13 bp: 1

Bases preceding removed adapters:
  A: 30.1%
  C: 25.1%
  G: 26.3%
  T: 18.0%
  none/other: 0.5%

Overview of removed sequences
length	count	expect	max.err	error counts
3	41482	48287.6	0	41482
4	14611	12071.9	0	14611
5	2598	3018.0	0	2598
6	172	754.5	0	172
7	86	188.6	0	86
8	38	47.2	0	38
9	37	11.8	0	19 18
10	86	2.9	1	37 49
11	30	0.7	1	9 21
12	24	0.2	1	19 5
13	14	0.0	1	9 5
14	14	0.0	1	14
15	21	0.0	1	18 3
16	9	0.0	1	6 3
17	16	0.0	1	13 3
18	6	0.0	1	5 1
19	22	0.0	1	20 2
20	3	0.0	1	2 1
21	6	0.0	1	6
22	8	0.0	1	8
23	2	0.0	1	0 2
24	8	0.0	1	7 1
25	3	0.0	1	2 1
26	8	0.0	1	6 2
27	22	0.0	1	18 4
28	17	0.0	1	1 16
29	14	0.0	1	8 6
30	8	0.0	1	2 6
31	7	0.0	1	0 7
32	81	0.0	1	6 75
33	48	0.0	1	3 45
34	25	0.0	1	0 25
35	23	0.0	1	1 22
36	12	0.0	1	0 12
37	9	0.0	1	0 9
38	63	0.0	1	0 63


RUN STATISTICS FOR INPUT FILE: SRR955612_1.fastq
=============================================
3090407 sequences processed in total
Sequences removed because they became shorter than the length cutoff of 24 bp:	43708 (1.4%)

Started analysis of SRR955612_1_trimmed.fq
Approx 5% complete for SRR955612_1_trimmed.fq
Approx 10% complete for SRR955612_1_trimmed.fq
Approx 15% complete for SRR955612_1_trimmed.fq
Approx 20% complete for SRR955612_1_trimmed.fq
Approx 25% complete for SRR955612_1_trimmed.fq
Approx 30% complete for SRR955612_1_trimmed.fq
Approx 35% complete for SRR955612_1_trimmed.fq
Approx 40% complete for SRR955612_1_trimmed.fq
Approx 45% complete for SRR955612_1_trimmed.fq
Approx 50% complete for SRR955612_1_trimmed.fq
Approx 55% complete for SRR955612_1_trimmed.fq
Approx 60% complete for SRR955612_1_trimmed.fq
Approx 65% complete for SRR955612_1_trimmed.fq
Approx 70% complete for SRR955612_1_trimmed.fq
Approx 75% complete for SRR955612_1_trimmed.fq
Approx 80% complete for SRR955612_1_trimmed.fq
Approx 85% complete for SRR955612_1_trimmed.fq
Approx 90% complete for SRR955612_1_trimmed.fq
Approx 95% complete for SRR955612_1_trimmed.fq
Analysis complete for SRR955612_1_trimmed.fq
3046699 reads; of these:
  3046699 (100.00%) were unpaired; of these:
    302924 (9.94%) aligned 0 times
    1787169 (58.66%) aligned exactly 1 time
    956606 (31.40%) aligned >1 times
90.06% overall alignment rate
[bam_rmdupse_core] 414244 / 2743775 = 0.1510 in library '	'
