Started analysis of SRR5217324_1.fastq
Approx 5% complete for SRR5217324_1.fastq
Approx 10% complete for SRR5217324_1.fastq
Approx 15% complete for SRR5217324_1.fastq
Approx 20% complete for SRR5217324_1.fastq
Approx 25% complete for SRR5217324_1.fastq
Approx 30% complete for SRR5217324_1.fastq
Approx 35% complete for SRR5217324_1.fastq
Approx 40% complete for SRR5217324_1.fastq
Approx 45% complete for SRR5217324_1.fastq
Approx 50% complete for SRR5217324_1.fastq
Approx 55% complete for SRR5217324_1.fastq
Approx 60% complete for SRR5217324_1.fastq
Approx 65% complete for SRR5217324_1.fastq
Approx 70% complete for SRR5217324_1.fastq
Approx 75% complete for SRR5217324_1.fastq
Approx 80% complete for SRR5217324_1.fastq
Approx 85% complete for SRR5217324_1.fastq
Approx 90% complete for SRR5217324_1.fastq
Approx 95% complete for SRR5217324_1.fastq
Analysis complete for SRR5217324_1.fastq
Started analysis of SRR5217324_2.fastq
Approx 5% complete for SRR5217324_2.fastq
Approx 10% complete for SRR5217324_2.fastq
Approx 15% complete for SRR5217324_2.fastq
Approx 20% complete for SRR5217324_2.fastq
Approx 25% complete for SRR5217324_2.fastq
Approx 30% complete for SRR5217324_2.fastq
Approx 35% complete for SRR5217324_2.fastq
Approx 40% complete for SRR5217324_2.fastq
Approx 45% complete for SRR5217324_2.fastq
Approx 50% complete for SRR5217324_2.fastq
Approx 55% complete for SRR5217324_2.fastq
Approx 60% complete for SRR5217324_2.fastq
Approx 65% complete for SRR5217324_2.fastq
Approx 70% complete for SRR5217324_2.fastq
Approx 75% complete for SRR5217324_2.fastq
Approx 80% complete for SRR5217324_2.fastq
Approx 85% complete for SRR5217324_2.fastq
Approx 90% complete for SRR5217324_2.fastq
Approx 95% complete for SRR5217324_2.fastq
Analysis complete for SRR5217324_2.fastq
Multicore support not enabled. Proceeding with single-core trimming.
Path to Cutadapt set as: 'cutadapt' (default)
Cutadapt seems to be working fine (tested command 'cutadapt --version')
No quality encoding type selected. Assuming that the data provided uses Sanger encoded Phred scores (default)



AUTO-DETECTING ADAPTER TYPE
===========================
Attempting to auto-detect adapter type from the first 1 million sequences of the first file (>> SRR5217324_1.fastq <<)

Found perfect matches for the following adapter sequences:
Adapter type	Count	Sequence	Sequences analysed	Percentage
Illumina	4033	AGATCGGAAGAGC	1000000	0.40
Nextera	3	CTGTCTCTTATA	1000000	0.00
smallRNA	1	TGGAATTCTCGG	1000000	0.00
Using Illumina adapter for trimming (count: 4033). Second best hit was Nextera (count: 3)

Writing report to 'SRR5217324_1.fastq_trimming_report.txt'

SUMMARISING RUN PARAMETERS
==========================
Input filename: SRR5217324_1.fastq
Trimming mode: paired-end
Trim Galore version: 0.6.1
Cutadapt version: 1.18
Number of cores used for trimming: 1
Quality Phred score cutoff: 20
Quality encoding type selected: ASCII+33
Adapter sequence: 'AGATCGGAAGAGC' (Illumina TruSeq, Sanger iPCR; auto-detected)
Maximum trimming error rate: 0.1 (default)
Minimum required adapter overlap (stringency): 3 bp
Minimum required sequence length for both reads before a sequence pair gets removed: 24 bp

Writing final adapter and quality trimmed output to SRR5217324_1_trimmed.fq


  >>> Now performing quality (cutoff '-q 20') and adapter trimming in a single pass for the adapter sequence: 'AGATCGGAAGAGC' from file SRR5217324_1.fastq <<< 
10000000 sequences processed
20000000 sequences processed
30000000 sequences processed
This is cutadapt 1.18 with Python 2.7.11
Command line parameters: -j 1 -e 0.1 -q 20 -O 3 -a AGATCGGAAGAGC SRR5217324_1.fastq
Processing reads on 1 core in single-end mode ...
Finished in 2011.62 s (59 us/read; 1.01 M reads/minute).

=== Summary ===

Total reads processed:              33,928,839
Reads with adapters:                 1,270,714 (3.7%)
Reads written (passing filters):    33,928,839 (100.0%)

Total basepairs processed: 1,730,370,789 bp
Quality-trimmed:               1,667,043 bp (0.1%)
Total written (filtered):  1,721,777,625 bp (99.5%)

=== Adapter 1 ===

Sequence: AGATCGGAAGAGC; Type: regular 3'; Length: 13; Trimmed: 1270714 times.

No. of allowed errors:
0-9 bp: 0; 10-13 bp: 1

Bases preceding removed adapters:
  A: 25.1%
  C: 28.4%
  G: 27.7%
  T: 18.7%
  none/other: 0.0%

Overview of removed sequences
length	count	expect	max.err	error counts
3	786146	530138.1	0	786146
4	165605	132534.5	0	165605
5	50747	33133.6	0	50747
6	22105	8283.4	0	22105
7	20231	2070.9	0	20231
8	19303	517.7	0	19303
9	19089	129.4	0	18479 610
10	19020	32.4	1	17938 1082
11	17317	8.1	1	16648 669
12	16699	2.0	1	16225 474
13	15753	0.5	1	15390 363
14	14573	0.5	1	14216 357
15	13816	0.5	1	13532 284
16	12352	0.5	1	12074 278
17	11552	0.5	1	11305 247
18	10491	0.5	1	10252 239
19	9543	0.5	1	9304 239
20	8652	0.5	1	8449 203
21	7519	0.5	1	7368 151
22	6424	0.5	1	6297 127
23	5476	0.5	1	5369 107
24	4594	0.5	1	4471 123
25	3767	0.5	1	3662 105
26	2918	0.5	1	2836 82
27	2169	0.5	1	2112 57
28	1553	0.5	1	1503 50
29	1074	0.5	1	1036 38
30	719	0.5	1	681 38
31	399	0.5	1	376 23
32	210	0.5	1	177 33
33	267	0.5	1	248 19
34	54	0.5	1	36 18
35	32	0.5	1	6 26
36	23	0.5	1	2 21
37	32	0.5	1	3 29
38	24	0.5	1	2 22
39	11	0.5	1	1 10
40	9	0.5	1	0 9
41	20	0.5	1	2 18
42	16	0.5	1	3 13
43	14	0.5	1	1 13
44	23	0.5	1	0 23
45	15	0.5	1	0 15
46	14	0.5	1	0 14
47	5	0.5	1	0 5
48	6	0.5	1	0 6
49	3	0.5	1	1 2
50	12	0.5	1	8 4
51	318	0.5	1	297 21


RUN STATISTICS FOR INPUT FILE: SRR5217324_1.fastq
=============================================
33928839 sequences processed in total
The length threshold of paired-end sequences gets evaluated later on (in the validation step)

Writing report to 'SRR5217324_2.fastq_trimming_report.txt'

SUMMARISING RUN PARAMETERS
==========================
Input filename: SRR5217324_2.fastq
Trimming mode: paired-end
Trim Galore version: 0.6.1
Cutadapt version: 1.18
Number of cores used for trimming: 1
Quality Phred score cutoff: 20
Quality encoding type selected: ASCII+33
Adapter sequence: 'AGATCGGAAGAGC' (Illumina TruSeq, Sanger iPCR; auto-detected)
Maximum trimming error rate: 0.1 (default)
Minimum required adapter overlap (stringency): 3 bp
Minimum required sequence length for both reads before a sequence pair gets removed: 24 bp

Writing final adapter and quality trimmed output to SRR5217324_2_trimmed.fq


  >>> Now performing quality (cutoff '-q 20') and adapter trimming in a single pass for the adapter sequence: 'AGATCGGAAGAGC' from file SRR5217324_2.fastq <<< 
10000000 sequences processed
20000000 sequences processed
30000000 sequences processed
This is cutadapt 1.18 with Python 2.7.11
Command line parameters: -j 1 -e 0.1 -q 20 -O 3 -a AGATCGGAAGAGC SRR5217324_2.fastq
Processing reads on 1 core in single-end mode ...
Finished in 1260.34 s (37 us/read; 1.62 M reads/minute).

=== Summary ===

Total reads processed:              33,928,839
Reads with adapters:                 1,261,481 (3.7%)
Reads written (passing filters):    33,928,839 (100.0%)

Total basepairs processed: 1,730,370,789 bp
Quality-trimmed:               5,556,871 bp (0.3%)
Total written (filtered):  1,717,918,799 bp (99.3%)

=== Adapter 1 ===

Sequence: AGATCGGAAGAGC; Type: regular 3'; Length: 13; Trimmed: 1261481 times.

No. of allowed errors:
0-9 bp: 0; 10-13 bp: 1

Bases preceding removed adapters:
  A: 25.1%
  C: 28.2%
  G: 27.7%
  T: 18.9%
  none/other: 0.0%

Overview of removed sequences
length	count	expect	max.err	error counts
3	777944	530138.1	0	777944
4	164612	132534.5	0	164612
5	50793	33133.6	0	50793
6	22305	8283.4	0	22305
7	20383	2070.9	0	20383
8	19017	517.7	0	19017
9	18879	129.4	0	18315 564
10	19119	32.4	1	17907 1212
11	17191	8.1	1	16433 758
12	16908	2.0	1	16365 543
13	15364	0.5	1	14818 546
14	15158	0.5	1	14608 550
15	13382	0.5	1	12980 402
16	12497	0.5	1	12095 402
17	11840	0.5	1	11452 388
18	10227	0.5	1	9911 316
19	9675	0.5	1	9335 340
20	8635	0.5	1	8374 261
21	7319	0.5	1	7186 133
22	6346	0.5	1	6237 109
23	5583	0.5	1	5489 94
24	4795	0.5	1	4664 131
25	3588	0.5	1	3540 48
26	2915	0.5	1	2879 36
27	2160	0.5	1	2116 44
28	1567	0.5	1	1523 44
29	1089	0.5	1	1038 51
30	780	0.5	1	755 25
31	343	0.5	1	315 28
32	214	0.5	1	193 21
33	268	0.5	1	241 27
34	55	0.5	1	37 18
35	28	0.5	1	6 22
36	22	0.5	1	0 22
37	13	0.5	1	4 9
38	13	0.5	1	3 10
39	11	0.5	1	1 10
40	14	0.5	1	1 13
41	15	0.5	1	1 14
42	17	0.5	1	2 15
43	17	0.5	1	1 16
44	12	0.5	1	1 11
45	3	0.5	1	0 3
46	11	0.5	1	0 11
47	6	0.5	1	0 6
48	5	0.5	1	0 5
49	6	0.5	1	0 6
50	18	0.5	1	12 6
51	319	0.5	1	301 18


RUN STATISTICS FOR INPUT FILE: SRR5217324_2.fastq
=============================================
33928839 sequences processed in total
The length threshold of paired-end sequences gets evaluated later on (in the validation step)

Validate paired-end files SRR5217324_1_trimmed.fq and SRR5217324_2_trimmed.fq
file_1: SRR5217324_1_trimmed.fq, file_2: SRR5217324_2_trimmed.fq


>>>>> Now validing the length of the 2 paired-end infiles: SRR5217324_1_trimmed.fq and SRR5217324_2_trimmed.fq <<<<<
Writing validated paired-end read 1 reads to SRR5217324_1_val_1.fq
Writing validated paired-end read 2 reads to SRR5217324_2_val_2.fq

Total number of sequences analysed: 33928839

Number of sequence pairs removed because at least one read was shorter than the length cutoff (24 bp): 49406 (0.15%)

Deleting both intermediate output files SRR5217324_1_trimmed.fq and SRR5217324_2_trimmed.fq

====================================================================================================

Started analysis of SRR5217324_1_val_1.fq
Approx 5% complete for SRR5217324_1_val_1.fq
Approx 10% complete for SRR5217324_1_val_1.fq
Approx 15% complete for SRR5217324_1_val_1.fq
Approx 20% complete for SRR5217324_1_val_1.fq
Approx 25% complete for SRR5217324_1_val_1.fq
Approx 30% complete for SRR5217324_1_val_1.fq
Approx 35% complete for SRR5217324_1_val_1.fq
Approx 40% complete for SRR5217324_1_val_1.fq
Approx 45% complete for SRR5217324_1_val_1.fq
Approx 50% complete for SRR5217324_1_val_1.fq
Approx 55% complete for SRR5217324_1_val_1.fq
Approx 60% complete for SRR5217324_1_val_1.fq
Approx 65% complete for SRR5217324_1_val_1.fq
Approx 70% complete for SRR5217324_1_val_1.fq
Approx 75% complete for SRR5217324_1_val_1.fq
Approx 80% complete for SRR5217324_1_val_1.fq
Approx 85% complete for SRR5217324_1_val_1.fq
Approx 90% complete for SRR5217324_1_val_1.fq
Approx 95% complete for SRR5217324_1_val_1.fq
Analysis complete for SRR5217324_1_val_1.fq
Started analysis of SRR5217324_2_val_2.fq
Approx 5% complete for SRR5217324_2_val_2.fq
Approx 10% complete for SRR5217324_2_val_2.fq
Approx 15% complete for SRR5217324_2_val_2.fq
Approx 20% complete for SRR5217324_2_val_2.fq
Approx 25% complete for SRR5217324_2_val_2.fq
Approx 30% complete for SRR5217324_2_val_2.fq
Approx 35% complete for SRR5217324_2_val_2.fq
Approx 40% complete for SRR5217324_2_val_2.fq
Approx 45% complete for SRR5217324_2_val_2.fq
Approx 50% complete for SRR5217324_2_val_2.fq
Approx 55% complete for SRR5217324_2_val_2.fq
Approx 60% complete for SRR5217324_2_val_2.fq
Approx 65% complete for SRR5217324_2_val_2.fq
Approx 70% complete for SRR5217324_2_val_2.fq
Approx 75% complete for SRR5217324_2_val_2.fq
Approx 80% complete for SRR5217324_2_val_2.fq
Approx 85% complete for SRR5217324_2_val_2.fq
Approx 90% complete for SRR5217324_2_val_2.fq
Approx 95% complete for SRR5217324_2_val_2.fq
Analysis complete for SRR5217324_2_val_2.fq
33879433 reads; of these:
  33879433 (100.00%) were paired; of these:
    1959476 (5.78%) aligned concordantly 0 times
    25088655 (74.05%) aligned concordantly exactly 1 time
    6831302 (20.16%) aligned concordantly >1 times
    ----
    1959476 pairs aligned concordantly 0 times; of these:
      19759 (1.01%) aligned discordantly 1 time
    ----
    1939717 pairs aligned 0 times concordantly or discordantly; of these:
      3879434 mates make up the pairs; of these:
        3640350 (93.84%) aligned 0 times
        111759 (2.88%) aligned exactly 1 time
        127325 (3.28%) aligned >1 times
94.63% overall alignment rate
[bam_sort_core] merging from 19 files and 1 in-memory blocks...
[bam_rmdupse_core] 10056763 / 64118516 = 0.1568 in library '	'
